Log file open, 11/05/19 19:09:19
LogWindows: Failed to load 'aqProf.dll' (GetLastError=126)
LogWindows: File 'aqProf.dll' does not exist
LogWindows: Failed to load 'VtuneApi.dll' (GetLastError=126)
LogWindows: File 'VtuneApi.dll' does not exist
LogWindows: Failed to load 'VtuneApi32e.dll' (GetLastError=126)
LogWindows: File 'VtuneApi32e.dll' does not exist
LogConsoleResponse: Display: Failed to find resolution value strings in scalability ini. Falling back to default.
LogInit: Display: Running engine for game: thirdpersron
LogPlatformFile: Not using cached read wrapper
LogTaskGraph: Started task graph with 5 named threads and 11 total threads with 3 sets of task threads.
LogStats: Stats thread started at 0.164120
LogD3D11RHI: Loaded GFSDK_Aftermath_Lib.x64.dll
LogICUInternationalization: ICU TimeZone Detection - Raw Offset: +0:00, Platform Override: ''
LogPluginManager: Mounting plugin Paper2D
LogPluginManager: Mounting plugin AISupport
LogPluginManager: Mounting plugin LightPropagationVolume
LogPluginManager: Mounting plugin ActorLayerUtilities
LogPluginManager: Mounting plugin AnimationSharing
LogPluginManager: Mounting plugin CLionSourceCodeAccess
LogPluginManager: Mounting plugin CodeLiteSourceCodeAccess
LogPluginManager: Mounting plugin GitSourceControl
LogPluginManager: Mounting plugin KDevelopSourceCodeAccess
LogPluginManager: Mounting plugin NullSourceCodeAccess
LogPluginManager: Mounting plugin PerforceSourceControl
LogPluginManager: Mounting plugin SubversionSourceControl
LogPluginManager: Mounting plugin UObjectPlugin
LogPluginManager: Mounting plugin VisualStudioCodeSourceCodeAccess
LogPluginManager: Mounting plugin VisualStudioSourceCodeAccess
LogPluginManager: Mounting plugin XCodeSourceCodeAccess
LogPluginManager: Mounting plugin AssetManagerEditor
LogPluginManager: Mounting plugin CryptoKeys
LogPluginManager: Mounting plugin CurveEditorTools
LogPluginManager: Mounting plugin DataValidation
LogPluginManager: Mounting plugin FacialAnimation
LogPluginManager: Mounting plugin GameplayTagsEditor
LogPluginManager: Mounting plugin MacGraphicsSwitching
LogPluginManager: Mounting plugin MaterialAnalyzer
LogPluginManager: Mounting plugin MobileLauncherProfileWizard
LogPluginManager: Mounting plugin PluginBrowser
LogPluginManager: Mounting plugin SpeedTreeImporter
LogPluginManager: Mounting plugin DatasmithContent
LogPluginManager: Mounting plugin VariantManagerContent
LogPluginManager: Mounting plugin AlembicImporter
LogPluginManager: Mounting plugin AutomationUtils
LogPluginManager: Mounting plugin BackChannel
LogPluginManager: Mounting plugin CharacterAI
LogPluginManager: Mounting plugin GeometryCache
LogPluginManager: Mounting plugin HTML5Networking
LogPluginManager: Mounting plugin PlatformCrypto
LogPluginManager: Mounting plugin ProxyLODPlugin
LogPluginManager: Mounting plugin SkeletalReduction
LogPluginManager: Mounting plugin MagicLeap
LogPluginManager: Mounting plugin MagicLeapMedia
LogPluginManager: Mounting plugin AndroidMedia
LogPluginManager: Mounting plugin AvfMedia
LogPluginManager: Mounting plugin ImgMedia
LogPluginManager: Mounting plugin MediaCompositing
LogPluginManager: Mounting plugin MediaPlayerEditor
LogPluginManager: Mounting plugin WebMMedia
LogPluginManager: Mounting plugin WmfMedia
LogPluginManager: Mounting plugin TcpMessaging
LogPluginManager: Mounting plugin UdpMessaging
LogPluginManager: Mounting plugin ActorSequence
LogPluginManager: Mounting plugin LevelSequenceEditor
LogPluginManager: Mounting plugin MatineeToLevelSequence
LogPluginManager: Mounting plugin NetcodeUnitTest
LogPluginManager: Mounting plugin NUTUnrealEngine4
LogPluginManager: Mounting plugin OnlineSubsystemGooglePlay
LogPluginManager: Mounting plugin OnlineSubsystemIOS
LogPluginManager: Mounting plugin OnlineSubsystem
LogPluginManager: Mounting plugin OnlineSubsystemNull
LogPluginManager: Mounting plugin OnlineSubsystemUtils
LogPluginManager: Mounting plugin LauncherChunkInstaller
LogPluginManager: Mounting plugin AndroidDeviceProfileSelector
LogPluginManager: Mounting plugin AndroidMoviePlayer
LogPluginManager: Mounting plugin AndroidPermission
LogPluginManager: Mounting plugin AppleImageUtils
LogPluginManager: Mounting plugin AppleMoviePlayer
LogPluginManager: Mounting plugin ArchVisCharacter
LogPluginManager: Mounting plugin AudioCapture
LogPluginManager: Mounting plugin CableComponent
LogPluginManager: Mounting plugin CustomMeshComponent
LogPluginManager: Mounting plugin EditableMesh
LogPluginManager: Mounting plugin ExampleDeviceProfileSelector
LogPluginManager: Mounting plugin GoogleCloudMessaging
LogPluginManager: Mounting plugin IOSDeviceProfileSelector
LogPluginManager: Mounting plugin LinuxDeviceProfileSelector
LogPluginManager: Mounting plugin LocationServicesBPLibrary
LogPluginManager: Mounting plugin MobilePatchingUtils
LogPluginManager: Mounting plugin OculusVR
LogPluginManager: Mounting plugin PhysXVehicles
LogPluginManager: Mounting plugin ProceduralMeshComponent
LogPluginManager: Mounting plugin RuntimePhysXCooking
LogPluginManager: Mounting plugin SignificanceManager
LogPluginManager: Mounting plugin SteamVR
LogPluginManager: Mounting plugin WebMMoviePlayer
LogPluginManager: Mounting plugin WindowsMoviePlayer
LogPluginManager: Mounting plugin ScreenshotTools
LogInit: Using libcurl 7.55.1-DEV
LogInit:  - built for x86_64-pc-win32
LogInit:  - supports SSL with OpenSSL/1.1.1
LogInit:  - supports HTTP deflate (compression) using libz 1.2.8
LogInit:  - other features:
LogInit:      CURL_VERSION_SSL
LogInit:      CURL_VERSION_LIBZ
LogInit:      CURL_VERSION_IPV6
LogInit:      CURL_VERSION_ASYNCHDNS
LogInit:      CURL_VERSION_LARGEFILE
LogInit:      CURL_VERSION_IDN
LogInit:  CurlRequestOptions (configurable via config and command line):
LogInit:  - bVerifyPeer = true  - Libcurl will verify peer certificate
LogInit:  - bUseHttpProxy = false  - Libcurl will NOT use HTTP proxy
LogInit:  - bDontReuseConnections = false  - Libcurl will reuse connections
LogInit:  - MaxHostConnections = 16  - Libcurl will limit the number of connections to a host
LogInit:  - LocalHostAddr = Default
LogInit:  - BufferSize = 65536
LogOnline: OSS: Creating online subsystem instance for: NULL
LogInit: WinSock: version 1.1 (2.2), MaxSocks=32767, MaxUdp=65467
LogInit: Build: ++UE4+Release-4.23-CL-9631420
LogInit: Engine Version: 4.23.1-9631420+++UE4+Release-4.23
LogInit: Compatible Engine Version: 4.23.0-8386587+++UE4+Release-4.23
LogInit: Net CL: 8386587
LogInit: OS: Windows 10 (Release 1903) (), CPU: Intel(R) Core(TM) i5-6300U CPU @ 2.40GHz, GPU: Intel(R) HD Graphics 520
LogInit: Compiled (64-bit): Oct 18 2019 02:07:44
LogInit: Compiled with Visual C++: 19.16.27030.01
LogInit: Build Configuration: Development
LogInit: Branch Name: ++UE4+Release-4.23
LogInit: Command Line: 
LogInit: Base Directory: C:/Program Files/Epic Games/UE_4.23/Engine/Binaries/Win64/
LogInit: Installed Engine Build: 1
LogDevObjectVersion: Number of dev versions registered: 23
LogDevObjectVersion:   Dev-Blueprints (B0D832E4-1F89-4F0D-ACCF-7EB736FD4AA2): 10
LogDevObjectVersion:   Dev-Build (E1C64328-A22C-4D53-A36C-8E866417BD8C): 0
LogDevObjectVersion:   Dev-Core (375EC13C-06E4-48FB-B500-84F0262A717E): 3
LogDevObjectVersion:   Dev-Editor (E4B068ED-F494-42E9-A231-DA0B2E46BB41): 34
LogDevObjectVersion:   Dev-Framework (CFFC743F-43B0-4480-9391-14DF171D2073): 35
LogDevObjectVersion:   Dev-Mobile (B02B49B5-BB20-44E9-A304-32B752E40360): 2
LogDevObjectVersion:   Dev-Networking (A4E4105C-59A1-49B5-A7C5-40C4547EDFEE): 0
LogDevObjectVersion:   Dev-Online (39C831C9-5AE6-47DC-9A44-9C173E1C8E7C): 0
LogDevObjectVersion:   Dev-Physics (78F01B33-EBEA-4F98-B9B4-84EACCB95AA2): 0
LogDevObjectVersion:   Dev-Platform (6631380F-2D4D-43E0-8009-CF276956A95A): 0
LogDevObjectVersion:   Dev-Rendering (12F88B9F-8875-4AFC-A67C-D90C383ABD29): 31
LogDevObjectVersion:   Dev-Sequencer (7B5AE74C-D270-4C10-A958-57980B212A5A): 11
LogDevObjectVersion:   Dev-VR (D7296918-1DD6-4BDD-9DE2-64A83CC13884): 2
LogDevObjectVersion:   Dev-LoadTimes (C2A15278-BFE7-4AFE-6C17-90FF531DF755): 1
LogDevObjectVersion:   Private-Geometry (6EACA3D4-40EC-4CC1-B786-8BED09428FC5): 3
LogDevObjectVersion:   Dev-AnimPhys (29E575DD-E0A3-4627-9D10-D276232CDCEA): 17
LogDevObjectVersion:   Dev-Anim (AF43A65D-7FD3-4947-9873-3E8ED9C1BB05): 2
LogDevObjectVersion:   Dev-ReflectionCapture (6B266CEC-1EC7-4B8F-A30B-E4D90942FC07): 1
LogDevObjectVersion:   Dev-Automation (0DF73D61-A23F-47EA-B727-89E90C41499A): 1
LogDevObjectVersion:   FortniteMain (601D1886-AC64-4F84-AA16-D3DE0DEAC7D6): 27
LogDevObjectVersion:   Dev-Enterprise (9DFFBCD6-494F-0158-E221-12823C92A888): 6
LogDevObjectVersion:   Dev-Niagara (F2AED0AC-9AFE-416F-8664-AA7FFA26D6FC): 1
LogDevObjectVersion:   Dev-Destruction (174F1F0B-B4C6-45A5-B13F-2EE8D0FB917D): 9
LogInit: Presizing for max 16777216 objects, including 0 objects not considered by GC, pre-allocating 0 bytes for permanent pool.
LogInit: Object subsystem initialized
LogConfig: Setting CVar [[con.DebugEarlyDefault:1]]
LogConfig: Setting CVar [[r.setres:1280x720]]
[2019.11.05-19.09.19:673][  0]LogConfig: Setting CVar [[r.VSync:0]]
[2019.11.05-19.09.19:673][  0]LogConfig: Setting CVar [[r.RHICmdBypass:0]]
[2019.11.05-19.09.19:673][  0]LogConfig: Applying CVar settings from Section [/Script/Engine.RendererSettings] File [C:/Users/jamie/Documents/GitHub/Third-PersRon/thirdpersron 4.23/Saved/Config/Windows/Engine.ini]
[2019.11.05-19.09.19:673][  0]LogConfig: Setting CVar [[r.GPUCrashDebugging:0]]
[2019.11.05-19.09.19:673][  0]LogConfig: Applying CVar settings from Section [/Script/Engine.RendererOverrideSettings] File [C:/Users/jamie/Documents/GitHub/Third-PersRon/thirdpersron 4.23/Saved/Config/Windows/Engine.ini]
[2019.11.05-19.09.19:673][  0]LogConfig: Applying CVar settings from Section [/Script/Engine.StreamingSettings] File [C:/Users/jamie/Documents/GitHub/Third-PersRon/thirdpersron 4.23/Saved/Config/Windows/Engine.ini]
[2019.11.05-19.09.19:673][  0]LogConfig: Setting CVar [[s.MinBulkDataSizeForAsyncLoading:131072]]
[2019.11.05-19.09.19:673][  0]LogConfig: Setting CVar [[s.AsyncLoadingThreadEnabled:0]]
[2019.11.05-19.09.19:673][  0]LogConfig: Setting CVar [[s.EventDrivenLoaderEnabled:1]]
[2019.11.05-19.09.19:673][  0]LogConfig: Setting CVar [[s.WarnIfTimeLimitExceeded:0]]
[2019.11.05-19.09.19:673][  0]LogConfig: Setting CVar [[s.TimeLimitExceededMultiplier:1.5]]
[2019.11.05-19.09.19:673][  0]LogConfig: Setting CVar [[s.TimeLimitExceededMinTime:0.005]]
[2019.11.05-19.09.19:673][  0]LogConfig: Setting CVar [[s.UseBackgroundLevelStreaming:1]]
[2019.11.05-19.09.19:673][  0]LogConfig: Setting CVar [[s.PriorityAsyncLoadingExtraTime:15.0]]
[2019.11.05-19.09.19:673][  0]LogConfig: Setting CVar [[s.LevelStreamingActorsUpdateTimeLimit:5.0]]
[2019.11.05-19.09.19:673][  0]LogConfig: Setting CVar [[s.PriorityLevelStreamingActorsUpdateExtraTime:5.0]]
[2019.11.05-19.09.19:673][  0]LogConfig: Setting CVar [[s.LevelStreamingComponentsRegistrationGranularity:10]]
[2019.11.05-19.09.19:673][  0]LogConfig: Setting CVar [[s.UnregisterComponentsTimeLimit:1.0]]
[2019.11.05-19.09.19:673][  0]LogConfig: Setting CVar [[s.LevelStreamingComponentsUnregistrationGranularity:5]]
[2019.11.05-19.09.19:673][  0]LogConfig: Applying CVar settings from Section [/Script/Engine.GarbageCollectionSettings] File [C:/Users/jamie/Documents/GitHub/Third-PersRon/thirdpersron 4.23/Saved/Config/Windows/Engine.ini]
[2019.11.05-19.09.19:673][  0]LogConfig: Setting CVar [[gc.MaxObjectsNotConsideredByGC:1]]
[2019.11.05-19.09.19:674][  0]LogConfig: Setting CVar [[gc.SizeOfPermanentObjectPool:0]]
[2019.11.05-19.09.19:674][  0]LogConfig: Setting CVar [[gc.FlushStreamingOnGC:0]]
[2019.11.05-19.09.19:674][  0]LogConfig: Setting CVar [[gc.NumRetriesBeforeForcingGC:10]]
[2019.11.05-19.09.19:674][  0]LogConfig: Setting CVar [[gc.AllowParallelGC:1]]
[2019.11.05-19.09.19:674][  0]LogConfig: Setting CVar [[gc.TimeBetweenPurgingPendingKillObjects:61.1]]
[2019.11.05-19.09.19:674][  0]LogConfig: Setting CVar [[gc.MaxObjectsInEditor:16777216]]
[2019.11.05-19.09.19:674][  0]LogConfig: Setting CVar [[gc.IncrementalBeginDestroyEnabled:1]]
[2019.11.05-19.09.19:674][  0]LogConfig: Setting CVar [[gc.CreateGCClusters:1]]
[2019.11.05-19.09.19:674][  0]LogConfig: Setting CVar [[gc.MinGCClusterSize:5]]
[2019.11.05-19.09.19:674][  0]LogConfig: Setting CVar [[gc.ActorClusteringEnabled:0]]
[2019.11.05-19.09.19:674][  0]LogConfig: Setting CVar [[gc.BlueprintClusteringEnabled:0]]
[2019.11.05-19.09.19:674][  0]LogConfig: Setting CVar [[gc.UseDisregardForGCOnDedicatedServers:0]]
[2019.11.05-19.09.19:674][  0]LogConfig: Applying CVar settings from Section [/Script/Engine.NetworkSettings] File [C:/Users/jamie/Documents/GitHub/Third-PersRon/thirdpersron 4.23/Saved/Config/Windows/Engine.ini]
[2019.11.05-19.09.19:674][  0]LogConfig: Applying CVar settings from Section [/Script/UnrealEd.CookerSettings] File [C:/Users/jamie/Documents/GitHub/Third-PersRon/thirdpersron 4.23/Saved/Config/Windows/Engine.ini]
[2019.11.05-19.09.19:677][  0]LogConfig: Applying CVar settings from Section [ViewDistanceQuality@3] File [C:/Users/jamie/Documents/GitHub/Third-PersRon/thirdpersron 4.23/Saved/Config/Windows/Scalability.ini]
[2019.11.05-19.09.19:677][  0]LogConfig: Setting CVar [[r.SkeletalMeshLODBias:0]]
[2019.11.05-19.09.19:677][  0]LogConfig: Setting CVar [[r.ViewDistanceScale:1.0]]
[2019.11.05-19.09.19:677][  0]LogConfig: Applying CVar settings from Section [AntiAliasingQuality@3] File [C:/Users/jamie/Documents/GitHub/Third-PersRon/thirdpersron 4.23/Saved/Config/Windows/Scalability.ini]
[2019.11.05-19.09.19:677][  0]LogConfig: Setting CVar [[r.PostProcessAAQuality:4]]
[2019.11.05-19.09.19:677][  0]LogConfig: Applying CVar settings from Section [ShadowQuality@3] File [C:/Users/jamie/Documents/GitHub/Third-PersRon/thirdpersron 4.23/Saved/Config/Windows/Scalability.ini]
[2019.11.05-19.09.19:677][  0]LogConfig: Setting CVar [[r.LightFunctionQuality:1]]
[2019.11.05-19.09.19:677][  0]LogConfig: Setting CVar [[r.ShadowQuality:5]]
[2019.11.05-19.09.19:677][  0]LogConfig: Setting CVar [[r.Shadow.CSM.MaxCascades:10]]
[2019.11.05-19.09.19:677][  0]LogConfig: Setting CVar [[r.Shadow.MaxResolution:2048]]
[2019.11.05-19.09.19:677][  0]LogConfig: Setting CVar [[r.Shadow.MaxCSMResolution:2048]]
[2019.11.05-19.09.19:677][  0]LogConfig: Setting CVar [[r.Shadow.RadiusThreshold:0.01]]
[2019.11.05-19.09.19:677][  0]LogConfig: Setting CVar [[r.Shadow.DistanceScale:1.0]]
[2019.11.05-19.09.19:677][  0]LogConfig: Setting CVar [[r.Shadow.CSM.TransitionScale:1.0]]
[2019.11.05-19.09.19:677][  0]LogConfig: Setting CVar [[r.Shadow.PreShadowResolutionFactor:1.0]]
[2019.11.05-19.09.19:677][  0]LogConfig: Setting CVar [[r.DistanceFieldShadowing:1]]
[2019.11.05-19.09.19:677][  0]LogConfig: Setting CVar [[r.DistanceFieldAO:1]]
[2019.11.05-19.09.19:677][  0]LogConfig: Setting CVar [[r.AOQuality:2]]
[2019.11.05-19.09.19:677][  0]LogConfig: Setting CVar [[r.VolumetricFog:1]]
[2019.11.05-19.09.19:677][  0]LogConfig: Setting CVar [[r.VolumetricFog.GridPixelSize:8]]
[2019.11.05-19.09.19:677][  0]LogConfig: Setting CVar [[r.VolumetricFog.GridSizeZ:128]]
[2019.11.05-19.09.19:677][  0]LogConfig: Setting CVar [[r.VolumetricFog.HistoryMissSupersampleCount:4]]
[2019.11.05-19.09.19:677][  0]LogConfig: Setting CVar [[r.LightMaxDrawDistanceScale:1]]
[2019.11.05-19.09.19:677][  0]LogConfig: Setting CVar [[r.CapsuleShadows:1]]
[2019.11.05-19.09.19:677][  0]LogConfig: Applying CVar settings from Section [PostProcessQuality@3] File [C:/Users/jamie/Documents/GitHub/Third-PersRon/thirdpersron 4.23/Saved/Config/Windows/Scalability.ini]
[2019.11.05-19.09.19:677][  0]LogConfig: Setting CVar [[r.MotionBlurQuality:4]]
[2019.11.05-19.09.19:677][  0]LogConfig: Setting CVar [[r.AmbientOcclusionMipLevelFactor:0.4]]
[2019.11.05-19.09.19:678][  0]LogConfig: Setting CVar [[r.AmbientOcclusionMaxQuality:100]]
[2019.11.05-19.09.19:678][  0]LogConfig: Setting CVar [[r.AmbientOcclusionLevels:-1]]
[2019.11.05-19.09.19:678][  0]LogConfig: Setting CVar [[r.AmbientOcclusionRadiusScale:1.0]]
[2019.11.05-19.09.19:678][  0]LogConfig: Setting CVar [[r.DepthOfFieldQuality:2]]
[2019.11.05-19.09.19:678][  0]LogConfig: Setting CVar [[r.RenderTargetPoolMin:400]]
[2019.11.05-19.09.19:678][  0]LogConfig: Setting CVar [[r.LensFlareQuality:2]]
[2019.11.05-19.09.19:678][  0]LogConfig: Setting CVar [[r.SceneColorFringeQuality:1]]
[2019.11.05-19.09.19:678][  0]LogConfig: Setting CVar [[r.EyeAdaptationQuality:2]]
[2019.11.05-19.09.19:678][  0]LogConfig: Setting CVar [[r.BloomQuality:5]]
[2019.11.05-19.09.19:678][  0]LogConfig: Setting CVar [[r.FastBlurThreshold:100]]
[2019.11.05-19.09.19:678][  0]LogConfig: Setting CVar [[r.Upscale.Quality:3]]
[2019.11.05-19.09.19:678][  0]LogConfig: Setting CVar [[r.Tonemapper.GrainQuantization:1]]
[2019.11.05-19.09.19:678][  0]LogConfig: Setting CVar [[r.LightShaftQuality:1]]
[2019.11.05-19.09.19:678][  0]LogConfig: Setting CVar [[r.Filter.SizeScale:1]]
[2019.11.05-19.09.19:678][  0]LogConfig: Setting CVar [[r.Tonemapper.Quality:5]]
[2019.11.05-19.09.19:678][  0]LogConfig: Setting CVar [[r.DOF.Gather.AccumulatorQuality:1        ; higher gathering accumulator quality]]
[2019.11.05-19.09.19:678][  0]LogConfig: Setting CVar [[r.DOF.Gather.PostfilterMethod:1          ; Median3x3 postfilering method]]
[2019.11.05-19.09.19:678][  0]LogConfig: Setting CVar [[r.DOF.Gather.EnableBokehSettings:0       ; no bokeh simulation when gathering]]
[2019.11.05-19.09.19:678][  0]LogConfig: Setting CVar [[r.DOF.Gather.RingCount:4                 ; medium number of samples when gathering]]
[2019.11.05-19.09.19:678][  0]LogConfig: Setting CVar [[r.DOF.Scatter.ForegroundCompositing:1    ; additive foreground scattering]]
[2019.11.05-19.09.19:678][  0]LogConfig: Setting CVar [[r.DOF.Scatter.BackgroundCompositing:2    ; additive background scattering]]
[2019.11.05-19.09.19:678][  0]LogConfig: Setting CVar [[r.DOF.Scatter.EnableBokehSettings:1      ; bokeh simulation when scattering]]
[2019.11.05-19.09.19:678][  0]LogConfig: Setting CVar [[r.DOF.Scatter.MaxSpriteRatio:0.1         ; only a maximum of 10% of scattered bokeh]]
[2019.11.05-19.09.19:678][  0]LogConfig: Setting CVar [[r.DOF.Recombine.Quality:1                ; cheap slight out of focus]]
[2019.11.05-19.09.19:678][  0]LogConfig: Setting CVar [[r.DOF.Recombine.EnableBokehSettings:0    ; no bokeh simulation on slight out of focus]]
[2019.11.05-19.09.19:678][  0]LogConfig: Setting CVar [[r.DOF.TemporalAAQuality:1                ; more stable temporal accumulation]]
[2019.11.05-19.09.19:678][  0]LogConfig: Setting CVar [[r.DOF.Kernel.MaxForegroundRadius:0.025]]
[2019.11.05-19.09.19:678][  0]LogConfig: Setting CVar [[r.DOF.Kernel.MaxBackgroundRadius:0.025]]
[2019.11.05-19.09.19:678][  0]LogConfig: Applying CVar settings from Section [TextureQuality@3] File [C:/Users/jamie/Documents/GitHub/Third-PersRon/thirdpersron 4.23/Saved/Config/Windows/Scalability.ini]
[2019.11.05-19.09.19:678][  0]LogConfig: Setting CVar [[r.Streaming.MipBias:0]]
[2019.11.05-19.09.19:678][  0]LogConfig: Setting CVar [[r.Streaming.AmortizeCPUToGPUCopy:0]]
[2019.11.05-19.09.19:678][  0]LogConfig: Setting CVar [[r.Streaming.MaxNumTexturesToStreamPerFrame:0]]
[2019.11.05-19.09.19:678][  0]LogConfig: Setting CVar [[r.Streaming.Boost:1]]
[2019.11.05-19.09.19:678][  0]LogConfig: Setting CVar [[r.MaxAnisotropy:8]]
[2019.11.05-19.09.19:678][  0]LogConfig: Setting CVar [[r.Streaming.LimitPoolSizeToVRAM:0]]
[2019.11.05-19.09.19:678][  0]LogConfig: Setting CVar [[r.Streaming.PoolSize:1000]]
[2019.11.05-19.09.19:678][  0]LogConfig: Setting CVar [[r.Streaming.MaxEffectiveScreenSize:0]]
[2019.11.05-19.09.19:678][  0]LogConfig: Applying CVar settings from Section [EffectsQuality@3] File [C:/Users/jamie/Documents/GitHub/Third-PersRon/thirdpersron 4.23/Saved/Config/Windows/Scalability.ini]
[2019.11.05-19.09.19:678][  0]LogConfig: Setting CVar [[r.TranslucencyLightingVolumeDim:64]]
[2019.11.05-19.09.19:678][  0]LogConfig: Setting CVar [[r.RefractionQuality:2]]
[2019.11.05-19.09.19:678][  0]LogConfig: Setting CVar [[r.SSR.Quality:3]]
[2019.11.05-19.09.19:678][  0]LogConfig: Setting CVar [[r.SceneColorFormat:4]]
[2019.11.05-19.09.19:678][  0]LogConfig: Setting CVar [[r.DetailMode:2]]
[2019.11.05-19.09.19:678][  0]LogConfig: Setting CVar [[r.TranslucencyVolumeBlur:1]]
[2019.11.05-19.09.19:678][  0]LogConfig: Setting CVar [[r.MaterialQualityLevel:1 ; High quality]]
[2019.11.05-19.09.19:678][  0]LogConfig: Setting CVar [[r.SSS.Scale:1]]
[2019.11.05-19.09.19:678][  0]LogConfig: Setting CVar [[r.SSS.SampleSet:2]]
[2019.11.05-19.09.19:678][  0]LogConfig: Setting CVar [[r.SSS.Quality:1]]
[2019.11.05-19.09.19:678][  0]LogConfig: Setting CVar [[r.SSS.HalfRes:1]]
[2019.11.05-19.09.19:678][  0]LogConfig: Setting CVar [[r.EmitterSpawnRateScale:1.0]]
[2019.11.05-19.09.19:678][  0]LogConfig: Setting CVar [[r.ParticleLightQuality:2]]
[2019.11.05-19.09.19:678][  0]LogConfig: Applying CVar settings from Section [FoliageQuality@3] File [C:/Users/jamie/Documents/GitHub/Third-PersRon/thirdpersron 4.23/Saved/Config/Windows/Scalability.ini]
[2019.11.05-19.09.19:678][  0]LogConfig: Setting CVar [[foliage.DensityScale:1.0]]
[2019.11.05-19.09.19:678][  0]LogConfig: Setting CVar [[grass.DensityScale:1.0]]
[2019.11.05-19.09.19:679][  0]LogInit: Selected Device Profile: [Windows]
[2019.11.05-19.09.19:679][  0]LogInit: Applying CVar settings loaded from the selected device profile: [Windows]
[2019.11.05-19.09.19:682][  0]LogHAL: Display: Platform has ~ 8 GB [8476823552 / 8589934592 / 8], which maps to Default [LargestMinGB=32, LargerMinGB=12, DefaultMinGB=8, SmallerMinGB=6, SmallestMinGB=0)
[2019.11.05-19.09.19:682][  0]LogInit: Going up to parent DeviceProfile []
[2019.11.05-19.09.19:682][  0]LogConfig: Applying CVar settings from Section [ViewDistanceQuality@2] File [C:/Users/jamie/Documents/GitHub/Third-PersRon/thirdpersron 4.23/Saved/Config/Windows/Scalability.ini]
[2019.11.05-19.09.19:682][  0]LogConfig: Setting CVar [[r.SkeletalMeshLODBias:0]]
[2019.11.05-19.09.19:682][  0]LogConfig: Setting CVar [[r.ViewDistanceScale:0.8]]
[2019.11.05-19.09.19:682][  0]LogConfig: Applying CVar settings from Section [AntiAliasingQuality@2] File [C:/Users/jamie/Documents/GitHub/Third-PersRon/thirdpersron 4.23/Saved/Config/Windows/Scalability.ini]
[2019.11.05-19.09.19:683][  0]LogConfig: Setting CVar [[r.PostProcessAAQuality:3]]
[2019.11.05-19.09.19:683][  0]LogConfig: Applying CVar settings from Section [ShadowQuality@2] File [C:/Users/jamie/Documents/GitHub/Third-PersRon/thirdpersron 4.23/Saved/Config/Windows/Scalability.ini]
[2019.11.05-19.09.19:683][  0]LogConfig: Setting CVar [[r.LightFunctionQuality:1]]
[2019.11.05-19.09.19:683][  0]LogConfig: Setting CVar [[r.ShadowQuality:5]]
[2019.11.05-19.09.19:683][  0]LogConfig: Setting CVar [[r.Shadow.CSM.MaxCascades:4]]
[2019.11.05-19.09.19:683][  0]LogConfig: Setting CVar [[r.Shadow.MaxResolution:1024]]
[2019.11.05-19.09.19:683][  0]LogConfig: Setting CVar [[r.Shadow.MaxCSMResolution:2048]]
[2019.11.05-19.09.19:683][  0]LogConfig: Setting CVar [[r.Shadow.RadiusThreshold:0.04]]
[2019.11.05-19.09.19:683][  0]LogConfig: Setting CVar [[r.Shadow.DistanceScale:0.85]]
[2019.11.05-19.09.19:683][  0]LogConfig: Setting CVar [[r.Shadow.CSM.TransitionScale:0.8]]
[2019.11.05-19.09.19:683][  0]LogConfig: Setting CVar [[r.Shadow.PreShadowResolutionFactor:0.5]]
[2019.11.05-19.09.19:683][  0]LogConfig: Setting CVar [[r.DistanceFieldShadowing:1]]
[2019.11.05-19.09.19:683][  0]LogConfig: Setting CVar [[r.DistanceFieldAO:1]]
[2019.11.05-19.09.19:683][  0]LogConfig: Setting CVar [[r.AOQuality:1]]
[2019.11.05-19.09.19:683][  0]LogConfig: Setting CVar [[r.VolumetricFog:1]]
[2019.11.05-19.09.19:683][  0]LogConfig: Setting CVar [[r.VolumetricFog.GridPixelSize:16]]
[2019.11.05-19.09.19:683][  0]LogConfig: Setting CVar [[r.VolumetricFog.GridSizeZ:64]]
[2019.11.05-19.09.19:683][  0]LogConfig: Setting CVar [[r.VolumetricFog.HistoryMissSupersampleCount:4]]
[2019.11.05-19.09.19:683][  0]LogConfig: Setting CVar [[r.LightMaxDrawDistanceScale:1]]
[2019.11.05-19.09.19:683][  0]LogConfig: Setting CVar [[r.CapsuleShadows:1]]
[2019.11.05-19.09.19:683][  0]LogConfig: Applying CVar settings from Section [PostProcessQuality@2] File [C:/Users/jamie/Documents/GitHub/Third-PersRon/thirdpersron 4.23/Saved/Config/Windows/Scalability.ini]
[2019.11.05-19.09.19:683][  0]LogConfig: Setting CVar [[r.MotionBlurQuality:3]]
[2019.11.05-19.09.19:683][  0]LogConfig: Setting CVar [[r.AmbientOcclusionMipLevelFactor:0.6]]
[2019.11.05-19.09.19:683][  0]LogConfig: Setting CVar [[r.AmbientOcclusionMaxQuality:100]]
[2019.11.05-19.09.19:683][  0]LogConfig: Setting CVar [[r.AmbientOcclusionLevels:-1]]
[2019.11.05-19.09.19:683][  0]LogConfig: Setting CVar [[r.AmbientOcclusionRadiusScale:1.5]]
[2019.11.05-19.09.19:683][  0]LogConfig: Setting CVar [[r.DepthOfFieldQuality:2]]
[2019.11.05-19.09.19:683][  0]LogConfig: Setting CVar [[r.RenderTargetPoolMin:400]]
[2019.11.05-19.09.19:683][  0]LogConfig: Setting CVar [[r.LensFlareQuality:2]]
[2019.11.05-19.09.19:683][  0]LogConfig: Setting CVar [[r.SceneColorFringeQuality:1]]
[2019.11.05-19.09.19:683][  0]LogConfig: Setting CVar [[r.EyeAdaptationQuality:2]]
[2019.11.05-19.09.19:683][  0]LogConfig: Setting CVar [[r.BloomQuality:5]]
[2019.11.05-19.09.19:683][  0]LogConfig: Setting CVar [[r.FastBlurThreshold:3]]
[2019.11.05-19.09.19:683][  0]LogConfig: Setting CVar [[r.Upscale.Quality:2]]
[2019.11.05-19.09.19:683][  0]LogConfig: Setting CVar [[r.Tonemapper.GrainQuantization:1]]
[2019.11.05-19.09.19:683][  0]LogConfig: Setting CVar [[r.LightShaftQuality:1]]
[2019.11.05-19.09.19:683][  0]LogConfig: Setting CVar [[r.Filter.SizeScale:0.8]]
[2019.11.05-19.09.19:684][  0]LogConfig: Setting CVar [[r.Tonemapper.Quality:5]]
[2019.11.05-19.09.19:684][  0]LogConfig: Setting CVar [[r.DOF.Gather.AccumulatorQuality:0        ; lower gathering accumulator quality]]
[2019.11.05-19.09.19:684][  0]LogConfig: Setting CVar [[r.DOF.Gather.PostfilterMethod:2          ; Max3x3 postfilering method]]
[2019.11.05-19.09.19:684][  0]LogConfig: Setting CVar [[r.DOF.Gather.EnableBokehSettings:0       ; no bokeh simulation when gathering]]
[2019.11.05-19.09.19:684][  0]LogConfig: Setting CVar [[r.DOF.Gather.RingCount:4                 ; medium number of samples when gathering]]
[2019.11.05-19.09.19:684][  0]LogConfig: Setting CVar [[r.DOF.Scatter.ForegroundCompositing:1    ; additive foreground scattering]]
[2019.11.05-19.09.19:684][  0]LogConfig: Setting CVar [[r.DOF.Scatter.BackgroundCompositing:1    ; no background occlusion]]
[2019.11.05-19.09.19:684][  0]LogConfig: Setting CVar [[r.DOF.Scatter.EnableBokehSettings:0      ; no bokeh simulation when scattering]]
[2019.11.05-19.09.19:684][  0]LogConfig: Setting CVar [[r.DOF.Scatter.MaxSpriteRatio:0.04        ; only a maximum of 4% of scattered bokeh]]
[2019.11.05-19.09.19:684][  0]LogConfig: Setting CVar [[r.DOF.Recombine.Quality:0                ; no slight out of focus]]
[2019.11.05-19.09.19:684][  0]LogConfig: Setting CVar [[r.DOF.TemporalAAQuality:0                ; faster temporal accumulation]]
[2019.11.05-19.09.19:684][  0]LogConfig: Setting CVar [[r.DOF.Kernel.MaxForegroundRadius:0.012   ; required because of AccumulatorQuality=0]]
[2019.11.05-19.09.19:684][  0]LogConfig: Setting CVar [[r.DOF.Kernel.MaxBackgroundRadius:0.012   ; required because of AccumulatorQuality=0]]
[2019.11.05-19.09.19:684][  0]LogConfig: Applying CVar settings from Section [TextureQuality@2] File [C:/Users/jamie/Documents/GitHub/Third-PersRon/thirdpersron 4.23/Saved/Config/Windows/Scalability.ini]
[2019.11.05-19.09.19:684][  0]LogConfig: Setting CVar [[r.Streaming.MipBias:0]]
[2019.11.05-19.09.19:684][  0]LogConfig: Setting CVar [[r.Streaming.AmortizeCPUToGPUCopy:0]]
[2019.11.05-19.09.19:684][  0]LogConfig: Setting CVar [[r.Streaming.MaxNumTexturesToStreamPerFrame:0]]
[2019.11.05-19.09.19:684][  0]LogConfig: Setting CVar [[r.Streaming.Boost:1]]
[2019.11.05-19.09.19:684][  0]LogConfig: Setting CVar [[r.MaxAnisotropy:4]]
[2019.11.05-19.09.19:684][  0]LogConfig: Setting CVar [[r.Streaming.LimitPoolSizeToVRAM:1]]
[2019.11.05-19.09.19:684][  0]LogConfig: Setting CVar [[r.Streaming.PoolSize:800]]
[2019.11.05-19.09.19:684][  0]LogConfig: Setting CVar [[r.Streaming.MaxEffectiveScreenSize:0]]
[2019.11.05-19.09.19:684][  0]LogConfig: Applying CVar settings from Section [EffectsQuality@2] File [C:/Users/jamie/Documents/GitHub/Third-PersRon/thirdpersron 4.23/Saved/Config/Windows/Scalability.ini]
[2019.11.05-19.09.19:684][  0]LogConfig: Setting CVar [[r.TranslucencyLightingVolumeDim:48]]
[2019.11.05-19.09.19:684][  0]LogConfig: Setting CVar [[r.RefractionQuality:2]]
[2019.11.05-19.09.19:684][  0]LogConfig: Setting CVar [[r.SSR.Quality:2]]
[2019.11.05-19.09.19:684][  0]LogConfig: Setting CVar [[r.SceneColorFormat:3]]
[2019.11.05-19.09.19:684][  0]LogConfig: Setting CVar [[r.DetailMode:1]]
[2019.11.05-19.09.19:684][  0]LogConfig: Setting CVar [[r.TranslucencyVolumeBlur:1]]
[2019.11.05-19.09.19:684][  0]LogConfig: Setting CVar [[r.MaterialQualityLevel:1 ; High quality]]
[2019.11.05-19.09.19:684][  0]LogConfig: Setting CVar [[r.SSS.Scale:1]]
[2019.11.05-19.09.19:684][  0]LogConfig: Setting CVar [[r.SSS.SampleSet:1]]
[2019.11.05-19.09.19:684][  0]LogConfig: Setting CVar [[r.SSS.Quality:-1]]
[2019.11.05-19.09.19:684][  0]LogConfig: Setting CVar [[r.SSS.HalfRes:1]]
[2019.11.05-19.09.19:684][  0]LogConfig: Setting CVar [[r.EmitterSpawnRateScale:0.5]]
[2019.11.05-19.09.19:684][  0]LogConfig: Setting CVar [[r.ParticleLightQuality:1]]
[2019.11.05-19.09.19:685][  0]LogConfig: Applying CVar settings from Section [FoliageQuality@2] File [C:/Users/jamie/Documents/GitHub/Third-PersRon/thirdpersron 4.23/Saved/Config/Windows/Scalability.ini]
[2019.11.05-19.09.19:685][  0]LogConfig: Setting CVar [[foliage.DensityScale:0.8]]
[2019.11.05-19.09.19:685][  0]LogConfig: Setting CVar [[grass.DensityScale:0.8]]
[2019.11.05-19.09.19:685][  0]LogConfig: Applying CVar settings from Section [Startup] File [../../../Engine/Config/ConsoleVariables.ini]
[2019.11.05-19.09.19:685][  0]LogConfig: Setting CVar [[net.UseAdaptiveNetUpdateFrequency:0]]
[2019.11.05-19.09.19:685][  0]LogConfig: Setting CVar [[p.chaos.AllowCreatePhysxBodies:1]]
[2019.11.05-19.09.19:685][  0]LogConfig: Applying CVar settings from Section [ConsoleVariables] File [C:/Users/jamie/Documents/GitHub/Third-PersRon/thirdpersron 4.23/Saved/Config/Windows/Engine.ini]
[2019.11.05-19.09.19:685][  0]LogInit: Computer: DESKTOP-39O8R6D
[2019.11.05-19.09.19:685][  0]LogInit: User: jamie
[2019.11.05-19.09.19:685][  0]LogInit: CPU Page size=4096, Cores=2
[2019.11.05-19.09.19:685][  0]LogInit: High frequency timer resolution =10.000000 MHz
[2019.11.05-19.09.19:685][  0]LogMemory: Memory total: Physical=7.9GB (8GB approx)
[2019.11.05-19.09.19:685][  0]LogMemory: Platform Memory Stats for Windows
[2019.11.05-19.09.19:685][  0]LogMemory: Process Physical Memory: 101.62 MB used, 101.62 MB peak
[2019.11.05-19.09.19:685][  0]LogMemory: Process Virtual Memory: 98.13 MB used, 98.13 MB peak
[2019.11.05-19.09.19:685][  0]LogMemory: Physical Memory: 6372.98 MB used,  1711.15 MB free, 8084.13 MB total
[2019.11.05-19.09.19:685][  0]LogMemory: Virtual Memory: 4649.99 MB used,  134213080.00 MB free, 134217728.00 MB total
[2019.11.05-19.09.19:690][  0]LogWindows: WindowsPlatformFeatures enabled
[2019.11.05-19.09.19:721][  0]LogInit: Using OS detected language (en-US).
[2019.11.05-19.09.19:721][  0]LogInit: Using OS detected locale (en-GB).
[2019.11.05-19.09.19:722][  0]LogTextLocalizationManager: No specific localization for 'en-US' exists, so the 'en' localization will be used.
[2019.11.05-19.09.19:973][  0]LogInit: Setting process to per monitor DPI aware
[2019.11.05-19.09.20:028][  0]LogSlate: New Slate User Created.  User Index 0, Is Virtual User: 0
[2019.11.05-19.09.20:029][  0]LogSlate: Slate User Registered.  User Index 0, Is Virtual User: 0
[2019.11.05-19.09.20:245][  0]LogHMD: Failed to initialize OpenVR with code 110
[2019.11.05-19.09.20:245][  0]LogD3D11RHI: D3D11 adapters:
[2019.11.05-19.09.20:257][  0]LogD3D11RHI:    0. 'Intel(R) HD Graphics 520' (Feature Level 11_0)
[2019.11.05-19.09.20:257][  0]LogD3D11RHI:       128/0/4042 MB DedicatedVideo/DedicatedSystem/SharedSystem, Outputs:1, VendorId:0x8086
[2019.11.05-19.09.20:261][  0]LogD3D11RHI:    1. 'Microsoft Basic Render Driver' (Feature Level 11_0)
[2019.11.05-19.09.20:261][  0]LogD3D11RHI:       0/0/4042 MB DedicatedVideo/DedicatedSystem/SharedSystem, Outputs:0, VendorId:0x1414
[2019.11.05-19.09.20:261][  0]LogD3D11RHI: Chosen D3D11 Adapter: 0
[2019.11.05-19.09.20:269][  0]LogD3D11RHI: Creating new Direct3DDevice
[2019.11.05-19.09.20:269][  0]LogD3D11RHI:     GPU DeviceId: 0x1916 (for the marketing name, search the web for "GPU Device Id")
[2019.11.05-19.09.20:269][  0]LogWindows: EnumDisplayDevices:
[2019.11.05-19.09.20:269][  0]LogWindows:    0. 'Intel(R) HD Graphics 520' (P:1 D:1)
[2019.11.05-19.09.20:270][  0]LogWindows:    1. 'Intel(R) HD Graphics 520' (P:0 D:0)
[2019.11.05-19.09.20:270][  0]LogWindows:    2. 'Intel(R) HD Graphics 520' (P:0 D:0)
[2019.11.05-19.09.20:270][  0]LogWindows: DebugString: FoundDriverCount:3 
[2019.11.05-19.09.20:270][  0]LogD3D11RHI:     Adapter Name: Intel(R) HD Graphics 520
[2019.11.05-19.09.20:270][  0]LogD3D11RHI:   Driver Version: 22.20.16.4836 (internal:22.20.16.4836, unified:22.20.16.4836)
[2019.11.05-19.09.20:270][  0]LogD3D11RHI:      Driver Date: 10-17-2017
[2019.11.05-19.09.20:270][  0]LogRHI: Texture pool is 1504 MB (70% of 2149 MB)
[2019.11.05-19.09.20:279][  0]LogD3D11RHI: Async texture creation enabled
[2019.11.05-19.09.20:297][  0]LogD3D11RHI: GPU Timing Frequency: 12.000000 (Debug: 2 0)
[2019.11.05-19.09.20:736][  0]LogTemp: Display: Module 'AllDesktopTargetPlatform' loaded TargetPlatform 'AllDesktop'
[2019.11.05-19.09.20:747][  0]LogTemp: Display: Module 'MacClientTargetPlatform' loaded TargetPlatform 'MacClient'
[2019.11.05-19.09.20:759][  0]LogTemp: Display: Module 'MacNoEditorTargetPlatform' loaded TargetPlatform 'MacNoEditor'
[2019.11.05-19.09.20:771][  0]LogTemp: Display: Module 'MacServerTargetPlatform' loaded TargetPlatform 'MacServer'
[2019.11.05-19.09.20:782][  0]LogTemp: Display: Module 'MacTargetPlatform' loaded TargetPlatform 'Mac'
[2019.11.05-19.09.20:796][  0]LogTemp: Display: Module 'WindowsClientTargetPlatform' loaded TargetPlatform 'WindowsClient'
[2019.11.05-19.09.20:810][  0]LogTemp: Display: Module 'WindowsNoEditorTargetPlatform' loaded TargetPlatform 'WindowsNoEditor'
[2019.11.05-19.09.20:822][  0]LogTemp: Display: Module 'WindowsServerTargetPlatform' loaded TargetPlatform 'WindowsServer'
[2019.11.05-19.09.20:828][  0]LogTemp: Display: Module 'WindowsTargetPlatform' loaded TargetPlatform 'Windows'
[2019.11.05-19.09.20:882][  0]LogTemp: Display: Module 'AndroidTargetPlatform' loaded TargetPlatform 'Android'
[2019.11.05-19.09.20:882][  0]LogTemp: Display: Module 'AndroidTargetPlatform' loaded TargetPlatform 'Android_ASTC'
[2019.11.05-19.09.20:882][  0]LogTemp: Display: Module 'AndroidTargetPlatform' loaded TargetPlatform 'Android_ATC'
[2019.11.05-19.09.20:883][  0]LogTemp: Display: Module 'AndroidTargetPlatform' loaded TargetPlatform 'Android_DXT'
[2019.11.05-19.09.20:883][  0]LogTemp: Display: Module 'AndroidTargetPlatform' loaded TargetPlatform 'Android_ETC1'
[2019.11.05-19.09.20:883][  0]LogTemp: Display: Module 'AndroidTargetPlatform' loaded TargetPlatform 'Android_ETC1a'
[2019.11.05-19.09.20:883][  0]LogTemp: Display: Module 'AndroidTargetPlatform' loaded TargetPlatform 'Android_ETC2'
[2019.11.05-19.09.20:883][  0]LogTemp: Display: Module 'AndroidTargetPlatform' loaded TargetPlatform 'Android_PVRTC'
[2019.11.05-19.09.20:883][  0]LogTemp: Display: Module 'AndroidTargetPlatform' loaded TargetPlatform 'AndroidClient'
[2019.11.05-19.09.20:883][  0]LogTemp: Display: Module 'AndroidTargetPlatform' loaded TargetPlatform 'Android_ASTCClient'
[2019.11.05-19.09.20:883][  0]LogTemp: Display: Module 'AndroidTargetPlatform' loaded TargetPlatform 'Android_ATCClient'
[2019.11.05-19.09.20:883][  0]LogTemp: Display: Module 'AndroidTargetPlatform' loaded TargetPlatform 'Android_DXTClient'
[2019.11.05-19.09.20:883][  0]LogTemp: Display: Module 'AndroidTargetPlatform' loaded TargetPlatform 'Android_ETC1Client'
[2019.11.05-19.09.20:883][  0]LogTemp: Display: Module 'AndroidTargetPlatform' loaded TargetPlatform 'Android_ETC1aClient'
[2019.11.05-19.09.20:883][  0]LogTemp: Display: Module 'AndroidTargetPlatform' loaded TargetPlatform 'Android_ETC2Client'
[2019.11.05-19.09.20:883][  0]LogTemp: Display: Module 'AndroidTargetPlatform' loaded TargetPlatform 'Android_PVRTCClient'
[2019.11.05-19.09.20:883][  0]LogTemp: Display: Module 'AndroidTargetPlatform' loaded TargetPlatform 'Android_Multi'
[2019.11.05-19.09.20:883][  0]LogTemp: Display: Module 'AndroidTargetPlatform' loaded TargetPlatform 'Android_MultiClient'
[2019.11.05-19.09.20:885][  0]LogTemp: Display: Module 'HTML5TargetPlatform' loaded TargetPlatform 'HTML5'
[2019.11.05-19.09.20:922][  0]LogTemp: Display: Module 'IOSTargetPlatform' loaded TargetPlatform 'IOSClient'
[2019.11.05-19.09.20:923][  0]LogTemp: Display: Module 'IOSTargetPlatform' loaded TargetPlatform 'IOS'
[2019.11.05-19.09.20:946][  0]LogTemp: Display: Module 'TVOSTargetPlatform' loaded TargetPlatform 'TVOSClient'
[2019.11.05-19.09.20:946][  0]LogTemp: Display: Module 'TVOSTargetPlatform' loaded TargetPlatform 'TVOS'
[2019.11.05-19.09.20:958][  0]LogTemp: Display: Module 'LinuxClientTargetPlatform' loaded TargetPlatform 'LinuxClient'
[2019.11.05-19.09.20:970][  0]LogTemp: Display: Module 'LinuxNoEditorTargetPlatform' loaded TargetPlatform 'LinuxNoEditor'
[2019.11.05-19.09.20:980][  0]LogTemp: Display: Module 'LinuxServerTargetPlatform' loaded TargetPlatform 'LinuxServer'
[2019.11.05-19.09.20:992][  0]LogTemp: Display: Module 'LinuxTargetPlatform' loaded TargetPlatform 'Linux'
[2019.11.05-19.09.21:025][  0]LogTemp: Display: Module 'LuminTargetPlatform' loaded TargetPlatform 'Lumin'
[2019.11.05-19.09.21:026][  0]LogTemp: Display: Module 'LuminTargetPlatform' loaded TargetPlatform 'LuminClient'
[2019.11.05-19.09.21:026][  0]LogTargetPlatformManager: Display: Building Assets For Windows
[2019.11.05-19.09.21:038][  0]LogAudioDebug: Display: Lib vorbis DLL was dynamically loaded.
[2019.11.05-19.09.21:116][  0]LogShaderCompilers: Guid format shader working directory is -32 characters bigger than the processId version (../../../../../../Users/jamie/Documents/GitHub/Third-PersRon/thirdpersron 4.23/Intermediate/Shaders/WorkingDirectory/5536/).
[2019.11.05-19.09.21:117][  0]LogShaderCompilers: Cleaned the shader compiler working directory 'C:/Users/jamie/AppData/Local/Temp/UnrealShaderWorkingDir/B06D21B742EB68C4E30971A1368B38B4/'.
[2019.11.05-19.09.21:120][  0]LogXGEController: Cleaning working directory: C:/Users/jamie/AppData/Local/Temp/UnrealXGEWorkingDir/
[2019.11.05-19.09.21:120][  0]LogXGEController: Cannot use XGE Controller as Incredibuild is not installed on this machine.
[2019.11.05-19.09.21:121][  0]LogShaderCompilers: Cannot use XGE Shader Compiler as Incredibuild is not installed on this machine.
[2019.11.05-19.09.21:121][  0]LogShaderCompilers: Display: Using Local Shader Compiler.
[2019.11.05-19.09.21:894][  0]LogDerivedDataCache: Display: Max Cache Size: 512 MB
[2019.11.05-19.09.21:957][  0]LogDerivedDataCache: Loaded boot cache 0.06s 73MB C:/Users/jamie/AppData/Local/UnrealEngine/4.23/DerivedDataCache/Boot.ddc.
[2019.11.05-19.09.21:957][  0]LogDerivedDataCache: Display: Loaded Boot cache: C:/Users/jamie/AppData/Local/UnrealEngine/4.23/DerivedDataCache/Boot.ddc
[2019.11.05-19.09.21:957][  0]LogDerivedDataCache: FDerivedDataBackendGraph:  Pak pak cache file ../../../../../../Users/jamie/Documents/GitHub/Third-PersRon/thirdpersron 4.23/DerivedDataCache/DDC.ddp not found, will not use a pak cache.
[2019.11.05-19.09.21:957][  0]LogDerivedDataCache: Unable to find inner node Pak for hierarchical cache Hierarchy.
[2019.11.05-19.09.21:957][  0]LogDerivedDataCache: FDerivedDataBackendGraph:  CompressedPak pak cache file ../../../../../../Users/jamie/Documents/GitHub/Third-PersRon/thirdpersron 4.23/DerivedDataCache/Compressed.ddp not found, will not use a pak cache.
[2019.11.05-19.09.21:957][  0]LogDerivedDataCache: Unable to find inner node CompressedPak for hierarchical cache Hierarchy.
[2019.11.05-19.09.21:971][  0]LogDerivedDataCache: Display: Pak cache opened for reading ../../../Engine/DerivedDataCache/Compressed.ddp.
[2019.11.05-19.09.21:972][  0]LogDerivedDataCache: FDerivedDataBackendGraph:  EnterprisePak pak cache file ../../../Enterprise/DerivedDataCache/Compressed.ddp not found, will not use a pak cache.
[2019.11.05-19.09.21:972][  0]LogDerivedDataCache: Unable to find inner node EnterprisePak for hierarchical cache Hierarchy.
[2019.11.05-19.09.21:977][  0]LogDerivedDataCache: Using Local data cache path C:/Users/jamie/AppData/Local/UnrealEngine/Common/DerivedDataCache: Writable
[2019.11.05-19.09.21:977][  0]LogDerivedDataCache: Shared data cache path not found in *engine.ini, will not use an Shared cache.
[2019.11.05-19.09.21:977][  0]LogDerivedDataCache: Unable to find inner node Shared for hierarchical cache Hierarchy.
[2019.11.05-19.09.22:007][  0]LogMaterial: Verifying Global Shaders for PCD3D_SM5
[2019.11.05-19.09.22:009][  0]LogSlate: Using FreeType 2.6.0
[2019.11.05-19.09.22:010][  0]LogSlate: SlateFontServices - WITH_FREETYPE: 1, WITH_HARFBUZZ: 1
[2019.11.05-19.09.22:095][  0]LogAssetRegistry: FAssetRegistry took 0.0029 seconds to start up
[2019.11.05-19.09.22:578][  0]LogInit: Selected Device Profile: [Windows]
[2019.11.05-19.09.22:820][  0]LogMeshReduction: Using QuadricMeshReduction for automatic static mesh reduction
[2019.11.05-19.09.22:820][  0]LogMeshReduction: Using SimplygonMeshReduction for automatic skeletal mesh reduction
[2019.11.05-19.09.22:820][  0]LogMeshReduction: Using ProxyLODMeshReduction for automatic mesh merging
[2019.11.05-19.09.22:820][  0]LogMeshReduction: No distributed automatic mesh merging module available
[2019.11.05-19.09.22:820][  0]LogMeshMerging: No distributed automatic mesh merging module available
[2019.11.05-19.09.22:835][  0]LogNetVersion: thirdpersron 1.0.0, NetCL: 8386587, EngineNetVer: 11, GameNetVer: 0 (Checksum: 2728054761)
[2019.11.05-19.09.23:480][  0]LogPackageLocalizationCache: Processed 12 localized package path(s) for 1 prioritized culture(s) in 0.077458 seconds
[2019.11.05-19.09.23:490][  0]LogUObjectArray: 43444 objects as part of root set at end of initial load.
[2019.11.05-19.09.23:490][  0]LogUObjectAllocator: 7548648 out of 0 bytes used by permanent object pool.
[2019.11.05-19.09.23:490][  0]LogUObjectArray: CloseDisregardForGC: 0/0 objects in disregard for GC pool
[2019.11.05-19.09.24:749][  0]LogTcpMessaging: Initializing TcpMessaging bridge
[2019.11.05-19.09.24:753][  0]LogUdpMessaging: Initializing bridge on interface 0.0.0.0:0 to multicast group 230.0.0.1:6666.
[2019.11.05-19.09.24:800][  0]LogWindows: Windows GetLastError: The operation completed successfully. (0)
[2019.11.05-19.09.26:028][  0]LogWindows: Error: === Critical error: ===
[2019.11.05-19.09.26:028][  0]LogWindows: Error: 
[2019.11.05-19.09.26:028][  0]LogWindows: Error: Fatal error: [File:D:/Build/++UE4/Sync/Engine/Source/Runtime/CoreUObject/Private/UObject/Obj.cpp] [Line: 107] 
[2019.11.05-19.09.26:028][  0]LogWindows: Error: Using incorrect object initializer.
[2019.11.05-19.09.26:028][  0]LogWindows: Error: 
[2019.11.05-19.09.26:028][  0]LogWindows: Error: 
[2019.11.05-19.09.26:028][  0]LogWindows: Error: [Callstack] 0x00007ffd051ea839 KERNELBASE.dll!UnknownFunction []
[2019.11.05-19.09.26:028][  0]LogWindows: Error: [Callstack] 0x00007ffc8eb3a367 UE4Editor-Core.dll!UnknownFunction []
[2019.11.05-19.09.26:028][  0]LogWindows: Error: [Callstack] 0x00007ffc8eb3cbc4 UE4Editor-Core.dll!UnknownFunction []
[2019.11.05-19.09.26:028][  0]LogWindows: Error: [Callstack] 0x00007ffc8e931ada UE4Editor-Core.dll!UnknownFunction []
[2019.11.05-19.09.26:028][  0]LogWindows: Error: [Callstack] 0x00007ffc8e8867a3 UE4Editor-Core.dll!UnknownFunction []
[2019.11.05-19.09.26:028][  0]LogWindows: Error: [Callstack] 0x00007ffc8e886688 UE4Editor-Core.dll!UnknownFunction []
[2019.11.05-19.09.26:028][  0]LogWindows: Error: [Callstack] 0x00007ffc8e2bffe6 UE4Editor-CoreUObject.dll!UnknownFunction []
[2019.11.05-19.09.26:028][  0]LogWindows: Error: [Callstack] 0x00007ffc78522186 UE4Editor-thirdpersron.dll!ASTrackerBot::ASTrackerBot() [C:\Users\jamie\Documents\GitHub\Third-PersRon\thirdpersron 4.23\Source\thirdpersron\Private\AI\STrackerBot.cpp:13]
[2019.11.05-19.09.26:028][  0]LogWindows: Error: [Callstack] 0x00007ffc8e1409a5 UE4Editor-CoreUObject.dll!UnknownFunction []
[2019.11.05-19.09.26:028][  0]LogWindows: Error: [Callstack] 0x00007ffc8e3b3e5a UE4Editor-CoreUObject.dll!UnknownFunction []
[2019.11.05-19.09.26:028][  0]LogWindows: Error: [Callstack] 0x00007ffc8e392246 UE4Editor-CoreUObject.dll!UnknownFunction []
[2019.11.05-19.09.26:028][  0]LogWindows: Error: [Callstack] 0x00007ffc8e2c4fd5 UE4Editor-CoreUObject.dll!UnknownFunction []
[2019.11.05-19.09.26:028][  0]LogWindows: Error: [Callstack] 0x00007ffc8e9683d7 UE4Editor-Core.dll!UnknownFunction []
[2019.11.05-19.09.26:028][  0]LogWindows: Error: [Callstack] 0x00007ffc8e980ccb UE4Editor-Core.dll!UnknownFunction []
[2019.11.05-19.09.26:028][  0]LogWindows: Error: [Callstack] 0x00007ffcecff8fa7 UE4Editor-Projects.dll!UnknownFunction []
[2019.11.05-19.09.26:028][  0]LogWindows: Error: [Callstack] 0x00007ffcecff9299 UE4Editor-Projects.dll!UnknownFunction []
[2019.11.05-19.09.26:028][  0]LogWindows: Error: [Callstack] 0x00007ff65d2cda01 UE4Editor.exe!UnknownFunction []
[2019.11.05-19.09.26:028][  0]LogWindows: Error: [Callstack] 0x00007ff65d2d49f1 UE4Editor.exe!UnknownFunction []
[2019.11.05-19.09.26:029][  0]LogWindows: Error: [Callstack] 0x00007ff65d2ca667 UE4Editor.exe!UnknownFunction []
[2019.11.05-19.09.26:029][  0]LogWindows: Error: [Callstack] 0x00007ff65d2ca9fa UE4Editor.exe!UnknownFunction []
[2019.11.05-19.09.26:029][  0]LogWindows: Error: [Callstack] 0x00007ff65d2db92c UE4Editor.exe!UnknownFunction []
[2019.11.05-19.09.26:029][  0]LogWindows: Error: [Callstack] 0x00007ff65d2de60e UE4Editor.exe!UnknownFunction []
[2019.11.05-19.09.26:029][  0]LogWindows: Error: [Callstack] 0x00007ffd074f7bd4 KERNEL32.DLL!UnknownFunction []
[2019.11.05-19.09.26:029][  0]LogWindows: Error: [Callstack] 0x00007ffd0818ced1 ntdll.dll!UnknownFunction []
[2019.11.05-19.09.26:029][  0]LogWindows: Error: 
[2019.11.05-19.09.26:053][  0]LogExit: Executing StaticShutdownAfterError
[2019.11.05-19.09.26:056][  0]LogWindows: FPlatformMisc::RequestExit(1)
[2019.11.05-19.09.26:060][  0]Log file closed, 11/05/19 19:09:26
