Log file open, 12/01/19 14:40:29
LogWindows: Failed to load 'aqProf.dll' (GetLastError=126)
LogWindows: File 'aqProf.dll' does not exist
LogWindows: Failed to load 'VtuneApi.dll' (GetLastError=126)
LogWindows: File 'VtuneApi.dll' does not exist
LogWindows: Failed to load 'VtuneApi32e.dll' (GetLastError=126)
LogWindows: File 'VtuneApi32e.dll' does not exist
LogConsoleResponse: Display: Failed to find resolution value strings in scalability ini. Falling back to default.
LogInit: Display: Running engine for game: thirdpersron
LogPlatformFile: Not using cached read wrapper
LogTaskGraph: Started task graph with 5 named threads and 35 total threads with 3 sets of task threads.
LogStats: Stats thread started at 0.074346
LogD3D11RHI: Loaded GFSDK_Aftermath_Lib.x64.dll
LogICUInternationalization: ICU TimeZone Detection - Raw Offset: +0:00, Platform Override: ''
LogPluginManager: Mounting plugin Paper2D
LogPluginManager: Mounting plugin AISupport
LogPluginManager: Mounting plugin LightPropagationVolume
LogPluginManager: Mounting plugin ActorLayerUtilities
LogPluginManager: Mounting plugin AnimationSharing
LogPluginManager: Mounting plugin CLionSourceCodeAccess
LogPluginManager: Mounting plugin CodeLiteSourceCodeAccess
LogPluginManager: Mounting plugin GitSourceControl
LogPluginManager: Mounting plugin KDevelopSourceCodeAccess
LogPluginManager: Mounting plugin NullSourceCodeAccess
LogPluginManager: Mounting plugin PerforceSourceControl
LogPluginManager: Mounting plugin SubversionSourceControl
LogPluginManager: Mounting plugin UObjectPlugin
LogPluginManager: Mounting plugin VisualStudioCodeSourceCodeAccess
LogPluginManager: Mounting plugin VisualStudioSourceCodeAccess
LogPluginManager: Mounting plugin XCodeSourceCodeAccess
LogPluginManager: Mounting plugin AssetManagerEditor
LogPluginManager: Mounting plugin CryptoKeys
LogPluginManager: Mounting plugin CurveEditorTools
LogPluginManager: Mounting plugin DataValidation
LogPluginManager: Mounting plugin FacialAnimation
LogPluginManager: Mounting plugin GameplayTagsEditor
LogPluginManager: Mounting plugin MacGraphicsSwitching
LogPluginManager: Mounting plugin MaterialAnalyzer
LogPluginManager: Mounting plugin MobileLauncherProfileWizard
LogPluginManager: Mounting plugin PluginBrowser
LogPluginManager: Mounting plugin SpeedTreeImporter
LogPluginManager: Mounting plugin DatasmithContent
LogPluginManager: Mounting plugin VariantManagerContent
LogPluginManager: Mounting plugin AlembicImporter
LogPluginManager: Mounting plugin AutomationUtils
LogPluginManager: Mounting plugin BackChannel
LogPluginManager: Mounting plugin CharacterAI
LogPluginManager: Mounting plugin GeometryCache
LogPluginManager: Mounting plugin HTML5Networking
LogPluginManager: Mounting plugin PlatformCrypto
LogPluginManager: Mounting plugin ProxyLODPlugin
LogPluginManager: Mounting plugin SkeletalReduction
LogPluginManager: Mounting plugin MagicLeap
LogPluginManager: Mounting plugin MagicLeapMedia
LogPluginManager: Mounting plugin AndroidMedia
LogPluginManager: Mounting plugin AvfMedia
LogPluginManager: Mounting plugin ImgMedia
LogPluginManager: Mounting plugin MediaCompositing
LogPluginManager: Mounting plugin MediaPlayerEditor
LogPluginManager: Mounting plugin WebMMedia
LogPluginManager: Mounting plugin WmfMedia
LogPluginManager: Mounting plugin TcpMessaging
LogPluginManager: Mounting plugin UdpMessaging
LogPluginManager: Mounting plugin ActorSequence
LogPluginManager: Mounting plugin LevelSequenceEditor
LogPluginManager: Mounting plugin MatineeToLevelSequence
LogPluginManager: Mounting plugin NetcodeUnitTest
LogPluginManager: Mounting plugin NUTUnrealEngine4
LogPluginManager: Mounting plugin OnlineSubsystemGooglePlay
LogPluginManager: Mounting plugin OnlineSubsystemIOS
LogPluginManager: Mounting plugin OnlineSubsystem
LogPluginManager: Mounting plugin OnlineSubsystemNull
LogPluginManager: Mounting plugin OnlineSubsystemUtils
LogPluginManager: Mounting plugin LauncherChunkInstaller
LogPluginManager: Mounting plugin AndroidDeviceProfileSelector
LogPluginManager: Mounting plugin AndroidMoviePlayer
LogPluginManager: Mounting plugin AndroidPermission
LogPluginManager: Mounting plugin AppleImageUtils
LogPluginManager: Mounting plugin AppleMoviePlayer
LogPluginManager: Mounting plugin ArchVisCharacter
LogPluginManager: Mounting plugin AudioCapture
LogPluginManager: Mounting plugin CableComponent
LogPluginManager: Mounting plugin CustomMeshComponent
LogPluginManager: Mounting plugin EditableMesh
LogPluginManager: Mounting plugin ExampleDeviceProfileSelector
LogPluginManager: Mounting plugin GoogleCloudMessaging
LogPluginManager: Mounting plugin IOSDeviceProfileSelector
LogPluginManager: Mounting plugin LinuxDeviceProfileSelector
LogPluginManager: Mounting plugin LocationServicesBPLibrary
LogPluginManager: Mounting plugin MobilePatchingUtils
LogPluginManager: Mounting plugin OculusVR
LogPluginManager: Mounting plugin PhysXVehicles
LogPluginManager: Mounting plugin ProceduralMeshComponent
LogPluginManager: Mounting plugin RuntimePhysXCooking
LogPluginManager: Mounting plugin SignificanceManager
LogPluginManager: Mounting plugin SteamVR
LogPluginManager: Mounting plugin WebMMoviePlayer
LogPluginManager: Mounting plugin WindowsMoviePlayer
LogPluginManager: Mounting plugin ScreenshotTools
LogInit: Using libcurl 7.55.1-DEV
LogInit:  - built for x86_64-pc-win32
LogInit:  - supports SSL with OpenSSL/1.1.1
LogInit:  - supports HTTP deflate (compression) using libz 1.2.8
LogInit:  - other features:
LogInit:      CURL_VERSION_SSL
LogInit:      CURL_VERSION_LIBZ
LogInit:      CURL_VERSION_IPV6
LogInit:      CURL_VERSION_ASYNCHDNS
LogInit:      CURL_VERSION_LARGEFILE
LogInit:      CURL_VERSION_IDN
LogInit:  CurlRequestOptions (configurable via config and command line):
LogInit:  - bVerifyPeer = true  - Libcurl will verify peer certificate
LogInit:  - bUseHttpProxy = false  - Libcurl will NOT use HTTP proxy
LogInit:  - bDontReuseConnections = false  - Libcurl will reuse connections
LogInit:  - MaxHostConnections = 16  - Libcurl will limit the number of connections to a host
LogInit:  - LocalHostAddr = Default
LogInit:  - BufferSize = 65536
LogOnline: OSS: Creating online subsystem instance for: NULL
LogInit: WinSock: version 1.1 (2.2), MaxSocks=32767, MaxUdp=65467
LogInit: Build: ++UE4+Release-4.23-CL-9631420
LogInit: Engine Version: 4.23.1-9631420+++UE4+Release-4.23
LogInit: Compatible Engine Version: 4.23.0-8386587+++UE4+Release-4.23
LogInit: Net CL: 8386587
LogInit: OS: Windows 10 (Release 1909) (), CPU: Intel(R) Core(TM) i7-9750H CPU @ 2.60GHz, GPU: Intel(R) UHD Graphics 630
LogInit: Compiled (64-bit): Oct 18 2019 02:07:44
LogInit: Compiled with Visual C++: 19.16.27030.01
LogInit: Build Configuration: Development
LogInit: Branch Name: ++UE4+Release-4.23
LogInit: Command Line: 
LogInit: Base Directory: C:/Program Files/Epic Games/UE_4.23/Engine/Binaries/Win64/
LogInit: Installed Engine Build: 1
LogDevObjectVersion: Number of dev versions registered: 23
LogDevObjectVersion:   Dev-Blueprints (B0D832E4-1F89-4F0D-ACCF-7EB736FD4AA2): 10
LogDevObjectVersion:   Dev-Build (E1C64328-A22C-4D53-A36C-8E866417BD8C): 0
LogDevObjectVersion:   Dev-Core (375EC13C-06E4-48FB-B500-84F0262A717E): 3
LogDevObjectVersion:   Dev-Editor (E4B068ED-F494-42E9-A231-DA0B2E46BB41): 34
LogDevObjectVersion:   Dev-Framework (CFFC743F-43B0-4480-9391-14DF171D2073): 35
LogDevObjectVersion:   Dev-Mobile (B02B49B5-BB20-44E9-A304-32B752E40360): 2
LogDevObjectVersion:   Dev-Networking (A4E4105C-59A1-49B5-A7C5-40C4547EDFEE): 0
LogDevObjectVersion:   Dev-Online (39C831C9-5AE6-47DC-9A44-9C173E1C8E7C): 0
LogDevObjectVersion:   Dev-Physics (78F01B33-EBEA-4F98-B9B4-84EACCB95AA2): 0
LogDevObjectVersion:   Dev-Platform (6631380F-2D4D-43E0-8009-CF276956A95A): 0
LogDevObjectVersion:   Dev-Rendering (12F88B9F-8875-4AFC-A67C-D90C383ABD29): 31
LogDevObjectVersion:   Dev-Sequencer (7B5AE74C-D270-4C10-A958-57980B212A5A): 11
LogDevObjectVersion:   Dev-VR (D7296918-1DD6-4BDD-9DE2-64A83CC13884): 2
LogDevObjectVersion:   Dev-LoadTimes (C2A15278-BFE7-4AFE-6C17-90FF531DF755): 1
LogDevObjectVersion:   Private-Geometry (6EACA3D4-40EC-4CC1-B786-8BED09428FC5): 3
LogDevObjectVersion:   Dev-AnimPhys (29E575DD-E0A3-4627-9D10-D276232CDCEA): 17
LogDevObjectVersion:   Dev-Anim (AF43A65D-7FD3-4947-9873-3E8ED9C1BB05): 2
LogDevObjectVersion:   Dev-ReflectionCapture (6B266CEC-1EC7-4B8F-A30B-E4D90942FC07): 1
LogDevObjectVersion:   Dev-Automation (0DF73D61-A23F-47EA-B727-89E90C41499A): 1
LogDevObjectVersion:   FortniteMain (601D1886-AC64-4F84-AA16-D3DE0DEAC7D6): 27
LogDevObjectVersion:   Dev-Enterprise (9DFFBCD6-494F-0158-E221-12823C92A888): 6
LogDevObjectVersion:   Dev-Niagara (F2AED0AC-9AFE-416F-8664-AA7FFA26D6FC): 1
LogDevObjectVersion:   Dev-Destruction (174F1F0B-B4C6-45A5-B13F-2EE8D0FB917D): 9
LogInit: Presizing for max 16777216 objects, including 0 objects not considered by GC, pre-allocating 0 bytes for permanent pool.
LogInit: Object subsystem initialized
LogConfig: Setting CVar [[con.DebugEarlyDefault:1]]
LogConfig: Setting CVar [[r.setres:1280x720]]
[2019.12.01-14.40.30:098][  0]LogConfig: Setting CVar [[r.VSync:0]]
[2019.12.01-14.40.30:098][  0]LogConfig: Setting CVar [[r.RHICmdBypass:0]]
[2019.12.01-14.40.30:098][  0]LogConfig: Applying CVar settings from Section [/Script/Engine.RendererSettings] File [C:/Users/Jamie/Documents/GitHub/Third-PersRon/thirdpersron 4.23/Saved/Config/Windows/Engine.ini]
[2019.12.01-14.40.30:098][  0]LogConfig: Setting CVar [[r.GPUCrashDebugging:0]]
[2019.12.01-14.40.30:098][  0]LogConfig: Applying CVar settings from Section [/Script/Engine.RendererOverrideSettings] File [C:/Users/Jamie/Documents/GitHub/Third-PersRon/thirdpersron 4.23/Saved/Config/Windows/Engine.ini]
[2019.12.01-14.40.30:098][  0]LogConfig: Applying CVar settings from Section [/Script/Engine.StreamingSettings] File [C:/Users/Jamie/Documents/GitHub/Third-PersRon/thirdpersron 4.23/Saved/Config/Windows/Engine.ini]
[2019.12.01-14.40.30:098][  0]LogConfig: Setting CVar [[s.MinBulkDataSizeForAsyncLoading:131072]]
[2019.12.01-14.40.30:098][  0]LogConfig: Setting CVar [[s.AsyncLoadingThreadEnabled:0]]
[2019.12.01-14.40.30:098][  0]LogConfig: Setting CVar [[s.EventDrivenLoaderEnabled:1]]
[2019.12.01-14.40.30:098][  0]LogConfig: Setting CVar [[s.WarnIfTimeLimitExceeded:0]]
[2019.12.01-14.40.30:098][  0]LogConfig: Setting CVar [[s.TimeLimitExceededMultiplier:1.5]]
[2019.12.01-14.40.30:098][  0]LogConfig: Setting CVar [[s.TimeLimitExceededMinTime:0.005]]
[2019.12.01-14.40.30:098][  0]LogConfig: Setting CVar [[s.UseBackgroundLevelStreaming:1]]
[2019.12.01-14.40.30:098][  0]LogConfig: Setting CVar [[s.PriorityAsyncLoadingExtraTime:15.0]]
[2019.12.01-14.40.30:098][  0]LogConfig: Setting CVar [[s.LevelStreamingActorsUpdateTimeLimit:5.0]]
[2019.12.01-14.40.30:098][  0]LogConfig: Setting CVar [[s.PriorityLevelStreamingActorsUpdateExtraTime:5.0]]
[2019.12.01-14.40.30:098][  0]LogConfig: Setting CVar [[s.LevelStreamingComponentsRegistrationGranularity:10]]
[2019.12.01-14.40.30:098][  0]LogConfig: Setting CVar [[s.UnregisterComponentsTimeLimit:1.0]]
[2019.12.01-14.40.30:098][  0]LogConfig: Setting CVar [[s.LevelStreamingComponentsUnregistrationGranularity:5]]
[2019.12.01-14.40.30:098][  0]LogConfig: Applying CVar settings from Section [/Script/Engine.GarbageCollectionSettings] File [C:/Users/Jamie/Documents/GitHub/Third-PersRon/thirdpersron 4.23/Saved/Config/Windows/Engine.ini]
[2019.12.01-14.40.30:098][  0]LogConfig: Setting CVar [[gc.MaxObjectsNotConsideredByGC:1]]
[2019.12.01-14.40.30:098][  0]LogConfig: Setting CVar [[gc.SizeOfPermanentObjectPool:0]]
[2019.12.01-14.40.30:098][  0]LogConfig: Setting CVar [[gc.FlushStreamingOnGC:0]]
[2019.12.01-14.40.30:098][  0]LogConfig: Setting CVar [[gc.NumRetriesBeforeForcingGC:10]]
[2019.12.01-14.40.30:098][  0]LogConfig: Setting CVar [[gc.AllowParallelGC:1]]
[2019.12.01-14.40.30:099][  0]LogConfig: Setting CVar [[gc.TimeBetweenPurgingPendingKillObjects:61.1]]
[2019.12.01-14.40.30:099][  0]LogConfig: Setting CVar [[gc.MaxObjectsInEditor:16777216]]
[2019.12.01-14.40.30:099][  0]LogConfig: Setting CVar [[gc.IncrementalBeginDestroyEnabled:1]]
[2019.12.01-14.40.30:099][  0]LogConfig: Setting CVar [[gc.CreateGCClusters:1]]
[2019.12.01-14.40.30:099][  0]LogConfig: Setting CVar [[gc.MinGCClusterSize:5]]
[2019.12.01-14.40.30:099][  0]LogConfig: Setting CVar [[gc.ActorClusteringEnabled:0]]
[2019.12.01-14.40.30:099][  0]LogConfig: Setting CVar [[gc.BlueprintClusteringEnabled:0]]
[2019.12.01-14.40.30:099][  0]LogConfig: Setting CVar [[gc.UseDisregardForGCOnDedicatedServers:0]]
[2019.12.01-14.40.30:099][  0]LogConfig: Applying CVar settings from Section [/Script/Engine.NetworkSettings] File [C:/Users/Jamie/Documents/GitHub/Third-PersRon/thirdpersron 4.23/Saved/Config/Windows/Engine.ini]
[2019.12.01-14.40.30:099][  0]LogConfig: Applying CVar settings from Section [/Script/UnrealEd.CookerSettings] File [C:/Users/Jamie/Documents/GitHub/Third-PersRon/thirdpersron 4.23/Saved/Config/Windows/Engine.ini]
[2019.12.01-14.40.30:101][  0]LogConfig: Applying CVar settings from Section [ViewDistanceQuality@3] File [C:/Users/Jamie/Documents/GitHub/Third-PersRon/thirdpersron 4.23/Saved/Config/Windows/Scalability.ini]
[2019.12.01-14.40.30:101][  0]LogConfig: Setting CVar [[r.SkeletalMeshLODBias:0]]
[2019.12.01-14.40.30:101][  0]LogConfig: Setting CVar [[r.ViewDistanceScale:1.0]]
[2019.12.01-14.40.30:101][  0]LogConfig: Applying CVar settings from Section [AntiAliasingQuality@3] File [C:/Users/Jamie/Documents/GitHub/Third-PersRon/thirdpersron 4.23/Saved/Config/Windows/Scalability.ini]
[2019.12.01-14.40.30:101][  0]LogConfig: Setting CVar [[r.PostProcessAAQuality:4]]
[2019.12.01-14.40.30:101][  0]LogConfig: Applying CVar settings from Section [ShadowQuality@3] File [C:/Users/Jamie/Documents/GitHub/Third-PersRon/thirdpersron 4.23/Saved/Config/Windows/Scalability.ini]
[2019.12.01-14.40.30:101][  0]LogConfig: Setting CVar [[r.LightFunctionQuality:1]]
[2019.12.01-14.40.30:101][  0]LogConfig: Setting CVar [[r.ShadowQuality:5]]
[2019.12.01-14.40.30:101][  0]LogConfig: Setting CVar [[r.Shadow.CSM.MaxCascades:10]]
[2019.12.01-14.40.30:101][  0]LogConfig: Setting CVar [[r.Shadow.MaxResolution:2048]]
[2019.12.01-14.40.30:101][  0]LogConfig: Setting CVar [[r.Shadow.MaxCSMResolution:2048]]
[2019.12.01-14.40.30:101][  0]LogConfig: Setting CVar [[r.Shadow.RadiusThreshold:0.01]]
[2019.12.01-14.40.30:101][  0]LogConfig: Setting CVar [[r.Shadow.DistanceScale:1.0]]
[2019.12.01-14.40.30:101][  0]LogConfig: Setting CVar [[r.Shadow.CSM.TransitionScale:1.0]]
[2019.12.01-14.40.30:101][  0]LogConfig: Setting CVar [[r.Shadow.PreShadowResolutionFactor:1.0]]
[2019.12.01-14.40.30:101][  0]LogConfig: Setting CVar [[r.DistanceFieldShadowing:1]]
[2019.12.01-14.40.30:101][  0]LogConfig: Setting CVar [[r.DistanceFieldAO:1]]
[2019.12.01-14.40.30:101][  0]LogConfig: Setting CVar [[r.AOQuality:2]]
[2019.12.01-14.40.30:101][  0]LogConfig: Setting CVar [[r.VolumetricFog:1]]
[2019.12.01-14.40.30:101][  0]LogConfig: Setting CVar [[r.VolumetricFog.GridPixelSize:8]]
[2019.12.01-14.40.30:101][  0]LogConfig: Setting CVar [[r.VolumetricFog.GridSizeZ:128]]
[2019.12.01-14.40.30:101][  0]LogConfig: Setting CVar [[r.VolumetricFog.HistoryMissSupersampleCount:4]]
[2019.12.01-14.40.30:101][  0]LogConfig: Setting CVar [[r.LightMaxDrawDistanceScale:1]]
[2019.12.01-14.40.30:101][  0]LogConfig: Setting CVar [[r.CapsuleShadows:1]]
[2019.12.01-14.40.30:101][  0]LogConfig: Applying CVar settings from Section [PostProcessQuality@3] File [C:/Users/Jamie/Documents/GitHub/Third-PersRon/thirdpersron 4.23/Saved/Config/Windows/Scalability.ini]
[2019.12.01-14.40.30:101][  0]LogConfig: Setting CVar [[r.MotionBlurQuality:4]]
[2019.12.01-14.40.30:101][  0]LogConfig: Setting CVar [[r.AmbientOcclusionMipLevelFactor:0.4]]
[2019.12.01-14.40.30:101][  0]LogConfig: Setting CVar [[r.AmbientOcclusionMaxQuality:100]]
[2019.12.01-14.40.30:101][  0]LogConfig: Setting CVar [[r.AmbientOcclusionLevels:-1]]
[2019.12.01-14.40.30:101][  0]LogConfig: Setting CVar [[r.AmbientOcclusionRadiusScale:1.0]]
[2019.12.01-14.40.30:101][  0]LogConfig: Setting CVar [[r.DepthOfFieldQuality:2]]
[2019.12.01-14.40.30:101][  0]LogConfig: Setting CVar [[r.RenderTargetPoolMin:400]]
[2019.12.01-14.40.30:101][  0]LogConfig: Setting CVar [[r.LensFlareQuality:2]]
[2019.12.01-14.40.30:101][  0]LogConfig: Setting CVar [[r.SceneColorFringeQuality:1]]
[2019.12.01-14.40.30:101][  0]LogConfig: Setting CVar [[r.EyeAdaptationQuality:2]]
[2019.12.01-14.40.30:101][  0]LogConfig: Setting CVar [[r.BloomQuality:5]]
[2019.12.01-14.40.30:101][  0]LogConfig: Setting CVar [[r.FastBlurThreshold:100]]
[2019.12.01-14.40.30:101][  0]LogConfig: Setting CVar [[r.Upscale.Quality:3]]
[2019.12.01-14.40.30:101][  0]LogConfig: Setting CVar [[r.Tonemapper.GrainQuantization:1]]
[2019.12.01-14.40.30:101][  0]LogConfig: Setting CVar [[r.LightShaftQuality:1]]
[2019.12.01-14.40.30:101][  0]LogConfig: Setting CVar [[r.Filter.SizeScale:1]]
[2019.12.01-14.40.30:101][  0]LogConfig: Setting CVar [[r.Tonemapper.Quality:5]]
[2019.12.01-14.40.30:101][  0]LogConfig: Setting CVar [[r.DOF.Gather.AccumulatorQuality:1        ; higher gathering accumulator quality]]
[2019.12.01-14.40.30:101][  0]LogConfig: Setting CVar [[r.DOF.Gather.PostfilterMethod:1          ; Median3x3 postfilering method]]
[2019.12.01-14.40.30:101][  0]LogConfig: Setting CVar [[r.DOF.Gather.EnableBokehSettings:0       ; no bokeh simulation when gathering]]
[2019.12.01-14.40.30:101][  0]LogConfig: Setting CVar [[r.DOF.Gather.RingCount:4                 ; medium number of samples when gathering]]
[2019.12.01-14.40.30:101][  0]LogConfig: Setting CVar [[r.DOF.Scatter.ForegroundCompositing:1    ; additive foreground scattering]]
[2019.12.01-14.40.30:101][  0]LogConfig: Setting CVar [[r.DOF.Scatter.BackgroundCompositing:2    ; additive background scattering]]
[2019.12.01-14.40.30:101][  0]LogConfig: Setting CVar [[r.DOF.Scatter.EnableBokehSettings:1      ; bokeh simulation when scattering]]
[2019.12.01-14.40.30:101][  0]LogConfig: Setting CVar [[r.DOF.Scatter.MaxSpriteRatio:0.1         ; only a maximum of 10% of scattered bokeh]]
[2019.12.01-14.40.30:101][  0]LogConfig: Setting CVar [[r.DOF.Recombine.Quality:1                ; cheap slight out of focus]]
[2019.12.01-14.40.30:101][  0]LogConfig: Setting CVar [[r.DOF.Recombine.EnableBokehSettings:0    ; no bokeh simulation on slight out of focus]]
[2019.12.01-14.40.30:101][  0]LogConfig: Setting CVar [[r.DOF.TemporalAAQuality:1                ; more stable temporal accumulation]]
[2019.12.01-14.40.30:101][  0]LogConfig: Setting CVar [[r.DOF.Kernel.MaxForegroundRadius:0.025]]
[2019.12.01-14.40.30:101][  0]LogConfig: Setting CVar [[r.DOF.Kernel.MaxBackgroundRadius:0.025]]
[2019.12.01-14.40.30:101][  0]LogConfig: Applying CVar settings from Section [TextureQuality@3] File [C:/Users/Jamie/Documents/GitHub/Third-PersRon/thirdpersron 4.23/Saved/Config/Windows/Scalability.ini]
[2019.12.01-14.40.30:101][  0]LogConfig: Setting CVar [[r.Streaming.MipBias:0]]
[2019.12.01-14.40.30:101][  0]LogConfig: Setting CVar [[r.Streaming.AmortizeCPUToGPUCopy:0]]
[2019.12.01-14.40.30:101][  0]LogConfig: Setting CVar [[r.Streaming.MaxNumTexturesToStreamPerFrame:0]]
[2019.12.01-14.40.30:101][  0]LogConfig: Setting CVar [[r.Streaming.Boost:1]]
[2019.12.01-14.40.30:101][  0]LogConfig: Setting CVar [[r.MaxAnisotropy:8]]
[2019.12.01-14.40.30:101][  0]LogConfig: Setting CVar [[r.Streaming.LimitPoolSizeToVRAM:0]]
[2019.12.01-14.40.30:101][  0]LogConfig: Setting CVar [[r.Streaming.PoolSize:1000]]
[2019.12.01-14.40.30:101][  0]LogConfig: Setting CVar [[r.Streaming.MaxEffectiveScreenSize:0]]
[2019.12.01-14.40.30:101][  0]LogConfig: Applying CVar settings from Section [EffectsQuality@3] File [C:/Users/Jamie/Documents/GitHub/Third-PersRon/thirdpersron 4.23/Saved/Config/Windows/Scalability.ini]
[2019.12.01-14.40.30:101][  0]LogConfig: Setting CVar [[r.TranslucencyLightingVolumeDim:64]]
[2019.12.01-14.40.30:101][  0]LogConfig: Setting CVar [[r.RefractionQuality:2]]
[2019.12.01-14.40.30:101][  0]LogConfig: Setting CVar [[r.SSR.Quality:3]]
[2019.12.01-14.40.30:101][  0]LogConfig: Setting CVar [[r.SceneColorFormat:4]]
[2019.12.01-14.40.30:101][  0]LogConfig: Setting CVar [[r.DetailMode:2]]
[2019.12.01-14.40.30:101][  0]LogConfig: Setting CVar [[r.TranslucencyVolumeBlur:1]]
[2019.12.01-14.40.30:101][  0]LogConfig: Setting CVar [[r.MaterialQualityLevel:1 ; High quality]]
[2019.12.01-14.40.30:102][  0]LogConfig: Setting CVar [[r.SSS.Scale:1]]
[2019.12.01-14.40.30:102][  0]LogConfig: Setting CVar [[r.SSS.SampleSet:2]]
[2019.12.01-14.40.30:102][  0]LogConfig: Setting CVar [[r.SSS.Quality:1]]
[2019.12.01-14.40.30:102][  0]LogConfig: Setting CVar [[r.SSS.HalfRes:1]]
[2019.12.01-14.40.30:102][  0]LogConfig: Setting CVar [[r.EmitterSpawnRateScale:1.0]]
[2019.12.01-14.40.30:102][  0]LogConfig: Setting CVar [[r.ParticleLightQuality:2]]
[2019.12.01-14.40.30:102][  0]LogConfig: Applying CVar settings from Section [FoliageQuality@3] File [C:/Users/Jamie/Documents/GitHub/Third-PersRon/thirdpersron 4.23/Saved/Config/Windows/Scalability.ini]
[2019.12.01-14.40.30:102][  0]LogConfig: Setting CVar [[foliage.DensityScale:1.0]]
[2019.12.01-14.40.30:102][  0]LogConfig: Setting CVar [[grass.DensityScale:1.0]]
[2019.12.01-14.40.30:102][  0]LogInit: Selected Device Profile: [Windows]
[2019.12.01-14.40.30:102][  0]LogInit: Applying CVar settings loaded from the selected device profile: [Windows]
[2019.12.01-14.40.30:104][  0]LogHAL: Display: Platform has ~ 16 GB [17022173184 / 17179869184 / 16], which maps to Larger [LargestMinGB=32, LargerMinGB=12, DefaultMinGB=8, SmallerMinGB=6, SmallestMinGB=0)
[2019.12.01-14.40.30:104][  0]LogInit: Going up to parent DeviceProfile []
[2019.12.01-14.40.30:105][  0]LogConfig: Applying CVar settings from Section [ViewDistanceQuality@3] File [C:/Users/Jamie/Documents/GitHub/Third-PersRon/thirdpersron 4.23/Saved/Config/Windows/Scalability.ini]
[2019.12.01-14.40.30:105][  0]LogConfig: Setting CVar [[r.SkeletalMeshLODBias:0]]
[2019.12.01-14.40.30:105][  0]LogConfig: Setting CVar [[r.ViewDistanceScale:1.0]]
[2019.12.01-14.40.30:105][  0]LogConfig: Applying CVar settings from Section [AntiAliasingQuality@3] File [C:/Users/Jamie/Documents/GitHub/Third-PersRon/thirdpersron 4.23/Saved/Config/Windows/Scalability.ini]
[2019.12.01-14.40.30:105][  0]LogConfig: Setting CVar [[r.PostProcessAAQuality:4]]
[2019.12.01-14.40.30:105][  0]LogConfig: Applying CVar settings from Section [ShadowQuality@3] File [C:/Users/Jamie/Documents/GitHub/Third-PersRon/thirdpersron 4.23/Saved/Config/Windows/Scalability.ini]
[2019.12.01-14.40.30:105][  0]LogConfig: Setting CVar [[r.LightFunctionQuality:1]]
[2019.12.01-14.40.30:105][  0]LogConfig: Setting CVar [[r.ShadowQuality:5]]
[2019.12.01-14.40.30:105][  0]LogConfig: Setting CVar [[r.Shadow.CSM.MaxCascades:10]]
[2019.12.01-14.40.30:105][  0]LogConfig: Setting CVar [[r.Shadow.MaxResolution:2048]]
[2019.12.01-14.40.30:105][  0]LogConfig: Setting CVar [[r.Shadow.MaxCSMResolution:2048]]
[2019.12.01-14.40.30:105][  0]LogConfig: Setting CVar [[r.Shadow.RadiusThreshold:0.01]]
[2019.12.01-14.40.30:105][  0]LogConfig: Setting CVar [[r.Shadow.DistanceScale:1.0]]
[2019.12.01-14.40.30:105][  0]LogConfig: Setting CVar [[r.Shadow.CSM.TransitionScale:1.0]]
[2019.12.01-14.40.30:105][  0]LogConfig: Setting CVar [[r.Shadow.PreShadowResolutionFactor:1.0]]
[2019.12.01-14.40.30:105][  0]LogConfig: Setting CVar [[r.DistanceFieldShadowing:1]]
[2019.12.01-14.40.30:105][  0]LogConfig: Setting CVar [[r.DistanceFieldAO:1]]
[2019.12.01-14.40.30:105][  0]LogConfig: Setting CVar [[r.AOQuality:2]]
[2019.12.01-14.40.30:105][  0]LogConfig: Setting CVar [[r.VolumetricFog:1]]
[2019.12.01-14.40.30:105][  0]LogConfig: Setting CVar [[r.VolumetricFog.GridPixelSize:8]]
[2019.12.01-14.40.30:105][  0]LogConfig: Setting CVar [[r.VolumetricFog.GridSizeZ:128]]
[2019.12.01-14.40.30:105][  0]LogConfig: Setting CVar [[r.VolumetricFog.HistoryMissSupersampleCount:4]]
[2019.12.01-14.40.30:105][  0]LogConfig: Setting CVar [[r.LightMaxDrawDistanceScale:1]]
[2019.12.01-14.40.30:105][  0]LogConfig: Setting CVar [[r.CapsuleShadows:1]]
[2019.12.01-14.40.30:105][  0]LogConfig: Applying CVar settings from Section [PostProcessQuality@3] File [C:/Users/Jamie/Documents/GitHub/Third-PersRon/thirdpersron 4.23/Saved/Config/Windows/Scalability.ini]
[2019.12.01-14.40.30:105][  0]LogConfig: Setting CVar [[r.MotionBlurQuality:4]]
[2019.12.01-14.40.30:105][  0]LogConfig: Setting CVar [[r.AmbientOcclusionMipLevelFactor:0.4]]
[2019.12.01-14.40.30:105][  0]LogConfig: Setting CVar [[r.AmbientOcclusionMaxQuality:100]]
[2019.12.01-14.40.30:105][  0]LogConfig: Setting CVar [[r.AmbientOcclusionLevels:-1]]
[2019.12.01-14.40.30:105][  0]LogConfig: Setting CVar [[r.AmbientOcclusionRadiusScale:1.0]]
[2019.12.01-14.40.30:105][  0]LogConfig: Setting CVar [[r.DepthOfFieldQuality:2]]
[2019.12.01-14.40.30:105][  0]LogConfig: Setting CVar [[r.RenderTargetPoolMin:400]]
[2019.12.01-14.40.30:105][  0]LogConfig: Setting CVar [[r.LensFlareQuality:2]]
[2019.12.01-14.40.30:105][  0]LogConfig: Setting CVar [[r.SceneColorFringeQuality:1]]
[2019.12.01-14.40.30:105][  0]LogConfig: Setting CVar [[r.EyeAdaptationQuality:2]]
[2019.12.01-14.40.30:105][  0]LogConfig: Setting CVar [[r.BloomQuality:5]]
[2019.12.01-14.40.30:105][  0]LogConfig: Setting CVar [[r.FastBlurThreshold:100]]
[2019.12.01-14.40.30:106][  0]LogConfig: Setting CVar [[r.Upscale.Quality:3]]
[2019.12.01-14.40.30:106][  0]LogConfig: Setting CVar [[r.Tonemapper.GrainQuantization:1]]
[2019.12.01-14.40.30:106][  0]LogConfig: Setting CVar [[r.LightShaftQuality:1]]
[2019.12.01-14.40.30:106][  0]LogConfig: Setting CVar [[r.Filter.SizeScale:1]]
[2019.12.01-14.40.30:106][  0]LogConfig: Setting CVar [[r.Tonemapper.Quality:5]]
[2019.12.01-14.40.30:106][  0]LogConfig: Setting CVar [[r.DOF.Gather.AccumulatorQuality:1        ; higher gathering accumulator quality]]
[2019.12.01-14.40.30:106][  0]LogConfig: Setting CVar [[r.DOF.Gather.PostfilterMethod:1          ; Median3x3 postfilering method]]
[2019.12.01-14.40.30:106][  0]LogConfig: Setting CVar [[r.DOF.Gather.EnableBokehSettings:0       ; no bokeh simulation when gathering]]
[2019.12.01-14.40.30:106][  0]LogConfig: Setting CVar [[r.DOF.Gather.RingCount:4                 ; medium number of samples when gathering]]
[2019.12.01-14.40.30:106][  0]LogConfig: Setting CVar [[r.DOF.Scatter.ForegroundCompositing:1    ; additive foreground scattering]]
[2019.12.01-14.40.30:106][  0]LogConfig: Setting CVar [[r.DOF.Scatter.BackgroundCompositing:2    ; additive background scattering]]
[2019.12.01-14.40.30:106][  0]LogConfig: Setting CVar [[r.DOF.Scatter.EnableBokehSettings:1      ; bokeh simulation when scattering]]
[2019.12.01-14.40.30:106][  0]LogConfig: Setting CVar [[r.DOF.Scatter.MaxSpriteRatio:0.1         ; only a maximum of 10% of scattered bokeh]]
[2019.12.01-14.40.30:106][  0]LogConfig: Setting CVar [[r.DOF.Recombine.Quality:1                ; cheap slight out of focus]]
[2019.12.01-14.40.30:106][  0]LogConfig: Setting CVar [[r.DOF.Recombine.EnableBokehSettings:0    ; no bokeh simulation on slight out of focus]]
[2019.12.01-14.40.30:106][  0]LogConfig: Setting CVar [[r.DOF.TemporalAAQuality:1                ; more stable temporal accumulation]]
[2019.12.01-14.40.30:106][  0]LogConfig: Setting CVar [[r.DOF.Kernel.MaxForegroundRadius:0.025]]
[2019.12.01-14.40.30:106][  0]LogConfig: Setting CVar [[r.DOF.Kernel.MaxBackgroundRadius:0.025]]
[2019.12.01-14.40.30:106][  0]LogConfig: Applying CVar settings from Section [TextureQuality@3] File [C:/Users/Jamie/Documents/GitHub/Third-PersRon/thirdpersron 4.23/Saved/Config/Windows/Scalability.ini]
[2019.12.01-14.40.30:106][  0]LogConfig: Setting CVar [[r.Streaming.MipBias:0]]
[2019.12.01-14.40.30:106][  0]LogConfig: Setting CVar [[r.Streaming.AmortizeCPUToGPUCopy:0]]
[2019.12.01-14.40.30:106][  0]LogConfig: Setting CVar [[r.Streaming.MaxNumTexturesToStreamPerFrame:0]]
[2019.12.01-14.40.30:106][  0]LogConfig: Setting CVar [[r.Streaming.Boost:1]]
[2019.12.01-14.40.30:106][  0]LogConfig: Setting CVar [[r.MaxAnisotropy:8]]
[2019.12.01-14.40.30:106][  0]LogConfig: Setting CVar [[r.Streaming.LimitPoolSizeToVRAM:0]]
[2019.12.01-14.40.30:106][  0]LogConfig: Setting CVar [[r.Streaming.PoolSize:1000]]
[2019.12.01-14.40.30:106][  0]LogConfig: Setting CVar [[r.Streaming.MaxEffectiveScreenSize:0]]
[2019.12.01-14.40.30:106][  0]LogConfig: Applying CVar settings from Section [EffectsQuality@3] File [C:/Users/Jamie/Documents/GitHub/Third-PersRon/thirdpersron 4.23/Saved/Config/Windows/Scalability.ini]
[2019.12.01-14.40.30:106][  0]LogConfig: Setting CVar [[r.TranslucencyLightingVolumeDim:64]]
[2019.12.01-14.40.30:106][  0]LogConfig: Setting CVar [[r.RefractionQuality:2]]
[2019.12.01-14.40.30:106][  0]LogConfig: Setting CVar [[r.SSR.Quality:3]]
[2019.12.01-14.40.30:106][  0]LogConfig: Setting CVar [[r.SceneColorFormat:4]]
[2019.12.01-14.40.30:106][  0]LogConfig: Setting CVar [[r.DetailMode:2]]
[2019.12.01-14.40.30:106][  0]LogConfig: Setting CVar [[r.TranslucencyVolumeBlur:1]]
[2019.12.01-14.40.30:106][  0]LogConfig: Setting CVar [[r.MaterialQualityLevel:1 ; High quality]]
[2019.12.01-14.40.30:106][  0]LogConfig: Setting CVar [[r.SSS.Scale:1]]
[2019.12.01-14.40.30:106][  0]LogConfig: Setting CVar [[r.SSS.SampleSet:2]]
[2019.12.01-14.40.30:106][  0]LogConfig: Setting CVar [[r.SSS.Quality:1]]
[2019.12.01-14.40.30:106][  0]LogConfig: Setting CVar [[r.SSS.HalfRes:1]]
[2019.12.01-14.40.30:106][  0]LogConfig: Setting CVar [[r.EmitterSpawnRateScale:1.0]]
[2019.12.01-14.40.30:106][  0]LogConfig: Setting CVar [[r.ParticleLightQuality:2]]
[2019.12.01-14.40.30:106][  0]LogConfig: Applying CVar settings from Section [FoliageQuality@3] File [C:/Users/Jamie/Documents/GitHub/Third-PersRon/thirdpersron 4.23/Saved/Config/Windows/Scalability.ini]
[2019.12.01-14.40.30:106][  0]LogConfig: Setting CVar [[foliage.DensityScale:1.0]]
[2019.12.01-14.40.30:106][  0]LogConfig: Setting CVar [[grass.DensityScale:1.0]]
[2019.12.01-14.40.30:106][  0]LogConfig: Applying CVar settings from Section [Startup] File [../../../Engine/Config/ConsoleVariables.ini]
[2019.12.01-14.40.30:107][  0]LogConfig: Setting CVar [[net.UseAdaptiveNetUpdateFrequency:0]]
[2019.12.01-14.40.30:107][  0]LogConfig: Setting CVar [[p.chaos.AllowCreatePhysxBodies:1]]
[2019.12.01-14.40.30:107][  0]LogConfig: Applying CVar settings from Section [ConsoleVariables] File [C:/Users/Jamie/Documents/GitHub/Third-PersRon/thirdpersron 4.23/Saved/Config/Windows/Engine.ini]
[2019.12.01-14.40.30:107][  0]LogInit: Computer: J-ZEPHYRUS
[2019.12.01-14.40.30:107][  0]LogInit: User: Jamie
[2019.12.01-14.40.30:107][  0]LogInit: CPU Page size=4096, Cores=6
[2019.12.01-14.40.30:107][  0]LogInit: High frequency timer resolution =10.000000 MHz
[2019.12.01-14.40.30:107][  0]LogMemory: Memory total: Physical=15.9GB (16GB approx)
[2019.12.01-14.40.30:107][  0]LogMemory: Platform Memory Stats for Windows
[2019.12.01-14.40.30:107][  0]LogMemory: Process Physical Memory: 103.92 MB used, 103.93 MB peak
[2019.12.01-14.40.30:107][  0]LogMemory: Process Virtual Memory: 103.90 MB used, 103.90 MB peak
[2019.12.01-14.40.30:107][  0]LogMemory: Physical Memory: 10446.30 MB used,  5787.30 MB free, 16233.61 MB total
[2019.12.01-14.40.30:107][  0]LogMemory: Virtual Memory: 4689.11 MB used,  134213040.00 MB free, 134217728.00 MB total
[2019.12.01-14.40.30:150][  0]LogWindows: WindowsPlatformFeatures enabled
[2019.12.01-14.40.30:178][  0]LogInit: Using OS detected language (en-GB).
[2019.12.01-14.40.30:178][  0]LogInit: Using OS detected locale (en-GB).
[2019.12.01-14.40.30:180][  0]LogTextLocalizationManager: No specific localization for 'en-GB' exists, so the 'en' localization will be used.
[2019.12.01-14.40.30:413][  0]LogInit: Setting process to per monitor DPI aware
[2019.12.01-14.40.30:464][  0]LogSlate: New Slate User Created.  User Index 0, Is Virtual User: 0
[2019.12.01-14.40.30:464][  0]LogSlate: Slate User Registered.  User Index 0, Is Virtual User: 0
[2019.12.01-14.40.30:714][  0]LogHMD: Failed to initialize OpenVR with code 110
[2019.12.01-14.40.30:714][  0]LogD3D11RHI: D3D11 adapters:
[2019.12.01-14.40.30:798][  0]LogD3D11RHI:    0. 'NVIDIA GeForce RTX 2060' (Feature Level 11_0)
[2019.12.01-14.40.30:798][  0]LogD3D11RHI:       5980/0/8116 MB DedicatedVideo/DedicatedSystem/SharedSystem, Outputs:1, VendorId:0x10de
[2019.12.01-14.40.30:816][  0]LogD3D11RHI:    1. 'Intel(R) UHD Graphics 630' (Feature Level 11_0)
[2019.12.01-14.40.30:816][  0]LogD3D11RHI:       128/0/8116 MB DedicatedVideo/DedicatedSystem/SharedSystem, Outputs:0, VendorId:0x8086
[2019.12.01-14.40.30:819][  0]LogD3D11RHI:    2. 'Microsoft Basic Render Driver' (Feature Level 11_0)
[2019.12.01-14.40.30:819][  0]LogD3D11RHI:       0/0/8116 MB DedicatedVideo/DedicatedSystem/SharedSystem, Outputs:0, VendorId:0x1414
[2019.12.01-14.40.30:819][  0]LogD3D11RHI: Chosen D3D11 Adapter: 0
[2019.12.01-14.40.30:866][  0]LogD3D11RHI: Creating new Direct3DDevice
[2019.12.01-14.40.30:867][  0]LogD3D11RHI:     GPU DeviceId: 0x1f11 (for the marketing name, search the web for "GPU Device Id")
[2019.12.01-14.40.30:867][  0]LogWindows: EnumDisplayDevices:
[2019.12.01-14.40.30:867][  0]LogWindows:    0. 'Intel(R) UHD Graphics 630' (P:1 D:1)
[2019.12.01-14.40.30:867][  0]LogWindows:    1. 'Intel(R) UHD Graphics 630' (P:0 D:0)
[2019.12.01-14.40.30:867][  0]LogWindows:    2. 'Intel(R) UHD Graphics 630' (P:0 D:0)
[2019.12.01-14.40.30:867][  0]LogWindows:    3. 'NVIDIA GeForce RTX 2060' (P:0 D:0)
[2019.12.01-14.40.30:868][  0]LogWindows:    4. 'NVIDIA GeForce RTX 2060' (P:0 D:0)
[2019.12.01-14.40.30:868][  0]LogWindows:    5. 'NVIDIA GeForce RTX 2060' (P:0 D:0)
[2019.12.01-14.40.30:868][  0]LogWindows:    6. 'NVIDIA GeForce RTX 2060' (P:0 D:0)
[2019.12.01-14.40.30:868][  0]LogWindows: DebugString: PrimaryIsNotTheChoosenAdapter PrimaryIsNotTheChoosenAdapter PrimaryIsNotTheChoosenAdapter FoundDriverCount:4 
[2019.12.01-14.40.30:868][  0]LogD3D11RHI:     Adapter Name: NVIDIA GeForce RTX 2060
[2019.12.01-14.40.30:868][  0]LogD3D11RHI:   Driver Version: 431.87 (internal:26.21.14.3187, unified:431.87)
[2019.12.01-14.40.30:868][  0]LogD3D11RHI:      Driver Date: 8-28-2019
[2019.12.01-14.40.30:868][  0]LogRHI: Texture pool is 4186 MB (70% of 5980 MB)
[2019.12.01-14.40.30:911][  0]LogD3D11RHI: Async texture creation enabled
[2019.12.01-14.40.30:923][  0]LogD3D11RHI: GPU Timing Frequency: 1000.000000 (Debug: 2 1)
[2019.12.01-14.40.31:201][  0]LogTemp: Display: Module 'AllDesktopTargetPlatform' loaded TargetPlatform 'AllDesktop'
[2019.12.01-14.40.31:209][  0]LogTemp: Display: Module 'MacClientTargetPlatform' loaded TargetPlatform 'MacClient'
[2019.12.01-14.40.31:217][  0]LogTemp: Display: Module 'MacNoEditorTargetPlatform' loaded TargetPlatform 'MacNoEditor'
[2019.12.01-14.40.31:225][  0]LogTemp: Display: Module 'MacServerTargetPlatform' loaded TargetPlatform 'MacServer'
[2019.12.01-14.40.31:233][  0]LogTemp: Display: Module 'MacTargetPlatform' loaded TargetPlatform 'Mac'
[2019.12.01-14.40.31:243][  0]LogTemp: Display: Module 'WindowsClientTargetPlatform' loaded TargetPlatform 'WindowsClient'
[2019.12.01-14.40.31:252][  0]LogTemp: Display: Module 'WindowsNoEditorTargetPlatform' loaded TargetPlatform 'WindowsNoEditor'
[2019.12.01-14.40.31:260][  0]LogTemp: Display: Module 'WindowsServerTargetPlatform' loaded TargetPlatform 'WindowsServer'
[2019.12.01-14.40.31:264][  0]LogTemp: Display: Module 'WindowsTargetPlatform' loaded TargetPlatform 'Windows'
[2019.12.01-14.40.31:296][  0]LogTemp: Display: Module 'AndroidTargetPlatform' loaded TargetPlatform 'Android'
[2019.12.01-14.40.31:296][  0]LogTemp: Display: Module 'AndroidTargetPlatform' loaded TargetPlatform 'Android_ASTC'
[2019.12.01-14.40.31:296][  0]LogTemp: Display: Module 'AndroidTargetPlatform' loaded TargetPlatform 'Android_ATC'
[2019.12.01-14.40.31:296][  0]LogTemp: Display: Module 'AndroidTargetPlatform' loaded TargetPlatform 'Android_DXT'
[2019.12.01-14.40.31:296][  0]LogTemp: Display: Module 'AndroidTargetPlatform' loaded TargetPlatform 'Android_ETC1'
[2019.12.01-14.40.31:296][  0]LogTemp: Display: Module 'AndroidTargetPlatform' loaded TargetPlatform 'Android_ETC1a'
[2019.12.01-14.40.31:296][  0]LogTemp: Display: Module 'AndroidTargetPlatform' loaded TargetPlatform 'Android_ETC2'
[2019.12.01-14.40.31:296][  0]LogTemp: Display: Module 'AndroidTargetPlatform' loaded TargetPlatform 'Android_PVRTC'
[2019.12.01-14.40.31:296][  0]LogTemp: Display: Module 'AndroidTargetPlatform' loaded TargetPlatform 'AndroidClient'
[2019.12.01-14.40.31:296][  0]LogTemp: Display: Module 'AndroidTargetPlatform' loaded TargetPlatform 'Android_ASTCClient'
[2019.12.01-14.40.31:296][  0]LogTemp: Display: Module 'AndroidTargetPlatform' loaded TargetPlatform 'Android_ATCClient'
[2019.12.01-14.40.31:296][  0]LogTemp: Display: Module 'AndroidTargetPlatform' loaded TargetPlatform 'Android_DXTClient'
[2019.12.01-14.40.31:296][  0]LogTemp: Display: Module 'AndroidTargetPlatform' loaded TargetPlatform 'Android_ETC1Client'
[2019.12.01-14.40.31:296][  0]LogTemp: Display: Module 'AndroidTargetPlatform' loaded TargetPlatform 'Android_ETC1aClient'
[2019.12.01-14.40.31:296][  0]LogTemp: Display: Module 'AndroidTargetPlatform' loaded TargetPlatform 'Android_ETC2Client'
[2019.12.01-14.40.31:296][  0]LogTemp: Display: Module 'AndroidTargetPlatform' loaded TargetPlatform 'Android_PVRTCClient'
[2019.12.01-14.40.31:296][  0]LogTemp: Display: Module 'AndroidTargetPlatform' loaded TargetPlatform 'Android_Multi'
[2019.12.01-14.40.31:296][  0]LogTemp: Display: Module 'AndroidTargetPlatform' loaded TargetPlatform 'Android_MultiClient'
[2019.12.01-14.40.31:298][  0]LogTemp: Display: Module 'HTML5TargetPlatform' loaded TargetPlatform 'HTML5'
[2019.12.01-14.40.31:313][  0]LogTemp: Display: Module 'IOSTargetPlatform' loaded TargetPlatform 'IOSClient'
[2019.12.01-14.40.31:313][  0]LogTemp: Display: Module 'IOSTargetPlatform' loaded TargetPlatform 'IOS'
[2019.12.01-14.40.31:326][  0]LogTemp: Display: Module 'TVOSTargetPlatform' loaded TargetPlatform 'TVOSClient'
[2019.12.01-14.40.31:326][  0]LogTemp: Display: Module 'TVOSTargetPlatform' loaded TargetPlatform 'TVOS'
[2019.12.01-14.40.31:334][  0]LogTemp: Display: Module 'LinuxClientTargetPlatform' loaded TargetPlatform 'LinuxClient'
[2019.12.01-14.40.31:340][  0]LogTemp: Display: Module 'LinuxNoEditorTargetPlatform' loaded TargetPlatform 'LinuxNoEditor'
[2019.12.01-14.40.31:346][  0]LogTemp: Display: Module 'LinuxServerTargetPlatform' loaded TargetPlatform 'LinuxServer'
[2019.12.01-14.40.31:353][  0]LogTemp: Display: Module 'LinuxTargetPlatform' loaded TargetPlatform 'Linux'
[2019.12.01-14.40.31:378][  0]LogTemp: Display: Module 'LuminTargetPlatform' loaded TargetPlatform 'Lumin'
[2019.12.01-14.40.31:378][  0]LogTemp: Display: Module 'LuminTargetPlatform' loaded TargetPlatform 'LuminClient'
[2019.12.01-14.40.31:378][  0]LogTargetPlatformManager: Display: Building Assets For Windows
[2019.12.01-14.40.31:386][  0]LogAudioDebug: Display: Lib vorbis DLL was dynamically loaded.
[2019.12.01-14.40.31:443][  0]LogShaderCompilers: Guid format shader working directory is -33 characters bigger than the processId version (../../../../../../Users/Jamie/Documents/GitHub/Third-PersRon/thirdpersron 4.23/Intermediate/Shaders/WorkingDirectory/48692/).
[2019.12.01-14.40.31:443][  0]LogShaderCompilers: Cleaned the shader compiler working directory 'C:/Users/Jamie/AppData/Local/Temp/UnrealShaderWorkingDir/5189B8554CC762AA2F2B538444DA06F7/'.
[2019.12.01-14.40.31:446][  0]LogXGEController: Cannot use XGE Controller as Incredibuild is not installed on this machine.
[2019.12.01-14.40.31:446][  0]LogShaderCompilers: Cannot use XGE Shader Compiler as Incredibuild is not installed on this machine.
[2019.12.01-14.40.31:446][  0]LogShaderCompilers: Display: Using Local Shader Compiler.
[2019.12.01-14.40.31:977][  0]LogDerivedDataCache: Display: Max Cache Size: 512 MB
[2019.12.01-14.40.32:036][  0]LogDerivedDataCache: Loaded boot cache 0.06s 73MB C:/Users/Jamie/AppData/Local/UnrealEngine/4.23/DerivedDataCache/Boot.ddc.
[2019.12.01-14.40.32:036][  0]LogDerivedDataCache: Display: Loaded Boot cache: C:/Users/Jamie/AppData/Local/UnrealEngine/4.23/DerivedDataCache/Boot.ddc
[2019.12.01-14.40.32:037][  0]LogDerivedDataCache: FDerivedDataBackendGraph:  Pak pak cache file ../../../../../../Users/Jamie/Documents/GitHub/Third-PersRon/thirdpersron 4.23/DerivedDataCache/DDC.ddp not found, will not use a pak cache.
[2019.12.01-14.40.32:037][  0]LogDerivedDataCache: Unable to find inner node Pak for hierarchical cache Hierarchy.
[2019.12.01-14.40.32:037][  0]LogDerivedDataCache: FDerivedDataBackendGraph:  CompressedPak pak cache file ../../../../../../Users/Jamie/Documents/GitHub/Third-PersRon/thirdpersron 4.23/DerivedDataCache/Compressed.ddp not found, will not use a pak cache.
[2019.12.01-14.40.32:037][  0]LogDerivedDataCache: Unable to find inner node CompressedPak for hierarchical cache Hierarchy.
[2019.12.01-14.40.32:047][  0]LogDerivedDataCache: Display: Pak cache opened for reading ../../../Engine/DerivedDataCache/Compressed.ddp.
[2019.12.01-14.40.32:047][  0]LogDerivedDataCache: FDerivedDataBackendGraph:  EnterprisePak pak cache file ../../../Enterprise/DerivedDataCache/Compressed.ddp not found, will not use a pak cache.
[2019.12.01-14.40.32:047][  0]LogDerivedDataCache: Unable to find inner node EnterprisePak for hierarchical cache Hierarchy.
[2019.12.01-14.40.32:049][  0]LogDerivedDataCache: Using Local data cache path C:/Users/Jamie/AppData/Local/UnrealEngine/Common/DerivedDataCache: Writable
[2019.12.01-14.40.32:049][  0]LogDerivedDataCache: Shared data cache path not found in *engine.ini, will not use an Shared cache.
[2019.12.01-14.40.32:049][  0]LogDerivedDataCache: Unable to find inner node Shared for hierarchical cache Hierarchy.
[2019.12.01-14.40.32:066][  0]LogMaterial: Verifying Global Shaders for PCD3D_SM5
[2019.12.01-14.40.32:068][  0]LogSlate: Using FreeType 2.6.0
[2019.12.01-14.40.32:068][  0]LogSlate: SlateFontServices - WITH_FREETYPE: 1, WITH_HARFBUZZ: 1
[2019.12.01-14.40.32:120][  0]LogAssetRegistry: FAssetRegistry took 0.0021 seconds to start up
[2019.12.01-14.40.32:376][  0]LogInit: Selected Device Profile: [Windows]
[2019.12.01-14.40.32:510][  0]LogMeshReduction: Using QuadricMeshReduction for automatic static mesh reduction
[2019.12.01-14.40.32:510][  0]LogMeshReduction: Using SimplygonMeshReduction for automatic skeletal mesh reduction
[2019.12.01-14.40.32:510][  0]LogMeshReduction: Using ProxyLODMeshReduction for automatic mesh merging
[2019.12.01-14.40.32:510][  0]LogMeshReduction: No distributed automatic mesh merging module available
[2019.12.01-14.40.32:510][  0]LogMeshMerging: No distributed automatic mesh merging module available
[2019.12.01-14.40.32:518][  0]LogNetVersion: thirdpersron 1.0.0, NetCL: 8386587, EngineNetVer: 11, GameNetVer: 0 (Checksum: 2728054761)
[2019.12.01-14.40.32:885][  0]LogPackageLocalizationCache: Processed 12 localized package path(s) for 1 prioritized culture(s) in 0.046064 seconds
[2019.12.01-14.40.32:891][  0]LogUObjectArray: 43444 objects as part of root set at end of initial load.
[2019.12.01-14.40.32:891][  0]LogUObjectAllocator: 7548648 out of 0 bytes used by permanent object pool.
[2019.12.01-14.40.32:891][  0]LogUObjectArray: CloseDisregardForGC: 0/0 objects in disregard for GC pool
[2019.12.01-14.40.33:642][  0]LogTcpMessaging: Initializing TcpMessaging bridge
[2019.12.01-14.40.33:645][  0]LogUdpMessaging: Initializing bridge on interface 0.0.0.0:0 to multicast group 230.0.0.1:6666.
[2019.12.01-14.40.33:731][  0]SourceControl: Source control is disabled
[2019.12.01-14.40.33:731][  0]SourceControl: Source control is disabled
[2019.12.01-14.40.33:732][  0]SourceControl: Source control is disabled
[2019.12.01-14.40.33:733][  0]SourceControl: Source control is disabled
[2019.12.01-14.40.33:843][  0]LogAndroidPermission: UAndroidPermissionCallbackProxy::GetInstance
[2019.12.01-14.40.34:602][  0]LogOcInput: OculusInput pre-init called
[2019.12.01-14.40.34:610][  0]LogWindows: Failed to load 'OVRPlugin.dll' (GetLastError=126)
[2019.12.01-14.40.34:610][  0]LogWindows: File 'OVRPlugin.dll' does not exist
[2019.12.01-14.40.34:671][  0]LogEngine: Initializing Engine...
[2019.12.01-14.40.34:671][  0]LogHMD: Failed to initialize OpenVR with code 110
[2019.12.01-14.40.34:672][  0]LogStats: UGameplayTagsManager::InitializeManager -  0.000 s
[2019.12.01-14.40.34:875][  0]LogInit: Initializing FReadOnlyCVARCache
[2019.12.01-14.40.34:888][  0]LogAIModule: Creating AISystem for world Untitled
[2019.12.01-14.40.34:959][  0]LogInit: XAudio2 using 'Speakers (Realtek(R) Audio)' : 6 channels at 48 kHz using 32 bits per sample (channel mask 0x3f)
[2019.12.01-14.40.35:043][  0]LogInit: FAudioDevice initialized.
[2019.12.01-14.40.35:043][  0]LogNetVersion: Set ProjectVersion to 1.0.0.0. Version Checksum will be recalculated on next use.
[2019.12.01-14.40.35:094][  0]LogDerivedDataCache: Saved boot cache 0.05s 73MB C:/Users/Jamie/AppData/Local/UnrealEngine/4.23/DerivedDataCache/Boot.ddc.
[2019.12.01-14.40.35:101][  0]LogInit: Texture streaming: Enabled
[2019.12.01-14.40.35:117][  0]LogEngineSessionManager: EngineSessionManager initialized
[2019.12.01-14.40.35:117][  0]LogEditorSessionSummary: Verbose: Initializing EditorSessionSummaryWriter for editor session tracking
[2019.12.01-14.40.35:118][  0]LogEditorSessionSummary: EditorSessionSummaryWriter initialized
[2019.12.01-14.40.35:200][  0]LogInit: Transaction tracking system initialized
[2019.12.01-14.40.35:233][  0]BlueprintLog: New page: Editor Load
[2019.12.01-14.40.35:331][  0]LocalizationService: Localization service is disabled
[2019.12.01-14.40.35:558][  0]LogCook: Display: Max memory allowance for cook 16384mb min free memory 0mb
[2019.12.01-14.40.35:558][  0]LogCook: Display: Mobile HDR setting 1
[2019.12.01-14.40.35:601][  0]LogFileCache: Scanning file cache for directory 'C:/Users/Jamie/Documents/GitHub/Third-PersRon/thirdpersron 4.23/Content/' took 0.04s
[2019.12.01-14.40.35:725][  0]SourceControl: Source control is disabled
[2019.12.01-14.40.35:725][  0]Cmd: MAP LOAD FILE="../../../../../../Users/Jamie/Documents/GitHub/Third-PersRon/thirdpersron 4.23/Content/Maps/MyLevel.umap" TEMPLATE=0 SHOWPROGRESS=1 FEATURELEVEL=3
[2019.12.01-14.40.35:725][  0]LightingResults: New page: Lighting Build
[2019.12.01-14.40.35:727][  0]LogWorld: UWorld::CleanupWorld for Untitled, bSessionEnded=true, bCleanupResources=true
[2019.12.01-14.40.35:727][  0]MapCheck: New page: Map Check
[2019.12.01-14.40.35:728][  0]LightingResults: New page: Lighting Build
[2019.12.01-14.40.35:753][  0]LogUObjectHash: Compacting FUObjectHashTables data took   1.34ms
[2019.12.01-14.40.36:478][  0]LogTexture: Display: Building textures: HQ_Lightmap0_2 (AutoDXT, 64X64)
[2019.12.01-14.40.36:478][  0]LogTexture: Display: Building textures: LQ_Lightmap_0_2 (DXT1, 64X64)
[2019.12.01-14.40.36:478][  0]LogTexture: Display: Building textures: LQ_Lightmap_0_1 (DXT1, 256X256)
[2019.12.01-14.40.36:478][  0]LogTexture: Display: Building textures: HQ_Lightmap0_1 (AutoDXT, 256X256)
[2019.12.01-14.40.36:533][  0]LogAIModule: Creating AISystem for world MyLevel
[2019.12.01-14.40.36:540][  0]LogEditorServer: Finished looking for orphan Actors (0.000 secs)
[2019.12.01-14.40.36:569][  0]LogUObjectHash: Compacting FUObjectHashTables data took   2.09ms
[2019.12.01-14.40.36:569][  0]Cmd: MAP CHECKDEP NOCLEARLOG
[2019.12.01-14.40.36:569][  0]MapCheck: Map check complete: 0 Error(s), 0 Warning(s), took 0.132ms to complete.
[2019.12.01-14.40.36:569][  0]LogFileHelpers: Loading map 'MyLevel' took 0.844
[2019.12.01-14.40.36:695][  0]LogSlate: Updating window title bar state: overlay mode, drag disabled, window buttons hidden, title bar hidden
[2019.12.01-14.40.36:702][  0]LogSlate: Updating window title bar state: overlay mode, drag disabled, window buttons hidden, title bar hidden
[2019.12.01-14.40.36:711][  0]LogSlate: Updating window title bar state: overlay mode, drag disabled, window buttons hidden, title bar hidden
[2019.12.01-14.40.36:719][  0]LogSlate: Updating window title bar state: overlay mode, drag disabled, window buttons hidden, title bar hidden
[2019.12.01-14.40.36:724][  0]LogCollectionManager: Loaded 0 collections in 0.001652 seconds
[2019.12.01-14.40.36:731][  0]LogFileCache: Scanning file cache for directory 'C:/Users/Jamie/Documents/GitHub/Third-PersRon/thirdpersron 4.23/Saved/Collections/' took 0.00s
[2019.12.01-14.40.36:731][  0]LogFileCache: Scanning file cache for directory 'C:/Users/Jamie/Documents/GitHub/Third-PersRon/thirdpersron 4.23/Content/Developers/Jamie/Collections/' took 0.00s
[2019.12.01-14.40.36:731][  0]LogFileCache: Scanning file cache for directory 'C:/Users/Jamie/Documents/GitHub/Third-PersRon/thirdpersron 4.23/Content/Collections/' took 0.00s
[2019.12.01-14.40.36:731][  0]LogCollectionManager: Rebuilt the GUID cache for 0 collections in 0.000003 seconds
[2019.12.01-14.40.36:738][  0]LogContentBrowser: Native class hierarchy populated in 0.0073 seconds. Added 2877 classes and 687 folders.
[2019.12.01-14.40.36:744][  0]LogContentBrowser: Native class hierarchy updated for 'WidgetCarousel' in 0.0003 seconds. Added 0 classes and 0 folders.
[2019.12.01-14.40.36:781][  0]LogContentBrowser: Native class hierarchy updated for 'AddContentDialog' in 0.0003 seconds. Added 0 classes and 0 folders.
[2019.12.01-14.40.36:791][  0]LogContentBrowser: Native class hierarchy updated for 'SceneOutliner' in 0.0011 seconds. Added 1 classes and 2 folders.
[2019.12.01-14.40.36:901][  0]LogSlate: Took 0.000171 seconds to synchronously load lazily loaded font '../../../Engine/Content/Slate/Fonts/Roboto-Regular.ttf' (155K)
[2019.12.01-14.40.36:903][  0]LogSlate: Took 0.000119 seconds to synchronously load lazily loaded font '../../../Engine/Content/Slate/Fonts/Roboto-Bold.ttf' (160K)
[2019.12.01-14.40.36:907][  0]LogSlate: Took 0.000147 seconds to synchronously load lazily loaded font '../../../Engine/Content/Editor/Slate/Fonts/FontAwesome.ttf' (139K)
[2019.12.01-14.40.36:961][  0]LogRenderer: Reallocating scene render targets to support 976x488 Format 10 NumSamples 1 (Frame:1).
[2019.12.01-14.40.37:101][  0]LogContentBrowser: Native class hierarchy updated for 'HierarchicalLODOutliner' in 0.0004 seconds. Added 0 classes and 0 folders.
[2019.12.01-14.40.37:101][  0]LogLoad: (Engine Initialization) Total time: 8.02 seconds
[2019.12.01-14.40.37:101][  0]LogLoad: (Engine Initialization) Total Blueprint compile time: 0.00 seconds
[2019.12.01-14.40.37:169][  0]LogContentStreaming: Texture pool size now 1000 MB
[2019.12.01-14.40.37:187][  0]LogSlate: Took 0.000176 seconds to synchronously load lazily loaded font '../../../Engine/Content/Slate/Fonts/Roboto-Light.ttf' (167K)
[2019.12.01-14.40.37:197][  1]LogFileCache: Retrieving MD5 hashes for directory 'C:/Users/Jamie/Documents/GitHub/Third-PersRon/thirdpersron 4.23/Content/' took 0.08s
[2019.12.01-14.40.37:327][  2]LogAssetRegistry: Asset discovery search completed in 5.2081 seconds
[2019.12.01-14.40.37:332][  2]LogCollectionManager: Rebuilt the object cache for 0 collections in 0.000013 seconds (found 0 objects)
[2019.12.01-14.40.37:332][  2]LogCollectionManager: Fixed up redirectors for 0 collections in 0.000185 seconds (updated 0 objects)
[2019.12.01-14.40.38:148][ 48]LogSlate: Took 0.000106 seconds to synchronously load lazily loaded font '../../../Engine/Content/Slate/Fonts/Roboto-Light.ttf' (167K)
[2019.12.01-14.40.38:150][ 48]LogSlate: FSceneViewport::OnFocusLost() reason 5
[2019.12.01-14.40.38:156][ 48]LogAssetEditorManager: Opening Asset editor for Blueprint /Game/Blueprints/MyCharacter.MyCharacter
[2019.12.01-14.40.38:350][ 48]LogContentBrowser: Native class hierarchy updated for 'BlueprintGraph' in 0.0005 seconds. Added 121 classes and 0 folders.
[2019.12.01-14.40.39:098][ 48]LogAssetEditorManager: Opening Asset editor for Blueprint /Game/Blueprints/BP_TestGamemode.BP_TestGamemode
[2019.12.01-14.40.39:435][ 48]LogAssetEditorManager: Opening Asset editor for WidgetBlueprint /Game/UI/WBP_HealthIndicator.WBP_HealthIndicator
[2019.12.01-14.40.40:060][ 48]LogSlate: Took 0.000170 seconds to synchronously load lazily loaded font '../../../Engine/Content/Slate/Fonts/Roboto-BoldCondensed.ttf' (158K)
[2019.12.01-14.40.40:112][ 49]LogSlate: Took 0.000219 seconds to synchronously load lazily loaded font '../../../Engine/Content/Slate/Fonts/Roboto-Italic.ttf' (157K)
[2019.12.01-14.40.45:844][391]LogSlate: Window 'BP_TestGamemode' being destroyed
[2019.12.01-14.42.00:041][665]LogHotReload: New module detected: UE4Editor-thirdpersron-0010.dll
[2019.12.01-14.42.00:068][666]LogHotReload: Starting Hot-Reload from IDE
[2019.12.01-14.42.00:174][666]LogUObjectHash: Compacting FUObjectHashTables data took   4.51ms
[2019.12.01-14.42.00:177][666]LogWindows: Failed to load 'C:/Users/Jamie/Documents/GitHub/Third-PersRon/thirdpersron 4.23/Binaries/Win64/UE4Editor-thirdpersron-0010.dll' (GetLastError=32)
[2019.12.01-14.42.00:178][666]LogModuleManager: Warning: ModuleManager: Unable to load module 'C:/Users/Jamie/Documents/GitHub/Third-PersRon/thirdpersron 4.23/Binaries/Win64/UE4Editor-thirdpersron-0010.dll' because the file couldn't be loaded by the OS.
[2019.12.01-14.42.00:178][666]Warning: HotReload failed, reload failed /Script/thirdpersron.
[2019.12.01-14.42.00:195][666]LogContentBrowser: Native class hierarchy populated in 0.0095 seconds. Added 2878 classes and 689 folders.
[2019.12.01-14.42.00:203][666]Display: HotReload took  0.1s.
[2019.12.01-14.43.17:346][637]LogRenderer: Reallocating scene render targets to support 976x540 Format 10 NumSamples 1 (Frame:1).
[2019.12.01-14.47.05:607][694]BlueprintLog: New page: Compile BP_TestGamemode
[2019.12.01-14.47.05:885][694]LogUObjectHash: Compacting FUObjectHashTables data took   5.15ms
[2019.12.01-14.47.05:918][694]Cmd: OBJ SAVEPACKAGE PACKAGE="/Game/Blueprints/BP_TestGamemode" FILE="../../../../../../Users/Jamie/Documents/GitHub/Third-PersRon/thirdpersron 4.23/Content/Blueprints/BP_TestGamemode.uasset" SILENT=true
[2019.12.01-14.47.05:983][694]LogSavePackage: Moving '../../../../../../Users/Jamie/Documents/GitHub/Third-PersRon/thirdpersron 4.23/Saved/BP_TestGamemode607E7C5C4841E37A9D8745B78E3C3810.tmp' to '../../../../../../Users/Jamie/Documents/GitHub/Third-PersRon/thirdpersron 4.23/Content/Blueprints/BP_TestGamemode.uasset'
[2019.12.01-14.48.05:155][207]BlueprintLog: New page: Collapse to Function
[2019.12.01-14.49.37:848][913]LogEditorSessionSummary: EditorSessionSummary sent report. Type=Shutdown, SessionId={6DBEE1A7-485F-1904-E140-A598297B25AA}
[2019.12.01-14.51.37:805][219]LogWorld: UWorld::CleanupWorld for World_4, bSessionEnded=true, bCleanupResources=true
[2019.12.01-14.51.41:252][419]LogAssetEditorManager: Opening Asset editor for Blueprint /Game/Blueprints/BP_TestGamemode.BP_TestGamemode
[2019.12.01-14.51.54:651][196]LogSlate: Took 0.006533 seconds to synchronously load lazily loaded font '../../../Engine/Content/Slate/Fonts/Roboto-BoldCondensedItalic.ttf' (160K)
[2019.12.01-14.51.58:678][438]BlueprintLog: New page: Compile BP_TestGamemode
[2019.12.01-14.51.58:930][438]LogUObjectHash: Compacting FUObjectHashTables data took   6.39ms
[2019.12.01-14.51.58:957][438]Cmd: OBJ SAVEPACKAGE PACKAGE="/Game/Blueprints/BP_TestGamemode" FILE="../../../../../../Users/Jamie/Documents/GitHub/Third-PersRon/thirdpersron 4.23/Content/Blueprints/BP_TestGamemode.uasset" SILENT=true
[2019.12.01-14.51.59:014][438]LogSavePackage: Moving '../../../../../../Users/Jamie/Documents/GitHub/Third-PersRon/thirdpersron 4.23/Saved/BP_TestGamemode907FB64A417DEA60DE05D194C9843077.tmp' to '../../../../../../Users/Jamie/Documents/GitHub/Third-PersRon/thirdpersron 4.23/Content/Blueprints/BP_TestGamemode.uasset'
[2019.12.01-14.52.37:557][343]LogUObjectHash: Compacting FUObjectHashTables data took   5.19ms
[2019.12.01-14.52.37:836][343]LogSavePackage: Moving '../../../../../../Users/Jamie/Documents/GitHub/Third-PersRon/thirdpersron 4.23/Saved/MyLevel_Auto17C4B4A36492CDD4DF031BE9309A443EA.tmp' to '../../../../../../Users/Jamie/Documents/GitHub/Third-PersRon/thirdpersron 4.23/Saved/Autosaves/Game/Maps/MyLevel_Auto1.umap'
[2019.12.01-14.52.37:842][343]LogFileHelpers: Editor autosave (incl. sublevels) for '/Game/Maps/MyLevel' took 0.356
[2019.12.01-14.52.37:842][343]LogFileHelpers: Editor autosave (incl. sublevels) for all levels took 0.356
[2019.12.01-14.52.37:844][343]OBJ SavePackage: Generating thumbnails for [1] asset(s) in package [/Game/Blueprints/MyCharacter] ([1] browsable assets)...
[2019.12.01-14.52.37:863][343]OBJ SavePackage:     Rendered thumbnail for [Blueprint /Game/Blueprints/MyCharacter.MyCharacter]
[2019.12.01-14.52.37:863][343]OBJ SavePackage: Finished generating thumbnails for package [/Game/Blueprints/MyCharacter]
[2019.12.01-14.52.37:932][343]LogSavePackage: Moving '../../../../../../Users/Jamie/Documents/GitHub/Third-PersRon/thirdpersron 4.23/Saved/MyCharacter_Auto1CFDF3AC64FCA80C6749E45893467AD8E.tmp' to '../../../../../../Users/Jamie/Documents/GitHub/Third-PersRon/thirdpersron 4.23/Saved/Autosaves/Game/Blueprints/MyCharacter_Auto1.uasset'
[2019.12.01-14.52.37:934][343]LogFileHelpers: Auto-saving content packages took 0.091
[2019.12.01-14.55.34:569][135]LogWorld: UWorld::CleanupWorld for World_7, bSessionEnded=true, bCleanupResources=true
[2019.12.01-14.55.40:429][480]LogUObjectHash: Compacting FUObjectHashTables data took   3.82ms
[2019.12.01-14.55.40:483][480]LogUObjectHash: Compacting FUObjectHashTables data took   1.01ms
[2019.12.01-14.55.40:694][480]LogSavePackage: Moving '../../../../../../Users/Jamie/Documents/GitHub/Third-PersRon/thirdpersron 4.23/Saved/MyLevel1E6BA2FE408BC5DB6EFC1BB02E2E19F6.tmp' to '../../../../../../Users/Jamie/Documents/GitHub/Third-PersRon/thirdpersron 4.23/Content/Maps/MyLevel.umap'
[2019.12.01-14.55.40:749][480]LogFileHelpers: Saving map 'MyLevel' took 0.303
[2019.12.01-14.55.40:751][480]Cmd: OBJ SAVEPACKAGE PACKAGE="/Game/Blueprints/MyCharacter" FILE="../../../../../../Users/Jamie/Documents/GitHub/Third-PersRon/thirdpersron 4.23/Content/Blueprints/MyCharacter.uasset" SILENT=true
[2019.12.01-14.55.40:815][480]LogSavePackage: Moving '../../../../../../Users/Jamie/Documents/GitHub/Third-PersRon/thirdpersron 4.23/Saved/MyCharacter08D40B05472A1D1D154E15915A0BC90A.tmp' to '../../../../../../Users/Jamie/Documents/GitHub/Third-PersRon/thirdpersron 4.23/Content/Blueprints/MyCharacter.uasset'
[2019.12.01-14.55.57:019][446]LogUObjectHash: Compacting FUObjectHashTables data took   3.79ms
[2019.12.01-14.55.57:156][446]LogActorComponent: UnregisterComponent: (/Engine/Transient.EditorFloorComp) Not registered. Aborting.
[2019.12.01-14.55.57:156][446]LogWorld: UWorld::CleanupWorld for World_3, bSessionEnded=true, bCleanupResources=true
[2019.12.01-14.55.57:188][446]LogWorld: UWorld::CleanupWorld for World_6, bSessionEnded=true, bCleanupResources=true
[2019.12.01-14.55.57:193][446]LogWorld: UWorld::CleanupWorld for World_5, bSessionEnded=true, bCleanupResources=true
[2019.12.01-14.55.57:216][446]LogSlate: Window 'thirdpersron - Unreal Editor' being destroyed
[2019.12.01-14.55.57:336][447]Cmd: QUIT_EDITOR
[2019.12.01-14.55.57:355][447]LogWindowsTextInputMethodSystem: Display: IME system now deactivated.
[2019.12.01-14.55.57:363][447]LogExit: Preparing to exit.
[2019.12.01-14.55.58:142][447]LogWorld: UWorld::CleanupWorld for World_0, bSessionEnded=true, bCleanupResources=true
[2019.12.01-14.55.58:146][447]LogWorld: UWorld::CleanupWorld for World_1, bSessionEnded=true, bCleanupResources=true
[2019.12.01-14.55.58:150][447]LogWorld: UWorld::CleanupWorld for World_2, bSessionEnded=true, bCleanupResources=true
[2019.12.01-14.55.58:186][447]LogDemo: Cleaned up 0 splitscreen connections with owner deletion
[2019.12.01-14.55.58:193][447]LogWorld: UWorld::CleanupWorld for None, bSessionEnded=true, bCleanupResources=true
[2019.12.01-14.55.58:193][447]LogExit: Editor shut down
[2019.12.01-14.55.58:194][447]LogExit: Transaction tracking system shut down
[2019.12.01-14.55.58:394][447]LogExit: Object subsystem successfully closed.
[2019.12.01-14.55.58:410][447]LogShaderCompilers: Display: Shaders left to compile 0
[2019.12.01-14.55.58:433][447]LogModuleManager: Shutting down and abandoning module SequencerWidgets (676)
[2019.12.01-14.55.58:433][447]LogModuleManager: Shutting down and abandoning module BlueprintGraph (674)
[2019.12.01-14.55.58:433][447]LogModuleManager: Shutting down and abandoning module HierarchicalLODOutliner (672)
[2019.12.01-14.55.58:433][447]LogModuleManager: Shutting down and abandoning module SceneOutliner (670)
[2019.12.01-14.55.58:433][447]LogModuleManager: Shutting down and abandoning module AddContentDialog (668)
[2019.12.01-14.55.58:433][447]LogModuleManager: Shutting down and abandoning module WidgetCarousel (667)
[2019.12.01-14.55.58:433][447]LogModuleManager: Shutting down and abandoning module EditorWidgets (664)
[2019.12.01-14.55.58:433][447]LogModuleManager: Shutting down and abandoning module CollectionManager (662)
[2019.12.01-14.55.58:433][447]LogModuleManager: Shutting down and abandoning module StatsViewer (660)
[2019.12.01-14.55.58:433][447]LogModuleManager: Shutting down and abandoning module VirtualTexturingEditor (658)
[2019.12.01-14.55.58:433][447]LogModuleManager: Shutting down and abandoning module FoliageEdit (656)
[2019.12.01-14.55.58:433][447]LogModuleManager: Shutting down and abandoning module LandscapeEditor (654)
[2019.12.01-14.55.58:434][447]LogModuleManager: Shutting down and abandoning module MeshPaintMode (652)
[2019.12.01-14.55.58:434][447]LogModuleManager: Shutting down and abandoning module SceneDepthPickerMode (650)
[2019.12.01-14.55.58:434][447]LogModuleManager: Shutting down and abandoning module ActorPickerMode (648)
[2019.12.01-14.55.58:434][447]LogModuleManager: Shutting down and abandoning module GeometryMode (646)
[2019.12.01-14.55.58:434][447]LogModuleManager: Shutting down and abandoning module TextureAlignMode (644)
[2019.12.01-14.55.58:434][447]LogModuleManager: Shutting down and abandoning module BspMode (642)
[2019.12.01-14.55.58:434][447]LogModuleManager: Shutting down and abandoning module PIEPreviewDeviceProfileSelector (640)
[2019.12.01-14.55.58:434][447]LogModuleManager: Shutting down and abandoning module SequenceRecorderSections (638)
[2019.12.01-14.55.58:434][447]LogModuleManager: Shutting down and abandoning module AutomationWorker (636)
[2019.12.01-14.55.58:434][447]LogModuleManager: Shutting down and abandoning module OculusMR (634)
[2019.12.01-14.55.58:434][447]LogModuleManager: Shutting down and abandoning module AudioCaptureEditor (632)
[2019.12.01-14.55.58:434][447]LogModuleManager: Shutting down and abandoning module MatineeToLevelSequence (630)
[2019.12.01-14.55.58:434][447]LogModuleManager: Shutting down and abandoning module LevelSequenceEditor (628)
[2019.12.01-14.55.58:434][447]LogModuleManager: Shutting down and abandoning module PlacementMode (627)
[2019.12.01-14.55.58:434][447]LogModuleManager: Shutting down and abandoning module MaterialEditor (626)
[2019.12.01-14.55.58:434][447]LogModuleManager: Shutting down and abandoning module ActorSequenceEditor (622)
[2019.12.01-14.55.58:434][447]LogModuleManager: Shutting down and abandoning module WmfMediaFactory (620)
[2019.12.01-14.55.58:434][447]LogModuleManager: Shutting down and abandoning module WmfMediaEditor (618)
[2019.12.01-14.55.58:434][447]LogModuleManager: Shutting down and abandoning module WebMMediaFactory (616)
[2019.12.01-14.55.58:434][447]LogModuleManager: Shutting down and abandoning module WebMMediaEditor (614)
[2019.12.01-14.55.58:434][447]LogModuleManager: Shutting down and abandoning module WebMMedia (612)
[2019.12.01-14.55.58:434][447]LogModuleManager: Shutting down and abandoning module MediaPlayerEditor (610)
[2019.12.01-14.55.58:434][447]LogModuleManager: Shutting down and abandoning module MediaCompositingEditor (608)
[2019.12.01-14.55.58:434][447]LogModuleManager: Shutting down and abandoning module SequenceRecorder (607)
[2019.12.01-14.55.58:434][447]LogModuleManager: Shutting down and abandoning module OpenExrWrapper (604)
[2019.12.01-14.55.58:434][447]LogModuleManager: Shutting down and abandoning module ImgMediaFactory (602)
[2019.12.01-14.55.58:434][447]LogModuleManager: Shutting down and abandoning module ImgMediaEditor (600)
[2019.12.01-14.55.58:434][447]LogModuleManager: Shutting down and abandoning module AvfMediaFactory (598)
[2019.12.01-14.55.58:434][447]LogModuleManager: Shutting down and abandoning module AvfMediaEditor (596)
[2019.12.01-14.55.58:434][447]LogModuleManager: Shutting down and abandoning module AndroidMediaFactory (594)
[2019.12.01-14.55.58:434][447]LogModuleManager: Shutting down and abandoning module AndroidMediaEditor (592)
[2019.12.01-14.55.58:434][447]LogModuleManager: Shutting down and abandoning module MagicLeapCameraPreviewFactory (590)
[2019.12.01-14.55.58:434][447]LogModuleManager: Shutting down and abandoning module MagicLeapMediaCodecFactory (588)
[2019.12.01-14.55.58:434][447]LogModuleManager: Shutting down and abandoning module MagicLeapMediaFactory (586)
[2019.12.01-14.55.58:434][447]LogModuleManager: Shutting down and abandoning module MagicLeapMediaEditor (584)
[2019.12.01-14.55.58:434][447]LogModuleManager: Shutting down and abandoning module CharacterAI (582)
[2019.12.01-14.55.58:434][447]LogModuleManager: Shutting down and abandoning module SmartSnapping (580)
[2019.12.01-14.55.58:434][447]LogModuleManager: Shutting down and abandoning module SessionServices (578)
[2019.12.01-14.55.58:434][447]LogModuleManager: Shutting down and abandoning module MeshPaint (576)
[2019.12.01-14.55.58:434][447]LogModuleManager: Shutting down and abandoning module ViewportSnapping (574)
[2019.12.01-14.55.58:434][447]LogModuleManager: Shutting down and abandoning module ViewportInteraction (572)
[2019.12.01-14.55.58:434][447]LogModuleManager: Shutting down and abandoning module ClothPainter (570)
[2019.12.01-14.55.58:434][447]LogModuleManager: Shutting down and abandoning module SkeletalMeshEditor (569)
[2019.12.01-14.55.58:434][447]LogModuleManager: Shutting down and abandoning module LogVisualizer (566)
[2019.12.01-14.55.58:434][447]LogModuleManager: Shutting down and abandoning module IntroTutorials (564)
[2019.12.01-14.55.58:434][447]LogModuleManager: Shutting down and abandoning module GameProjectGeneration (563)
[2019.12.01-14.55.58:434][447]LogModuleManager: Shutting down and abandoning module LuminPlatformEditor (560)
[2019.12.01-14.55.58:435][447]LogModuleManager: Shutting down and abandoning module IOSPlatformEditor (558)
[2019.12.01-14.55.58:435][447]LogModuleManager: Shutting down and abandoning module HTML5PlatformEditor (556)
[2019.12.01-14.55.58:435][447]LogModuleManager: Shutting down and abandoning module AndroidPlatformEditor (554)
[2019.12.01-14.55.58:435][447]LogModuleManager: Shutting down and abandoning module AndroidDeviceDetection (553)
[2019.12.01-14.55.58:903][447]LogModuleManager: Shutting down and abandoning module WindowsPlatformEditor (550)
[2019.12.01-14.55.58:903][447]LogModuleManager: Shutting down and abandoning module LuminRuntimeSettings (548)
[2019.12.01-14.55.58:903][447]LogModuleManager: Shutting down and abandoning module IOSRuntimeSettings (546)
[2019.12.01-14.55.58:903][447]LogModuleManager: Shutting down and abandoning module AndroidRuntimeSettings (544)
[2019.12.01-14.55.58:903][447]LogModuleManager: Shutting down and abandoning module TimeManagementEditor (542)
[2019.12.01-14.55.58:903][447]LogModuleManager: Shutting down and abandoning module InputBindingEditor (540)
[2019.12.01-14.55.58:903][447]LogModuleManager: Shutting down and abandoning module MergeActors (538)
[2019.12.01-14.55.58:903][447]LogModuleManager: Shutting down and abandoning module LocalizationDashboard (536)
[2019.12.01-14.55.58:903][447]LogModuleManager: Shutting down and abandoning module LocalizationService (535)
[2019.12.01-14.55.58:903][447]LogModuleManager: Shutting down and abandoning module HardwareTargeting (532)
[2019.12.01-14.55.58:903][447]LogModuleManager: Shutting down and abandoning module DeviceProfileEditor (530)
[2019.12.01-14.55.58:903][447]LogModuleManager: Shutting down and abandoning module UndoHistory (528)
[2019.12.01-14.55.58:903][447]LogModuleManager: Shutting down and abandoning module XmlParser (526)
[2019.12.01-14.55.58:903][447]LogModuleManager: Shutting down and abandoning module Blutility (524)
[2019.12.01-14.55.58:903][447]LogModuleManager: Shutting down and abandoning module ProjectSettingsViewer (522)
[2019.12.01-14.55.58:903][447]LogModuleManager: Shutting down and abandoning module ProjectTargetPlatformEditor (521)
[2019.12.01-14.55.58:903][447]LogModuleManager: Shutting down and abandoning module EditorSettingsViewer (518)
[2019.12.01-14.55.58:903][447]LogModuleManager: Shutting down and abandoning module SettingsEditor (516)
[2019.12.01-14.55.58:904][447]LogModuleManager: Shutting down and abandoning module ProjectLauncher (514)
[2019.12.01-14.55.58:904][447]LogModuleManager: Shutting down and abandoning module SessionFrontend (512)
[2019.12.01-14.55.58:904][447]LogModuleManager: Shutting down and abandoning module ProfilerClient (510)
[2019.12.01-14.55.58:904][447]LogModuleManager: Shutting down and abandoning module DeviceManager (508)
[2019.12.01-14.55.58:904][447]LogModuleManager: Shutting down and abandoning module TargetDeviceServices (507)
[2019.12.01-14.55.58:948][447]LogModuleManager: Shutting down and abandoning module AutomationController (504)
[2019.12.01-14.55.58:948][447]LogModuleManager: Shutting down and abandoning module AutomationWindow (502)
[2019.12.01-14.55.58:948][447]LogModuleManager: Shutting down and abandoning module Layers (500)
[2019.12.01-14.55.58:948][447]LogModuleManager: Shutting down and abandoning module ComponentVisualizers (498)
[2019.12.01-14.55.58:948][447]LogModuleManager: Shutting down and abandoning module DetailCustomizations (496)
[2019.12.01-14.55.58:948][447]LogModuleManager: Shutting down and abandoning module PackagesDialog (494)
[2019.12.01-14.55.58:948][447]LogModuleManager: Shutting down and abandoning module AnimationBlueprintEditor (492)
[2019.12.01-14.55.58:948][447]LogModuleManager: Shutting down and abandoning module Persona (490)
[2019.12.01-14.55.58:948][447]LogModuleManager: Shutting down and abandoning module AdvancedPreviewScene (489)
[2019.12.01-14.55.58:948][447]LogModuleManager: Shutting down and abandoning module AnimGraph (487)
[2019.12.01-14.55.58:948][447]LogModuleManager: Shutting down and abandoning module Kismet (484)
[2019.12.01-14.55.58:954][447]LogModuleManager: Shutting down and abandoning module KismetWidgets (483)
[2019.12.01-14.55.58:954][447]LogModuleManager: Shutting down and abandoning module GraphEditor (480)
[2019.12.01-14.55.58:954][447]LogModuleManager: Shutting down and abandoning module StructViewer (478)
[2019.12.01-14.55.58:954][447]LogModuleManager: Shutting down and abandoning module ClassViewer (476)
[2019.12.01-14.55.58:954][447]LogModuleManager: Shutting down and abandoning module Toolbox (474)
[2019.12.01-14.55.58:954][447]LogModuleManager: Shutting down and abandoning module DesktopPlatform (473)
[2019.12.01-14.55.58:954][447]LogModuleManager: Shutting down and abandoning module ModuleUI (470)
[2019.12.01-14.55.58:954][447]LogModuleManager: Shutting down and abandoning module MovieSceneTools (468)
[2019.12.01-14.55.58:954][447]LogModuleManager: Shutting down and abandoning module OutputLog (466)
[2019.12.01-14.55.58:954][447]LogModuleManager: Shutting down and abandoning module GammaUI (464)
[2019.12.01-14.55.58:954][447]LogModuleManager: Shutting down and abandoning module Documentation (462)
[2019.12.01-14.55.58:954][447]LogModuleManager: Shutting down and abandoning module LiveCoding (460)
[2019.12.01-14.55.58:955][447]LogModuleManager: Shutting down and abandoning module LevelSequence (458)
[2019.12.01-14.55.58:955][447]LogModuleManager: Shutting down and abandoning module MovieSceneTracks (456)
[2019.12.01-14.55.58:955][447]LogModuleManager: Shutting down and abandoning module MovieScene (454)
[2019.12.01-14.55.58:955][447]LogModuleManager: Shutting down and abandoning module StreamingPauseRendering (452)
[2019.12.01-14.55.58:955][447]LogModuleManager: Shutting down and abandoning module LauncherPlatform (450)
[2019.12.01-14.55.58:955][447]LogModuleManager: Shutting down and abandoning module AnalyticsET (448)
[2019.12.01-14.55.58:955][447]LogModuleManager: Shutting down and abandoning module PortalServices (446)
[2019.12.01-14.55.58:955][447]LogModuleManager: Shutting down and abandoning module PortalRpc (444)
[2019.12.01-14.55.58:955][447]LogModuleManager: Shutting down and abandoning module MessagingRpc (442)
[2019.12.01-14.55.58:955][447]LogModuleManager: Shutting down and abandoning module AIModule (440)
[2019.12.01-14.55.58:955][447]LogModuleManager: Shutting down and abandoning module GameplayDebugger (439)
[2019.12.01-14.55.58:955][447]LogModuleManager: Shutting down and abandoning module AITestSuite (437)
[2019.12.01-14.55.58:955][447]LogModuleManager: Shutting down and abandoning module NavigationSystem (435)
[2019.12.01-14.55.58:955][447]LogModuleManager: Shutting down and abandoning module ImageWriteQueue (432)
[2019.12.01-14.55.58:958][447]LogModuleManager: Shutting down and abandoning module ProfilerService (430)
[2019.12.01-14.55.58:981][447]LogModuleManager: Shutting down and abandoning module TaskGraph (428)
[2019.12.01-14.55.58:981][447]LogModuleManager: Shutting down and abandoning module ScreenshotTools (426)
[2019.12.01-14.55.58:981][447]LogModuleManager: Shutting down and abandoning module SteamVRController (424)
[2019.12.01-14.55.58:981][447]LogModuleManager: Shutting down and abandoning module ProceduralMeshComponentEditor (422)
[2019.12.01-14.55.58:981][447]LogModuleManager: Shutting down and abandoning module ProceduralMeshComponent (420)
[2019.12.01-14.55.58:981][447]LogModuleManager: Shutting down and abandoning module OculusEditor (418)
[2019.12.01-14.55.58:981][447]LogModuleManager: Shutting down and abandoning module OculusInput (416)
[2019.12.01-14.55.58:981][447]LogModuleManager: Shutting down and abandoning module MobilePatchingUtils (414)
[2019.12.01-14.55.58:981][447]LogModuleManager: Shutting down and abandoning module EditableMesh (412)
[2019.12.01-14.55.58:981][447]LogModuleManager: Shutting down and abandoning module CustomMeshComponent (410)
[2019.12.01-14.55.58:981][447]LogModuleManager: Shutting down and abandoning module CableComponent (408)
[2019.12.01-14.55.58:981][447]LogModuleManager: Shutting down and abandoning module AudioCapture (406)
[2019.12.01-14.55.58:981][447]LogModuleManager: Shutting down and abandoning module ArchVisCharacter (404)
[2019.12.01-14.55.58:981][447]LogModuleManager: Shutting down and abandoning module AppleImageUtilsBlueprintSupport (402)
[2019.12.01-14.55.58:981][447]LogModuleManager: Shutting down and abandoning module AppleImageUtils (400)
[2019.12.01-14.55.58:981][447]LogModuleManager: Shutting down and abandoning module AndroidPermission (398)
[2019.12.01-14.55.58:981][447]LogModuleManager: Shutting down and abandoning module NUTUnrealEngine4 (396)
[2019.12.01-14.55.58:981][447]LogModuleManager: Shutting down and abandoning module NetcodeUnitTest (394)
[2019.12.01-14.55.58:981][447]LogModuleManager: Shutting down and abandoning module MediaCompositing (392)
[2019.12.01-14.55.58:982][447]LogModuleManager: Shutting down and abandoning module ImgMedia (390)
[2019.12.01-14.55.58:982][447]LogModuleManager: Shutting down and abandoning module MagicLeapHelperVulkan (388)
[2019.12.01-14.55.58:982][447]LogModuleManager: Shutting down and abandoning module MagicLeapHelperOpenGL (386)
[2019.12.01-14.55.58:982][447]LogModuleManager: Shutting down and abandoning module MagicLeapAudio (384)
[2019.12.01-14.55.58:982][447]LogModuleManager: Shutting down and abandoning module HTML5Networking (382)
[2019.12.01-14.55.58:982][447]LogModuleManager: Shutting down and abandoning module GeometryCacheTracks (380)
[2019.12.01-14.55.58:982][447]LogModuleManager: Shutting down and abandoning module GeometryCacheSequencer (378)
[2019.12.01-14.55.58:982][447]LogModuleManager: Shutting down and abandoning module BackChannel (376)
[2019.12.01-14.55.58:982][447]LogModuleManager: Shutting down and abandoning module AutomationUtilsEditor (374)
[2019.12.01-14.55.58:982][447]LogModuleManager: Shutting down and abandoning module AutomationUtils (372)
[2019.12.01-14.55.58:982][447]LogModuleManager: Shutting down and abandoning module AlembicImporter (370)
[2019.12.01-14.55.58:982][447]LogModuleManager: Shutting down and abandoning module AlembicLibrary (369)
[2019.12.01-14.55.58:982][447]LogModuleManager: Shutting down and abandoning module GeometryCache (368)
[2019.12.01-14.55.58:982][447]LogModuleManager: Shutting down and abandoning module GeometryCacheEd (367)
[2019.12.01-14.55.58:982][447]LogModuleManager: Shutting down and abandoning module VariantManagerContent (362)
[2019.12.01-14.55.58:982][447]LogModuleManager: Shutting down and abandoning module DatasmithContentEditor (360)
[2019.12.01-14.55.58:982][447]LogModuleManager: Shutting down and abandoning module SpeedTreeImporter (358)
[2019.12.01-14.55.58:982][447]LogModuleManager: Shutting down and abandoning module PluginBrowser (356)
[2019.12.01-14.55.58:982][447]LogModuleManager: Shutting down and abandoning module MobileLauncherProfileWizard (354)
[2019.12.01-14.55.58:982][447]LogModuleManager: Shutting down and abandoning module MaterialAnalyzer (352)
[2019.12.01-14.55.58:982][447]LogModuleManager: Shutting down and abandoning module CurveEditorTools (350)
[2019.12.01-14.55.58:982][447]LogModuleManager: Shutting down and abandoning module CurveEditor (349)
[2019.12.01-14.55.58:982][447]LogModuleManager: Shutting down and abandoning module CryptoKeysOpenSSL (346)
[2019.12.01-14.55.58:982][447]LogModuleManager: Shutting down and abandoning module CryptoKeys (344)
[2019.12.01-14.55.58:982][447]LogModuleManager: Shutting down and abandoning module VisualStudioSourceCodeAccess (342)
[2019.12.01-14.55.58:982][447]LogModuleManager: Shutting down and abandoning module VisualStudioCodeSourceCodeAccess (340)
[2019.12.01-14.55.58:982][447]LogModuleManager: Shutting down and abandoning module UObjectPlugin (338)
[2019.12.01-14.55.58:982][447]LogModuleManager: Shutting down and abandoning module SubversionSourceControl (336)
[2019.12.01-14.55.58:982][447]LogModuleManager: Shutting down and abandoning module PerforceSourceControl (334)
[2019.12.01-14.55.58:982][447]LogModuleManager: Shutting down and abandoning module GitSourceControl (332)
[2019.12.01-14.55.58:982][447]LogModuleManager: Shutting down and abandoning module SourceControl (331)
[2019.12.01-14.55.58:982][447]LogModuleManager: Shutting down and abandoning module CLionSourceCodeAccess (328)
[2019.12.01-14.55.58:982][447]LogModuleManager: Shutting down and abandoning module AnimationSharingEd (326)
[2019.12.01-14.55.58:982][447]LogModuleManager: Shutting down and abandoning module ActorLayerUtilitiesEditor (324)
[2019.12.01-14.55.58:982][447]LogModuleManager: Shutting down and abandoning module ActorLayerUtilities (322)
[2019.12.01-14.55.58:982][447]LogModuleManager: Shutting down and abandoning module LightPropagationVolumeEditor (320)
[2019.12.01-14.55.58:982][447]LogModuleManager: Shutting down and abandoning module PaperTiledImporter (318)
[2019.12.01-14.55.58:982][447]LogModuleManager: Shutting down and abandoning module PaperSpriteSheetImporter (316)
[2019.12.01-14.55.58:982][447]LogModuleManager: Shutting down and abandoning module Paper2DEditor (314)
[2019.12.01-14.55.58:982][447]LogModuleManager: Shutting down and abandoning module SignificanceManager (310)
[2019.12.01-14.55.58:982][447]LogModuleManager: Shutting down and abandoning module RuntimePhysXCooking (308)
[2019.12.01-14.55.58:982][447]LogModuleManager: Shutting down and abandoning module PhysXVehiclesEditor (306)
[2019.12.01-14.55.58:982][447]LogModuleManager: Shutting down and abandoning module LocationServicesBPLibrary (302)
[2019.12.01-14.55.58:982][447]LogModuleManager: Shutting down and abandoning module ActorSequence (300)
[2019.12.01-14.55.58:982][447]LogModuleManager: Shutting down and abandoning module UdpMessaging (298)
[2019.12.01-14.55.59:084][447]LogModuleManager: Shutting down and abandoning module TcpMessaging (296)
[2019.12.01-14.55.59:184][447]LogModuleManager: Shutting down and abandoning module MagicLeapIdentity (294)
[2019.12.01-14.55.59:184][447]LogModuleManager: Shutting down and abandoning module MagicLeapSecureStorage (292)
[2019.12.01-14.55.59:184][447]LogModuleManager: Shutting down and abandoning module MagicLeapHandTracking (290)
[2019.12.01-14.55.59:184][447]LogModuleManager: Shutting down and abandoning module MagicLeapEyeTracker (288)
[2019.12.01-14.55.59:184][447]LogModuleManager: Shutting down and abandoning module MagicLeapController (286)
[2019.12.01-14.55.59:184][447]LogSlate: Slate User Destroyed.  User Index 0, Is Virtual User: 0
[2019.12.01-14.55.59:185][447]LogModuleManager: Shutting down and abandoning module MagicLeapAR (284)
[2019.12.01-14.55.59:185][447]LogModuleManager: Shutting down and abandoning module AugmentedReality (283)
[2019.12.01-14.55.59:185][447]LogModuleManager: Shutting down and abandoning module GameplayTagsEditor (280)
[2019.12.01-14.55.59:185][447]LogModuleManager: Shutting down and abandoning module FacialAnimationEditor (278)
[2019.12.01-14.55.59:185][447]LogModuleManager: Shutting down and abandoning module FacialAnimation (276)
[2019.12.01-14.55.59:185][447]LogModuleManager: Shutting down and abandoning module DataValidation (274)
[2019.12.01-14.55.59:185][447]LogModuleManager: Shutting down and abandoning module AssetManagerEditor (272)
[2019.12.01-14.55.59:185][447]LogModuleManager: Shutting down and abandoning module LevelEditor (271)
[2019.12.01-14.55.59:186][447]LogModuleManager: Shutting down and abandoning module PixelInspectorModule (270)
[2019.12.01-14.55.59:186][447]LogModuleManager: Shutting down and abandoning module CommonMenuExtensions (268)
[2019.12.01-14.55.59:186][447]LogModuleManager: Shutting down and abandoning module MainFrame (266)
[2019.12.01-14.55.59:186][447]LogModuleManager: Shutting down and abandoning module HotReload (265)
[2019.12.01-14.55.59:186][447]LogModuleManager: Shutting down and abandoning module ContentBrowser (261)
[2019.12.01-14.55.59:187][447]LogModuleManager: Shutting down and abandoning module TreeMap (259)
[2019.12.01-14.55.59:187][447]LogModuleManager: Shutting down and abandoning module AnimationSharing (256)
[2019.12.01-14.55.59:187][447]LogModuleManager: Shutting down and abandoning module LightPropagationVolumeRuntime (254)
[2019.12.01-14.55.59:187][447]LogModuleManager: Shutting down and abandoning module Paper2D (252)
[2019.12.01-14.55.59:187][447]LogModuleManager: Shutting down and abandoning module WindowsMoviePlayer (250)
[2019.12.01-14.55.59:190][447]LogModuleManager: Shutting down and abandoning module WebMMoviePlayer (248)
[2019.12.01-14.55.59:190][447]LogModuleManager: Shutting down and abandoning module NetworkReplayStreaming (246)
[2019.12.01-14.55.59:190][447]LogModuleManager: Shutting down and abandoning module PacketHandler (244)
[2019.12.01-14.55.59:190][447]LogModuleManager: Shutting down and abandoning module ClothingSystemEditor (242)
[2019.12.01-14.55.59:190][447]LogModuleManager: Shutting down and abandoning module ClothingSystemRuntime (240)
[2019.12.01-14.55.59:190][447]LogModuleManager: Shutting down and abandoning module MediaAssets (238)
[2019.12.01-14.55.59:190][447]LogModuleManager: Shutting down and abandoning module Overlay (236)
[2019.12.01-14.55.59:190][447]LogModuleManager: Shutting down and abandoning module OverlayEditor (235)
[2019.12.01-14.55.59:190][447]LogModuleManager: Shutting down and abandoning module EnvironmentQueryEditor (232)
[2019.12.01-14.55.59:190][447]LogModuleManager: Shutting down and abandoning module VREditor (230)
[2019.12.01-14.55.59:190][447]LogModuleManager: Shutting down and abandoning module StringTableEditor (228)
[2019.12.01-14.55.59:190][447]LogModuleManager: Shutting down and abandoning module GameplayTasksEditor (226)
[2019.12.01-14.55.59:190][447]LogModuleManager: Shutting down and abandoning module BehaviorTreeEditor (224)
[2019.12.01-14.55.59:190][447]LogModuleManager: Shutting down and abandoning module FunctionalTesting (222)
[2019.12.01-14.55.59:190][447]LogModuleManager: Shutting down and abandoning module CollisionAnalyzer (220)
[2019.12.01-14.55.59:190][447]LogModuleManager: Shutting down and abandoning module WorkspaceMenuStructure (219)
[2019.12.01-14.55.59:190][447]LogModuleManager: Shutting down and abandoning module UMG (216)
[2019.12.01-14.55.59:190][447]LogModuleManager: Shutting down and abandoning module UMGEditor (215)
[2019.12.01-14.55.59:190][447]LogModuleManager: Shutting down and abandoning module Sequencer (214)
[2019.12.01-14.55.59:190][447]LogModuleManager: Shutting down and abandoning module MessageLog (211)
[2019.12.01-14.55.59:190][447]LogModuleManager: Shutting down and abandoning module SlateReflector (206)
[2019.12.01-14.55.59:190][447]LogModuleManager: Shutting down and abandoning module Slate (204)
[2019.12.01-14.55.59:190][447]LogModuleManager: Shutting down and abandoning module LandscapeEditorUtilities (202)
[2019.12.01-14.55.59:190][447]LogModuleManager: Shutting down and abandoning module EditorStyle (200)
[2019.12.01-14.55.59:191][447]LogModuleManager: Shutting down and abandoning module UnrealEd (198)
[2019.12.01-14.55.59:191][447]LogModuleManager: Shutting down and abandoning module MRMesh (196)
[2019.12.01-14.55.59:191][447]LogModuleManager: Shutting down and abandoning module SourceCodeAccess (194)
[2019.12.01-14.55.59:191][447]LogModuleManager: Shutting down and abandoning module HeadMountedDisplay (192)
[2019.12.01-14.55.59:191][447]LogModuleManager: Shutting down and abandoning module XAudio2 (190)
[2019.12.01-14.55.59:191][447]LogModuleManager: Shutting down and abandoning module Networking (188)
[2019.12.01-14.55.59:191][447]LogModuleManager: Shutting down and abandoning module Core (186)
[2019.12.01-14.55.59:191][447]LogModuleManager: Shutting down and abandoning module KismetCompiler (184)
[2019.12.01-14.55.59:191][447]LogModuleManager: Shutting down and abandoning module MeshUtilities (182)
[2019.12.01-14.55.59:191][447]LogModuleManager: Shutting down and abandoning module MeshMergeUtilities (181)
[2019.12.01-14.55.59:191][447]LogModuleManager: Shutting down and abandoning module MeshReductionInterface (180)
[2019.12.01-14.55.59:191][447]LogModuleManager: Shutting down and abandoning module SkeletalMeshReduction (179)
[2019.12.01-14.55.59:191][447]LogModuleManager: Shutting down and abandoning module ProxyLODMeshReduction (177)
[2019.12.01-14.55.59:191][447]LogModuleManager: Shutting down and abandoning module QuadricMeshReduction (175)
[2019.12.01-14.55.59:191][447]LogModuleManager: Shutting down and abandoning module MaterialBaking (171)
[2019.12.01-14.55.59:191][447]LogModuleManager: Shutting down and abandoning module NullInstallBundleManager (166)
[2019.12.01-14.55.59:191][447]LogModuleManager: Shutting down and abandoning module DerivedDataCache (164)
[2019.12.01-14.55.59:250][447]LogDerivedDataCache: Shutdown
[2019.12.01-14.55.59:250][447]LogModuleManager: Shutting down and abandoning module XGEController (162)
[2019.12.01-14.55.59:250][447]LogModuleManager: Shutting down and abandoning module TargetPlatform (160)
[2019.12.01-14.55.59:250][447]LogModuleManager: Shutting down and abandoning module VulkanShaderFormat (159)
[2019.12.01-14.55.59:250][447]LogModuleManager: Shutting down and abandoning module ShaderFormatVectorVM (157)
[2019.12.01-14.55.59:250][447]LogModuleManager: Shutting down and abandoning module ShaderFormatOpenGL (155)
[2019.12.01-14.55.59:250][447]LogModuleManager: Shutting down and abandoning module ShaderFormatD3D (153)
[2019.12.01-14.55.59:250][447]LogModuleManager: Shutting down and abandoning module MetalShaderFormat (151)
[2019.12.01-14.55.59:250][447]LogModuleManager: Shutting down and abandoning module TextureFormatUncompressed (149)
[2019.12.01-14.55.59:250][447]LogModuleManager: Shutting down and abandoning module TextureFormatPVR (147)
[2019.12.01-14.55.59:250][447]LogModuleManager: Shutting down and abandoning module TextureFormatDXT (145)
[2019.12.01-14.55.59:250][447]LogModuleManager: Shutting down and abandoning module TextureFormatIntelISPCTexComp (143)
[2019.12.01-14.55.59:251][447]LogModuleManager: Shutting down and abandoning module TextureFormatASTC (141)
[2019.12.01-14.55.59:251][447]LogModuleManager: Shutting down and abandoning module ImageWrapper (140)
[2019.12.01-14.55.59:251][447]LogModuleManager: Shutting down and abandoning module TextureFormatAndroid (137)
[2019.12.01-14.55.59:251][447]LogModuleManager: Shutting down and abandoning module AudioFormatOpus (135)
[2019.12.01-14.55.59:251][447]LogModuleManager: Shutting down and abandoning module AudioFormatOgg (133)
[2019.12.01-14.55.59:251][447]LogModuleManager: Shutting down and abandoning module AudioFormatADPCM (131)
[2019.12.01-14.55.59:251][447]LogModuleManager: Shutting down and abandoning module LuminTargetPlatform (129)
[2019.12.01-14.55.59:251][447]LogModuleManager: Shutting down and abandoning module LinuxTargetPlatform (127)
[2019.12.01-14.55.59:251][447]LogModuleManager: Shutting down and abandoning module LinuxServerTargetPlatform (125)
[2019.12.01-14.55.59:251][447]LogModuleManager: Shutting down and abandoning module LinuxNoEditorTargetPlatform (123)
[2019.12.01-14.55.59:251][447]LogModuleManager: Shutting down and abandoning module LinuxClientTargetPlatform (121)
[2019.12.01-14.55.59:251][447]LogModuleManager: Shutting down and abandoning module TVOSTargetPlatform (119)
[2019.12.01-14.55.59:252][447]LogModuleManager: Shutting down and abandoning module Messaging (117)
[2019.12.01-14.55.59:252][447]LogModuleManager: Shutting down and abandoning module IOSTargetPlatform (115)
[2019.12.01-14.55.59:253][447]LogModuleManager: Shutting down and abandoning module HTML5TargetPlatform (113)
[2019.12.01-14.55.59:253][447]LogModuleManager: Shutting down and abandoning module AndroidTargetPlatform (111)
[2019.12.01-14.55.59:257][447]LogModuleManager: Shutting down and abandoning module WindowsTargetPlatform (109)
[2019.12.01-14.55.59:257][447]LogModuleManager: Shutting down and abandoning module WindowsServerTargetPlatform (107)
[2019.12.01-14.55.59:257][447]LogModuleManager: Shutting down and abandoning module WindowsNoEditorTargetPlatform (105)
[2019.12.01-14.55.59:257][447]LogModuleManager: Shutting down and abandoning module WindowsClientTargetPlatform (103)
[2019.12.01-14.55.59:257][447]LogModuleManager: Shutting down and abandoning module MacTargetPlatform (101)
[2019.12.01-14.55.59:257][447]LogModuleManager: Shutting down and abandoning module MacServerTargetPlatform (99)
[2019.12.01-14.55.59:257][447]LogModuleManager: Shutting down and abandoning module MacNoEditorTargetPlatform (97)
[2019.12.01-14.55.59:257][447]LogModuleManager: Shutting down and abandoning module MacClientTargetPlatform (95)
[2019.12.01-14.55.59:257][447]LogModuleManager: Shutting down and abandoning module AllDesktopTargetPlatform (93)
[2019.12.01-14.55.59:257][447]LogModuleManager: Shutting down and abandoning module InputCore (90)
[2019.12.01-14.55.59:257][447]LogModuleManager: Shutting down and abandoning module Settings (88)
[2019.12.01-14.55.59:257][447]LogModuleManager: Shutting down and abandoning module DirectoryWatcher (86)
[2019.12.01-14.55.59:258][447]LogModuleManager: Shutting down and abandoning module PhysXCooking (84)
[2019.12.01-14.55.59:258][447]LogModuleManager: Shutting down and abandoning module WindowsPlatformFeatures (82)
[2019.12.01-14.55.59:258][447]LogModuleManager: Shutting down and abandoning module GameplayMediaEncoder (81)
[2019.12.01-14.55.59:258][447]LogModuleManager: Shutting down and abandoning module SteamVR (78)
[2019.12.01-14.55.59:258][447]LogHMD: Freeing OpenVRDLLHandle.
[2019.12.01-14.55.59:258][447]LogModuleManager: Shutting down and abandoning module OculusHMD (76)
[2019.12.01-14.55.59:258][447]LogModuleManager: Shutting down and abandoning module ExampleDeviceProfileSelector (74)
[2019.12.01-14.55.59:258][447]LogModuleManager: Shutting down and abandoning module LauncherChunkInstaller (72)
[2019.12.01-14.55.59:258][447]LogModuleManager: Shutting down and abandoning module OnlineBlueprintSupport (70)
[2019.12.01-14.55.59:258][447]LogModuleManager: Shutting down and abandoning module OnlineSubsystem (66)
[2019.12.01-14.55.59:261][447]LogModuleManager: Shutting down and abandoning module XMPP (61)
[2019.12.01-14.55.59:261][447]LogModuleManager: Shutting down and abandoning module WebSockets (60)
[2019.12.01-14.55.59:284][447]LogModuleManager: Shutting down and abandoning module HTTP (57)
[2019.12.01-14.55.59:284][447]LogHttp: Display: Http module shutting down, but needs to wait on 1 outstanding Http requests:
[2019.12.01-14.55.59:284][447]LogHttp: Display: 	verb=[POST] url=[https://datarouter.ol.epicgames.com/datarouter/api/v1/public/data?SessionID=%7B1AC33C02-441F-8AB5-3035-1BA90000BB21%7D&AppID=UEEditor.Rocket.Release&AppVersion=4.23.1-9631420%2B%2B%2BUE4%2BRelease-4.23&UserID=c50db520426ceff661abd880a32c62d1%7Ca85322c062ab4204a0d5627d245a9e44%7Cf744776d-9fd8-4043-b289-7c2d45ae40f3&AppEnvironment=datacollector-binary&UploadType=eteventstream] status=Processing
[2019.12.01-14.55.59:296][447]LogModuleManager: Shutting down and abandoning module SSL (56)
[2019.12.01-14.55.59:297][447]LogModuleManager: Shutting down and abandoning module WmfMedia (52)
[2019.12.01-14.55.59:298][447]LogModuleManager: Shutting down and abandoning module Media (51)
[2019.12.01-14.55.59:299][447]LogModuleManager: Shutting down and abandoning module MagicLeap (48)
[2019.12.01-14.55.59:299][447]LogModuleManager: Shutting down and abandoning module DatasmithContent (46)
[2019.12.01-14.55.59:299][447]LogModuleManager: Shutting down and abandoning module AISupportModule (44)
[2019.12.01-14.55.59:299][447]LogModuleManager: Shutting down and abandoning module PlatformCryptoOpenSSL (42)
[2019.12.01-14.55.59:299][447]LogModuleManager: Shutting down and abandoning module PlatformCrypto (40)
[2019.12.01-14.55.59:299][447]LogModuleManager: Shutting down and abandoning module AnimationModifiers (38)
[2019.12.01-14.55.59:299][447]LogModuleManager: Shutting down and abandoning module PropertyEditor (37)
[2019.12.01-14.55.59:302][447]LogModuleManager: Shutting down and abandoning module AudioEditor (34)
[2019.12.01-14.55.59:303][447]LogModuleManager: Shutting down and abandoning module TextureCompressor (32)
[2019.12.01-14.55.59:303][447]LogModuleManager: Shutting down and abandoning module RenderCore (30)
[2019.12.01-14.55.59:303][447]LogModuleManager: Shutting down and abandoning module Landscape (28)
[2019.12.01-14.55.59:303][447]LogModuleManager: Shutting down and abandoning module SlateRHIRenderer (26)
[2019.12.01-14.55.59:303][447]LogModuleManager: Shutting down and abandoning module OpenGLDrv (24)
[2019.12.01-14.55.59:303][447]LogModuleManager: Shutting down and abandoning module D3D11RHI (22)
[2019.12.01-14.55.59:303][447]LogModuleManager: Shutting down and abandoning module AnimGraphRuntime (20)
[2019.12.01-14.55.59:303][447]LogModuleManager: Shutting down and abandoning module Renderer (18)
[2019.12.01-14.55.59:303][447]LogModuleManager: Shutting down and abandoning module Engine (16)
[2019.12.01-14.55.59:303][447]LogModuleManager: Shutting down and abandoning module CoreUObject (14)
[2019.12.01-14.55.59:303][447]LogModuleManager: Shutting down and abandoning module NetworkFile (12)
[2019.12.01-14.55.59:303][447]LogModuleManager: Shutting down and abandoning module CookedIterativeFile (10)
[2019.12.01-14.55.59:303][447]LogModuleManager: Shutting down and abandoning module StreamingFile (8)
[2019.12.01-14.55.59:303][447]LogModuleManager: Shutting down and abandoning module SandboxFile (6)
[2019.12.01-14.55.59:303][447]LogModuleManager: Shutting down and abandoning module PakFile (4)
[2019.12.01-14.55.59:303][447]LogModuleManager: Shutting down and abandoning module RSA (3)
[2019.12.01-14.55.59:304][447]LogD3D11RHI: Shutdown
[2019.12.01-14.55.59:304][447]LogD3D11RHI: CleanupD3DDevice
[2019.12.01-14.55.59:304][447]LogRendererCore: FGlobalDynamicReadBuffer::Cleanup()
[2019.12.01-14.55.59:304][447]LogRendererCore: FGlobalDynamicReadBuffer::Cleanup()
[2019.12.01-14.55.59:304][447]LogRendererCore: FGlobalDynamicReadBuffer::Cleanup()
[2019.12.01-14.55.59:406][447]LogD3D11RHI: ~FD3D11DynamicRHI
[2019.12.01-14.55.59:416][447]LogExit: Exiting.
[2019.12.01-14.55.59:425][447]Log file closed, 12/01/19 14:55:59
