Log file open, 10/17/19 15:12:27
LogWindows: Failed to load 'aqProf.dll' (GetLastError=126)
LogWindows: File 'aqProf.dll' does not exist
LogWindows: Failed to load 'VtuneApi.dll' (GetLastError=126)
LogWindows: File 'VtuneApi.dll' does not exist
LogWindows: Failed to load 'VtuneApi32e.dll' (GetLastError=126)
LogWindows: File 'VtuneApi32e.dll' does not exist
LogConsoleResponse: Display: Failed to find resolution value strings in scalability ini. Falling back to default.
LogInit: Display: Running engine for game: thirdpersron
LogPlatformFile: Not using cached read wrapper
LogTaskGraph: Started task graph with 5 named threads and 11 total threads with 3 sets of task threads.
LogStats: Stats thread started at 0.630989
LogD3D11RHI: Loaded GFSDK_Aftermath_Lib.x64.dll
LogICUInternationalization: ICU TimeZone Detection - Raw Offset: +0:00, Platform Override: ''
LogPluginManager: Mounting plugin Paper2D
LogPluginManager: Mounting plugin AISupport
LogPluginManager: Mounting plugin LightPropagationVolume
LogPluginManager: Mounting plugin ActorLayerUtilities
LogPluginManager: Mounting plugin AnimationSharing
LogPluginManager: Mounting plugin CLionSourceCodeAccess
LogPluginManager: Mounting plugin CodeLiteSourceCodeAccess
LogPluginManager: Mounting plugin GitSourceControl
LogPluginManager: Mounting plugin KDevelopSourceCodeAccess
LogPluginManager: Mounting plugin NullSourceCodeAccess
LogPluginManager: Mounting plugin PerforceSourceControl
LogPluginManager: Mounting plugin SubversionSourceControl
LogPluginManager: Mounting plugin UObjectPlugin
LogPluginManager: Mounting plugin VisualStudioCodeSourceCodeAccess
LogPluginManager: Mounting plugin VisualStudioSourceCodeAccess
LogPluginManager: Mounting plugin XCodeSourceCodeAccess
LogPluginManager: Mounting plugin AssetManagerEditor
LogPluginManager: Mounting plugin CryptoKeys
LogPluginManager: Mounting plugin CurveEditorTools
LogPluginManager: Mounting plugin DataValidation
LogPluginManager: Mounting plugin FacialAnimation
LogPluginManager: Mounting plugin GameplayTagsEditor
LogPluginManager: Mounting plugin MacGraphicsSwitching
LogPluginManager: Mounting plugin MaterialAnalyzer
LogPluginManager: Mounting plugin MobileLauncherProfileWizard
LogPluginManager: Mounting plugin PluginBrowser
LogPluginManager: Mounting plugin SpeedTreeImporter
LogPluginManager: Mounting plugin DatasmithContent
LogPluginManager: Mounting plugin VariantManagerContent
LogPluginManager: Mounting plugin AlembicImporter
LogPluginManager: Mounting plugin AutomationUtils
LogPluginManager: Mounting plugin BackChannel
LogPluginManager: Mounting plugin CharacterAI
LogPluginManager: Mounting plugin GeometryCache
LogPluginManager: Mounting plugin HTML5Networking
LogPluginManager: Mounting plugin PlatformCrypto
LogPluginManager: Mounting plugin ProxyLODPlugin
LogPluginManager: Mounting plugin SkeletalReduction
LogPluginManager: Mounting plugin MagicLeap
LogPluginManager: Mounting plugin MagicLeapMedia
LogPluginManager: Mounting plugin AndroidMedia
LogPluginManager: Mounting plugin AvfMedia
LogPluginManager: Mounting plugin ImgMedia
LogPluginManager: Mounting plugin MediaCompositing
LogPluginManager: Mounting plugin MediaPlayerEditor
LogPluginManager: Mounting plugin WebMMedia
LogPluginManager: Mounting plugin WmfMedia
LogPluginManager: Mounting plugin TcpMessaging
LogPluginManager: Mounting plugin UdpMessaging
LogPluginManager: Mounting plugin ActorSequence
LogPluginManager: Mounting plugin LevelSequenceEditor
LogPluginManager: Mounting plugin MatineeToLevelSequence
LogPluginManager: Mounting plugin NetcodeUnitTest
LogPluginManager: Mounting plugin NUTUnrealEngine4
LogPluginManager: Mounting plugin OnlineSubsystemGooglePlay
LogPluginManager: Mounting plugin OnlineSubsystemIOS
LogPluginManager: Mounting plugin OnlineSubsystem
LogPluginManager: Mounting plugin OnlineSubsystemNull
LogPluginManager: Mounting plugin OnlineSubsystemUtils
LogPluginManager: Mounting plugin LauncherChunkInstaller
LogPluginManager: Mounting plugin AndroidDeviceProfileSelector
LogPluginManager: Mounting plugin AndroidMoviePlayer
LogPluginManager: Mounting plugin AndroidPermission
LogPluginManager: Mounting plugin AppleImageUtils
LogPluginManager: Mounting plugin AppleMoviePlayer
LogPluginManager: Mounting plugin ArchVisCharacter
LogPluginManager: Mounting plugin AudioCapture
LogPluginManager: Mounting plugin CableComponent
LogPluginManager: Mounting plugin CustomMeshComponent
LogPluginManager: Mounting plugin EditableMesh
LogPluginManager: Mounting plugin ExampleDeviceProfileSelector
LogPluginManager: Mounting plugin GoogleCloudMessaging
LogPluginManager: Mounting plugin IOSDeviceProfileSelector
LogPluginManager: Mounting plugin LinuxDeviceProfileSelector
LogPluginManager: Mounting plugin LocationServicesBPLibrary
LogPluginManager: Mounting plugin MobilePatchingUtils
LogPluginManager: Mounting plugin OculusVR
LogPluginManager: Mounting plugin PhysXVehicles
LogPluginManager: Mounting plugin ProceduralMeshComponent
LogPluginManager: Mounting plugin RuntimePhysXCooking
LogPluginManager: Mounting plugin SignificanceManager
LogPluginManager: Mounting plugin SteamVR
LogPluginManager: Mounting plugin WebMMoviePlayer
LogPluginManager: Mounting plugin WindowsMoviePlayer
LogPluginManager: Mounting plugin ScreenshotTools
LogInit: Using libcurl 7.55.1-DEV
LogInit:  - built for x86_64-pc-win32
LogInit:  - supports SSL with OpenSSL/1.1.1
LogInit:  - supports HTTP deflate (compression) using libz 1.2.8
LogInit:  - other features:
LogInit:      CURL_VERSION_SSL
LogInit:      CURL_VERSION_LIBZ
LogInit:      CURL_VERSION_IPV6
LogInit:      CURL_VERSION_ASYNCHDNS
LogInit:      CURL_VERSION_LARGEFILE
LogInit:      CURL_VERSION_IDN
LogInit:  CurlRequestOptions (configurable via config and command line):
LogInit:  - bVerifyPeer = true  - Libcurl will verify peer certificate
LogInit:  - bUseHttpProxy = false  - Libcurl will NOT use HTTP proxy
LogInit:  - bDontReuseConnections = false  - Libcurl will reuse connections
LogInit:  - MaxHostConnections = 16  - Libcurl will limit the number of connections to a host
LogInit:  - LocalHostAddr = Default
LogInit:  - BufferSize = 65536
LogOnline: OSS: Creating online subsystem instance for: NULL
LogInit: WinSock: version 1.1 (2.2), MaxSocks=32767, MaxUdp=65467
LogInit: Build: ++UE4+Release-4.23-CL-8386587
LogInit: Engine Version: 4.23.0-8386587+++UE4+Release-4.23
LogInit: Compatible Engine Version: 4.23.0-8386587+++UE4+Release-4.23
LogInit: Net CL: 8386587
LogInit: OS: Windows 10 (Release 1903) (), CPU: Intel(R) Core(TM) i5-6300U CPU @ 2.40GHz, GPU: Intel(R) HD Graphics 520
LogInit: Compiled (64-bit): Aug 31 2019 02:04:44
LogInit: Compiled with Visual C++: 19.16.27030.01
LogInit: Build Configuration: Development
LogInit: Branch Name: ++UE4+Release-4.23
LogInit: Command Line: 
LogInit: Base Directory: C:/Program Files/Epic Games/UE_4.23/Engine/Binaries/Win64/
LogInit: Installed Engine Build: 1
LogDevObjectVersion: Number of dev versions registered: 23
LogDevObjectVersion:   Dev-Blueprints (B0D832E4-1F89-4F0D-ACCF-7EB736FD4AA2): 10
LogDevObjectVersion:   Dev-Build (E1C64328-A22C-4D53-A36C-8E866417BD8C): 0
LogDevObjectVersion:   Dev-Core (375EC13C-06E4-48FB-B500-84F0262A717E): 3
LogDevObjectVersion:   Dev-Editor (E4B068ED-F494-42E9-A231-DA0B2E46BB41): 34
LogDevObjectVersion:   Dev-Framework (CFFC743F-43B0-4480-9391-14DF171D2073): 35
LogDevObjectVersion:   Dev-Mobile (B02B49B5-BB20-44E9-A304-32B752E40360): 2
LogDevObjectVersion:   Dev-Networking (A4E4105C-59A1-49B5-A7C5-40C4547EDFEE): 0
LogDevObjectVersion:   Dev-Online (39C831C9-5AE6-47DC-9A44-9C173E1C8E7C): 0
LogDevObjectVersion:   Dev-Physics (78F01B33-EBEA-4F98-B9B4-84EACCB95AA2): 0
LogDevObjectVersion:   Dev-Platform (6631380F-2D4D-43E0-8009-CF276956A95A): 0
LogDevObjectVersion:   Dev-Rendering (12F88B9F-8875-4AFC-A67C-D90C383ABD29): 31
LogDevObjectVersion:   Dev-Sequencer (7B5AE74C-D270-4C10-A958-57980B212A5A): 11
LogDevObjectVersion:   Dev-VR (D7296918-1DD6-4BDD-9DE2-64A83CC13884): 2
LogDevObjectVersion:   Dev-LoadTimes (C2A15278-BFE7-4AFE-6C17-90FF531DF755): 1
LogDevObjectVersion:   Private-Geometry (6EACA3D4-40EC-4CC1-B786-8BED09428FC5): 3
LogDevObjectVersion:   Dev-AnimPhys (29E575DD-E0A3-4627-9D10-D276232CDCEA): 17
LogDevObjectVersion:   Dev-Anim (AF43A65D-7FD3-4947-9873-3E8ED9C1BB05): 2
LogDevObjectVersion:   Dev-ReflectionCapture (6B266CEC-1EC7-4B8F-A30B-E4D90942FC07): 1
LogDevObjectVersion:   Dev-Automation (0DF73D61-A23F-47EA-B727-89E90C41499A): 1
LogDevObjectVersion:   FortniteMain (601D1886-AC64-4F84-AA16-D3DE0DEAC7D6): 27
LogDevObjectVersion:   Dev-Enterprise (9DFFBCD6-494F-0158-E221-12823C92A888): 6
LogDevObjectVersion:   Dev-Niagara (F2AED0AC-9AFE-416F-8664-AA7FFA26D6FC): 1
LogDevObjectVersion:   Dev-Destruction (174F1F0B-B4C6-45A5-B13F-2EE8D0FB917D): 9
LogInit: Presizing for max 16777216 objects, including 0 objects not considered by GC, pre-allocating 0 bytes for permanent pool.
LogInit: Object subsystem initialized
LogConfig: Setting CVar [[con.DebugEarlyDefault:1]]
LogConfig: Setting CVar [[r.setres:1280x720]]
[2019.10.17-14.12.28:565][  0]LogConfig: Setting CVar [[r.VSync:0]]
[2019.10.17-14.12.28:565][  0]LogConfig: Setting CVar [[r.RHICmdBypass:0]]
[2019.10.17-14.12.28:565][  0]LogConfig: Applying CVar settings from Section [/Script/Engine.RendererSettings] File [C:/Users/jamie/Documents/GitHub/Third-PersRon/thirdpersron 4.23/Saved/Config/Windows/Engine.ini]
[2019.10.17-14.12.28:565][  0]LogConfig: Setting CVar [[r.GPUCrashDebugging:0]]
[2019.10.17-14.12.28:565][  0]LogConfig: Applying CVar settings from Section [/Script/Engine.RendererOverrideSettings] File [C:/Users/jamie/Documents/GitHub/Third-PersRon/thirdpersron 4.23/Saved/Config/Windows/Engine.ini]
[2019.10.17-14.12.28:565][  0]LogConfig: Applying CVar settings from Section [/Script/Engine.StreamingSettings] File [C:/Users/jamie/Documents/GitHub/Third-PersRon/thirdpersron 4.23/Saved/Config/Windows/Engine.ini]
[2019.10.17-14.12.28:565][  0]LogConfig: Setting CVar [[s.MinBulkDataSizeForAsyncLoading:131072]]
[2019.10.17-14.12.28:565][  0]LogConfig: Setting CVar [[s.AsyncLoadingThreadEnabled:0]]
[2019.10.17-14.12.28:565][  0]LogConfig: Setting CVar [[s.EventDrivenLoaderEnabled:1]]
[2019.10.17-14.12.28:565][  0]LogConfig: Setting CVar [[s.WarnIfTimeLimitExceeded:0]]
[2019.10.17-14.12.28:565][  0]LogConfig: Setting CVar [[s.TimeLimitExceededMultiplier:1.5]]
[2019.10.17-14.12.28:565][  0]LogConfig: Setting CVar [[s.TimeLimitExceededMinTime:0.005]]
[2019.10.17-14.12.28:565][  0]LogConfig: Setting CVar [[s.UseBackgroundLevelStreaming:1]]
[2019.10.17-14.12.28:565][  0]LogConfig: Setting CVar [[s.PriorityAsyncLoadingExtraTime:15.0]]
[2019.10.17-14.12.28:566][  0]LogConfig: Setting CVar [[s.LevelStreamingActorsUpdateTimeLimit:5.0]]
[2019.10.17-14.12.28:566][  0]LogConfig: Setting CVar [[s.PriorityLevelStreamingActorsUpdateExtraTime:5.0]]
[2019.10.17-14.12.28:566][  0]LogConfig: Setting CVar [[s.LevelStreamingComponentsRegistrationGranularity:10]]
[2019.10.17-14.12.28:566][  0]LogConfig: Setting CVar [[s.UnregisterComponentsTimeLimit:1.0]]
[2019.10.17-14.12.28:566][  0]LogConfig: Setting CVar [[s.LevelStreamingComponentsUnregistrationGranularity:5]]
[2019.10.17-14.12.28:566][  0]LogConfig: Applying CVar settings from Section [/Script/Engine.GarbageCollectionSettings] File [C:/Users/jamie/Documents/GitHub/Third-PersRon/thirdpersron 4.23/Saved/Config/Windows/Engine.ini]
[2019.10.17-14.12.28:566][  0]LogConfig: Setting CVar [[gc.MaxObjectsNotConsideredByGC:1]]
[2019.10.17-14.12.28:566][  0]LogConfig: Setting CVar [[gc.SizeOfPermanentObjectPool:0]]
[2019.10.17-14.12.28:566][  0]LogConfig: Setting CVar [[gc.FlushStreamingOnGC:0]]
[2019.10.17-14.12.28:566][  0]LogConfig: Setting CVar [[gc.NumRetriesBeforeForcingGC:10]]
[2019.10.17-14.12.28:566][  0]LogConfig: Setting CVar [[gc.AllowParallelGC:1]]
[2019.10.17-14.12.28:566][  0]LogConfig: Setting CVar [[gc.TimeBetweenPurgingPendingKillObjects:61.1]]
[2019.10.17-14.12.28:566][  0]LogConfig: Setting CVar [[gc.MaxObjectsInEditor:16777216]]
[2019.10.17-14.12.28:566][  0]LogConfig: Setting CVar [[gc.IncrementalBeginDestroyEnabled:1]]
[2019.10.17-14.12.28:566][  0]LogConfig: Setting CVar [[gc.CreateGCClusters:1]]
[2019.10.17-14.12.28:566][  0]LogConfig: Setting CVar [[gc.MinGCClusterSize:5]]
[2019.10.17-14.12.28:566][  0]LogConfig: Setting CVar [[gc.ActorClusteringEnabled:0]]
[2019.10.17-14.12.28:566][  0]LogConfig: Setting CVar [[gc.BlueprintClusteringEnabled:0]]
[2019.10.17-14.12.28:566][  0]LogConfig: Setting CVar [[gc.UseDisregardForGCOnDedicatedServers:0]]
[2019.10.17-14.12.28:566][  0]LogConfig: Applying CVar settings from Section [/Script/Engine.NetworkSettings] File [C:/Users/jamie/Documents/GitHub/Third-PersRon/thirdpersron 4.23/Saved/Config/Windows/Engine.ini]
[2019.10.17-14.12.28:566][  0]LogConfig: Applying CVar settings from Section [/Script/UnrealEd.CookerSettings] File [C:/Users/jamie/Documents/GitHub/Third-PersRon/thirdpersron 4.23/Saved/Config/Windows/Engine.ini]
[2019.10.17-14.12.28:570][  0]LogConfig: Applying CVar settings from Section [ViewDistanceQuality@3] File [C:/Users/jamie/Documents/GitHub/Third-PersRon/thirdpersron 4.23/Saved/Config/Windows/Scalability.ini]
[2019.10.17-14.12.28:570][  0]LogConfig: Setting CVar [[r.SkeletalMeshLODBias:0]]
[2019.10.17-14.12.28:570][  0]LogConfig: Setting CVar [[r.ViewDistanceScale:1.0]]
[2019.10.17-14.12.28:571][  0]LogConfig: Applying CVar settings from Section [AntiAliasingQuality@3] File [C:/Users/jamie/Documents/GitHub/Third-PersRon/thirdpersron 4.23/Saved/Config/Windows/Scalability.ini]
[2019.10.17-14.12.28:571][  0]LogConfig: Setting CVar [[r.PostProcessAAQuality:4]]
[2019.10.17-14.12.28:571][  0]LogConfig: Applying CVar settings from Section [ShadowQuality@3] File [C:/Users/jamie/Documents/GitHub/Third-PersRon/thirdpersron 4.23/Saved/Config/Windows/Scalability.ini]
[2019.10.17-14.12.28:571][  0]LogConfig: Setting CVar [[r.LightFunctionQuality:1]]
[2019.10.17-14.12.28:571][  0]LogConfig: Setting CVar [[r.ShadowQuality:5]]
[2019.10.17-14.12.28:571][  0]LogConfig: Setting CVar [[r.Shadow.CSM.MaxCascades:10]]
[2019.10.17-14.12.28:571][  0]LogConfig: Setting CVar [[r.Shadow.MaxResolution:2048]]
[2019.10.17-14.12.28:571][  0]LogConfig: Setting CVar [[r.Shadow.MaxCSMResolution:2048]]
[2019.10.17-14.12.28:571][  0]LogConfig: Setting CVar [[r.Shadow.RadiusThreshold:0.01]]
[2019.10.17-14.12.28:571][  0]LogConfig: Setting CVar [[r.Shadow.DistanceScale:1.0]]
[2019.10.17-14.12.28:571][  0]LogConfig: Setting CVar [[r.Shadow.CSM.TransitionScale:1.0]]
[2019.10.17-14.12.28:571][  0]LogConfig: Setting CVar [[r.Shadow.PreShadowResolutionFactor:1.0]]
[2019.10.17-14.12.28:571][  0]LogConfig: Setting CVar [[r.DistanceFieldShadowing:1]]
[2019.10.17-14.12.28:571][  0]LogConfig: Setting CVar [[r.DistanceFieldAO:1]]
[2019.10.17-14.12.28:571][  0]LogConfig: Setting CVar [[r.AOQuality:2]]
[2019.10.17-14.12.28:571][  0]LogConfig: Setting CVar [[r.VolumetricFog:1]]
[2019.10.17-14.12.28:571][  0]LogConfig: Setting CVar [[r.VolumetricFog.GridPixelSize:8]]
[2019.10.17-14.12.28:571][  0]LogConfig: Setting CVar [[r.VolumetricFog.GridSizeZ:128]]
[2019.10.17-14.12.28:571][  0]LogConfig: Setting CVar [[r.VolumetricFog.HistoryMissSupersampleCount:4]]
[2019.10.17-14.12.28:571][  0]LogConfig: Setting CVar [[r.LightMaxDrawDistanceScale:1]]
[2019.10.17-14.12.28:571][  0]LogConfig: Setting CVar [[r.CapsuleShadows:1]]
[2019.10.17-14.12.28:571][  0]LogConfig: Applying CVar settings from Section [PostProcessQuality@3] File [C:/Users/jamie/Documents/GitHub/Third-PersRon/thirdpersron 4.23/Saved/Config/Windows/Scalability.ini]
[2019.10.17-14.12.28:571][  0]LogConfig: Setting CVar [[r.MotionBlurQuality:4]]
[2019.10.17-14.12.28:571][  0]LogConfig: Setting CVar [[r.AmbientOcclusionMipLevelFactor:0.4]]
[2019.10.17-14.12.28:571][  0]LogConfig: Setting CVar [[r.AmbientOcclusionMaxQuality:100]]
[2019.10.17-14.12.28:571][  0]LogConfig: Setting CVar [[r.AmbientOcclusionLevels:-1]]
[2019.10.17-14.12.28:571][  0]LogConfig: Setting CVar [[r.AmbientOcclusionRadiusScale:1.0]]
[2019.10.17-14.12.28:571][  0]LogConfig: Setting CVar [[r.DepthOfFieldQuality:2]]
[2019.10.17-14.12.28:571][  0]LogConfig: Setting CVar [[r.RenderTargetPoolMin:400]]
[2019.10.17-14.12.28:571][  0]LogConfig: Setting CVar [[r.LensFlareQuality:2]]
[2019.10.17-14.12.28:571][  0]LogConfig: Setting CVar [[r.SceneColorFringeQuality:1]]
[2019.10.17-14.12.28:571][  0]LogConfig: Setting CVar [[r.EyeAdaptationQuality:2]]
[2019.10.17-14.12.28:571][  0]LogConfig: Setting CVar [[r.BloomQuality:5]]
[2019.10.17-14.12.28:571][  0]LogConfig: Setting CVar [[r.FastBlurThreshold:100]]
[2019.10.17-14.12.28:571][  0]LogConfig: Setting CVar [[r.Upscale.Quality:3]]
[2019.10.17-14.12.28:571][  0]LogConfig: Setting CVar [[r.Tonemapper.GrainQuantization:1]]
[2019.10.17-14.12.28:571][  0]LogConfig: Setting CVar [[r.LightShaftQuality:1]]
[2019.10.17-14.12.28:571][  0]LogConfig: Setting CVar [[r.Filter.SizeScale:1]]
[2019.10.17-14.12.28:571][  0]LogConfig: Setting CVar [[r.Tonemapper.Quality:5]]
[2019.10.17-14.12.28:571][  0]LogConfig: Setting CVar [[r.DOF.Gather.AccumulatorQuality:1        ; higher gathering accumulator quality]]
[2019.10.17-14.12.28:571][  0]LogConfig: Setting CVar [[r.DOF.Gather.PostfilterMethod:1          ; Median3x3 postfilering method]]
[2019.10.17-14.12.28:571][  0]LogConfig: Setting CVar [[r.DOF.Gather.EnableBokehSettings:0       ; no bokeh simulation when gathering]]
[2019.10.17-14.12.28:571][  0]LogConfig: Setting CVar [[r.DOF.Gather.RingCount:4                 ; medium number of samples when gathering]]
[2019.10.17-14.12.28:571][  0]LogConfig: Setting CVar [[r.DOF.Scatter.ForegroundCompositing:1    ; additive foreground scattering]]
[2019.10.17-14.12.28:572][  0]LogConfig: Setting CVar [[r.DOF.Scatter.BackgroundCompositing:2    ; additive background scattering]]
[2019.10.17-14.12.28:572][  0]LogConfig: Setting CVar [[r.DOF.Scatter.EnableBokehSettings:1      ; bokeh simulation when scattering]]
[2019.10.17-14.12.28:572][  0]LogConfig: Setting CVar [[r.DOF.Scatter.MaxSpriteRatio:0.1         ; only a maximum of 10% of scattered bokeh]]
[2019.10.17-14.12.28:572][  0]LogConfig: Setting CVar [[r.DOF.Recombine.Quality:1                ; cheap slight out of focus]]
[2019.10.17-14.12.28:572][  0]LogConfig: Setting CVar [[r.DOF.Recombine.EnableBokehSettings:0    ; no bokeh simulation on slight out of focus]]
[2019.10.17-14.12.28:572][  0]LogConfig: Setting CVar [[r.DOF.TemporalAAQuality:1                ; more stable temporal accumulation]]
[2019.10.17-14.12.28:572][  0]LogConfig: Setting CVar [[r.DOF.Kernel.MaxForegroundRadius:0.025]]
[2019.10.17-14.12.28:572][  0]LogConfig: Setting CVar [[r.DOF.Kernel.MaxBackgroundRadius:0.025]]
[2019.10.17-14.12.28:572][  0]LogConfig: Applying CVar settings from Section [TextureQuality@3] File [C:/Users/jamie/Documents/GitHub/Third-PersRon/thirdpersron 4.23/Saved/Config/Windows/Scalability.ini]
[2019.10.17-14.12.28:572][  0]LogConfig: Setting CVar [[r.Streaming.MipBias:0]]
[2019.10.17-14.12.28:572][  0]LogConfig: Setting CVar [[r.Streaming.AmortizeCPUToGPUCopy:0]]
[2019.10.17-14.12.28:572][  0]LogConfig: Setting CVar [[r.Streaming.MaxNumTexturesToStreamPerFrame:0]]
[2019.10.17-14.12.28:572][  0]LogConfig: Setting CVar [[r.Streaming.Boost:1]]
[2019.10.17-14.12.28:572][  0]LogConfig: Setting CVar [[r.MaxAnisotropy:8]]
[2019.10.17-14.12.28:572][  0]LogConfig: Setting CVar [[r.Streaming.LimitPoolSizeToVRAM:0]]
[2019.10.17-14.12.28:572][  0]LogConfig: Setting CVar [[r.Streaming.PoolSize:1000]]
[2019.10.17-14.12.28:572][  0]LogConfig: Setting CVar [[r.Streaming.MaxEffectiveScreenSize:0]]
[2019.10.17-14.12.28:572][  0]LogConfig: Applying CVar settings from Section [EffectsQuality@3] File [C:/Users/jamie/Documents/GitHub/Third-PersRon/thirdpersron 4.23/Saved/Config/Windows/Scalability.ini]
[2019.10.17-14.12.28:572][  0]LogConfig: Setting CVar [[r.TranslucencyLightingVolumeDim:64]]
[2019.10.17-14.12.28:572][  0]LogConfig: Setting CVar [[r.RefractionQuality:2]]
[2019.10.17-14.12.28:572][  0]LogConfig: Setting CVar [[r.SSR.Quality:3]]
[2019.10.17-14.12.28:572][  0]LogConfig: Setting CVar [[r.SceneColorFormat:4]]
[2019.10.17-14.12.28:572][  0]LogConfig: Setting CVar [[r.DetailMode:2]]
[2019.10.17-14.12.28:572][  0]LogConfig: Setting CVar [[r.TranslucencyVolumeBlur:1]]
[2019.10.17-14.12.28:572][  0]LogConfig: Setting CVar [[r.MaterialQualityLevel:1 ; High quality]]
[2019.10.17-14.12.28:572][  0]LogConfig: Setting CVar [[r.SSS.Scale:1]]
[2019.10.17-14.12.28:572][  0]LogConfig: Setting CVar [[r.SSS.SampleSet:2]]
[2019.10.17-14.12.28:572][  0]LogConfig: Setting CVar [[r.SSS.Quality:1]]
[2019.10.17-14.12.28:572][  0]LogConfig: Setting CVar [[r.SSS.HalfRes:1]]
[2019.10.17-14.12.28:572][  0]LogConfig: Setting CVar [[r.EmitterSpawnRateScale:1.0]]
[2019.10.17-14.12.28:572][  0]LogConfig: Setting CVar [[r.ParticleLightQuality:2]]
[2019.10.17-14.12.28:572][  0]LogConfig: Applying CVar settings from Section [FoliageQuality@3] File [C:/Users/jamie/Documents/GitHub/Third-PersRon/thirdpersron 4.23/Saved/Config/Windows/Scalability.ini]
[2019.10.17-14.12.28:572][  0]LogConfig: Setting CVar [[foliage.DensityScale:1.0]]
[2019.10.17-14.12.28:572][  0]LogConfig: Setting CVar [[grass.DensityScale:1.0]]
[2019.10.17-14.12.28:573][  0]LogInit: Selected Device Profile: [Windows]
[2019.10.17-14.12.28:573][  0]LogInit: Applying CVar settings loaded from the selected device profile: [Windows]
[2019.10.17-14.12.28:588][  0]LogHAL: Display: Platform has ~ 8 GB [8476823552 / 8589934592 / 8], which maps to Default [LargestMinGB=32, LargerMinGB=12, DefaultMinGB=8, SmallerMinGB=6, SmallestMinGB=0)
[2019.10.17-14.12.28:588][  0]LogInit: Going up to parent DeviceProfile []
[2019.10.17-14.12.28:589][  0]LogConfig: Applying CVar settings from Section [ViewDistanceQuality@2] File [C:/Users/jamie/Documents/GitHub/Third-PersRon/thirdpersron 4.23/Saved/Config/Windows/Scalability.ini]
[2019.10.17-14.12.28:589][  0]LogConfig: Setting CVar [[r.SkeletalMeshLODBias:0]]
[2019.10.17-14.12.28:589][  0]LogConfig: Setting CVar [[r.ViewDistanceScale:0.8]]
[2019.10.17-14.12.28:589][  0]LogConfig: Applying CVar settings from Section [AntiAliasingQuality@2] File [C:/Users/jamie/Documents/GitHub/Third-PersRon/thirdpersron 4.23/Saved/Config/Windows/Scalability.ini]
[2019.10.17-14.12.28:589][  0]LogConfig: Setting CVar [[r.PostProcessAAQuality:3]]
[2019.10.17-14.12.28:589][  0]LogConfig: Applying CVar settings from Section [ShadowQuality@2] File [C:/Users/jamie/Documents/GitHub/Third-PersRon/thirdpersron 4.23/Saved/Config/Windows/Scalability.ini]
[2019.10.17-14.12.28:589][  0]LogConfig: Setting CVar [[r.LightFunctionQuality:1]]
[2019.10.17-14.12.28:589][  0]LogConfig: Setting CVar [[r.ShadowQuality:5]]
[2019.10.17-14.12.28:589][  0]LogConfig: Setting CVar [[r.Shadow.CSM.MaxCascades:4]]
[2019.10.17-14.12.28:589][  0]LogConfig: Setting CVar [[r.Shadow.MaxResolution:1024]]
[2019.10.17-14.12.28:589][  0]LogConfig: Setting CVar [[r.Shadow.MaxCSMResolution:2048]]
[2019.10.17-14.12.28:589][  0]LogConfig: Setting CVar [[r.Shadow.RadiusThreshold:0.04]]
[2019.10.17-14.12.28:589][  0]LogConfig: Setting CVar [[r.Shadow.DistanceScale:0.85]]
[2019.10.17-14.12.28:589][  0]LogConfig: Setting CVar [[r.Shadow.CSM.TransitionScale:0.8]]
[2019.10.17-14.12.28:589][  0]LogConfig: Setting CVar [[r.Shadow.PreShadowResolutionFactor:0.5]]
[2019.10.17-14.12.28:589][  0]LogConfig: Setting CVar [[r.DistanceFieldShadowing:1]]
[2019.10.17-14.12.28:589][  0]LogConfig: Setting CVar [[r.DistanceFieldAO:1]]
[2019.10.17-14.12.28:589][  0]LogConfig: Setting CVar [[r.AOQuality:1]]
[2019.10.17-14.12.28:589][  0]LogConfig: Setting CVar [[r.VolumetricFog:1]]
[2019.10.17-14.12.28:589][  0]LogConfig: Setting CVar [[r.VolumetricFog.GridPixelSize:16]]
[2019.10.17-14.12.28:589][  0]LogConfig: Setting CVar [[r.VolumetricFog.GridSizeZ:64]]
[2019.10.17-14.12.28:589][  0]LogConfig: Setting CVar [[r.VolumetricFog.HistoryMissSupersampleCount:4]]
[2019.10.17-14.12.28:589][  0]LogConfig: Setting CVar [[r.LightMaxDrawDistanceScale:1]]
[2019.10.17-14.12.28:589][  0]LogConfig: Setting CVar [[r.CapsuleShadows:1]]
[2019.10.17-14.12.28:589][  0]LogConfig: Applying CVar settings from Section [PostProcessQuality@2] File [C:/Users/jamie/Documents/GitHub/Third-PersRon/thirdpersron 4.23/Saved/Config/Windows/Scalability.ini]
[2019.10.17-14.12.28:589][  0]LogConfig: Setting CVar [[r.MotionBlurQuality:3]]
[2019.10.17-14.12.28:589][  0]LogConfig: Setting CVar [[r.AmbientOcclusionMipLevelFactor:0.6]]
[2019.10.17-14.12.28:589][  0]LogConfig: Setting CVar [[r.AmbientOcclusionMaxQuality:100]]
[2019.10.17-14.12.28:589][  0]LogConfig: Setting CVar [[r.AmbientOcclusionLevels:-1]]
[2019.10.17-14.12.28:589][  0]LogConfig: Setting CVar [[r.AmbientOcclusionRadiusScale:1.5]]
[2019.10.17-14.12.28:589][  0]LogConfig: Setting CVar [[r.DepthOfFieldQuality:2]]
[2019.10.17-14.12.28:589][  0]LogConfig: Setting CVar [[r.RenderTargetPoolMin:400]]
[2019.10.17-14.12.28:589][  0]LogConfig: Setting CVar [[r.LensFlareQuality:2]]
[2019.10.17-14.12.28:589][  0]LogConfig: Setting CVar [[r.SceneColorFringeQuality:1]]
[2019.10.17-14.12.28:589][  0]LogConfig: Setting CVar [[r.EyeAdaptationQuality:2]]
[2019.10.17-14.12.28:589][  0]LogConfig: Setting CVar [[r.BloomQuality:5]]
[2019.10.17-14.12.28:590][  0]LogConfig: Setting CVar [[r.FastBlurThreshold:3]]
[2019.10.17-14.12.28:590][  0]LogConfig: Setting CVar [[r.Upscale.Quality:2]]
[2019.10.17-14.12.28:590][  0]LogConfig: Setting CVar [[r.Tonemapper.GrainQuantization:1]]
[2019.10.17-14.12.28:590][  0]LogConfig: Setting CVar [[r.LightShaftQuality:1]]
[2019.10.17-14.12.28:590][  0]LogConfig: Setting CVar [[r.Filter.SizeScale:0.8]]
[2019.10.17-14.12.28:590][  0]LogConfig: Setting CVar [[r.Tonemapper.Quality:5]]
[2019.10.17-14.12.28:590][  0]LogConfig: Setting CVar [[r.DOF.Gather.AccumulatorQuality:0        ; lower gathering accumulator quality]]
[2019.10.17-14.12.28:590][  0]LogConfig: Setting CVar [[r.DOF.Gather.PostfilterMethod:2          ; Max3x3 postfilering method]]
[2019.10.17-14.12.28:590][  0]LogConfig: Setting CVar [[r.DOF.Gather.EnableBokehSettings:0       ; no bokeh simulation when gathering]]
[2019.10.17-14.12.28:590][  0]LogConfig: Setting CVar [[r.DOF.Gather.RingCount:4                 ; medium number of samples when gathering]]
[2019.10.17-14.12.28:590][  0]LogConfig: Setting CVar [[r.DOF.Scatter.ForegroundCompositing:1    ; additive foreground scattering]]
[2019.10.17-14.12.28:590][  0]LogConfig: Setting CVar [[r.DOF.Scatter.BackgroundCompositing:1    ; no background occlusion]]
[2019.10.17-14.12.28:590][  0]LogConfig: Setting CVar [[r.DOF.Scatter.EnableBokehSettings:0      ; no bokeh simulation when scattering]]
[2019.10.17-14.12.28:590][  0]LogConfig: Setting CVar [[r.DOF.Scatter.MaxSpriteRatio:0.04        ; only a maximum of 4% of scattered bokeh]]
[2019.10.17-14.12.28:590][  0]LogConfig: Setting CVar [[r.DOF.Recombine.Quality:0                ; no slight out of focus]]
[2019.10.17-14.12.28:590][  0]LogConfig: Setting CVar [[r.DOF.TemporalAAQuality:0                ; faster temporal accumulation]]
[2019.10.17-14.12.28:590][  0]LogConfig: Setting CVar [[r.DOF.Kernel.MaxForegroundRadius:0.012   ; required because of AccumulatorQuality=0]]
[2019.10.17-14.12.28:590][  0]LogConfig: Setting CVar [[r.DOF.Kernel.MaxBackgroundRadius:0.012   ; required because of AccumulatorQuality=0]]
[2019.10.17-14.12.28:590][  0]LogConfig: Applying CVar settings from Section [TextureQuality@2] File [C:/Users/jamie/Documents/GitHub/Third-PersRon/thirdpersron 4.23/Saved/Config/Windows/Scalability.ini]
[2019.10.17-14.12.28:590][  0]LogConfig: Setting CVar [[r.Streaming.MipBias:0]]
[2019.10.17-14.12.28:590][  0]LogConfig: Setting CVar [[r.Streaming.AmortizeCPUToGPUCopy:0]]
[2019.10.17-14.12.28:590][  0]LogConfig: Setting CVar [[r.Streaming.MaxNumTexturesToStreamPerFrame:0]]
[2019.10.17-14.12.28:590][  0]LogConfig: Setting CVar [[r.Streaming.Boost:1]]
[2019.10.17-14.12.28:590][  0]LogConfig: Setting CVar [[r.MaxAnisotropy:4]]
[2019.10.17-14.12.28:590][  0]LogConfig: Setting CVar [[r.Streaming.LimitPoolSizeToVRAM:1]]
[2019.10.17-14.12.28:590][  0]LogConfig: Setting CVar [[r.Streaming.PoolSize:800]]
[2019.10.17-14.12.28:590][  0]LogConfig: Setting CVar [[r.Streaming.MaxEffectiveScreenSize:0]]
[2019.10.17-14.12.28:590][  0]LogConfig: Applying CVar settings from Section [EffectsQuality@2] File [C:/Users/jamie/Documents/GitHub/Third-PersRon/thirdpersron 4.23/Saved/Config/Windows/Scalability.ini]
[2019.10.17-14.12.28:590][  0]LogConfig: Setting CVar [[r.TranslucencyLightingVolumeDim:48]]
[2019.10.17-14.12.28:590][  0]LogConfig: Setting CVar [[r.RefractionQuality:2]]
[2019.10.17-14.12.28:590][  0]LogConfig: Setting CVar [[r.SSR.Quality:2]]
[2019.10.17-14.12.28:590][  0]LogConfig: Setting CVar [[r.SceneColorFormat:3]]
[2019.10.17-14.12.28:590][  0]LogConfig: Setting CVar [[r.DetailMode:1]]
[2019.10.17-14.12.28:590][  0]LogConfig: Setting CVar [[r.TranslucencyVolumeBlur:1]]
[2019.10.17-14.12.28:590][  0]LogConfig: Setting CVar [[r.MaterialQualityLevel:1 ; High quality]]
[2019.10.17-14.12.28:590][  0]LogConfig: Setting CVar [[r.SSS.Scale:1]]
[2019.10.17-14.12.28:590][  0]LogConfig: Setting CVar [[r.SSS.SampleSet:1]]
[2019.10.17-14.12.28:590][  0]LogConfig: Setting CVar [[r.SSS.Quality:-1]]
[2019.10.17-14.12.28:590][  0]LogConfig: Setting CVar [[r.SSS.HalfRes:1]]
[2019.10.17-14.12.28:590][  0]LogConfig: Setting CVar [[r.EmitterSpawnRateScale:0.5]]
[2019.10.17-14.12.28:590][  0]LogConfig: Setting CVar [[r.ParticleLightQuality:1]]
[2019.10.17-14.12.28:590][  0]LogConfig: Applying CVar settings from Section [FoliageQuality@2] File [C:/Users/jamie/Documents/GitHub/Third-PersRon/thirdpersron 4.23/Saved/Config/Windows/Scalability.ini]
[2019.10.17-14.12.28:590][  0]LogConfig: Setting CVar [[foliage.DensityScale:0.8]]
[2019.10.17-14.12.28:590][  0]LogConfig: Setting CVar [[grass.DensityScale:0.8]]
[2019.10.17-14.12.28:590][  0]LogConfig: Applying CVar settings from Section [Startup] File [../../../Engine/Config/ConsoleVariables.ini]
[2019.10.17-14.12.28:600][  0]LogConfig: Setting CVar [[net.UseAdaptiveNetUpdateFrequency:0]]
[2019.10.17-14.12.28:600][  0]LogConfig: Setting CVar [[p.chaos.AllowCreatePhysxBodies:1]]
[2019.10.17-14.12.28:600][  0]LogConfig: Applying CVar settings from Section [ConsoleVariables] File [C:/Users/jamie/Documents/GitHub/Third-PersRon/thirdpersron 4.23/Saved/Config/Windows/Engine.ini]
[2019.10.17-14.12.28:602][  0]LogInit: Computer: DESKTOP-39O8R6D
[2019.10.17-14.12.28:602][  0]LogInit: User: jamie
[2019.10.17-14.12.28:602][  0]LogInit: CPU Page size=4096, Cores=2
[2019.10.17-14.12.28:602][  0]LogInit: High frequency timer resolution =10.000000 MHz
[2019.10.17-14.12.28:603][  0]LogMemory: Memory total: Physical=7.9GB (8GB approx)
[2019.10.17-14.12.28:604][  0]LogMemory: Platform Memory Stats for Windows
[2019.10.17-14.12.28:604][  0]LogMemory: Process Physical Memory: 100.27 MB used, 100.27 MB peak
[2019.10.17-14.12.28:604][  0]LogMemory: Process Virtual Memory: 87.77 MB used, 87.77 MB peak
[2019.10.17-14.12.28:604][  0]LogMemory: Physical Memory: 4653.34 MB used,  3430.79 MB free, 8084.13 MB total
[2019.10.17-14.12.28:604][  0]LogMemory: Virtual Memory: 4639.43 MB used,  134213088.00 MB free, 134217728.00 MB total
[2019.10.17-14.12.28:610][  0]LogWindows: WindowsPlatformFeatures enabled
[2019.10.17-14.12.28:747][  0]LogInit: Using OS detected language (en-US).
[2019.10.17-14.12.28:747][  0]LogInit: Using OS detected locale (en-GB).
[2019.10.17-14.12.28:751][  0]LogTextLocalizationManager: No specific localization for 'en-US' exists, so the 'en' localization will be used.
[2019.10.17-14.12.29:350][  0]LogInit: Setting process to per monitor DPI aware
[2019.10.17-14.12.29:460][  0]LogSlate: New Slate User Created.  User Index 0, Is Virtual User: 0
[2019.10.17-14.12.29:460][  0]LogSlate: Slate User Registered.  User Index 0, Is Virtual User: 0
[2019.10.17-14.12.33:565][  0]LogHMD: Failed to initialize OpenVR with code 110
[2019.10.17-14.12.33:565][  0]LogD3D11RHI: D3D11 adapters:
[2019.10.17-14.12.33:582][  0]LogD3D11RHI:    0. 'Intel(R) HD Graphics 520' (Feature Level 11_0)
[2019.10.17-14.12.33:583][  0]LogD3D11RHI:       128/0/4042 MB DedicatedVideo/DedicatedSystem/SharedSystem, Outputs:1, VendorId:0x8086
[2019.10.17-14.12.33:589][  0]LogD3D11RHI:    1. 'Microsoft Basic Render Driver' (Feature Level 11_0)
[2019.10.17-14.12.33:589][  0]LogD3D11RHI:       0/0/4042 MB DedicatedVideo/DedicatedSystem/SharedSystem, Outputs:0, VendorId:0x1414
[2019.10.17-14.12.33:589][  0]LogD3D11RHI: Chosen D3D11 Adapter: 0
[2019.10.17-14.12.33:602][  0]LogD3D11RHI: Creating new Direct3DDevice
[2019.10.17-14.12.33:602][  0]LogD3D11RHI:     GPU DeviceId: 0x1916 (for the marketing name, search the web for "GPU Device Id")
[2019.10.17-14.12.33:602][  0]LogWindows: EnumDisplayDevices:
[2019.10.17-14.12.33:602][  0]LogWindows:    0. 'Intel(R) HD Graphics 520' (P:1 D:1)
[2019.10.17-14.12.33:603][  0]LogWindows:    1. 'Intel(R) HD Graphics 520' (P:0 D:0)
[2019.10.17-14.12.33:604][  0]LogWindows:    2. 'Intel(R) HD Graphics 520' (P:0 D:0)
[2019.10.17-14.12.33:604][  0]LogWindows: DebugString: FoundDriverCount:3 
[2019.10.17-14.12.33:604][  0]LogD3D11RHI:     Adapter Name: Intel(R) HD Graphics 520
[2019.10.17-14.12.33:605][  0]LogD3D11RHI:   Driver Version: 22.20.16.4836 (internal:22.20.16.4836, unified:22.20.16.4836)
[2019.10.17-14.12.33:605][  0]LogD3D11RHI:      Driver Date: 10-17-2017
[2019.10.17-14.12.33:605][  0]LogRHI: Texture pool is 1504 MB (70% of 2149 MB)
[2019.10.17-14.12.33:615][  0]LogD3D11RHI: Async texture creation enabled
[2019.10.17-14.12.33:645][  0]LogD3D11RHI: GPU Timing Frequency: 12.000000 (Debug: 2 0)
[2019.10.17-14.12.34:318][  0]LogTemp: Display: Module 'AllDesktopTargetPlatform' loaded TargetPlatform 'AllDesktop'
[2019.10.17-14.12.34:336][  0]LogTemp: Display: Module 'MacClientTargetPlatform' loaded TargetPlatform 'MacClient'
[2019.10.17-14.12.34:349][  0]LogTemp: Display: Module 'MacNoEditorTargetPlatform' loaded TargetPlatform 'MacNoEditor'
[2019.10.17-14.12.34:362][  0]LogTemp: Display: Module 'MacServerTargetPlatform' loaded TargetPlatform 'MacServer'
[2019.10.17-14.12.34:385][  0]LogTemp: Display: Module 'MacTargetPlatform' loaded TargetPlatform 'Mac'
[2019.10.17-14.12.34:403][  0]LogTemp: Display: Module 'WindowsClientTargetPlatform' loaded TargetPlatform 'WindowsClient'
[2019.10.17-14.12.34:419][  0]LogTemp: Display: Module 'WindowsNoEditorTargetPlatform' loaded TargetPlatform 'WindowsNoEditor'
[2019.10.17-14.12.34:434][  0]LogTemp: Display: Module 'WindowsServerTargetPlatform' loaded TargetPlatform 'WindowsServer'
[2019.10.17-14.12.34:444][  0]LogTemp: Display: Module 'WindowsTargetPlatform' loaded TargetPlatform 'Windows'
[2019.10.17-14.12.34:522][  0]LogTemp: Display: Module 'AndroidTargetPlatform' loaded TargetPlatform 'Android'
[2019.10.17-14.12.34:522][  0]LogTemp: Display: Module 'AndroidTargetPlatform' loaded TargetPlatform 'Android_ASTC'
[2019.10.17-14.12.34:522][  0]LogTemp: Display: Module 'AndroidTargetPlatform' loaded TargetPlatform 'Android_ATC'
[2019.10.17-14.12.34:522][  0]LogTemp: Display: Module 'AndroidTargetPlatform' loaded TargetPlatform 'Android_DXT'
[2019.10.17-14.12.34:522][  0]LogTemp: Display: Module 'AndroidTargetPlatform' loaded TargetPlatform 'Android_ETC1'
[2019.10.17-14.12.34:522][  0]LogTemp: Display: Module 'AndroidTargetPlatform' loaded TargetPlatform 'Android_ETC1a'
[2019.10.17-14.12.34:522][  0]LogTemp: Display: Module 'AndroidTargetPlatform' loaded TargetPlatform 'Android_ETC2'
[2019.10.17-14.12.34:522][  0]LogTemp: Display: Module 'AndroidTargetPlatform' loaded TargetPlatform 'Android_PVRTC'
[2019.10.17-14.12.34:522][  0]LogTemp: Display: Module 'AndroidTargetPlatform' loaded TargetPlatform 'AndroidClient'
[2019.10.17-14.12.34:522][  0]LogTemp: Display: Module 'AndroidTargetPlatform' loaded TargetPlatform 'Android_ASTCClient'
[2019.10.17-14.12.34:523][  0]LogTemp: Display: Module 'AndroidTargetPlatform' loaded TargetPlatform 'Android_ATCClient'
[2019.10.17-14.12.34:523][  0]LogTemp: Display: Module 'AndroidTargetPlatform' loaded TargetPlatform 'Android_DXTClient'
[2019.10.17-14.12.34:523][  0]LogTemp: Display: Module 'AndroidTargetPlatform' loaded TargetPlatform 'Android_ETC1Client'
[2019.10.17-14.12.34:523][  0]LogTemp: Display: Module 'AndroidTargetPlatform' loaded TargetPlatform 'Android_ETC1aClient'
[2019.10.17-14.12.34:523][  0]LogTemp: Display: Module 'AndroidTargetPlatform' loaded TargetPlatform 'Android_ETC2Client'
[2019.10.17-14.12.34:523][  0]LogTemp: Display: Module 'AndroidTargetPlatform' loaded TargetPlatform 'Android_PVRTCClient'
[2019.10.17-14.12.34:523][  0]LogTemp: Display: Module 'AndroidTargetPlatform' loaded TargetPlatform 'Android_Multi'
[2019.10.17-14.12.34:523][  0]LogTemp: Display: Module 'AndroidTargetPlatform' loaded TargetPlatform 'Android_MultiClient'
[2019.10.17-14.12.34:527][  0]LogTemp: Display: Module 'HTML5TargetPlatform' loaded TargetPlatform 'HTML5'
[2019.10.17-14.12.34:574][  0]LogTemp: Display: Module 'IOSTargetPlatform' loaded TargetPlatform 'IOSClient'
[2019.10.17-14.12.34:575][  0]LogTemp: Display: Module 'IOSTargetPlatform' loaded TargetPlatform 'IOS'
[2019.10.17-14.12.34:599][  0]LogTemp: Display: Module 'TVOSTargetPlatform' loaded TargetPlatform 'TVOSClient'
[2019.10.17-14.12.34:599][  0]LogTemp: Display: Module 'TVOSTargetPlatform' loaded TargetPlatform 'TVOS'
[2019.10.17-14.12.34:613][  0]LogTemp: Display: Module 'LinuxClientTargetPlatform' loaded TargetPlatform 'LinuxClient'
[2019.10.17-14.12.34:624][  0]LogTemp: Display: Module 'LinuxNoEditorTargetPlatform' loaded TargetPlatform 'LinuxNoEditor'
[2019.10.17-14.12.34:636][  0]LogTemp: Display: Module 'LinuxServerTargetPlatform' loaded TargetPlatform 'LinuxServer'
[2019.10.17-14.12.34:660][  0]LogTemp: Display: Module 'LinuxTargetPlatform' loaded TargetPlatform 'Linux'
[2019.10.17-14.12.34:703][  0]LogTemp: Display: Module 'LuminTargetPlatform' loaded TargetPlatform 'Lumin'
[2019.10.17-14.12.34:703][  0]LogTemp: Display: Module 'LuminTargetPlatform' loaded TargetPlatform 'LuminClient'
[2019.10.17-14.12.34:703][  0]LogTargetPlatformManager: Display: Building Assets For Windows
[2019.10.17-14.12.34:725][  0]LogAudioDebug: Display: Lib vorbis DLL was dynamically loaded.
[2019.10.17-14.12.34:879][  0]LogShaderCompilers: Guid format shader working directory is -33 characters bigger than the processId version (../../../../../../Users/jamie/Documents/GitHub/Third-PersRon/thirdpersron 4.23/Intermediate/Shaders/WorkingDirectory/15860/).
[2019.10.17-14.12.34:879][  0]LogShaderCompilers: Cleaned the shader compiler working directory 'C:/Users/jamie/AppData/Local/Temp/UnrealShaderWorkingDir/BCCDA4E64C2FEE38B1695685B2F358DF/'.
[2019.10.17-14.12.34:886][  0]LogXGEController: Cleaning working directory: C:/Users/jamie/AppData/Local/Temp/UnrealXGEWorkingDir/
[2019.10.17-14.12.34:887][  0]LogXGEController: Cannot use XGE Controller as Incredibuild is not installed on this machine.
[2019.10.17-14.12.34:887][  0]LogShaderCompilers: Cannot use XGE Shader Compiler as Incredibuild is not installed on this machine.
[2019.10.17-14.12.34:887][  0]LogShaderCompilers: Display: Using Local Shader Compiler.
[2019.10.17-14.12.38:798][  0]LogDerivedDataCache: Display: Max Cache Size: 512 MB
[2019.10.17-14.12.39:040][  0]LogDerivedDataCache: Loaded boot cache 0.24s 73MB C:/Users/jamie/AppData/Local/UnrealEngine/4.23/DerivedDataCache/Boot.ddc.
[2019.10.17-14.12.39:040][  0]LogDerivedDataCache: Display: Loaded Boot cache: C:/Users/jamie/AppData/Local/UnrealEngine/4.23/DerivedDataCache/Boot.ddc
[2019.10.17-14.12.39:040][  0]LogDerivedDataCache: FDerivedDataBackendGraph:  Pak pak cache file ../../../../../../Users/jamie/Documents/GitHub/Third-PersRon/thirdpersron 4.23/DerivedDataCache/DDC.ddp not found, will not use a pak cache.
[2019.10.17-14.12.39:040][  0]LogDerivedDataCache: Unable to find inner node Pak for hierarchical cache Hierarchy.
[2019.10.17-14.12.39:040][  0]LogDerivedDataCache: FDerivedDataBackendGraph:  CompressedPak pak cache file ../../../../../../Users/jamie/Documents/GitHub/Third-PersRon/thirdpersron 4.23/DerivedDataCache/Compressed.ddp not found, will not use a pak cache.
[2019.10.17-14.12.39:040][  0]LogDerivedDataCache: Unable to find inner node CompressedPak for hierarchical cache Hierarchy.
[2019.10.17-14.12.39:074][  0]LogDerivedDataCache: Display: Pak cache opened for reading ../../../Engine/DerivedDataCache/Compressed.ddp.
[2019.10.17-14.12.39:074][  0]LogDerivedDataCache: FDerivedDataBackendGraph:  EnterprisePak pak cache file ../../../Enterprise/DerivedDataCache/Compressed.ddp not found, will not use a pak cache.
[2019.10.17-14.12.39:074][  0]LogDerivedDataCache: Unable to find inner node EnterprisePak for hierarchical cache Hierarchy.
[2019.10.17-14.12.39:076][  0]LogDerivedDataCache: Using Local data cache path C:/Users/jamie/AppData/Local/UnrealEngine/Common/DerivedDataCache: Writable
[2019.10.17-14.12.39:076][  0]LogDerivedDataCache: Shared data cache path not found in *engine.ini, will not use an Shared cache.
[2019.10.17-14.12.39:076][  0]LogDerivedDataCache: Unable to find inner node Shared for hierarchical cache Hierarchy.
[2019.10.17-14.12.39:126][  0]LogMaterial: Verifying Global Shaders for PCD3D_SM5
[2019.10.17-14.12.39:133][  0]LogSlate: Using FreeType 2.6.0
[2019.10.17-14.12.39:135][  0]LogSlate: SlateFontServices - WITH_FREETYPE: 1, WITH_HARFBUZZ: 1
[2019.10.17-14.12.39:311][  0]LogAssetRegistry: FAssetRegistry took 0.0039 seconds to start up
[2019.10.17-14.12.40:178][  0]LogInit: Selected Device Profile: [Windows]
[2019.10.17-14.12.40:736][  0]LogMeshReduction: Using QuadricMeshReduction for automatic static mesh reduction
[2019.10.17-14.12.40:736][  0]LogMeshReduction: Using SimplygonMeshReduction for automatic skeletal mesh reduction
[2019.10.17-14.12.40:736][  0]LogMeshReduction: Using ProxyLODMeshReduction for automatic mesh merging
[2019.10.17-14.12.40:736][  0]LogMeshReduction: No distributed automatic mesh merging module available
[2019.10.17-14.12.40:737][  0]LogMeshMerging: No distributed automatic mesh merging module available
[2019.10.17-14.12.40:839][  0]LogNetVersion: thirdpersron 1.0.0, NetCL: 8386587, EngineNetVer: 11, GameNetVer: 0 (Checksum: 2728054761)
[2019.10.17-14.12.42:772][  0]LogPackageLocalizationCache: Processed 12 localized package path(s) for 1 prioritized culture(s) in 0.108379 seconds
[2019.10.17-14.12.42:782][  0]LogUObjectArray: 43444 objects as part of root set at end of initial load.
[2019.10.17-14.12.42:782][  0]LogUObjectAllocator: 7548648 out of 0 bytes used by permanent object pool.
[2019.10.17-14.12.42:782][  0]LogUObjectArray: CloseDisregardForGC: 0/0 objects in disregard for GC pool
[2019.10.17-14.12.50:640][  0]LogTcpMessaging: Initializing TcpMessaging bridge
[2019.10.17-14.12.50:653][  0]LogUdpMessaging: Initializing bridge on interface 0.0.0.0:0 to multicast group 230.0.0.1:6666.
[2019.10.17-14.12.50:924][  0]SourceControl: Source control is disabled
[2019.10.17-14.12.50:925][  0]SourceControl: Source control is disabled
[2019.10.17-14.12.50:947][  0]SourceControl: Source control is disabled
[2019.10.17-14.12.50:957][  0]SourceControl: Source control is disabled
[2019.10.17-14.12.51:410][  0]LogAndroidPermission: UAndroidPermissionCallbackProxy::GetInstance
[2019.10.17-14.12.51:830][  0]LogOcInput: OculusInput pre-init called
[2019.10.17-14.12.51:852][  0]LogWindows: Failed to load 'OVRPlugin.dll' (GetLastError=126)
[2019.10.17-14.12.51:852][  0]LogWindows: File 'OVRPlugin.dll' does not exist
[2019.10.17-14.12.52:187][  0]LogEngine: Initializing Engine...
[2019.10.17-14.12.52:197][  0]LogHMD: Failed to initialize OpenVR with code 110
[2019.10.17-14.12.52:205][  0]LogStats: UGameplayTagsManager::InitializeManager -  0.003 s
[2019.10.17-14.12.52:855][  0]LogInit: Initializing FReadOnlyCVARCache
[2019.10.17-14.12.52:924][  0]LogAIModule: Creating AISystem for world Untitled
[2019.10.17-14.12.52:996][  0]LogInit: XAudio2 using 'Speakers / Headphones (Realtek Audio)' : 2 channels at 48 kHz using 32 bits per sample (channel mask 0x3)
[2019.10.17-14.12.53:047][  0]LogInit: FAudioDevice initialized.
[2019.10.17-14.12.53:049][  0]LogNetVersion: Set ProjectVersion to 1.0.0.0. Version Checksum will be recalculated on next use.
[2019.10.17-14.12.53:146][  0]LogDerivedDataCache: Saved boot cache 0.10s 73MB C:/Users/jamie/AppData/Local/UnrealEngine/4.23/DerivedDataCache/Boot.ddc.
[2019.10.17-14.12.53:159][  0]LogInit: Texture streaming: Enabled
[2019.10.17-14.12.53:217][  0]LogEngineSessionManager: EngineSessionManager initialized
[2019.10.17-14.12.53:218][  0]LogEngineSessionManager: EngineSessionManager sent abnormal shutdown report. Type=Crashed, SessionId={ED9E5C2E-451A-ED5E-C6DE-C899B70F4477}
[2019.10.17-14.12.53:375][  0]LogInit: Transaction tracking system initialized
[2019.10.17-14.12.53:509][  0]BlueprintLog: New page: Editor Load
[2019.10.17-14.12.53:825][  0]LocalizationService: Localization service is disabled
[2019.10.17-14.12.54:901][  0]LogCook: Display: Max memory allowance for cook 16384mb min free memory 0mb
[2019.10.17-14.12.54:903][  0]LogCook: Display: Mobile HDR setting 1
[2019.10.17-14.12.55:554][  0]LogFileCache: Scanning file cache for directory 'C:/Users/jamie/Documents/GitHub/Third-PersRon/thirdpersron 4.23/Content/' took 0.12s
[2019.10.17-14.12.55:810][  0]SourceControl: Source control is disabled
[2019.10.17-14.12.55:811][  0]Cmd: MAP LOAD FILE="../../../../../../Users/jamie/Documents/GitHub/Third-PersRon/thirdpersron 4.23/Content/Maps/MyLevel.umap" TEMPLATE=0 SHOWPROGRESS=1 FEATURELEVEL=3
[2019.10.17-14.12.55:822][  0]LightingResults: New page: Lighting Build
[2019.10.17-14.12.55:839][  0]LogWorld: UWorld::CleanupWorld for Untitled, bSessionEnded=true, bCleanupResources=true
[2019.10.17-14.12.55:844][  0]MapCheck: New page: Map Check
[2019.10.17-14.12.55:844][  0]LightingResults: New page: Lighting Build
[2019.10.17-14.12.55:903][  0]LogUObjectHash: Compacting FUObjectHashTables data took   2.76ms
[2019.10.17-14.12.56:620][  0]LogBlueprint: Warning: [Compiler WraithPlayerCharacter] InputAction Event references unknown Action 'ResetVR' for  InputAction ResetVR
[2019.10.17-14.12.56:620][  0]LogBlueprint: Warning: [Compiler WraithPlayerCharacter] Input Axis Event references unknown Axis 'LookUpRate' for  InputAxis LookUpRate
[2019.10.17-14.12.56:620][  0]LogBlueprint: Warning: [Compiler WraithPlayerCharacter] Input Axis Event references unknown Axis 'TurnRate' for  InputAxis TurnRate
[2019.10.17-14.13.00:079][  0]LogAIModule: Creating AISystem for world MyLevel
[2019.10.17-14.13.00:104][  0]LogMaterial: Display: Material /Engine/EngineMaterials/EmissiveTexturedMaterial.EmissiveTexturedMaterial needed to have new flag set bUsedWithStaticLighting !
[2019.10.17-14.13.00:109][  0]LogMaterial: Display: Missing cached shader map for material EmissiveTexturedMaterial, compiling. 
[2019.10.17-14.13.00:140][  0]MapCheck: Warning: EmissiveTexturedMaterial Material /Engine/EngineMaterials/EmissiveTexturedMaterial.EmissiveTexturedMaterial was missing the usage flag bUsedWithStaticLighting. If the material asset is not re-saved, it may not render correctly when run outside the editor. Fix
[2019.10.17-14.13.00:167][  0]LogShaderCompilers: Display: Worker (1/3): shaders left to compile 7
[2019.10.17-14.13.00:167][  0]LogShaderCompilers: Display: Worker (2/3): shaders left to compile 4
[2019.10.17-14.13.00:167][  0]LogShaderCompilers: Display: Worker (3/3): shaders left to compile 1
[2019.10.17-14.13.00:168][  0]LogScript: Warning: Script Msg: Divide by zero detected: 0.000000 / 0
Script call stack:
	Function /Game/ParagonWraith/Characters/Heroes/Wraith/Wraith_AnimBlueprint.Wraith_AnimBlueprint_C:BlueprintUpdateAnimation
	Function /Game/ParagonWraith/Characters/Heroes/Wraith/Wraith_AnimBlueprint.Wraith_AnimBlueprint_C:ExecuteUbergraph_Wraith_AnimBlueprint

[2019.10.17-14.13.00:186][  0]LogEditorServer: Finished looking for orphan Actors (0.000 secs)
[2019.10.17-14.13.00:280][  0]LogUObjectHash: Compacting FUObjectHashTables data took   4.12ms
[2019.10.17-14.13.00:281][  0]Cmd: MAP CHECKDEP NOCLEARLOG
[2019.10.17-14.13.00:282][  0]MapCheck: Map check complete: 0 Error(s), 1 Warning(s), took 0.994ms to complete.
[2019.10.17-14.13.00:305][  0]LogFileHelpers: Loading map 'MyLevel' took 4.494
[2019.10.17-14.13.00:752][  0]LogSlate: Updating window title bar state: overlay mode, drag disabled, window buttons hidden, title bar hidden
[2019.10.17-14.13.00:769][  0]LogSlate: Updating window title bar state: overlay mode, drag disabled, window buttons hidden, title bar hidden
[2019.10.17-14.13.00:788][  0]LogSlate: Updating window title bar state: overlay mode, drag disabled, window buttons hidden, title bar hidden
[2019.10.17-14.13.00:806][  0]LogSlate: Updating window title bar state: overlay mode, drag disabled, window buttons hidden, title bar hidden
[2019.10.17-14.13.00:888][  0]LogCollectionManager: Loaded 0 collections in 0.003483 seconds
[2019.10.17-14.13.00:924][  0]LogFileCache: Scanning file cache for directory 'C:/Users/jamie/Documents/GitHub/Third-PersRon/thirdpersron 4.23/Saved/Collections/' took 0.00s
[2019.10.17-14.13.00:924][  0]LogFileCache: Scanning file cache for directory 'C:/Users/jamie/Documents/GitHub/Third-PersRon/thirdpersron 4.23/Content/Developers/jamie/Collections/' took 0.00s
[2019.10.17-14.13.00:924][  0]LogFileCache: Scanning file cache for directory 'C:/Users/jamie/Documents/GitHub/Third-PersRon/thirdpersron 4.23/Content/Collections/' took 0.00s
[2019.10.17-14.13.00:924][  0]LogCollectionManager: Rebuilt the GUID cache for 0 collections in 0.000002 seconds
[2019.10.17-14.13.00:950][  0]LogContentBrowser: Native class hierarchy populated in 0.0231 seconds. Added 2867 classes and 685 folders.
[2019.10.17-14.13.00:980][  0]LogContentBrowser: Native class hierarchy updated for 'WidgetCarousel' in 0.0005 seconds. Added 0 classes and 0 folders.
[2019.10.17-14.13.01:643][  0]LogContentBrowser: Native class hierarchy updated for 'AddContentDialog' in 0.0007 seconds. Added 0 classes and 0 folders.
[2019.10.17-14.13.01:673][  0]LogSlate: Took 0.019035 seconds to synchronously load lazily loaded font '../../../Engine/Content/Slate/Fonts/Roboto-Regular.ttf' (155K)
[2019.10.17-14.13.01:692][  0]LogSlate: Took 0.010439 seconds to synchronously load lazily loaded font '../../../Engine/Content/Slate/Fonts/Roboto-Bold.ttf' (160K)
[2019.10.17-14.13.01:984][  0]LogRenderer: Reallocating scene render targets to support 928x588 Format 9 NumSamples 1 (Frame:1).
[2019.10.17-14.13.04:656][  0]LogContentBrowser: Native class hierarchy updated for 'HierarchicalLODOutliner' in 0.0005 seconds. Added 0 classes and 0 folders.
[2019.10.17-14.13.04:656][  0]LogLoad: (Engine Initialization) Total time: 44.80 seconds
[2019.10.17-14.13.04:656][  0]LogLoad: (Engine Initialization) Total Blueprint compile time: 0.00 seconds
[2019.10.17-14.13.04:742][  0]LogContentStreaming: Texture pool size now 800 MB
[2019.10.17-14.13.05:840][  8]LogSlate: Took 0.008955 seconds to synchronously load lazily loaded font '../../../Engine/Content/Slate/Fonts/Roboto-Light.ttf' (167K)
[2019.10.17-14.13.06:634][ 22]LogAssetRegistry: Asset discovery search completed in 27.3229 seconds
[2019.10.17-14.13.06:647][ 22]LogCollectionManager: Rebuilt the object cache for 0 collections in 0.000008 seconds (found 0 objects)
[2019.10.17-14.13.06:647][ 22]LogCollectionManager: Fixed up redirectors for 0 collections in 0.000103 seconds (updated 0 objects)
[2019.10.17-14.13.14:145][252]LogSlate: FSceneViewport::OnFocusLost() reason 0
[2019.10.17-14.13.15:155][285]LogEditorViewport: Clicking on Actor (LMB): BP_Sky_Sphere_C (Sky Sphere)
[2019.10.17-14.13.15:401][285]LogSlate: Took 0.013687 seconds to synchronously load lazily loaded font '../../../Engine/Content/Editor/Slate/Fonts/FontAwesome.ttf' (139K)
[2019.10.17-14.13.16:712][320]LogSlate: FSceneViewport::OnFocusLost() reason 0
[2019.10.17-14.13.16:804][324]LogTemp: Repeating last play command: Selected Viewport
[2019.10.17-14.13.16:835][324]LogBlueprintUserMessages: Early PlayInEditor Detection: Level '/Game/Maps/MyLevel.MyLevel:PersistentLevel' has LevelScriptBlueprint '/Game/Maps/MyLevel.MyLevel:PersistentLevel.MyLevel' with GeneratedClass '/Game/Maps/MyLevel.MyLevel_C' with ClassGeneratedBy '/Game/Maps/MyLevel.MyLevel:PersistentLevel.MyLevel'
[2019.10.17-14.13.16:837][324]LogPlayLevel: PlayLevel: No blueprints needed recompiling
[2019.10.17-14.13.16:843][324]PIE: New page: PIE session: MyLevel (17 Oct 2019 16:13:16)
[2019.10.17-14.13.16:844][324]LogOnline: OSS: Creating online subsystem instance for: NULL
[2019.10.17-14.13.16:845][324]LogPlayLevel: Creating play world package: /Game/Maps/UEDPIE_0_MyLevel
[2019.10.17-14.13.16:850][324]LogPlayLevel: PIE: StaticDuplicateObject took: (0.004983s)
[2019.10.17-14.13.16:852][324]LogAIModule: Creating AISystem for world MyLevel
[2019.10.17-14.13.16:852][324]LogPlayLevel: PIE: World Init took: (0.001844s)
[2019.10.17-14.13.16:852][324]LogPlayLevel: PIE: Created PIE world by copying editor world from /Game/Maps/MyLevel.MyLevel to /Game/Maps/UEDPIE_0_MyLevel.MyLevel (0.007161s)
[2019.10.17-14.13.16:883][324]LogUObjectHash: Compacting FUObjectHashTables data took   1.93ms
[2019.10.17-14.13.16:897][324]LogInit: XAudio2 using 'Speakers / Headphones (Realtek Audio)' : 2 channels at 48 kHz using 32 bits per sample (channel mask 0x3)
[2019.10.17-14.13.16:920][324]LogInit: FAudioDevice initialized.
[2019.10.17-14.13.16:934][324]LogLoad: Game class is 'GameModeBase'
[2019.10.17-14.13.16:942][324]LogScript: Warning: Script Msg: Divide by zero detected: 0.000000 / 0
Script call stack:
	Function /Game/ParagonWraith/Characters/Heroes/Wraith/Wraith_AnimBlueprint.Wraith_AnimBlueprint_C:BlueprintUpdateAnimation
	Function /Game/ParagonWraith/Characters/Heroes/Wraith/Wraith_AnimBlueprint.Wraith_AnimBlueprint_C:ExecuteUbergraph_Wraith_AnimBlueprint

[2019.10.17-14.13.16:943][324]LogWorld: Bringing World /Game/Maps/UEDPIE_0_MyLevel.MyLevel up for play (max tick rate 60) at 2019.10.17-15.13.16
[2019.10.17-14.13.16:949][324]LogWorld: Bringing up level for play took: 0.010437
[2019.10.17-14.13.16:950][324]LogOnline: OSS: Creating online subsystem instance for: :Context_1
[2019.10.17-14.13.16:979][324]LogContentBrowser: Native class hierarchy updated for 'MovieSceneCapture' in 0.0006 seconds. Added 20 classes and 0 folders.
[2019.10.17-14.13.17:005][324]PIE: Play in editor start time for /Game/Maps/UEDPIE_0_MyLevel 0.871
[2019.10.17-14.13.17:005][324]LogBlueprintUserMessages: Late PlayInEditor Detection: Level '/Game/Maps/MyLevel.MyLevel:PersistentLevel' has LevelScriptBlueprint '/Game/Maps/MyLevel.MyLevel:PersistentLevel.MyLevel' with GeneratedClass '/Game/Maps/MyLevel.MyLevel_C' with ClassGeneratedBy '/Game/Maps/MyLevel.MyLevel:PersistentLevel.MyLevel'
[2019.10.17-14.13.19:143][394]LogParticles: Warning: Particle Notify: Particle system is null for particle notify 'PlayParticleEffect' in anim: '/Game/ParagonWraith/Characters/Heroes/Wraith/Animations/LevelStart_Montage.LevelStart_Montage'
[2019.10.17-14.13.22:013][512]LogBlueprintUserMessages: [BP_Dummy_2] 200.0
[2019.10.17-14.13.36:229][ 67]LogBlueprintUserMessages: Early EndPlayMap Detection: Level '/Game/Maps/MyLevel.MyLevel:PersistentLevel' has LevelScriptBlueprint '/Game/Maps/MyLevel.MyLevel:PersistentLevel.MyLevel' with GeneratedClass '/Game/Maps/MyLevel.MyLevel_C' with ClassGeneratedBy '/Game/Maps/MyLevel.MyLevel:PersistentLevel.MyLevel'
[2019.10.17-14.13.36:236][ 67]LogSlate: Updating window title bar state: overlay mode, drag disabled, window buttons hidden, title bar hidden
[2019.10.17-14.13.36:236][ 67]LogWorld: BeginTearingDown for /Game/Maps/UEDPIE_0_MyLevel
[2019.10.17-14.13.36:237][ 67]LogWorld: UWorld::CleanupWorld for MyLevel, bSessionEnded=true, bCleanupResources=true
[2019.10.17-14.13.36:293][ 67]LogPlayLevel: Display: Shutting down PIE online subsystems
[2019.10.17-14.13.36:294][ 67]LogBlueprintUserMessages: Late EndPlayMap Detection: Level '/Game/Maps/MyLevel.MyLevel:PersistentLevel' has LevelScriptBlueprint '/Game/Maps/MyLevel.MyLevel:PersistentLevel.MyLevel' with GeneratedClass '/Game/Maps/MyLevel.MyLevel_C' with ClassGeneratedBy '/Game/Maps/MyLevel.MyLevel:PersistentLevel.MyLevel'
[2019.10.17-14.13.36:331][ 67]LogSlate: Updating window title bar state: overlay mode, drag disabled, window buttons hidden, title bar hidden
[2019.10.17-14.13.36:339][ 67]LogUObjectHash: Compacting FUObjectHashTables data took   2.23ms
[2019.10.17-14.13.36:370][ 68]LogPlayLevel: Display: Destroying online subsystem :Context_1
[2019.10.17-14.13.37:434][105]LogSlate: FSceneViewport::OnFocusLost() reason 0
[2019.10.17-14.13.42:713][310]LogSlate: FSceneViewport::OnFocusLost() reason 5
[2019.10.17-14.13.52:167][482]LogSlate: FSceneViewport::OnFocusLost() reason 0
[2019.10.17-14.13.56:771][653]LogAssetEditorManager: Opening Asset editor for Blueprint /Game/Blueprints/MyCharacter.MyCharacter
[2019.10.17-14.13.57:801][653]LogContentBrowser: Native class hierarchy updated for 'BlueprintGraph' in 0.0013 seconds. Added 121 classes and 0 folders.
[2019.10.17-14.14.00:544][653]LogScript: Warning: Script Msg: Divide by zero detected: 0.000000 / 0
Script call stack:
	Function /Game/ParagonWraith/Characters/Heroes/Wraith/Wraith_AnimBlueprint.Wraith_AnimBlueprint_C:BlueprintUpdateAnimation
	Function /Game/ParagonWraith/Characters/Heroes/Wraith/Wraith_AnimBlueprint.Wraith_AnimBlueprint_C:ExecuteUbergraph_Wraith_AnimBlueprint

[2019.10.17-14.14.00:593][653]LogSlate: Took 0.040659 seconds to synchronously load lazily loaded font '../../../Engine/Content/Slate/Fonts/Roboto-BoldCondensed.ttf' (158K)
[2019.10.17-14.14.00:790][654]LogSlate: Took 0.021517 seconds to synchronously load lazily loaded font '../../../Engine/Content/Slate/Fonts/Roboto-Italic.ttf' (157K)
[2019.10.17-14.14.07:531][932]LogScript: Warning: Script Msg: Divide by zero detected: 0.000000 / 0
Script call stack:
	Function /Game/ParagonWraith/Characters/Heroes/Wraith/Wraith_AnimBlueprint.Wraith_AnimBlueprint_C:BlueprintUpdateAnimation
	Function /Game/ParagonWraith/Characters/Heroes/Wraith/Wraith_AnimBlueprint.Wraith_AnimBlueprint_C:ExecuteUbergraph_Wraith_AnimBlueprint

[2019.10.17-14.14.44:235][699]LogSlate: FSceneViewport::OnFocusLost() reason 5
[2019.10.17-14.14.47:419][759]LogScript: Warning: Script Msg: Divide by zero detected: 0.000000 / 0
Script call stack:
	Function /Game/ParagonWraith/Characters/Heroes/Wraith/Wraith_AnimBlueprint.Wraith_AnimBlueprint_C:BlueprintUpdateAnimation
	Function /Game/ParagonWraith/Characters/Heroes/Wraith/Wraith_AnimBlueprint.Wraith_AnimBlueprint_C:ExecuteUbergraph_Wraith_AnimBlueprint

[2019.10.17-14.14.48:830][778]LogAssetEditorManager: Opening Asset editor for AnimBlueprint /Game/ParagonWraith/Characters/Heroes/Wraith/Wraith_AnimBlueprint.Wraith_AnimBlueprint
[2019.10.17-14.14.48:911][778]LogContentBrowser: Native class hierarchy updated for 'SkeletonEditor' in 0.0007 seconds. Added 1 classes and 2 folders.
[2019.10.17-14.14.49:450][778]LogActorComponent: RegisterComponentWithWorld: (/Engine/Transient.World_6:PersistentLevel.AnimationEditorPreviewActor_0.DebugSkelMeshComponent_0) Already registered. Aborting.
[2019.10.17-14.14.49:466][778]LogContentBrowser: Native class hierarchy updated for 'PinnedCommandList' in 0.0007 seconds. Added 1 classes and 0 folders.
[2019.10.17-14.14.50:479][778]LogSkeletalMesh: USkeletalMeshComponent::InitArticulated : Bodies already created (/Engine/Transient.World_6:PersistentLevel.AnimationEditorPreviewActor_0.DebugSkelMeshComponent_0) - call TermArticulated first.
[2019.10.17-14.14.52:378][779]LogContentBrowser: Verbose: The majority of assets in the view are of type: AnimSequence
[2019.10.17-14.16.01:277][ 36]LogAssetEditorManager: Opening Asset editor for SkeletalMesh /Game/ParagonWraith/Characters/Heroes/Wraith/Meshes/Wraith.Wraith
[2019.10.17-14.16.01:326][ 36]LogActorComponent: RegisterComponentWithWorld: (/Engine/Transient.World_9:PersistentLevel.AnimationEditorPreviewActor_0.DebugSkelMeshComponent_0) Already registered. Aborting.
[2019.10.17-14.16.01:417][ 36]LogSkeletalMesh: USkeletalMeshComponent::InitArticulated : Bodies already created (/Engine/Transient.World_9:PersistentLevel.AnimationEditorPreviewActor_0.DebugSkelMeshComponent_0) - call TermArticulated first.
[2019.10.17-14.16.12:746][351]LogSlate: FSceneViewport::OnFocusLost() reason 0
[2019.10.17-14.18.34:299][411]LogSlate: FSceneViewport::OnFocusLost() reason 0
[2019.10.17-14.18.47:308][782]LogSlate: FSceneViewport::OnFocusLost() reason 2
[2019.10.17-14.18.50:034][837]LogTemp: Repeating last play command: Selected Viewport
[2019.10.17-14.18.50:118][837]LogBlueprintUserMessages: Early PlayInEditor Detection: Level '/Game/Maps/MyLevel.MyLevel:PersistentLevel' has LevelScriptBlueprint '/Game/Maps/MyLevel.MyLevel:PersistentLevel.MyLevel' with GeneratedClass '/Game/Maps/MyLevel.MyLevel_C' with ClassGeneratedBy '/Game/Maps/MyLevel.MyLevel:PersistentLevel.MyLevel'
[2019.10.17-14.18.50:127][837]LogPlayLevel: PlayLevel: No blueprints needed recompiling
[2019.10.17-14.18.50:131][837]PIE: New page: PIE session: MyLevel (17 Oct 2019 16:18:50)
[2019.10.17-14.18.50:138][837]LogPlayLevel: Creating play world package: /Game/Maps/UEDPIE_0_MyLevel
[2019.10.17-14.18.50:194][837]LogPlayLevel: PIE: StaticDuplicateObject took: (0.055487s)
[2019.10.17-14.18.50:204][837]LogAIModule: Creating AISystem for world MyLevel
[2019.10.17-14.18.50:211][837]LogPlayLevel: PIE: World Init took: (0.016022s)
[2019.10.17-14.18.50:212][837]LogPlayLevel: PIE: Created PIE world by copying editor world from /Game/Maps/MyLevel.MyLevel to /Game/Maps/UEDPIE_0_MyLevel.MyLevel (0.073488s)
[2019.10.17-14.18.50:692][837]LogUObjectHash: Compacting FUObjectHashTables data took  35.99ms
[2019.10.17-14.18.50:741][837]LogInit: XAudio2 using 'Speakers / Headphones (Realtek Audio)' : 2 channels at 48 kHz using 32 bits per sample (channel mask 0x3)
[2019.10.17-14.18.50:840][837]LogInit: FAudioDevice initialized.
[2019.10.17-14.18.50:932][837]LogLoad: Game class is 'GameModeBase'
[2019.10.17-14.18.50:949][837]LogScript: Warning: Script Msg: Divide by zero detected: 0.000000 / 0
Script call stack:
	Function /Game/ParagonWraith/Characters/Heroes/Wraith/Wraith_AnimBlueprint.Wraith_AnimBlueprint_C:BlueprintUpdateAnimation
	Function /Game/ParagonWraith/Characters/Heroes/Wraith/Wraith_AnimBlueprint.Wraith_AnimBlueprint_C:ExecuteUbergraph_Wraith_AnimBlueprint

[2019.10.17-14.18.50:952][837]LogWorld: Bringing World /Game/Maps/UEDPIE_0_MyLevel.MyLevel up for play (max tick rate 60) at 2019.10.17-15.18.50
[2019.10.17-14.18.50:960][837]LogWorld: Bringing up level for play took: 0.026746
[2019.10.17-14.18.50:971][837]LogOnline: OSS: Creating online subsystem instance for: :Context_12
[2019.10.17-14.18.51:050][837]PIE: Play in editor start time for /Game/Maps/UEDPIE_0_MyLevel 0.915
[2019.10.17-14.18.51:054][837]LogBlueprintUserMessages: Late PlayInEditor Detection: Level '/Game/Maps/MyLevel.MyLevel:PersistentLevel' has LevelScriptBlueprint '/Game/Maps/MyLevel.MyLevel:PersistentLevel.MyLevel' with GeneratedClass '/Game/Maps/MyLevel.MyLevel_C' with ClassGeneratedBy '/Game/Maps/MyLevel.MyLevel:PersistentLevel.MyLevel'
[2019.10.17-14.18.52:496][882]LogBlueprintUserMessages: [BP_Dummy_2] 200.0
[2019.10.17-14.18.53:121][901]LogParticles: Warning: Particle Notify: Particle system is null for particle notify 'PlayParticleEffect' in anim: '/Game/ParagonWraith/Characters/Heroes/Wraith/Animations/LevelStart_Montage.LevelStart_Montage'
[2019.10.17-14.18.57:366][ 67]LogBlueprintUserMessages: Early EndPlayMap Detection: Level '/Game/Maps/MyLevel.MyLevel:PersistentLevel' has LevelScriptBlueprint '/Game/Maps/MyLevel.MyLevel:PersistentLevel.MyLevel' with GeneratedClass '/Game/Maps/MyLevel.MyLevel_C' with ClassGeneratedBy '/Game/Maps/MyLevel.MyLevel:PersistentLevel.MyLevel'
[2019.10.17-14.18.57:373][ 67]LogSlate: Updating window title bar state: overlay mode, drag disabled, window buttons hidden, title bar hidden
[2019.10.17-14.18.57:374][ 67]LogWorld: BeginTearingDown for /Game/Maps/UEDPIE_0_MyLevel
[2019.10.17-14.18.57:380][ 67]LogWorld: UWorld::CleanupWorld for MyLevel, bSessionEnded=true, bCleanupResources=true
[2019.10.17-14.18.57:441][ 67]LogPlayLevel: Display: Shutting down PIE online subsystems
[2019.10.17-14.18.57:443][ 67]LogBlueprintUserMessages: Late EndPlayMap Detection: Level '/Game/Maps/MyLevel.MyLevel:PersistentLevel' has LevelScriptBlueprint '/Game/Maps/MyLevel.MyLevel:PersistentLevel.MyLevel' with GeneratedClass '/Game/Maps/MyLevel.MyLevel_C' with ClassGeneratedBy '/Game/Maps/MyLevel.MyLevel:PersistentLevel.MyLevel'
[2019.10.17-14.18.57:533][ 67]LogSlate: Updating window title bar state: overlay mode, drag disabled, window buttons hidden, title bar hidden
[2019.10.17-14.18.57:585][ 67]LogUObjectHash: Compacting FUObjectHashTables data took   6.03ms
[2019.10.17-14.18.57:640][ 68]LogPlayLevel: Display: Destroying online subsystem :Context_12
[2019.10.17-14.19.00:496][117]LogSlate: FSceneViewport::OnFocusLost() reason 0
[2019.10.17-14.19.00:686][119]Candidate modules for hot reload:
[2019.10.17-14.19.00:686][119]  thirdpersron
[2019.10.17-14.19.00:688][119]Launching UnrealBuildTool... [C:/Program Files/Epic Games/UE_4.23/Engine/Binaries/DotNET/UnrealBuildTool.exe  -ModuleWithSuffix=thirdpersron,8702 Win64 Development -TargetType=Editor -Project="C:/Users/jamie/Documents/GitHub/Third-PersRon/thirdpersron 4.23/thirdpersron.uproject" "C:/Users/jamie/Documents/GitHub/Third-PersRon/thirdpersron 4.23/thirdpersron.uproject"  -IgnoreJunk]
[2019.10.17-14.19.00:692][119]Warning: Starting HotReload took  0.1s.
[2019.10.17-14.21.25:628][314]LogSlate: FSceneViewport::OnFocusLost() reason 0
[2019.10.17-14.22.52:123][858]LogSlate: FSceneViewport::OnFocusLost() reason 0
[2019.10.17-14.22.57:435][ 19]BlueprintLog: New page: Compile Wraith_AnimBlueprint
[2019.10.17-14.22.58:713][ 19]LogScript: Warning: Script Msg: Divide by zero detected: 0.000000 / 0
Script call stack:
	Function /Game/ParagonWraith/Characters/Heroes/Wraith/Wraith_AnimBlueprint.Wraith_AnimBlueprint_C:BlueprintUpdateAnimation
	Function /Game/ParagonWraith/Characters/Heroes/Wraith/Wraith_AnimBlueprint.Wraith_AnimBlueprint_C:ExecuteUbergraph_Wraith_AnimBlueprint

[2019.10.17-14.22.58:714][ 19]LogScript: Warning: Script Msg: Divide by zero detected: 0.000000 / 0
Script call stack:
	Function /Game/ParagonWraith/Characters/Heroes/Wraith/Wraith_AnimBlueprint.Wraith_AnimBlueprint_C:BlueprintUpdateAnimation
	Function /Game/ParagonWraith/Characters/Heroes/Wraith/Wraith_AnimBlueprint.Wraith_AnimBlueprint_C:ExecuteUbergraph_Wraith_AnimBlueprint

[2019.10.17-14.22.58:716][ 19]LogScript: Warning: Script Msg: Divide by zero detected: 0.000000 / 0
Script call stack:
	Function /Game/ParagonWraith/Characters/Heroes/Wraith/Wraith_AnimBlueprint.Wraith_AnimBlueprint_C:BlueprintUpdateAnimation
	Function /Game/ParagonWraith/Characters/Heroes/Wraith/Wraith_AnimBlueprint.Wraith_AnimBlueprint_C:ExecuteUbergraph_Wraith_AnimBlueprint

[2019.10.17-14.22.58:790][ 19]LogUObjectHash: Compacting FUObjectHashTables data took   6.63ms
[2019.10.17-14.22.59:334][ 19]LogSavePackage: Moving '../../../../../../Users/jamie/Documents/GitHub/Third-PersRon/thirdpersron 4.23/Saved/Wraith_AnimBlueprintF0064F5C401471F25513DCB7189F9077.tmp' to '../../../../../../Users/jamie/Documents/GitHub/Third-PersRon/thirdpersron 4.23/Content/ParagonWraith/Characters/Heroes/Wraith/Wraith_AnimBlueprint.uasset'
[2019.10.17-14.23.11:615][347]LogSlate: FSceneViewport::OnFocusLost() reason 2
[2019.10.17-14.23.14:525][407]LogAnimationCompression: Building Anim DDC data for AnimSequence /Game/ParagonWraith/Characters/Heroes/Wraith/Animations/Ability_E.Ability_E
[2019.10.17-14.23.14:526][407]LogAnimationCompression: Recompressing (AnimSequence /Game/ParagonWraith/Characters/Heroes/Wraith/Animations/Ability_E.Ability_E) using current/default (AnimCompress_PerTrackCompression_1) bFirstRecompressUsingCurrentOrDefault(1) bTryAlternateCompressor(0) IsCompressedDataValid(0)
[2019.10.17-14.23.18:932][506]LogSlate: FSceneViewport::OnFocusLost() reason 2
[2019.10.17-14.23.20:598][545]LogAnimationCompression: Building Anim DDC data for AnimSequence /Game/ParagonWraith/Characters/Heroes/Wraith/Animations/Ability_E_Recovery.Ability_E_Recovery
[2019.10.17-14.23.20:598][545]LogAnimationCompression: Recompressing (AnimSequence /Game/ParagonWraith/Characters/Heroes/Wraith/Animations/Ability_E_Recovery.Ability_E_Recovery) using current/default (AnimCompress_PerTrackCompression_0) bFirstRecompressUsingCurrentOrDefault(1) bTryAlternateCompressor(0) IsCompressedDataValid(0)
[2019.10.17-14.23.23:609][613]LogSlate: FSceneViewport::OnFocusLost() reason 2
[2019.10.17-14.23.29:399][729]LogAnimationCompression: Building Anim DDC data for AnimSequence /Game/ParagonWraith/Characters/Heroes/Wraith/Animations/Ability_Q_Fire.Ability_Q_Fire
[2019.10.17-14.23.29:400][729]LogAnimationCompression: Recompressing (AnimSequence /Game/ParagonWraith/Characters/Heroes/Wraith/Animations/Ability_Q_Fire.Ability_Q_Fire) using current/default (AnimCompress_PerTrackCompression_1) bFirstRecompressUsingCurrentOrDefault(1) bTryAlternateCompressor(0) IsCompressedDataValid(0)
[2019.10.17-14.23.46:290][183]LogSlate: FSceneViewport::OnFocusLost() reason 2
[2019.10.17-14.23.49:988][264]LogAnimationCompression: Building Anim DDC data for AnimSequence /Game/ParagonWraith/Characters/Heroes/Wraith/Animations/Ability_R.Ability_R
[2019.10.17-14.23.49:989][264]LogAnimationCompression: Recompressing (AnimSequence /Game/ParagonWraith/Characters/Heroes/Wraith/Animations/Ability_R.Ability_R) using current/default (AnimCompress_PerTrackCompression_1) bFirstRecompressUsingCurrentOrDefault(1) bTryAlternateCompressor(0) IsCompressedDataValid(0)
[2019.10.17-14.23.55:130][381]LogSlate: FSceneViewport::OnFocusLost() reason 2
[2019.10.17-14.23.57:932][445]LogAnimationCompression: Building Anim DDC data for AnimSequence /Game/ParagonWraith/Characters/Heroes/Wraith/Animations/Ability_RMB_Loop.Ability_RMB_Loop
[2019.10.17-14.23.57:932][445]LogAnimationCompression: Recompressing (AnimSequence /Game/ParagonWraith/Characters/Heroes/Wraith/Animations/Ability_RMB_Loop.Ability_RMB_Loop) using current/default (AnimCompress_PerTrackCompression_1) bFirstRecompressUsingCurrentOrDefault(1) bTryAlternateCompressor(0) IsCompressedDataValid(0)
[2019.10.17-14.24.04:817][618]LogHttp: Warning: 0000021549BD5800: invalid HTTP response code received. URL: https://datarouter.ol.epicgames.com/datarouter/api/v1/public/data?SessionID=%7B68FDD50D-424E-C5FF-C493-6389C633071C%7D&AppID=UEEditor.Rocket.Release&AppVersion=4.23.0-8386587%2B%2B%2BUE4%2BRelease-4.23&UserID=36caf47b480e3f616cb21d9877f97963%7Ca85322c062ab4204a0d5627d245a9e44%7C478f9311-b8c9-4c80-a953-d9d4014165d1&AppEnvironment=datacollector-binary&UploadType=eteventstream, HTTP code: 0, content length: -1, actual payload size: 0
[2019.10.17-14.24.04:817][618]LogHttp: Warning: 0000021549BD5800: request failed, libcurl error: 0 (No error)
[2019.10.17-14.24.04:817][618]LogHttp: Warning: 0000021549BD5800: libcurl info message cache 0 (Found bundle for host datarouter.ol.epicgames.com: 0x21569d07f70 [can pipeline])
[2019.10.17-14.24.04:818][618]LogHttp: Warning: 0000021549BD5800: libcurl info message cache 1 (Re-using existing connection! (#4) with host datarouter.ol.epicgames.com)
[2019.10.17-14.24.04:818][618]LogHttp: Warning: 0000021549BD5800: libcurl info message cache 2 (Connected to datarouter.ol.epicgames.com (52.54.203.96) port 443 (#4))
[2019.10.17-14.24.04:819][618]LogHttp: Warning: 0000021549BD5800: libcurl info message cache 3 (We are completely uploaded and fine)
[2019.10.17-14.24.04:819][618]LogHttp: Warning: 0000021549BD5800: libcurl info message cache 4 (TLSv1.2 (IN), TLS alert, Client hello (1):)
[2019.10.17-14.24.04:819][618]LogHttp: Warning: 0000021549BD5800: libcurl info message cache 5 (Connection died, retrying a fresh connect)
[2019.10.17-14.24.04:819][618]LogHttp: Warning: 0000021549BD5800: libcurl info message cache 6 (necessary data rewind wasn't possible)
[2019.10.17-14.24.04:819][618]LogHttp: Warning: 0000021549BD5800: libcurl info message cache 7 (Closing connection 4)
[2019.10.17-14.24.04:819][618]LogHttp: Warning: 0000021549BD5800: libcurl info message cache 8 (TLSv1.2 (OUT), TLS alert, Client hello (1):)
[2019.10.17-14.24.04:819][618]LogHttp: Warning: Retry exhausted on https://datarouter.ol.epicgames.com/datarouter/api/v1/public/data?SessionID=%7B68FDD50D-424E-C5FF-C493-6389C633071C%7D&AppID=UEEditor.Rocket.Release&AppVersion=4.23.0-8386587%2B%2B%2BUE4%2BRelease-4.23&UserID=36caf47b480e3f616cb21d9877f97963%7Ca85322c062ab4204a0d5627d245a9e44%7C478f9311-b8c9-4c80-a953-d9d4014165d1&AppEnvironment=datacollector-binary&UploadType=eteventstream
[2019.10.17-14.24.09:217][733]LogSlate: FSceneViewport::OnFocusLost() reason 2
[2019.10.17-14.24.10:714][765]LogAnimationCompression: Building Anim DDC data for AnimSequence /Game/ParagonWraith/Characters/Heroes/Wraith/Animations/Ability_R_MSA.Ability_R_MSA
[2019.10.17-14.24.10:714][765]LogAnimationCompression: Recompressing (AnimSequence /Game/ParagonWraith/Characters/Heroes/Wraith/Animations/Ability_R_MSA.Ability_R_MSA) using current/default (AnimCompress_PerTrackCompression_0) bFirstRecompressUsingCurrentOrDefault(1) bTryAlternateCompressor(0) IsCompressedDataValid(0)
[2019.10.17-14.24.13:741][829]LogSlate: FSceneViewport::OnFocusLost() reason 2
[2019.10.17-14.24.16:471][892]LogAnimationCompression: Building Anim DDC data for AnimSequence /Game/ParagonWraith/Characters/Heroes/Wraith/Animations/Ability_RMB_Parts_Loop.Ability_RMB_Parts_Loop
[2019.10.17-14.24.16:472][892]LogAnimationCompression: Recompressing (AnimSequence /Game/ParagonWraith/Characters/Heroes/Wraith/Animations/Ability_RMB_Parts_Loop.Ability_RMB_Parts_Loop) using current/default (AnimCompress_PerTrackCompression_0) bFirstRecompressUsingCurrentOrDefault(1) bTryAlternateCompressor(0) IsCompressedDataValid(0)
[2019.10.17-14.24.19:827][970]LogSlate: FSceneViewport::OnFocusLost() reason 2
[2019.10.17-14.24.21:202][997]LogAnimationCompression: Building Anim DDC data for AnimSequence /Game/ParagonWraith/Characters/Heroes/Wraith/Animations/Ability_RMB_Start_MSA.Ability_RMB_Start_MSA
[2019.10.17-14.24.21:204][997]LogAnimationCompression: Recompressing (AnimSequence /Game/ParagonWraith/Characters/Heroes/Wraith/Animations/Ability_RMB_Start_MSA.Ability_RMB_Start_MSA) using current/default (AnimCompress_PerTrackCompression_0) bFirstRecompressUsingCurrentOrDefault(1) bTryAlternateCompressor(0) IsCompressedDataValid(0)
[2019.10.17-14.24.24:299][ 69]LogSlate: FSceneViewport::OnFocusLost() reason 2
[2019.10.17-14.24.26:146][107]LogAnimationCompression: Building Anim DDC data for AnimSequence /Game/ParagonWraith/Characters/Heroes/Wraith/Animations/Ability_RMB_Start.Ability_RMB_Start
[2019.10.17-14.24.26:146][107]LogAnimationCompression: Recompressing (AnimSequence /Game/ParagonWraith/Characters/Heroes/Wraith/Animations/Ability_RMB_Start.Ability_RMB_Start) using current/default (AnimCompress_PerTrackCompression_0) bFirstRecompressUsingCurrentOrDefault(1) bTryAlternateCompressor(0) IsCompressedDataValid(0)
[2019.10.17-14.24.28:422][155]LogSlate: FSceneViewport::OnFocusLost() reason 2
[2019.10.17-14.24.29:685][180]LogAnimationCompression: Building Anim DDC data for AnimSequence /Game/ParagonWraith/Characters/Heroes/Wraith/Animations/Ability_RMB_Parts_Start.Ability_RMB_Parts_Start
[2019.10.17-14.24.29:685][180]LogAnimationCompression: Recompressing (AnimSequence /Game/ParagonWraith/Characters/Heroes/Wraith/Animations/Ability_RMB_Parts_Start.Ability_RMB_Parts_Start) using current/default (AnimCompress_PerTrackCompression_0) bFirstRecompressUsingCurrentOrDefault(1) bTryAlternateCompressor(0) IsCompressedDataValid(0)
[2019.10.17-14.24.36:567][363]LogSlate: FSceneViewport::OnFocusLost() reason 2
[2019.10.17-14.24.40:841][439]LogAnimationCompression: Building Anim DDC data for AnimSequence /Game/ParagonWraith/Characters/Heroes/Wraith/Animations/Ability_RMB_Loop_MSA.Ability_RMB_Loop_MSA
[2019.10.17-14.24.40:841][439]LogAnimationCompression: Recompressing (AnimSequence /Game/ParagonWraith/Characters/Heroes/Wraith/Animations/Ability_RMB_Loop_MSA.Ability_RMB_Loop_MSA) using current/default (AnimCompress_PerTrackCompression_1) bFirstRecompressUsingCurrentOrDefault(1) bTryAlternateCompressor(0) IsCompressedDataValid(0)
[2019.10.17-14.24.42:407][470]LogSlate: FSceneViewport::OnFocusLost() reason 2
[2019.10.17-14.24.48:622][609]LogSlate: FSceneViewport::OnFocusLost() reason 2
[2019.10.17-14.24.53:102][707]LogSlate: FSceneViewport::OnFocusLost() reason 2
[2019.10.17-14.24.55:839][767]LogAnimationCompression: Building Anim DDC data for AnimSequence /Game/ParagonWraith/Characters/Heroes/Wraith/Animations/Ability_RMB_Walk_Right.Ability_RMB_Walk_Right
[2019.10.17-14.24.55:839][767]LogAnimationCompression: Recompressing (AnimSequence /Game/ParagonWraith/Characters/Heroes/Wraith/Animations/Ability_RMB_Walk_Right.Ability_RMB_Walk_Right) using current/default (AnimCompress_PerTrackCompression_0) bFirstRecompressUsingCurrentOrDefault(1) bTryAlternateCompressor(0) IsCompressedDataValid(0)
[2019.10.17-14.24.57:694][806]LogSlate: FSceneViewport::OnFocusLost() reason 2
[2019.10.17-14.24.59:396][840]LogAnimationCompression: Building Anim DDC data for AnimSequence /Game/ParagonWraith/Characters/Heroes/Wraith/Animations/Cast.Cast
[2019.10.17-14.24.59:397][840]LogAnimationCompression: Recompressing (AnimSequence /Game/ParagonWraith/Characters/Heroes/Wraith/Animations/Cast.Cast) using current/default (AnimCompress_RemoveLinearKeys_1) bFirstRecompressUsingCurrentOrDefault(1) bTryAlternateCompressor(0) IsCompressedDataValid(0)
[2019.10.17-14.25.01:484][877]LogSlate: FSceneViewport::OnFocusLost() reason 2
[2019.10.17-14.25.03:595][919]LogAnimationCompression: Building Anim DDC data for AnimSequence /Game/ParagonWraith/Characters/Heroes/Wraith/Animations/Bound.Bound
[2019.10.17-14.25.03:595][919]LogAnimationCompression: Recompressing (AnimSequence /Game/ParagonWraith/Characters/Heroes/Wraith/Animations/Bound.Bound) using current/default (AnimCompress_PerTrackCompression_1) bFirstRecompressUsingCurrentOrDefault(1) bTryAlternateCompressor(0) IsCompressedDataValid(0)
[2019.10.17-14.25.07:127][999]LogSlate: FSceneViewport::OnFocusLost() reason 2
[2019.10.17-14.25.08:836][ 31]LogAnimationCompression: Building Anim DDC data for AnimSequence /Game/ParagonWraith/Characters/Heroes/Wraith/Animations/Death_Backward.Death_Backward
[2019.10.17-14.25.08:836][ 31]LogAnimationCompression: Recompressing (AnimSequence /Game/ParagonWraith/Characters/Heroes/Wraith/Animations/Death_Backward.Death_Backward) using current/default (AnimCompress_PerTrackCompression_1) bFirstRecompressUsingCurrentOrDefault(1) bTryAlternateCompressor(0) IsCompressedDataValid(0)
[2019.10.17-14.25.13:387][130]LogSlate: FSceneViewport::OnFocusLost() reason 2
[2019.10.17-14.25.13:937][138]CompilerResultsLog: New page: Compilation - 17 Oct 2019 16:25:13
[2019.10.17-14.25.13:937][138]CompilerResultsLog: Using 'git status' to determine working set for adaptive non-unity build (C:\Users\jamie\Documents\GitHub\Third-PersRon).
[2019.10.17-14.25.13:937][138]CompilerResultsLog: Parsing headers for thirdpersronEditor
[2019.10.17-14.25.13:937][138]CompilerResultsLog:   Running UnrealHeaderTool "C:\Users\jamie\Documents\GitHub\Third-PersRon\thirdpersron 4.23\thirdpersron.uproject" "C:\Users\jamie\Documents\GitHub\Third-PersRon\thirdpersron 4.23\Intermediate\Build\Win64\thirdpersronEditor\Development\thirdpersronEditor.uhtmanifest" -LogCmds="loginit warning, logexit warning, logdatabase error" -Unattended -WarningsAsErrors -installed
[2019.10.17-14.25.13:937][138]CompilerResultsLog: Reflection code generated for thirdpersronEditor in 132.1226287 seconds
[2019.10.17-14.25.13:937][138]CompilerResultsLog: Using Visual Studio 2019 14.22.27905 toolchain (C:\Program Files (x86)\Microsoft Visual Studio\2019\Community\VC\Tools\MSVC\14.22.27905) and Windows 10.0.18362.0 SDK (C:\Program Files (x86)\Windows Kits\10).
[2019.10.17-14.25.13:937][138]CompilerResultsLog: Building 4 actions with 4 processes...
[2019.10.17-14.25.13:937][138]CompilerResultsLog:   [1/4] MyCharacter.cpp
[2019.10.17-14.25.13:937][138]CompilerResultsLog:   [2/4] UE4Editor-thirdpersron-8702.lib
[2019.10.17-14.25.13:937][138]CompilerResultsLog:      Creating library C:\Users\jamie\Documents\GitHub\Third-PersRon\thirdpersron 4.23\Intermediate\Build\Win64\UE4Editor\Development\thirdpersron\UE4Editor-thirdpersron-8702.lib and object C:\Users\jamie\Documents\GitHub\Third-PersRon\thirdpersron 4.23\Intermediate\Build\Win64\UE4Editor\Development\thirdpersron\UE4Editor-thirdpersron-8702.exp
[2019.10.17-14.25.13:937][138]CompilerResultsLog:   [3/4] UE4Editor-thirdpersron-8702.dll
[2019.10.17-14.25.13:938][138]CompilerResultsLog:      Creating library C:\Users\jamie\Documents\GitHub\Third-PersRon\thirdpersron 4.23\Intermediate\Build\Win64\UE4Editor\Development\thirdpersron\UE4Editor-thirdpersron-8702.suppressed.lib and object C:\Users\jamie\Documents\GitHub\Third-PersRon\thirdpersron 4.23\Intermediate\Build\Win64\UE4Editor\Development\thirdpersron\UE4Editor-thirdpersron-8702.suppressed.exp
[2019.10.17-14.25.13:938][138]CompilerResultsLog:   [4/4] thirdpersronEditor.target
[2019.10.17-14.25.13:938][138]CompilerResultsLog: Total time in Parallel executor: 215.69 seconds
[2019.10.17-14.25.13:938][138]CompilerResultsLog: Total execution time: 371.54 seconds
[2019.10.17-14.25.13:939][138]LogMainFrame: MainFrame: Module compiling took 373.265 seconds
[2019.10.17-14.25.14:015][138]LogUObjectHash: Compacting FUObjectHashTables data took   6.74ms
[2019.10.17-14.25.14:234][138]LogContentBrowser: Native class hierarchy updated for 'thirdpersron' in 0.0087 seconds. Added 3 classes and 3 folders.
[2019.10.17-14.25.14:241][138]Display: HotReload successful (1 functions remapped  0 scriptstructs remapped)
[2019.10.17-14.25.14:529][138]LogUObjectHash: Compacting FUObjectHashTables data took   4.33ms
[2019.10.17-14.25.14:559][138]LogContentBrowser: Native class hierarchy populated in 0.0280 seconds. Added 2868 classes and 687 folders.
[2019.10.17-14.25.14:618][138]Display: HotReload took 374.0s.
[2019.10.17-14.25.16:665][164]LogAnimationCompression: Building Anim DDC data for AnimSequence /Game/ParagonWraith/Characters/Heroes/Wraith/Animations/Emote_IDK.Emote_IDK
[2019.10.17-14.25.16:666][164]LogAnimationCompression: Recompressing (AnimSequence /Game/ParagonWraith/Characters/Heroes/Wraith/Animations/Emote_IDK.Emote_IDK) using current/default (AnimCompress_PerTrackCompression_0) bFirstRecompressUsingCurrentOrDefault(1) bTryAlternateCompressor(0) IsCompressedDataValid(0)
[2019.10.17-14.25.29:724][448]LogSlate: FSceneViewport::OnFocusLost() reason 2
[2019.10.17-14.25.34:296][551]LogSlate: FSceneViewport::OnFocusLost() reason 2
[2019.10.17-14.25.36:701][595]LogAnimationCompression: Building Anim DDC data for AnimSequence /Game/ParagonWraith/Characters/Heroes/Wraith/Animations/Fire_A_Fast_V1.Fire_A_Fast_V1
[2019.10.17-14.25.36:702][595]LogAnimationCompression: Recompressing (AnimSequence /Game/ParagonWraith/Characters/Heroes/Wraith/Animations/Fire_A_Fast_V1.Fire_A_Fast_V1) using current/default (AnimCompress_RemoveLinearKeys_1) bFirstRecompressUsingCurrentOrDefault(1) bTryAlternateCompressor(0) IsCompressedDataValid(0)
[2019.10.17-14.25.43:084][772]LogSlate: FSceneViewport::OnFocusLost() reason 0
[2019.10.17-14.25.44:360][807]LogTemp: Repeating last play command: Selected Viewport
[2019.10.17-14.25.44:456][807]LogBlueprintUserMessages: Early PlayInEditor Detection: Level '/Game/Maps/MyLevel.MyLevel:PersistentLevel' has LevelScriptBlueprint '/Game/Maps/MyLevel.MyLevel:PersistentLevel.MyLevel' with GeneratedClass '/Game/Maps/MyLevel.MyLevel_C' with ClassGeneratedBy '/Game/Maps/MyLevel.MyLevel:PersistentLevel.MyLevel'
[2019.10.17-14.25.44:456][807]LogPlayLevel: PlayLevel: No blueprints needed recompiling
[2019.10.17-14.25.44:456][807]PIE: New page: PIE session: MyLevel (17 Oct 2019 16:25:44)
[2019.10.17-14.25.44:457][807]LogPlayLevel: Creating play world package: /Game/Maps/UEDPIE_0_MyLevel
[2019.10.17-14.25.44:464][807]LogPlayLevel: PIE: StaticDuplicateObject took: (0.006730s)
[2019.10.17-14.25.44:469][807]LogAIModule: Creating AISystem for world MyLevel
[2019.10.17-14.25.44:470][807]LogPlayLevel: PIE: World Init took: (0.006661s)
[2019.10.17-14.25.44:471][807]LogPlayLevel: PIE: Created PIE world by copying editor world from /Game/Maps/MyLevel.MyLevel to /Game/Maps/UEDPIE_0_MyLevel.MyLevel (0.013663s)
[2019.10.17-14.25.44:918][807]LogUObjectHash: Compacting FUObjectHashTables data took   8.00ms
[2019.10.17-14.25.44:937][807]LogInit: XAudio2 using 'Speakers / Headphones (Realtek Audio)' : 2 channels at 48 kHz using 32 bits per sample (channel mask 0x3)
[2019.10.17-14.25.44:981][807]LogInit: FAudioDevice initialized.
[2019.10.17-14.25.45:000][807]LogLoad: Game class is 'GameModeBase'
[2019.10.17-14.25.45:005][807]LogScript: Warning: Script Msg: Divide by zero detected: 0.000000 / 0
Script call stack:
	Function /Game/ParagonWraith/Characters/Heroes/Wraith/Wraith_AnimBlueprint.Wraith_AnimBlueprint_C:BlueprintUpdateAnimation
	Function /Game/ParagonWraith/Characters/Heroes/Wraith/Wraith_AnimBlueprint.Wraith_AnimBlueprint_C:ExecuteUbergraph_Wraith_AnimBlueprint

[2019.10.17-14.25.45:007][807]LogWorld: Bringing World /Game/Maps/UEDPIE_0_MyLevel.MyLevel up for play (max tick rate 60) at 2019.10.17-15.25.45
[2019.10.17-14.25.45:008][807]LogWorld: Bringing up level for play took: 0.007858
[2019.10.17-14.25.45:009][807]LogOnline: OSS: Creating online subsystem instance for: :Context_14
[2019.10.17-14.25.49:113][807]LogWindows: Error: === Critical error: ===
[2019.10.17-14.25.49:113][807]LogWindows: Error: 
[2019.10.17-14.25.49:113][807]LogWindows: Error: Fatal error!
[2019.10.17-14.25.49:113][807]LogWindows: Error: 
[2019.10.17-14.25.49:113][807]LogWindows: Error: Unhandled Exception: EXCEPTION_ACCESS_VIOLATION reading address 0x00000000
[2019.10.17-14.25.49:113][807]LogWindows: Error: 
[2019.10.17-14.25.49:113][807]LogWindows: Error: [Callstack] 0x00007ffd0b32348c UE4Editor-thirdpersron-8702.dll!AMyCharacter::BeginPlay() [C:\Users\jamie\Documents\GitHub\Third-PersRon\thirdpersron 4.23\Source\thirdpersron\Private\MyCharacter.cpp:47]
[2019.10.17-14.25.49:113][807]LogWindows: Error: [Callstack] 0x00007ffcc81df9f6 UE4Editor-Engine.dll!UnknownFunction []
[2019.10.17-14.25.49:113][807]LogWindows: Error: [Callstack] 0x00007ffcc943cd40 UE4Editor-Engine.dll!UnknownFunction []
[2019.10.17-14.25.49:113][807]LogWindows: Error: [Callstack] 0x00007ffcc88d23b1 UE4Editor-Engine.dll!UnknownFunction []
[2019.10.17-14.25.49:113][807]LogWindows: Error: [Callstack] 0x00007ffcc93eadfe UE4Editor-Engine.dll!UnknownFunction []
[2019.10.17-14.25.49:113][807]LogWindows: Error: [Callstack] 0x00007ffcc8894389 UE4Editor-Engine.dll!UnknownFunction []
[2019.10.17-14.25.49:113][807]LogWindows: Error: [Callstack] 0x00007ffcc62d4953 UE4Editor-UnrealEd.dll!UnknownFunction []
[2019.10.17-14.25.49:113][807]LogWindows: Error: [Callstack] 0x00007ffcc62f3c01 UE4Editor-UnrealEd.dll!UnknownFunction []
[2019.10.17-14.25.49:113][807]LogWindows: Error: [Callstack] 0x00007ffcc630daf5 UE4Editor-UnrealEd.dll!UnknownFunction []
[2019.10.17-14.25.49:113][807]LogWindows: Error: [Callstack] 0x00007ffcc5dcd9b4 UE4Editor-UnrealEd.dll!UnknownFunction []
[2019.10.17-14.25.49:113][807]LogWindows: Error: [Callstack] 0x00007ffcc6624b16 UE4Editor-UnrealEd.dll!UnknownFunction []
[2019.10.17-14.25.49:113][807]LogWindows: Error: [Callstack] 0x00007ff63d1f7b0a UE4Editor.exe!UnknownFunction []
[2019.10.17-14.25.49:113][807]LogWindows: Error: [Callstack] 0x00007ff63d20a91c UE4Editor.exe!UnknownFunction []
[2019.10.17-14.25.49:114][807]LogWindows: Error: [Callstack] 0x00007ff63d20a9fa UE4Editor.exe!UnknownFunction []
[2019.10.17-14.25.49:114][807]LogWindows: Error: [Callstack] 0x00007ff63d21b92c UE4Editor.exe!UnknownFunction []
[2019.10.17-14.25.49:114][807]LogWindows: Error: [Callstack] 0x00007ff63d21e60e UE4Editor.exe!UnknownFunction []
[2019.10.17-14.25.49:114][807]LogWindows: Error: [Callstack] 0x00007ffd14bc7bd4 KERNEL32.DLL!UnknownFunction []
[2019.10.17-14.25.49:114][807]LogWindows: Error: [Callstack] 0x00007ffd1590ced1 ntdll.dll!UnknownFunction []
[2019.10.17-14.25.49:114][807]LogWindows: Error: 
[2019.10.17-14.25.49:184][807]LogExit: Executing StaticShutdownAfterError
[2019.10.17-14.25.49:491][807]LogWindows: FPlatformMisc::RequestExit(1)
[2019.10.17-14.25.49:505][807]Log file closed, 10/17/19 15:25:49
