Log file open, 10/10/19 15:16:29
LogWindows: Failed to load 'aqProf.dll' (GetLastError=126)
LogWindows: File 'aqProf.dll' does not exist
LogWindows: Failed to load 'VtuneApi.dll' (GetLastError=126)
LogWindows: File 'VtuneApi.dll' does not exist
LogWindows: Failed to load 'VtuneApi32e.dll' (GetLastError=126)
LogWindows: File 'VtuneApi32e.dll' does not exist
LogConsoleResponse: Display: Failed to find resolution value strings in scalability ini. Falling back to default.
LogInit: Display: Running engine for game: thirdpersron
LogPlatformFile: Not using cached read wrapper
LogTaskGraph: Started task graph with 5 named threads and 11 total threads with 3 sets of task threads.
LogStats: Stats thread started at 0.579284
LogD3D11RHI: Loaded GFSDK_Aftermath_Lib.x64.dll
LogICUInternationalization: ICU TimeZone Detection - Raw Offset: +0:00, Platform Override: ''
LogPluginManager: Mounting plugin Paper2D
LogPluginManager: Mounting plugin AISupport
LogPluginManager: Mounting plugin LightPropagationVolume
LogPluginManager: Mounting plugin ActorLayerUtilities
LogPluginManager: Mounting plugin AnimationSharing
LogPluginManager: Mounting plugin CLionSourceCodeAccess
LogPluginManager: Mounting plugin CodeLiteSourceCodeAccess
LogPluginManager: Mounting plugin GitSourceControl
LogPluginManager: Mounting plugin KDevelopSourceCodeAccess
LogPluginManager: Mounting plugin NullSourceCodeAccess
LogPluginManager: Mounting plugin PerforceSourceControl
LogPluginManager: Mounting plugin SubversionSourceControl
LogPluginManager: Mounting plugin UObjectPlugin
LogPluginManager: Mounting plugin VisualStudioCodeSourceCodeAccess
LogPluginManager: Mounting plugin VisualStudioSourceCodeAccess
LogPluginManager: Mounting plugin XCodeSourceCodeAccess
LogPluginManager: Mounting plugin AssetManagerEditor
LogPluginManager: Mounting plugin CryptoKeys
LogPluginManager: Mounting plugin CurveEditorTools
LogPluginManager: Mounting plugin DataValidation
LogPluginManager: Mounting plugin FacialAnimation
LogPluginManager: Mounting plugin GameplayTagsEditor
LogPluginManager: Mounting plugin MacGraphicsSwitching
LogPluginManager: Mounting plugin MaterialAnalyzer
LogPluginManager: Mounting plugin MobileLauncherProfileWizard
LogPluginManager: Mounting plugin PluginBrowser
LogPluginManager: Mounting plugin SpeedTreeImporter
LogPluginManager: Mounting plugin DatasmithContent
LogPluginManager: Mounting plugin VariantManagerContent
LogPluginManager: Mounting plugin AlembicImporter
LogPluginManager: Mounting plugin AutomationUtils
LogPluginManager: Mounting plugin BackChannel
LogPluginManager: Mounting plugin CharacterAI
LogPluginManager: Mounting plugin GeometryCache
LogPluginManager: Mounting plugin HTML5Networking
LogPluginManager: Mounting plugin PlatformCrypto
LogPluginManager: Mounting plugin ProxyLODPlugin
LogPluginManager: Mounting plugin SkeletalReduction
LogPluginManager: Mounting plugin MagicLeap
LogPluginManager: Mounting plugin MagicLeapMedia
LogPluginManager: Mounting plugin AndroidMedia
LogPluginManager: Mounting plugin AvfMedia
LogPluginManager: Mounting plugin ImgMedia
LogPluginManager: Mounting plugin MediaCompositing
LogPluginManager: Mounting plugin MediaPlayerEditor
LogPluginManager: Mounting plugin WebMMedia
LogPluginManager: Mounting plugin WmfMedia
LogPluginManager: Mounting plugin TcpMessaging
LogPluginManager: Mounting plugin UdpMessaging
LogPluginManager: Mounting plugin ActorSequence
LogPluginManager: Mounting plugin LevelSequenceEditor
LogPluginManager: Mounting plugin MatineeToLevelSequence
LogPluginManager: Mounting plugin NetcodeUnitTest
LogPluginManager: Mounting plugin NUTUnrealEngine4
LogPluginManager: Mounting plugin OnlineSubsystemGooglePlay
LogPluginManager: Mounting plugin OnlineSubsystemIOS
LogPluginManager: Mounting plugin OnlineSubsystem
LogPluginManager: Mounting plugin OnlineSubsystemNull
LogPluginManager: Mounting plugin OnlineSubsystemUtils
LogPluginManager: Mounting plugin LauncherChunkInstaller
LogPluginManager: Mounting plugin AndroidDeviceProfileSelector
LogPluginManager: Mounting plugin AndroidMoviePlayer
LogPluginManager: Mounting plugin AndroidPermission
LogPluginManager: Mounting plugin AppleImageUtils
LogPluginManager: Mounting plugin AppleMoviePlayer
LogPluginManager: Mounting plugin ArchVisCharacter
LogPluginManager: Mounting plugin AudioCapture
LogPluginManager: Mounting plugin CableComponent
LogPluginManager: Mounting plugin CustomMeshComponent
LogPluginManager: Mounting plugin EditableMesh
LogPluginManager: Mounting plugin ExampleDeviceProfileSelector
LogPluginManager: Mounting plugin GoogleCloudMessaging
LogPluginManager: Mounting plugin IOSDeviceProfileSelector
LogPluginManager: Mounting plugin LinuxDeviceProfileSelector
LogPluginManager: Mounting plugin LocationServicesBPLibrary
LogPluginManager: Mounting plugin MobilePatchingUtils
LogPluginManager: Mounting plugin OculusVR
LogPluginManager: Mounting plugin PhysXVehicles
LogPluginManager: Mounting plugin ProceduralMeshComponent
LogPluginManager: Mounting plugin RuntimePhysXCooking
LogPluginManager: Mounting plugin SignificanceManager
LogPluginManager: Mounting plugin SteamVR
LogPluginManager: Mounting plugin WebMMoviePlayer
LogPluginManager: Mounting plugin WindowsMoviePlayer
LogPluginManager: Mounting plugin ScreenshotTools
LogInit: Using libcurl 7.55.1-DEV
LogInit:  - built for x86_64-pc-win32
LogInit:  - supports SSL with OpenSSL/1.1.1
LogInit:  - supports HTTP deflate (compression) using libz 1.2.8
LogInit:  - other features:
LogInit:      CURL_VERSION_SSL
LogInit:      CURL_VERSION_LIBZ
LogInit:      CURL_VERSION_IPV6
LogInit:      CURL_VERSION_ASYNCHDNS
LogInit:      CURL_VERSION_LARGEFILE
LogInit:      CURL_VERSION_IDN
LogInit:  CurlRequestOptions (configurable via config and command line):
LogInit:  - bVerifyPeer = true  - Libcurl will verify peer certificate
LogInit:  - bUseHttpProxy = false  - Libcurl will NOT use HTTP proxy
LogInit:  - bDontReuseConnections = false  - Libcurl will reuse connections
LogInit:  - MaxHostConnections = 16  - Libcurl will limit the number of connections to a host
LogInit:  - LocalHostAddr = Default
LogInit:  - BufferSize = 65536
LogOnline: OSS: Creating online subsystem instance for: NULL
LogInit: WinSock: version 1.1 (2.2), MaxSocks=32767, MaxUdp=65467
LogInit: Build: ++UE4+Release-4.23-CL-8386587
LogInit: Engine Version: 4.23.0-8386587+++UE4+Release-4.23
LogInit: Compatible Engine Version: 4.23.0-8386587+++UE4+Release-4.23
LogInit: Net CL: 8386587
LogInit: OS: Windows 10 (Release 1903) (), CPU: Intel(R) Core(TM) i5-6300U CPU @ 2.40GHz, GPU: Intel(R) HD Graphics 520
LogInit: Compiled (64-bit): Aug 31 2019 02:04:44
LogInit: Compiled with Visual C++: 19.16.27030.01
LogInit: Build Configuration: Development
LogInit: Branch Name: ++UE4+Release-4.23
LogInit: Command Line: 
LogInit: Base Directory: C:/Program Files/Epic Games/UE_4.23/Engine/Binaries/Win64/
LogInit: Installed Engine Build: 1
LogDevObjectVersion: Number of dev versions registered: 23
LogDevObjectVersion:   Dev-Blueprints (B0D832E4-1F89-4F0D-ACCF-7EB736FD4AA2): 10
LogDevObjectVersion:   Dev-Build (E1C64328-A22C-4D53-A36C-8E866417BD8C): 0
LogDevObjectVersion:   Dev-Core (375EC13C-06E4-48FB-B500-84F0262A717E): 3
LogDevObjectVersion:   Dev-Editor (E4B068ED-F494-42E9-A231-DA0B2E46BB41): 34
LogDevObjectVersion:   Dev-Framework (CFFC743F-43B0-4480-9391-14DF171D2073): 35
LogDevObjectVersion:   Dev-Mobile (B02B49B5-BB20-44E9-A304-32B752E40360): 2
LogDevObjectVersion:   Dev-Networking (A4E4105C-59A1-49B5-A7C5-40C4547EDFEE): 0
LogDevObjectVersion:   Dev-Online (39C831C9-5AE6-47DC-9A44-9C173E1C8E7C): 0
LogDevObjectVersion:   Dev-Physics (78F01B33-EBEA-4F98-B9B4-84EACCB95AA2): 0
LogDevObjectVersion:   Dev-Platform (6631380F-2D4D-43E0-8009-CF276956A95A): 0
LogDevObjectVersion:   Dev-Rendering (12F88B9F-8875-4AFC-A67C-D90C383ABD29): 31
LogDevObjectVersion:   Dev-Sequencer (7B5AE74C-D270-4C10-A958-57980B212A5A): 11
LogDevObjectVersion:   Dev-VR (D7296918-1DD6-4BDD-9DE2-64A83CC13884): 2
LogDevObjectVersion:   Dev-LoadTimes (C2A15278-BFE7-4AFE-6C17-90FF531DF755): 1
LogDevObjectVersion:   Private-Geometry (6EACA3D4-40EC-4CC1-B786-8BED09428FC5): 3
LogDevObjectVersion:   Dev-AnimPhys (29E575DD-E0A3-4627-9D10-D276232CDCEA): 17
LogDevObjectVersion:   Dev-Anim (AF43A65D-7FD3-4947-9873-3E8ED9C1BB05): 2
LogDevObjectVersion:   Dev-ReflectionCapture (6B266CEC-1EC7-4B8F-A30B-E4D90942FC07): 1
LogDevObjectVersion:   Dev-Automation (0DF73D61-A23F-47EA-B727-89E90C41499A): 1
LogDevObjectVersion:   FortniteMain (601D1886-AC64-4F84-AA16-D3DE0DEAC7D6): 27
LogDevObjectVersion:   Dev-Enterprise (9DFFBCD6-494F-0158-E221-12823C92A888): 6
LogDevObjectVersion:   Dev-Niagara (F2AED0AC-9AFE-416F-8664-AA7FFA26D6FC): 1
LogDevObjectVersion:   Dev-Destruction (174F1F0B-B4C6-45A5-B13F-2EE8D0FB917D): 9
LogInit: Presizing for max 16777216 objects, including 0 objects not considered by GC, pre-allocating 0 bytes for permanent pool.
LogInit: Object subsystem initialized
LogConfig: Setting CVar [[con.DebugEarlyDefault:1]]
LogConfig: Setting CVar [[r.setres:1280x720]]
[2019.10.10-14.16.30:494][  0]LogConfig: Setting CVar [[r.VSync:0]]
[2019.10.10-14.16.30:494][  0]LogConfig: Setting CVar [[r.RHICmdBypass:0]]
[2019.10.10-14.16.30:495][  0]LogConfig: Applying CVar settings from Section [/Script/Engine.RendererSettings] File [C:/Users/jamie/Documents/thirdperson/thirdpersron 4.23/Saved/Config/Windows/Engine.ini]
[2019.10.10-14.16.30:495][  0]LogConfig: Setting CVar [[r.GPUCrashDebugging:0]]
[2019.10.10-14.16.30:495][  0]LogConfig: Applying CVar settings from Section [/Script/Engine.RendererOverrideSettings] File [C:/Users/jamie/Documents/thirdperson/thirdpersron 4.23/Saved/Config/Windows/Engine.ini]
[2019.10.10-14.16.30:495][  0]LogConfig: Applying CVar settings from Section [/Script/Engine.StreamingSettings] File [C:/Users/jamie/Documents/thirdperson/thirdpersron 4.23/Saved/Config/Windows/Engine.ini]
[2019.10.10-14.16.30:495][  0]LogConfig: Setting CVar [[s.MinBulkDataSizeForAsyncLoading:131072]]
[2019.10.10-14.16.30:495][  0]LogConfig: Setting CVar [[s.AsyncLoadingThreadEnabled:0]]
[2019.10.10-14.16.30:495][  0]LogConfig: Setting CVar [[s.EventDrivenLoaderEnabled:1]]
[2019.10.10-14.16.30:495][  0]LogConfig: Setting CVar [[s.WarnIfTimeLimitExceeded:0]]
[2019.10.10-14.16.30:495][  0]LogConfig: Setting CVar [[s.TimeLimitExceededMultiplier:1.5]]
[2019.10.10-14.16.30:495][  0]LogConfig: Setting CVar [[s.TimeLimitExceededMinTime:0.005]]
[2019.10.10-14.16.30:495][  0]LogConfig: Setting CVar [[s.UseBackgroundLevelStreaming:1]]
[2019.10.10-14.16.30:495][  0]LogConfig: Setting CVar [[s.PriorityAsyncLoadingExtraTime:15.0]]
[2019.10.10-14.16.30:495][  0]LogConfig: Setting CVar [[s.LevelStreamingActorsUpdateTimeLimit:5.0]]
[2019.10.10-14.16.30:495][  0]LogConfig: Setting CVar [[s.PriorityLevelStreamingActorsUpdateExtraTime:5.0]]
[2019.10.10-14.16.30:495][  0]LogConfig: Setting CVar [[s.LevelStreamingComponentsRegistrationGranularity:10]]
[2019.10.10-14.16.30:495][  0]LogConfig: Setting CVar [[s.UnregisterComponentsTimeLimit:1.0]]
[2019.10.10-14.16.30:495][  0]LogConfig: Setting CVar [[s.LevelStreamingComponentsUnregistrationGranularity:5]]
[2019.10.10-14.16.30:495][  0]LogConfig: Applying CVar settings from Section [/Script/Engine.GarbageCollectionSettings] File [C:/Users/jamie/Documents/thirdperson/thirdpersron 4.23/Saved/Config/Windows/Engine.ini]
[2019.10.10-14.16.30:495][  0]LogConfig: Setting CVar [[gc.MaxObjectsNotConsideredByGC:1]]
[2019.10.10-14.16.30:495][  0]LogConfig: Setting CVar [[gc.SizeOfPermanentObjectPool:0]]
[2019.10.10-14.16.30:495][  0]LogConfig: Setting CVar [[gc.FlushStreamingOnGC:0]]
[2019.10.10-14.16.30:495][  0]LogConfig: Setting CVar [[gc.NumRetriesBeforeForcingGC:10]]
[2019.10.10-14.16.30:496][  0]LogConfig: Setting CVar [[gc.AllowParallelGC:1]]
[2019.10.10-14.16.30:496][  0]LogConfig: Setting CVar [[gc.TimeBetweenPurgingPendingKillObjects:61.1]]
[2019.10.10-14.16.30:496][  0]LogConfig: Setting CVar [[gc.MaxObjectsInEditor:16777216]]
[2019.10.10-14.16.30:496][  0]LogConfig: Setting CVar [[gc.IncrementalBeginDestroyEnabled:1]]
[2019.10.10-14.16.30:496][  0]LogConfig: Setting CVar [[gc.CreateGCClusters:1]]
[2019.10.10-14.16.30:496][  0]LogConfig: Setting CVar [[gc.MinGCClusterSize:5]]
[2019.10.10-14.16.30:496][  0]LogConfig: Setting CVar [[gc.ActorClusteringEnabled:0]]
[2019.10.10-14.16.30:496][  0]LogConfig: Setting CVar [[gc.BlueprintClusteringEnabled:0]]
[2019.10.10-14.16.30:496][  0]LogConfig: Setting CVar [[gc.UseDisregardForGCOnDedicatedServers:0]]
[2019.10.10-14.16.30:496][  0]LogConfig: Applying CVar settings from Section [/Script/Engine.NetworkSettings] File [C:/Users/jamie/Documents/thirdperson/thirdpersron 4.23/Saved/Config/Windows/Engine.ini]
[2019.10.10-14.16.30:496][  0]LogConfig: Applying CVar settings from Section [/Script/UnrealEd.CookerSettings] File [C:/Users/jamie/Documents/thirdperson/thirdpersron 4.23/Saved/Config/Windows/Engine.ini]
[2019.10.10-14.16.30:505][  0]LogConfig: Applying CVar settings from Section [ViewDistanceQuality@3] File [C:/Users/jamie/Documents/thirdperson/thirdpersron 4.23/Saved/Config/Windows/Scalability.ini]
[2019.10.10-14.16.30:505][  0]LogConfig: Setting CVar [[r.SkeletalMeshLODBias:0]]
[2019.10.10-14.16.30:506][  0]LogConfig: Setting CVar [[r.ViewDistanceScale:1.0]]
[2019.10.10-14.16.30:506][  0]LogConfig: Applying CVar settings from Section [AntiAliasingQuality@3] File [C:/Users/jamie/Documents/thirdperson/thirdpersron 4.23/Saved/Config/Windows/Scalability.ini]
[2019.10.10-14.16.30:506][  0]LogConfig: Setting CVar [[r.PostProcessAAQuality:4]]
[2019.10.10-14.16.30:506][  0]LogConfig: Applying CVar settings from Section [ShadowQuality@3] File [C:/Users/jamie/Documents/thirdperson/thirdpersron 4.23/Saved/Config/Windows/Scalability.ini]
[2019.10.10-14.16.30:506][  0]LogConfig: Setting CVar [[r.LightFunctionQuality:1]]
[2019.10.10-14.16.30:506][  0]LogConfig: Setting CVar [[r.ShadowQuality:5]]
[2019.10.10-14.16.30:506][  0]LogConfig: Setting CVar [[r.Shadow.CSM.MaxCascades:10]]
[2019.10.10-14.16.30:506][  0]LogConfig: Setting CVar [[r.Shadow.MaxResolution:2048]]
[2019.10.10-14.16.30:506][  0]LogConfig: Setting CVar [[r.Shadow.MaxCSMResolution:2048]]
[2019.10.10-14.16.30:506][  0]LogConfig: Setting CVar [[r.Shadow.RadiusThreshold:0.01]]
[2019.10.10-14.16.30:506][  0]LogConfig: Setting CVar [[r.Shadow.DistanceScale:1.0]]
[2019.10.10-14.16.30:506][  0]LogConfig: Setting CVar [[r.Shadow.CSM.TransitionScale:1.0]]
[2019.10.10-14.16.30:506][  0]LogConfig: Setting CVar [[r.Shadow.PreShadowResolutionFactor:1.0]]
[2019.10.10-14.16.30:506][  0]LogConfig: Setting CVar [[r.DistanceFieldShadowing:1]]
[2019.10.10-14.16.30:506][  0]LogConfig: Setting CVar [[r.DistanceFieldAO:1]]
[2019.10.10-14.16.30:506][  0]LogConfig: Setting CVar [[r.AOQuality:2]]
[2019.10.10-14.16.30:506][  0]LogConfig: Setting CVar [[r.VolumetricFog:1]]
[2019.10.10-14.16.30:506][  0]LogConfig: Setting CVar [[r.VolumetricFog.GridPixelSize:8]]
[2019.10.10-14.16.30:506][  0]LogConfig: Setting CVar [[r.VolumetricFog.GridSizeZ:128]]
[2019.10.10-14.16.30:507][  0]LogConfig: Setting CVar [[r.VolumetricFog.HistoryMissSupersampleCount:4]]
[2019.10.10-14.16.30:507][  0]LogConfig: Setting CVar [[r.LightMaxDrawDistanceScale:1]]
[2019.10.10-14.16.30:507][  0]LogConfig: Setting CVar [[r.CapsuleShadows:1]]
[2019.10.10-14.16.30:507][  0]LogConfig: Applying CVar settings from Section [PostProcessQuality@3] File [C:/Users/jamie/Documents/thirdperson/thirdpersron 4.23/Saved/Config/Windows/Scalability.ini]
[2019.10.10-14.16.30:507][  0]LogConfig: Setting CVar [[r.MotionBlurQuality:4]]
[2019.10.10-14.16.30:507][  0]LogConfig: Setting CVar [[r.AmbientOcclusionMipLevelFactor:0.4]]
[2019.10.10-14.16.30:507][  0]LogConfig: Setting CVar [[r.AmbientOcclusionMaxQuality:100]]
[2019.10.10-14.16.30:507][  0]LogConfig: Setting CVar [[r.AmbientOcclusionLevels:-1]]
[2019.10.10-14.16.30:507][  0]LogConfig: Setting CVar [[r.AmbientOcclusionRadiusScale:1.0]]
[2019.10.10-14.16.30:507][  0]LogConfig: Setting CVar [[r.DepthOfFieldQuality:2]]
[2019.10.10-14.16.30:507][  0]LogConfig: Setting CVar [[r.RenderTargetPoolMin:400]]
[2019.10.10-14.16.30:507][  0]LogConfig: Setting CVar [[r.LensFlareQuality:2]]
[2019.10.10-14.16.30:507][  0]LogConfig: Setting CVar [[r.SceneColorFringeQuality:1]]
[2019.10.10-14.16.30:507][  0]LogConfig: Setting CVar [[r.EyeAdaptationQuality:2]]
[2019.10.10-14.16.30:507][  0]LogConfig: Setting CVar [[r.BloomQuality:5]]
[2019.10.10-14.16.30:507][  0]LogConfig: Setting CVar [[r.FastBlurThreshold:100]]
[2019.10.10-14.16.30:507][  0]LogConfig: Setting CVar [[r.Upscale.Quality:3]]
[2019.10.10-14.16.30:507][  0]LogConfig: Setting CVar [[r.Tonemapper.GrainQuantization:1]]
[2019.10.10-14.16.30:507][  0]LogConfig: Setting CVar [[r.LightShaftQuality:1]]
[2019.10.10-14.16.30:507][  0]LogConfig: Setting CVar [[r.Filter.SizeScale:1]]
[2019.10.10-14.16.30:507][  0]LogConfig: Setting CVar [[r.Tonemapper.Quality:5]]
[2019.10.10-14.16.30:507][  0]LogConfig: Setting CVar [[r.DOF.Gather.AccumulatorQuality:1        ; higher gathering accumulator quality]]
[2019.10.10-14.16.30:507][  0]LogConfig: Setting CVar [[r.DOF.Gather.PostfilterMethod:1          ; Median3x3 postfilering method]]
[2019.10.10-14.16.30:507][  0]LogConfig: Setting CVar [[r.DOF.Gather.EnableBokehSettings:0       ; no bokeh simulation when gathering]]
[2019.10.10-14.16.30:507][  0]LogConfig: Setting CVar [[r.DOF.Gather.RingCount:4                 ; medium number of samples when gathering]]
[2019.10.10-14.16.30:507][  0]LogConfig: Setting CVar [[r.DOF.Scatter.ForegroundCompositing:1    ; additive foreground scattering]]
[2019.10.10-14.16.30:507][  0]LogConfig: Setting CVar [[r.DOF.Scatter.BackgroundCompositing:2    ; additive background scattering]]
[2019.10.10-14.16.30:507][  0]LogConfig: Setting CVar [[r.DOF.Scatter.EnableBokehSettings:1      ; bokeh simulation when scattering]]
[2019.10.10-14.16.30:507][  0]LogConfig: Setting CVar [[r.DOF.Scatter.MaxSpriteRatio:0.1         ; only a maximum of 10% of scattered bokeh]]
[2019.10.10-14.16.30:507][  0]LogConfig: Setting CVar [[r.DOF.Recombine.Quality:1                ; cheap slight out of focus]]
[2019.10.10-14.16.30:507][  0]LogConfig: Setting CVar [[r.DOF.Recombine.EnableBokehSettings:0    ; no bokeh simulation on slight out of focus]]
[2019.10.10-14.16.30:507][  0]LogConfig: Setting CVar [[r.DOF.TemporalAAQuality:1                ; more stable temporal accumulation]]
[2019.10.10-14.16.30:507][  0]LogConfig: Setting CVar [[r.DOF.Kernel.MaxForegroundRadius:0.025]]
[2019.10.10-14.16.30:507][  0]LogConfig: Setting CVar [[r.DOF.Kernel.MaxBackgroundRadius:0.025]]
[2019.10.10-14.16.30:508][  0]LogConfig: Applying CVar settings from Section [TextureQuality@3] File [C:/Users/jamie/Documents/thirdperson/thirdpersron 4.23/Saved/Config/Windows/Scalability.ini]
[2019.10.10-14.16.30:508][  0]LogConfig: Setting CVar [[r.Streaming.MipBias:0]]
[2019.10.10-14.16.30:508][  0]LogConfig: Setting CVar [[r.Streaming.AmortizeCPUToGPUCopy:0]]
[2019.10.10-14.16.30:508][  0]LogConfig: Setting CVar [[r.Streaming.MaxNumTexturesToStreamPerFrame:0]]
[2019.10.10-14.16.30:508][  0]LogConfig: Setting CVar [[r.Streaming.Boost:1]]
[2019.10.10-14.16.30:508][  0]LogConfig: Setting CVar [[r.MaxAnisotropy:8]]
[2019.10.10-14.16.30:508][  0]LogConfig: Setting CVar [[r.Streaming.LimitPoolSizeToVRAM:0]]
[2019.10.10-14.16.30:508][  0]LogConfig: Setting CVar [[r.Streaming.PoolSize:1000]]
[2019.10.10-14.16.30:508][  0]LogConfig: Setting CVar [[r.Streaming.MaxEffectiveScreenSize:0]]
[2019.10.10-14.16.30:508][  0]LogConfig: Applying CVar settings from Section [EffectsQuality@3] File [C:/Users/jamie/Documents/thirdperson/thirdpersron 4.23/Saved/Config/Windows/Scalability.ini]
[2019.10.10-14.16.30:508][  0]LogConfig: Setting CVar [[r.TranslucencyLightingVolumeDim:64]]
[2019.10.10-14.16.30:508][  0]LogConfig: Setting CVar [[r.RefractionQuality:2]]
[2019.10.10-14.16.30:508][  0]LogConfig: Setting CVar [[r.SSR.Quality:3]]
[2019.10.10-14.16.30:508][  0]LogConfig: Setting CVar [[r.SceneColorFormat:4]]
[2019.10.10-14.16.30:508][  0]LogConfig: Setting CVar [[r.DetailMode:2]]
[2019.10.10-14.16.30:508][  0]LogConfig: Setting CVar [[r.TranslucencyVolumeBlur:1]]
[2019.10.10-14.16.30:508][  0]LogConfig: Setting CVar [[r.MaterialQualityLevel:1 ; High quality]]
[2019.10.10-14.16.30:508][  0]LogConfig: Setting CVar [[r.SSS.Scale:1]]
[2019.10.10-14.16.30:508][  0]LogConfig: Setting CVar [[r.SSS.SampleSet:2]]
[2019.10.10-14.16.30:508][  0]LogConfig: Setting CVar [[r.SSS.Quality:1]]
[2019.10.10-14.16.30:508][  0]LogConfig: Setting CVar [[r.SSS.HalfRes:1]]
[2019.10.10-14.16.30:508][  0]LogConfig: Setting CVar [[r.EmitterSpawnRateScale:1.0]]
[2019.10.10-14.16.30:508][  0]LogConfig: Setting CVar [[r.ParticleLightQuality:2]]
[2019.10.10-14.16.30:508][  0]LogConfig: Applying CVar settings from Section [FoliageQuality@3] File [C:/Users/jamie/Documents/thirdperson/thirdpersron 4.23/Saved/Config/Windows/Scalability.ini]
[2019.10.10-14.16.30:508][  0]LogConfig: Setting CVar [[foliage.DensityScale:1.0]]
[2019.10.10-14.16.30:508][  0]LogConfig: Setting CVar [[grass.DensityScale:1.0]]
[2019.10.10-14.16.30:510][  0]LogInit: Selected Device Profile: [Windows]
[2019.10.10-14.16.30:511][  0]LogInit: Applying CVar settings loaded from the selected device profile: [Windows]
[2019.10.10-14.16.30:529][  0]LogHAL: Display: Platform has ~ 8 GB [8476823552 / 8589934592 / 8], which maps to Default [LargestMinGB=32, LargerMinGB=12, DefaultMinGB=8, SmallerMinGB=6, SmallestMinGB=0)
[2019.10.10-14.16.30:529][  0]LogInit: Going up to parent DeviceProfile []
[2019.10.10-14.16.30:530][  0]LogConfig: Applying CVar settings from Section [ViewDistanceQuality@2] File [C:/Users/jamie/Documents/thirdperson/thirdpersron 4.23/Saved/Config/Windows/Scalability.ini]
[2019.10.10-14.16.30:530][  0]LogConfig: Setting CVar [[r.SkeletalMeshLODBias:0]]
[2019.10.10-14.16.30:530][  0]LogConfig: Setting CVar [[r.ViewDistanceScale:0.8]]
[2019.10.10-14.16.30:530][  0]LogConfig: Applying CVar settings from Section [AntiAliasingQuality@2] File [C:/Users/jamie/Documents/thirdperson/thirdpersron 4.23/Saved/Config/Windows/Scalability.ini]
[2019.10.10-14.16.30:530][  0]LogConfig: Setting CVar [[r.PostProcessAAQuality:3]]
[2019.10.10-14.16.30:530][  0]LogConfig: Applying CVar settings from Section [ShadowQuality@2] File [C:/Users/jamie/Documents/thirdperson/thirdpersron 4.23/Saved/Config/Windows/Scalability.ini]
[2019.10.10-14.16.30:530][  0]LogConfig: Setting CVar [[r.LightFunctionQuality:1]]
[2019.10.10-14.16.30:530][  0]LogConfig: Setting CVar [[r.ShadowQuality:5]]
[2019.10.10-14.16.30:530][  0]LogConfig: Setting CVar [[r.Shadow.CSM.MaxCascades:4]]
[2019.10.10-14.16.30:530][  0]LogConfig: Setting CVar [[r.Shadow.MaxResolution:1024]]
[2019.10.10-14.16.30:530][  0]LogConfig: Setting CVar [[r.Shadow.MaxCSMResolution:2048]]
[2019.10.10-14.16.30:531][  0]LogConfig: Setting CVar [[r.Shadow.RadiusThreshold:0.04]]
[2019.10.10-14.16.30:531][  0]LogConfig: Setting CVar [[r.Shadow.DistanceScale:0.85]]
[2019.10.10-14.16.30:531][  0]LogConfig: Setting CVar [[r.Shadow.CSM.TransitionScale:0.8]]
[2019.10.10-14.16.30:531][  0]LogConfig: Setting CVar [[r.Shadow.PreShadowResolutionFactor:0.5]]
[2019.10.10-14.16.30:531][  0]LogConfig: Setting CVar [[r.DistanceFieldShadowing:1]]
[2019.10.10-14.16.30:531][  0]LogConfig: Setting CVar [[r.DistanceFieldAO:1]]
[2019.10.10-14.16.30:531][  0]LogConfig: Setting CVar [[r.AOQuality:1]]
[2019.10.10-14.16.30:531][  0]LogConfig: Setting CVar [[r.VolumetricFog:1]]
[2019.10.10-14.16.30:531][  0]LogConfig: Setting CVar [[r.VolumetricFog.GridPixelSize:16]]
[2019.10.10-14.16.30:531][  0]LogConfig: Setting CVar [[r.VolumetricFog.GridSizeZ:64]]
[2019.10.10-14.16.30:531][  0]LogConfig: Setting CVar [[r.VolumetricFog.HistoryMissSupersampleCount:4]]
[2019.10.10-14.16.30:531][  0]LogConfig: Setting CVar [[r.LightMaxDrawDistanceScale:1]]
[2019.10.10-14.16.30:531][  0]LogConfig: Setting CVar [[r.CapsuleShadows:1]]
[2019.10.10-14.16.30:531][  0]LogConfig: Applying CVar settings from Section [PostProcessQuality@2] File [C:/Users/jamie/Documents/thirdperson/thirdpersron 4.23/Saved/Config/Windows/Scalability.ini]
[2019.10.10-14.16.30:531][  0]LogConfig: Setting CVar [[r.MotionBlurQuality:3]]
[2019.10.10-14.16.30:531][  0]LogConfig: Setting CVar [[r.AmbientOcclusionMipLevelFactor:0.6]]
[2019.10.10-14.16.30:531][  0]LogConfig: Setting CVar [[r.AmbientOcclusionMaxQuality:100]]
[2019.10.10-14.16.30:531][  0]LogConfig: Setting CVar [[r.AmbientOcclusionLevels:-1]]
[2019.10.10-14.16.30:531][  0]LogConfig: Setting CVar [[r.AmbientOcclusionRadiusScale:1.5]]
[2019.10.10-14.16.30:531][  0]LogConfig: Setting CVar [[r.DepthOfFieldQuality:2]]
[2019.10.10-14.16.30:531][  0]LogConfig: Setting CVar [[r.RenderTargetPoolMin:400]]
[2019.10.10-14.16.30:531][  0]LogConfig: Setting CVar [[r.LensFlareQuality:2]]
[2019.10.10-14.16.30:531][  0]LogConfig: Setting CVar [[r.SceneColorFringeQuality:1]]
[2019.10.10-14.16.30:531][  0]LogConfig: Setting CVar [[r.EyeAdaptationQuality:2]]
[2019.10.10-14.16.30:531][  0]LogConfig: Setting CVar [[r.BloomQuality:5]]
[2019.10.10-14.16.30:531][  0]LogConfig: Setting CVar [[r.FastBlurThreshold:3]]
[2019.10.10-14.16.30:531][  0]LogConfig: Setting CVar [[r.Upscale.Quality:2]]
[2019.10.10-14.16.30:531][  0]LogConfig: Setting CVar [[r.Tonemapper.GrainQuantization:1]]
[2019.10.10-14.16.30:532][  0]LogConfig: Setting CVar [[r.LightShaftQuality:1]]
[2019.10.10-14.16.30:532][  0]LogConfig: Setting CVar [[r.Filter.SizeScale:0.8]]
[2019.10.10-14.16.30:532][  0]LogConfig: Setting CVar [[r.Tonemapper.Quality:5]]
[2019.10.10-14.16.30:532][  0]LogConfig: Setting CVar [[r.DOF.Gather.AccumulatorQuality:0        ; lower gathering accumulator quality]]
[2019.10.10-14.16.30:532][  0]LogConfig: Setting CVar [[r.DOF.Gather.PostfilterMethod:2          ; Max3x3 postfilering method]]
[2019.10.10-14.16.30:532][  0]LogConfig: Setting CVar [[r.DOF.Gather.EnableBokehSettings:0       ; no bokeh simulation when gathering]]
[2019.10.10-14.16.30:532][  0]LogConfig: Setting CVar [[r.DOF.Gather.RingCount:4                 ; medium number of samples when gathering]]
[2019.10.10-14.16.30:532][  0]LogConfig: Setting CVar [[r.DOF.Scatter.ForegroundCompositing:1    ; additive foreground scattering]]
[2019.10.10-14.16.30:532][  0]LogConfig: Setting CVar [[r.DOF.Scatter.BackgroundCompositing:1    ; no background occlusion]]
[2019.10.10-14.16.30:532][  0]LogConfig: Setting CVar [[r.DOF.Scatter.EnableBokehSettings:0      ; no bokeh simulation when scattering]]
[2019.10.10-14.16.30:532][  0]LogConfig: Setting CVar [[r.DOF.Scatter.MaxSpriteRatio:0.04        ; only a maximum of 4% of scattered bokeh]]
[2019.10.10-14.16.30:532][  0]LogConfig: Setting CVar [[r.DOF.Recombine.Quality:0                ; no slight out of focus]]
[2019.10.10-14.16.30:532][  0]LogConfig: Setting CVar [[r.DOF.TemporalAAQuality:0                ; faster temporal accumulation]]
[2019.10.10-14.16.30:532][  0]LogConfig: Setting CVar [[r.DOF.Kernel.MaxForegroundRadius:0.012   ; required because of AccumulatorQuality=0]]
[2019.10.10-14.16.30:532][  0]LogConfig: Setting CVar [[r.DOF.Kernel.MaxBackgroundRadius:0.012   ; required because of AccumulatorQuality=0]]
[2019.10.10-14.16.30:532][  0]LogConfig: Applying CVar settings from Section [TextureQuality@2] File [C:/Users/jamie/Documents/thirdperson/thirdpersron 4.23/Saved/Config/Windows/Scalability.ini]
[2019.10.10-14.16.30:532][  0]LogConfig: Setting CVar [[r.Streaming.MipBias:0]]
[2019.10.10-14.16.30:532][  0]LogConfig: Setting CVar [[r.Streaming.AmortizeCPUToGPUCopy:0]]
[2019.10.10-14.16.30:532][  0]LogConfig: Setting CVar [[r.Streaming.MaxNumTexturesToStreamPerFrame:0]]
[2019.10.10-14.16.30:532][  0]LogConfig: Setting CVar [[r.Streaming.Boost:1]]
[2019.10.10-14.16.30:532][  0]LogConfig: Setting CVar [[r.MaxAnisotropy:4]]
[2019.10.10-14.16.30:532][  0]LogConfig: Setting CVar [[r.Streaming.LimitPoolSizeToVRAM:1]]
[2019.10.10-14.16.30:532][  0]LogConfig: Setting CVar [[r.Streaming.PoolSize:800]]
[2019.10.10-14.16.30:532][  0]LogConfig: Setting CVar [[r.Streaming.MaxEffectiveScreenSize:0]]
[2019.10.10-14.16.30:532][  0]LogConfig: Applying CVar settings from Section [EffectsQuality@2] File [C:/Users/jamie/Documents/thirdperson/thirdpersron 4.23/Saved/Config/Windows/Scalability.ini]
[2019.10.10-14.16.30:532][  0]LogConfig: Setting CVar [[r.TranslucencyLightingVolumeDim:48]]
[2019.10.10-14.16.30:532][  0]LogConfig: Setting CVar [[r.RefractionQuality:2]]
[2019.10.10-14.16.30:532][  0]LogConfig: Setting CVar [[r.SSR.Quality:2]]
[2019.10.10-14.16.30:532][  0]LogConfig: Setting CVar [[r.SceneColorFormat:3]]
[2019.10.10-14.16.30:533][  0]LogConfig: Setting CVar [[r.DetailMode:1]]
[2019.10.10-14.16.30:533][  0]LogConfig: Setting CVar [[r.TranslucencyVolumeBlur:1]]
[2019.10.10-14.16.30:533][  0]LogConfig: Setting CVar [[r.MaterialQualityLevel:1 ; High quality]]
[2019.10.10-14.16.30:533][  0]LogConfig: Setting CVar [[r.SSS.Scale:1]]
[2019.10.10-14.16.30:533][  0]LogConfig: Setting CVar [[r.SSS.SampleSet:1]]
[2019.10.10-14.16.30:533][  0]LogConfig: Setting CVar [[r.SSS.Quality:-1]]
[2019.10.10-14.16.30:533][  0]LogConfig: Setting CVar [[r.SSS.HalfRes:1]]
[2019.10.10-14.16.30:533][  0]LogConfig: Setting CVar [[r.EmitterSpawnRateScale:0.5]]
[2019.10.10-14.16.30:533][  0]LogConfig: Setting CVar [[r.ParticleLightQuality:1]]
[2019.10.10-14.16.30:533][  0]LogConfig: Applying CVar settings from Section [FoliageQuality@2] File [C:/Users/jamie/Documents/thirdperson/thirdpersron 4.23/Saved/Config/Windows/Scalability.ini]
[2019.10.10-14.16.30:533][  0]LogConfig: Setting CVar [[foliage.DensityScale:0.8]]
[2019.10.10-14.16.30:533][  0]LogConfig: Setting CVar [[grass.DensityScale:0.8]]
[2019.10.10-14.16.30:533][  0]LogConfig: Applying CVar settings from Section [Startup] File [../../../Engine/Config/ConsoleVariables.ini]
[2019.10.10-14.16.30:543][  0]LogConfig: Setting CVar [[net.UseAdaptiveNetUpdateFrequency:0]]
[2019.10.10-14.16.30:543][  0]LogConfig: Setting CVar [[p.chaos.AllowCreatePhysxBodies:1]]
[2019.10.10-14.16.30:543][  0]LogConfig: Applying CVar settings from Section [ConsoleVariables] File [C:/Users/jamie/Documents/thirdperson/thirdpersron 4.23/Saved/Config/Windows/Engine.ini]
[2019.10.10-14.16.30:546][  0]LogInit: Computer: DESKTOP-39O8R6D
[2019.10.10-14.16.30:546][  0]LogInit: User: jamie
[2019.10.10-14.16.30:546][  0]LogInit: CPU Page size=4096, Cores=2
[2019.10.10-14.16.30:546][  0]LogInit: High frequency timer resolution =10.000000 MHz
[2019.10.10-14.16.30:547][  0]LogMemory: Memory total: Physical=7.9GB (8GB approx)
[2019.10.10-14.16.30:547][  0]LogMemory: Platform Memory Stats for Windows
[2019.10.10-14.16.30:547][  0]LogMemory: Process Physical Memory: 101.15 MB used, 101.16 MB peak
[2019.10.10-14.16.30:547][  0]LogMemory: Process Virtual Memory: 98.17 MB used, 98.17 MB peak
[2019.10.10-14.16.30:547][  0]LogMemory: Physical Memory: 6023.89 MB used,  2060.24 MB free, 8084.13 MB total
[2019.10.10-14.16.30:547][  0]LogMemory: Virtual Memory: 4649.86 MB used,  134213080.00 MB free, 134217728.00 MB total
[2019.10.10-14.16.30:555][  0]LogWindows: WindowsPlatformFeatures enabled
[2019.10.10-14.16.30:924][  0]LogInit: Using OS detected language (en-US).
[2019.10.10-14.16.30:924][  0]LogInit: Using OS detected locale (en-GB).
[2019.10.10-14.16.30:926][  0]LogTextLocalizationManager: No specific localization for 'en-US' exists, so the 'en' localization will be used.
[2019.10.10-14.16.31:537][  0]LogInit: Setting process to per monitor DPI aware
[2019.10.10-14.16.31:716][  0]LogSlate: New Slate User Created.  User Index 0, Is Virtual User: 0
[2019.10.10-14.16.31:716][  0]LogSlate: Slate User Registered.  User Index 0, Is Virtual User: 0
[2019.10.10-14.16.35:813][  0]LogHMD: Failed to initialize OpenVR with code 110
[2019.10.10-14.16.35:814][  0]LogD3D11RHI: D3D11 adapters:
[2019.10.10-14.16.35:832][  0]LogD3D11RHI:    0. 'Intel(R) HD Graphics 520' (Feature Level 11_0)
[2019.10.10-14.16.35:832][  0]LogD3D11RHI:       128/0/4042 MB DedicatedVideo/DedicatedSystem/SharedSystem, Outputs:1, VendorId:0x8086
[2019.10.10-14.16.35:840][  0]LogD3D11RHI:    1. 'Microsoft Basic Render Driver' (Feature Level 11_0)
[2019.10.10-14.16.35:840][  0]LogD3D11RHI:       0/0/4042 MB DedicatedVideo/DedicatedSystem/SharedSystem, Outputs:0, VendorId:0x1414
[2019.10.10-14.16.35:840][  0]LogD3D11RHI: Chosen D3D11 Adapter: 0
[2019.10.10-14.16.35:868][  0]LogD3D11RHI: Creating new Direct3DDevice
[2019.10.10-14.16.35:869][  0]LogD3D11RHI:     GPU DeviceId: 0x1916 (for the marketing name, search the web for "GPU Device Id")
[2019.10.10-14.16.35:869][  0]LogWindows: EnumDisplayDevices:
[2019.10.10-14.16.35:869][  0]LogWindows:    0. 'Intel(R) HD Graphics 520' (P:1 D:1)
[2019.10.10-14.16.35:870][  0]LogWindows:    1. 'Intel(R) HD Graphics 520' (P:0 D:0)
[2019.10.10-14.16.35:871][  0]LogWindows:    2. 'Intel(R) HD Graphics 520' (P:0 D:0)
[2019.10.10-14.16.35:871][  0]LogWindows: DebugString: FoundDriverCount:3 
[2019.10.10-14.16.35:871][  0]LogD3D11RHI:     Adapter Name: Intel(R) HD Graphics 520
[2019.10.10-14.16.35:872][  0]LogD3D11RHI:   Driver Version: 22.20.16.4836 (internal:22.20.16.4836, unified:22.20.16.4836)
[2019.10.10-14.16.35:872][  0]LogD3D11RHI:      Driver Date: 10-17-2017
[2019.10.10-14.16.35:872][  0]LogRHI: Texture pool is 1504 MB (70% of 2149 MB)
[2019.10.10-14.16.35:910][  0]LogD3D11RHI: Async texture creation enabled
[2019.10.10-14.16.35:960][  0]LogD3D11RHI: GPU Timing Frequency: 12.000000 (Debug: 2 0)
[2019.10.10-14.16.36:990][  0]LogTemp: Display: Module 'AllDesktopTargetPlatform' loaded TargetPlatform 'AllDesktop'
[2019.10.10-14.16.37:011][  0]LogTemp: Display: Module 'MacClientTargetPlatform' loaded TargetPlatform 'MacClient'
[2019.10.10-14.16.37:031][  0]LogTemp: Display: Module 'MacNoEditorTargetPlatform' loaded TargetPlatform 'MacNoEditor'
[2019.10.10-14.16.37:051][  0]LogTemp: Display: Module 'MacServerTargetPlatform' loaded TargetPlatform 'MacServer'
[2019.10.10-14.16.37:081][  0]LogTemp: Display: Module 'MacTargetPlatform' loaded TargetPlatform 'Mac'
[2019.10.10-14.16.37:102][  0]LogTemp: Display: Module 'WindowsClientTargetPlatform' loaded TargetPlatform 'WindowsClient'
[2019.10.10-14.16.37:124][  0]LogTemp: Display: Module 'WindowsNoEditorTargetPlatform' loaded TargetPlatform 'WindowsNoEditor'
[2019.10.10-14.16.37:145][  0]LogTemp: Display: Module 'WindowsServerTargetPlatform' loaded TargetPlatform 'WindowsServer'
[2019.10.10-14.16.37:157][  0]LogTemp: Display: Module 'WindowsTargetPlatform' loaded TargetPlatform 'Windows'
[2019.10.10-14.16.37:251][  0]LogTemp: Display: Module 'AndroidTargetPlatform' loaded TargetPlatform 'Android'
[2019.10.10-14.16.37:251][  0]LogTemp: Display: Module 'AndroidTargetPlatform' loaded TargetPlatform 'Android_ASTC'
[2019.10.10-14.16.37:251][  0]LogTemp: Display: Module 'AndroidTargetPlatform' loaded TargetPlatform 'Android_ATC'
[2019.10.10-14.16.37:251][  0]LogTemp: Display: Module 'AndroidTargetPlatform' loaded TargetPlatform 'Android_DXT'
[2019.10.10-14.16.37:251][  0]LogTemp: Display: Module 'AndroidTargetPlatform' loaded TargetPlatform 'Android_ETC1'
[2019.10.10-14.16.37:251][  0]LogTemp: Display: Module 'AndroidTargetPlatform' loaded TargetPlatform 'Android_ETC1a'
[2019.10.10-14.16.37:251][  0]LogTemp: Display: Module 'AndroidTargetPlatform' loaded TargetPlatform 'Android_ETC2'
[2019.10.10-14.16.37:251][  0]LogTemp: Display: Module 'AndroidTargetPlatform' loaded TargetPlatform 'Android_PVRTC'
[2019.10.10-14.16.37:251][  0]LogTemp: Display: Module 'AndroidTargetPlatform' loaded TargetPlatform 'AndroidClient'
[2019.10.10-14.16.37:251][  0]LogTemp: Display: Module 'AndroidTargetPlatform' loaded TargetPlatform 'Android_ASTCClient'
[2019.10.10-14.16.37:251][  0]LogTemp: Display: Module 'AndroidTargetPlatform' loaded TargetPlatform 'Android_ATCClient'
[2019.10.10-14.16.37:251][  0]LogTemp: Display: Module 'AndroidTargetPlatform' loaded TargetPlatform 'Android_DXTClient'
[2019.10.10-14.16.37:251][  0]LogTemp: Display: Module 'AndroidTargetPlatform' loaded TargetPlatform 'Android_ETC1Client'
[2019.10.10-14.16.37:252][  0]LogTemp: Display: Module 'AndroidTargetPlatform' loaded TargetPlatform 'Android_ETC1aClient'
[2019.10.10-14.16.37:252][  0]LogTemp: Display: Module 'AndroidTargetPlatform' loaded TargetPlatform 'Android_ETC2Client'
[2019.10.10-14.16.37:252][  0]LogTemp: Display: Module 'AndroidTargetPlatform' loaded TargetPlatform 'Android_PVRTCClient'
[2019.10.10-14.16.37:252][  0]LogTemp: Display: Module 'AndroidTargetPlatform' loaded TargetPlatform 'Android_Multi'
[2019.10.10-14.16.37:252][  0]LogTemp: Display: Module 'AndroidTargetPlatform' loaded TargetPlatform 'Android_MultiClient'
[2019.10.10-14.16.37:258][  0]LogTemp: Display: Module 'HTML5TargetPlatform' loaded TargetPlatform 'HTML5'
[2019.10.10-14.16.37:323][  0]LogTemp: Display: Module 'IOSTargetPlatform' loaded TargetPlatform 'IOSClient'
[2019.10.10-14.16.37:324][  0]LogTemp: Display: Module 'IOSTargetPlatform' loaded TargetPlatform 'IOS'
[2019.10.10-14.16.37:356][  0]LogTemp: Display: Module 'TVOSTargetPlatform' loaded TargetPlatform 'TVOSClient'
[2019.10.10-14.16.37:357][  0]LogTemp: Display: Module 'TVOSTargetPlatform' loaded TargetPlatform 'TVOS'
[2019.10.10-14.16.37:373][  0]LogTemp: Display: Module 'LinuxClientTargetPlatform' loaded TargetPlatform 'LinuxClient'
[2019.10.10-14.16.37:390][  0]LogTemp: Display: Module 'LinuxNoEditorTargetPlatform' loaded TargetPlatform 'LinuxNoEditor'
[2019.10.10-14.16.37:408][  0]LogTemp: Display: Module 'LinuxServerTargetPlatform' loaded TargetPlatform 'LinuxServer'
[2019.10.10-14.16.37:442][  0]LogTemp: Display: Module 'LinuxTargetPlatform' loaded TargetPlatform 'Linux'
[2019.10.10-14.16.37:509][  0]LogTemp: Display: Module 'LuminTargetPlatform' loaded TargetPlatform 'Lumin'
[2019.10.10-14.16.37:509][  0]LogTemp: Display: Module 'LuminTargetPlatform' loaded TargetPlatform 'LuminClient'
[2019.10.10-14.16.37:509][  0]LogTargetPlatformManager: Display: Building Assets For Windows
[2019.10.10-14.16.37:538][  0]LogAudioDebug: Display: Lib vorbis DLL was dynamically loaded.
[2019.10.10-14.16.37:773][  0]LogShaderCompilers: Guid format shader working directory is -23 characters bigger than the processId version (../../../../../../Users/jamie/Documents/thirdperson/thirdpersron 4.23/Intermediate/Shaders/WorkingDirectory/1992/).
[2019.10.10-14.16.37:773][  0]LogShaderCompilers: Cleaned the shader compiler working directory 'C:/Users/jamie/AppData/Local/Temp/UnrealShaderWorkingDir/626BA22548DE01CF88D658916A90DC41/'.
[2019.10.10-14.16.37:781][  0]LogXGEController: Cleaning working directory: C:/Users/jamie/AppData/Local/Temp/UnrealXGEWorkingDir/
[2019.10.10-14.16.37:781][  0]LogXGEController: Cannot use XGE Controller as Incredibuild is not installed on this machine.
[2019.10.10-14.16.37:782][  0]LogShaderCompilers: Cannot use XGE Shader Compiler as Incredibuild is not installed on this machine.
[2019.10.10-14.16.37:782][  0]LogShaderCompilers: Display: Using Local Shader Compiler.
[2019.10.10-14.16.42:689][  0]LogDerivedDataCache: Display: Max Cache Size: 512 MB
[2019.10.10-14.16.42:931][  0]LogDerivedDataCache: Loaded boot cache 0.24s 73MB C:/Users/jamie/AppData/Local/UnrealEngine/4.23/DerivedDataCache/Boot.ddc.
[2019.10.10-14.16.42:931][  0]LogDerivedDataCache: Display: Loaded Boot cache: C:/Users/jamie/AppData/Local/UnrealEngine/4.23/DerivedDataCache/Boot.ddc
[2019.10.10-14.16.42:931][  0]LogDerivedDataCache: FDerivedDataBackendGraph:  Pak pak cache file ../../../../../../Users/jamie/Documents/thirdperson/thirdpersron 4.23/DerivedDataCache/DDC.ddp not found, will not use a pak cache.
[2019.10.10-14.16.42:931][  0]LogDerivedDataCache: Unable to find inner node Pak for hierarchical cache Hierarchy.
[2019.10.10-14.16.42:931][  0]LogDerivedDataCache: FDerivedDataBackendGraph:  CompressedPak pak cache file ../../../../../../Users/jamie/Documents/thirdperson/thirdpersron 4.23/DerivedDataCache/Compressed.ddp not found, will not use a pak cache.
[2019.10.10-14.16.42:931][  0]LogDerivedDataCache: Unable to find inner node CompressedPak for hierarchical cache Hierarchy.
[2019.10.10-14.16.42:961][  0]LogDerivedDataCache: Display: Pak cache opened for reading ../../../Engine/DerivedDataCache/Compressed.ddp.
[2019.10.10-14.16.42:962][  0]LogDerivedDataCache: FDerivedDataBackendGraph:  EnterprisePak pak cache file ../../../Enterprise/DerivedDataCache/Compressed.ddp not found, will not use a pak cache.
[2019.10.10-14.16.42:962][  0]LogDerivedDataCache: Unable to find inner node EnterprisePak for hierarchical cache Hierarchy.
[2019.10.10-14.16.42:963][  0]LogDerivedDataCache: Using Local data cache path C:/Users/jamie/AppData/Local/UnrealEngine/Common/DerivedDataCache: Writable
[2019.10.10-14.16.42:964][  0]LogDerivedDataCache: Shared data cache path not found in *engine.ini, will not use an Shared cache.
[2019.10.10-14.16.42:964][  0]LogDerivedDataCache: Unable to find inner node Shared for hierarchical cache Hierarchy.
[2019.10.10-14.16.43:015][  0]LogMaterial: Verifying Global Shaders for PCD3D_SM5
[2019.10.10-14.16.43:026][  0]LogSlate: Using FreeType 2.6.0
[2019.10.10-14.16.43:057][  0]LogSlate: SlateFontServices - WITH_FREETYPE: 1, WITH_HARFBUZZ: 1
[2019.10.10-14.16.43:634][  0]LogAssetRegistry: FAssetRegistry took 0.0077 seconds to start up
[2019.10.10-14.16.44:555][  0]LogInit: Selected Device Profile: [Windows]
[2019.10.10-14.16.45:161][  0]LogMeshReduction: Using QuadricMeshReduction for automatic static mesh reduction
[2019.10.10-14.16.45:161][  0]LogMeshReduction: Using SimplygonMeshReduction for automatic skeletal mesh reduction
[2019.10.10-14.16.45:161][  0]LogMeshReduction: Using ProxyLODMeshReduction for automatic mesh merging
[2019.10.10-14.16.45:161][  0]LogMeshReduction: No distributed automatic mesh merging module available
[2019.10.10-14.16.45:162][  0]LogMeshMerging: No distributed automatic mesh merging module available
[2019.10.10-14.16.45:265][  0]LogNetVersion: thirdpersron 1.0.0, NetCL: 8386587, EngineNetVer: 11, GameNetVer: 0 (Checksum: 2728054761)
[2019.10.10-14.16.47:526][  0]LogPackageLocalizationCache: Processed 12 localized package path(s) for 1 prioritized culture(s) in 0.121626 seconds
[2019.10.10-14.16.47:544][  0]LogUObjectArray: 43444 objects as part of root set at end of initial load.
[2019.10.10-14.16.47:545][  0]LogUObjectAllocator: 7548648 out of 0 bytes used by permanent object pool.
[2019.10.10-14.16.47:545][  0]LogUObjectArray: CloseDisregardForGC: 0/0 objects in disregard for GC pool
[2019.10.10-14.16.55:351][  0]LogTcpMessaging: Initializing TcpMessaging bridge
[2019.10.10-14.16.55:361][  0]LogUdpMessaging: Initializing bridge on interface 0.0.0.0:0 to multicast group 230.0.0.1:6666.
[2019.10.10-14.16.55:590][  0]SourceControl: Source control is disabled
[2019.10.10-14.16.55:591][  0]SourceControl: Source control is disabled
[2019.10.10-14.16.55:606][  0]SourceControl: Source control is disabled
[2019.10.10-14.16.55:612][  0]SourceControl: Source control is disabled
[2019.10.10-14.16.56:007][  0]LogAndroidPermission: UAndroidPermissionCallbackProxy::GetInstance
[2019.10.10-14.16.56:396][  0]LogOcInput: OculusInput pre-init called
[2019.10.10-14.16.56:418][  0]LogWindows: Failed to load 'OVRPlugin.dll' (GetLastError=126)
[2019.10.10-14.16.56:418][  0]LogWindows: File 'OVRPlugin.dll' does not exist
[2019.10.10-14.16.56:671][  0]LogEngine: Initializing Engine...
[2019.10.10-14.16.56:675][  0]LogHMD: Failed to initialize OpenVR with code 110
[2019.10.10-14.16.56:681][  0]LogStats: UGameplayTagsManager::InitializeManager -  0.003 s
[2019.10.10-14.16.57:468][  0]LogInit: Initializing FReadOnlyCVARCache
[2019.10.10-14.16.57:519][  0]LogAIModule: Creating AISystem for world Untitled
[2019.10.10-14.16.57:573][  0]LogInit: XAudio2 using 'Speakers / Headphones (Realtek Audio)' : 2 channels at 48 kHz using 32 bits per sample (channel mask 0x3)
[2019.10.10-14.16.57:641][  0]LogInit: FAudioDevice initialized.
[2019.10.10-14.16.57:641][  0]LogNetVersion: Set ProjectVersion to 1.0.0.0. Version Checksum will be recalculated on next use.
[2019.10.10-14.16.57:737][  0]LogDerivedDataCache: Saved boot cache 0.09s 73MB C:/Users/jamie/AppData/Local/UnrealEngine/4.23/DerivedDataCache/Boot.ddc.
[2019.10.10-14.16.57:755][  0]LogInit: Texture streaming: Enabled
[2019.10.10-14.16.57:806][  0]LogEngineSessionManager: EngineSessionManager initialized
[2019.10.10-14.16.58:008][  0]LogInit: Transaction tracking system initialized
[2019.10.10-14.16.58:160][  0]BlueprintLog: New page: Editor Load
[2019.10.10-14.16.58:457][  0]LocalizationService: Localization service is disabled
[2019.10.10-14.16.59:743][  0]LogFileCache: Scanning file cache for directory 'C:/Users/jamie/Documents/thirdperson/thirdpersron 4.23/Content/' took 0.04s
[2019.10.10-14.16.59:743][  0]LogCook: Display: Max memory allowance for cook 16384mb min free memory 0mb
[2019.10.10-14.16.59:743][  0]LogCook: Display: Mobile HDR setting 1
[2019.10.10-14.17.00:610][  0]SourceControl: Source control is disabled
[2019.10.10-14.17.00:612][  0]Cmd: MAP LOAD FILE="../../../../../../Users/jamie/Documents/thirdperson/thirdpersron 4.23/Content/Maps/MyLevel.umap" TEMPLATE=0 SHOWPROGRESS=1 FEATURELEVEL=3
[2019.10.10-14.17.00:622][  0]LightingResults: New page: Lighting Build
[2019.10.10-14.17.00:632][  0]LogWorld: UWorld::CleanupWorld for Untitled, bSessionEnded=true, bCleanupResources=true
[2019.10.10-14.17.00:635][  0]MapCheck: New page: Map Check
[2019.10.10-14.17.00:635][  0]LightingResults: New page: Lighting Build
[2019.10.10-14.17.00:725][  0]LogUObjectHash: Compacting FUObjectHashTables data took   3.08ms
[2019.10.10-14.17.03:704][  0]LogAIModule: Creating AISystem for world MyLevel
[2019.10.10-14.17.03:720][  0]LogMaterial: Display: Material /Engine/EngineMaterials/EmissiveTexturedMaterial.EmissiveTexturedMaterial needed to have new flag set bUsedWithStaticLighting !
[2019.10.10-14.17.03:742][  0]LogMaterial: Display: Missing cached shader map for material EmissiveTexturedMaterial, compiling. 
[2019.10.10-14.17.03:774][  0]MapCheck: Warning: EmissiveTexturedMaterial Material /Engine/EngineMaterials/EmissiveTexturedMaterial.EmissiveTexturedMaterial was missing the usage flag bUsedWithStaticLighting. If the material asset is not re-saved, it may not render correctly when run outside the editor. Fix
[2019.10.10-14.17.03:799][  0]LogShaderCompilers: Display: Worker (1/3): shaders left to compile 7
[2019.10.10-14.17.03:799][  0]LogShaderCompilers: Display: Worker (2/3): shaders left to compile 4
[2019.10.10-14.17.03:799][  0]LogShaderCompilers: Display: Worker (3/3): shaders left to compile 1
[2019.10.10-14.17.03:799][  0]LogEditorServer: Finished looking for orphan Actors (0.000 secs)
[2019.10.10-14.17.03:901][  0]LogUObjectHash: Compacting FUObjectHashTables data took   3.76ms
[2019.10.10-14.17.03:901][  0]Cmd: MAP CHECKDEP NOCLEARLOG
[2019.10.10-14.17.03:902][  0]MapCheck: Map check complete: 0 Error(s), 1 Warning(s), took 0.519ms to complete.
[2019.10.10-14.17.03:913][  0]LogFileHelpers: Loading map 'MyLevel' took 3.302
[2019.10.10-14.17.04:240][  0]LogSlate: Updating window title bar state: overlay mode, drag disabled, window buttons hidden, title bar hidden
[2019.10.10-14.17.04:261][  0]LogSlate: Updating window title bar state: overlay mode, drag disabled, window buttons hidden, title bar hidden
[2019.10.10-14.17.04:283][  0]LogSlate: Updating window title bar state: overlay mode, drag disabled, window buttons hidden, title bar hidden
[2019.10.10-14.17.04:304][  0]LogSlate: Updating window title bar state: overlay mode, drag disabled, window buttons hidden, title bar hidden
[2019.10.10-14.17.04:334][  0]LogCollectionManager: Loaded 0 collections in 0.004093 seconds
[2019.10.10-14.17.04:375][  0]LogFileCache: Scanning file cache for directory 'C:/Users/jamie/Documents/thirdperson/thirdpersron 4.23/Saved/Collections/' took 0.01s
[2019.10.10-14.17.04:375][  0]LogFileCache: Scanning file cache for directory 'C:/Users/jamie/Documents/thirdperson/thirdpersron 4.23/Content/Developers/jamie/Collections/' took 0.00s
[2019.10.10-14.17.04:375][  0]LogFileCache: Scanning file cache for directory 'C:/Users/jamie/Documents/thirdperson/thirdpersron 4.23/Content/Collections/' took 0.00s
[2019.10.10-14.17.04:375][  0]LogCollectionManager: Rebuilt the GUID cache for 0 collections in 0.000003 seconds
[2019.10.10-14.17.04:397][  0]LogContentBrowser: Native class hierarchy populated in 0.0197 seconds. Added 2866 classes and 683 folders.
[2019.10.10-14.17.04:423][  0]LogContentBrowser: Native class hierarchy updated for 'WidgetCarousel' in 0.0006 seconds. Added 0 classes and 0 folders.
[2019.10.10-14.17.05:053][  0]LogContentBrowser: Native class hierarchy updated for 'AddContentDialog' in 0.0006 seconds. Added 0 classes and 0 folders.
[2019.10.10-14.17.05:076][  0]LogContentBrowser: Native class hierarchy updated for 'SceneOutliner' in 0.0006 seconds. Added 1 classes and 2 folders.
[2019.10.10-14.17.05:119][  0]LogSlate: Took 0.012591 seconds to synchronously load lazily loaded font '../../../Engine/Content/Slate/Fonts/Roboto-Regular.ttf' (155K)
[2019.10.10-14.17.05:139][  0]LogSlate: Took 0.009975 seconds to synchronously load lazily loaded font '../../../Engine/Content/Slate/Fonts/Roboto-Bold.ttf' (160K)
[2019.10.10-14.17.05:156][  0]LogSlate: Took 0.012174 seconds to synchronously load lazily loaded font '../../../Engine/Content/Editor/Slate/Fonts/FontAwesome.ttf' (139K)
[2019.10.10-14.17.05:453][  0]LogRenderer: Reallocating scene render targets to support 896x372 Format 9 NumSamples 1 (Frame:1).
[2019.10.10-14.17.08:325][  0]LogContentBrowser: Native class hierarchy updated for 'HierarchicalLODOutliner' in 0.0007 seconds. Added 0 classes and 0 folders.
[2019.10.10-14.17.08:325][  0]LogLoad: (Engine Initialization) Total time: 48.03 seconds
[2019.10.10-14.17.08:325][  0]LogLoad: (Engine Initialization) Total Blueprint compile time: 0.00 seconds
[2019.10.10-14.17.08:426][  0]LogContentStreaming: Texture pool size now 800 MB
[2019.10.10-14.17.08:477][  0]LogSlate: Took 0.009901 seconds to synchronously load lazily loaded font '../../../Engine/Content/Slate/Fonts/Roboto-Light.ttf' (167K)
[2019.10.10-14.17.10:382][ 23]LogAssetRegistry: Asset discovery search completed in 26.7497 seconds
[2019.10.10-14.17.10:394][ 23]LogCollectionManager: Rebuilt the object cache for 0 collections in 0.000501 seconds (found 0 objects)
[2019.10.10-14.17.10:394][ 23]LogCollectionManager: Fixed up redirectors for 0 collections in 0.000594 seconds (updated 0 objects)
[2019.10.10-14.17.36:006][778]LogSlate: FSceneViewport::OnFocusLost() reason 0
[2019.10.10-14.17.36:216][780]LogUObjectHash: Compacting FUObjectHashTables data took   1.07ms
[2019.10.10-14.17.36:412][780]LogSlate: Window 'thirdpersron - Unreal Editor' being destroyed
[2019.10.10-14.17.36:413][780]LogWindowsTextInputMethodSystem: Display: IME system now deactivated.
[2019.10.10-14.17.36:657][781]Cmd: QUIT_EDITOR
[2019.10.10-14.17.37:281][781]LogExit: Preparing to exit.
[2019.10.10-14.17.37:481][781]LogDemo: Cleaned up 0 splitscreen connections with owner deletion
[2019.10.10-14.17.37:503][781]LogWorld: UWorld::CleanupWorld for None, bSessionEnded=true, bCleanupResources=true
[2019.10.10-14.17.37:503][781]LogExit: Editor shut down
[2019.10.10-14.17.37:503][781]LogExit: Transaction tracking system shut down
[2019.10.10-14.17.37:870][781]LogExit: Object subsystem successfully closed.
[2019.10.10-14.17.37:915][781]LogShaderCompilers: Display: Shaders left to compile 0
[2019.10.10-14.17.38:078][781]LogModuleManager: Shutting down and abandoning module HierarchicalLODOutliner (670)
[2019.10.10-14.17.38:078][781]LogModuleManager: Shutting down and abandoning module SceneOutliner (668)
[2019.10.10-14.17.38:078][781]LogModuleManager: Shutting down and abandoning module AddContentDialog (666)
[2019.10.10-14.17.38:079][781]LogModuleManager: Shutting down and abandoning module WidgetCarousel (665)
[2019.10.10-14.17.38:079][781]LogModuleManager: Shutting down and abandoning module EditorWidgets (662)
[2019.10.10-14.17.38:080][781]LogModuleManager: Shutting down and abandoning module CollectionManager (660)
[2019.10.10-14.17.38:082][781]LogModuleManager: Shutting down and abandoning module StatsViewer (658)
[2019.10.10-14.17.38:083][781]LogModuleManager: Shutting down and abandoning module VirtualTexturingEditor (656)
[2019.10.10-14.17.38:083][781]LogModuleManager: Shutting down and abandoning module FoliageEdit (654)
[2019.10.10-14.17.38:084][781]LogModuleManager: Shutting down and abandoning module LandscapeEditor (652)
[2019.10.10-14.17.38:089][781]LogModuleManager: Shutting down and abandoning module MeshPaintMode (650)
[2019.10.10-14.17.38:089][781]LogModuleManager: Shutting down and abandoning module SceneDepthPickerMode (648)
[2019.10.10-14.17.38:090][781]LogModuleManager: Shutting down and abandoning module ActorPickerMode (646)
[2019.10.10-14.17.38:090][781]LogModuleManager: Shutting down and abandoning module GeometryMode (644)
[2019.10.10-14.17.38:090][781]LogModuleManager: Shutting down and abandoning module TextureAlignMode (642)
[2019.10.10-14.17.38:090][781]LogModuleManager: Shutting down and abandoning module BspMode (640)
[2019.10.10-14.17.38:090][781]LogModuleManager: Shutting down and abandoning module PIEPreviewDeviceProfileSelector (638)
[2019.10.10-14.17.38:093][781]LogModuleManager: Shutting down and abandoning module SequenceRecorderSections (636)
[2019.10.10-14.17.38:095][781]LogModuleManager: Shutting down and abandoning module AutomationWorker (634)
[2019.10.10-14.17.38:096][781]LogModuleManager: Shutting down and abandoning module OculusMR (632)
[2019.10.10-14.17.38:096][781]LogModuleManager: Shutting down and abandoning module AudioCaptureEditor (630)
[2019.10.10-14.17.38:098][781]LogModuleManager: Shutting down and abandoning module MatineeToLevelSequence (628)
[2019.10.10-14.17.38:099][781]LogModuleManager: Shutting down and abandoning module LevelSequenceEditor (626)
[2019.10.10-14.17.38:137][781]LogModuleManager: Shutting down and abandoning module PlacementMode (625)
[2019.10.10-14.17.38:137][781]LogModuleManager: Shutting down and abandoning module MaterialEditor (624)
[2019.10.10-14.17.38:141][781]LogModuleManager: Shutting down and abandoning module ActorSequenceEditor (620)
[2019.10.10-14.17.38:145][781]LogModuleManager: Shutting down and abandoning module WmfMediaFactory (618)
[2019.10.10-14.17.38:145][781]LogModuleManager: Shutting down and abandoning module WmfMediaEditor (616)
[2019.10.10-14.17.38:145][781]LogModuleManager: Shutting down and abandoning module WebMMediaFactory (614)
[2019.10.10-14.17.38:145][781]LogModuleManager: Shutting down and abandoning module WebMMediaEditor (612)
[2019.10.10-14.17.38:145][781]LogModuleManager: Shutting down and abandoning module WebMMedia (610)
[2019.10.10-14.17.38:145][781]LogModuleManager: Shutting down and abandoning module MediaPlayerEditor (608)
[2019.10.10-14.17.38:147][781]LogModuleManager: Shutting down and abandoning module MediaCompositingEditor (606)
[2019.10.10-14.17.38:151][781]LogModuleManager: Shutting down and abandoning module SequenceRecorder (605)
[2019.10.10-14.17.38:151][781]LogModuleManager: Shutting down and abandoning module OpenExrWrapper (602)
[2019.10.10-14.17.38:151][781]LogModuleManager: Shutting down and abandoning module ImgMediaFactory (600)
[2019.10.10-14.17.38:151][781]LogModuleManager: Shutting down and abandoning module ImgMediaEditor (598)
[2019.10.10-14.17.38:151][781]LogModuleManager: Shutting down and abandoning module AvfMediaFactory (596)
[2019.10.10-14.17.38:151][781]LogModuleManager: Shutting down and abandoning module AvfMediaEditor (594)
[2019.10.10-14.17.38:152][781]LogModuleManager: Shutting down and abandoning module AndroidMediaFactory (592)
[2019.10.10-14.17.38:152][781]LogModuleManager: Shutting down and abandoning module AndroidMediaEditor (590)
[2019.10.10-14.17.38:152][781]LogModuleManager: Shutting down and abandoning module MagicLeapCameraPreviewFactory (588)
[2019.10.10-14.17.38:152][781]LogModuleManager: Shutting down and abandoning module MagicLeapMediaCodecFactory (586)
[2019.10.10-14.17.38:152][781]LogModuleManager: Shutting down and abandoning module MagicLeapMediaFactory (584)
[2019.10.10-14.17.38:152][781]LogModuleManager: Shutting down and abandoning module MagicLeapMediaEditor (582)
[2019.10.10-14.17.38:152][781]LogModuleManager: Shutting down and abandoning module CharacterAI (580)
[2019.10.10-14.17.38:152][781]LogModuleManager: Shutting down and abandoning module SmartSnapping (578)
[2019.10.10-14.17.38:152][781]LogModuleManager: Shutting down and abandoning module SessionServices (576)
[2019.10.10-14.17.38:152][781]LogModuleManager: Shutting down and abandoning module MeshPaint (574)
[2019.10.10-14.17.38:153][781]LogModuleManager: Shutting down and abandoning module ViewportSnapping (572)
[2019.10.10-14.17.38:153][781]LogModuleManager: Shutting down and abandoning module ViewportInteraction (570)
[2019.10.10-14.17.38:154][781]LogModuleManager: Shutting down and abandoning module ClothPainter (568)
[2019.10.10-14.17.38:155][781]LogModuleManager: Shutting down and abandoning module SkeletalMeshEditor (567)
[2019.10.10-14.17.38:159][781]LogModuleManager: Shutting down and abandoning module LogVisualizer (564)
[2019.10.10-14.17.38:161][781]LogModuleManager: Shutting down and abandoning module IntroTutorials (562)
[2019.10.10-14.17.38:161][781]LogModuleManager: Shutting down and abandoning module GameProjectGeneration (561)
[2019.10.10-14.17.38:161][781]LogModuleManager: Shutting down and abandoning module LuminPlatformEditor (558)
[2019.10.10-14.17.38:161][781]LogModuleManager: Shutting down and abandoning module IOSPlatformEditor (556)
[2019.10.10-14.17.38:164][781]LogModuleManager: Shutting down and abandoning module HTML5PlatformEditor (554)
[2019.10.10-14.17.38:164][781]LogModuleManager: Shutting down and abandoning module AndroidPlatformEditor (552)
[2019.10.10-14.17.38:164][781]LogModuleManager: Shutting down and abandoning module AndroidDeviceDetection (551)
[2019.10.10-14.17.39:643][781]LogModuleManager: Shutting down and abandoning module WindowsPlatformEditor (548)
[2019.10.10-14.17.39:643][781]LogModuleManager: Shutting down and abandoning module LuminRuntimeSettings (546)
[2019.10.10-14.17.39:644][781]LogModuleManager: Shutting down and abandoning module IOSRuntimeSettings (544)
[2019.10.10-14.17.39:644][781]LogModuleManager: Shutting down and abandoning module AndroidRuntimeSettings (542)
[2019.10.10-14.17.39:644][781]LogModuleManager: Shutting down and abandoning module TimeManagementEditor (540)
[2019.10.10-14.17.39:644][781]LogModuleManager: Shutting down and abandoning module InputBindingEditor (538)
[2019.10.10-14.17.39:644][781]LogModuleManager: Shutting down and abandoning module MergeActors (536)
[2019.10.10-14.17.39:646][781]LogModuleManager: Shutting down and abandoning module LocalizationDashboard (534)
[2019.10.10-14.17.39:647][781]LogModuleManager: Shutting down and abandoning module LocalizationService (533)
[2019.10.10-14.17.39:647][781]LogModuleManager: Shutting down and abandoning module HardwareTargeting (530)
[2019.10.10-14.17.39:647][781]LogModuleManager: Shutting down and abandoning module DeviceProfileEditor (528)
[2019.10.10-14.17.39:648][781]LogModuleManager: Shutting down and abandoning module UndoHistory (526)
[2019.10.10-14.17.39:654][781]LogModuleManager: Shutting down and abandoning module XmlParser (524)
[2019.10.10-14.17.39:657][781]LogModuleManager: Shutting down and abandoning module Blutility (522)
[2019.10.10-14.17.39:658][781]LogModuleManager: Shutting down and abandoning module ProjectSettingsViewer (520)
[2019.10.10-14.17.39:658][781]LogModuleManager: Shutting down and abandoning module ProjectTargetPlatformEditor (519)
[2019.10.10-14.17.39:658][781]LogModuleManager: Shutting down and abandoning module EditorSettingsViewer (516)
[2019.10.10-14.17.39:658][781]LogModuleManager: Shutting down and abandoning module SettingsEditor (514)
[2019.10.10-14.17.39:660][781]LogModuleManager: Shutting down and abandoning module ProjectLauncher (512)
[2019.10.10-14.17.39:667][781]LogModuleManager: Shutting down and abandoning module SessionFrontend (510)
[2019.10.10-14.17.39:668][781]LogModuleManager: Shutting down and abandoning module ProfilerClient (508)
[2019.10.10-14.17.39:668][781]LogModuleManager: Shutting down and abandoning module DeviceManager (506)
[2019.10.10-14.17.39:670][781]LogModuleManager: Shutting down and abandoning module TargetDeviceServices (505)
[2019.10.10-14.17.39:727][781]LogModuleManager: Shutting down and abandoning module AutomationController (502)
[2019.10.10-14.17.39:739][781]LogModuleManager: Shutting down and abandoning module AutomationWindow (500)
[2019.10.10-14.17.39:742][781]LogModuleManager: Shutting down and abandoning module Layers (498)
[2019.10.10-14.17.39:749][781]LogModuleManager: Shutting down and abandoning module ComponentVisualizers (496)
[2019.10.10-14.17.39:749][781]LogModuleManager: Shutting down and abandoning module DetailCustomizations (494)
[2019.10.10-14.17.39:753][781]LogModuleManager: Shutting down and abandoning module PackagesDialog (492)
[2019.10.10-14.17.39:754][781]LogModuleManager: Shutting down and abandoning module AnimationBlueprintEditor (490)
[2019.10.10-14.17.39:763][781]LogModuleManager: Shutting down and abandoning module Persona (488)
[2019.10.10-14.17.39:766][781]LogModuleManager: Shutting down and abandoning module AdvancedPreviewScene (487)
[2019.10.10-14.17.39:767][781]LogModuleManager: Shutting down and abandoning module AnimGraph (485)
[2019.10.10-14.17.39:767][781]LogModuleManager: Shutting down and abandoning module Kismet (482)
[2019.10.10-14.17.39:787][781]LogModuleManager: Shutting down and abandoning module KismetWidgets (481)
[2019.10.10-14.17.39:787][781]LogModuleManager: Shutting down and abandoning module GraphEditor (478)
[2019.10.10-14.17.39:793][781]LogModuleManager: Shutting down and abandoning module StructViewer (476)
[2019.10.10-14.17.39:793][781]LogModuleManager: Shutting down and abandoning module ClassViewer (474)
[2019.10.10-14.17.39:795][781]LogModuleManager: Shutting down and abandoning module Toolbox (472)
[2019.10.10-14.17.39:795][781]LogModuleManager: Shutting down and abandoning module DesktopPlatform (471)
[2019.10.10-14.17.39:798][781]LogModuleManager: Shutting down and abandoning module ModuleUI (468)
[2019.10.10-14.17.39:799][781]LogModuleManager: Shutting down and abandoning module MovieSceneTools (466)
[2019.10.10-14.17.39:800][781]LogModuleManager: Shutting down and abandoning module OutputLog (464)
[2019.10.10-14.17.39:801][781]LogModuleManager: Shutting down and abandoning module GammaUI (462)
[2019.10.10-14.17.39:802][781]LogModuleManager: Shutting down and abandoning module Documentation (460)
[2019.10.10-14.17.39:803][781]LogModuleManager: Shutting down and abandoning module LiveCoding (458)
[2019.10.10-14.17.39:806][781]LogModuleManager: Shutting down and abandoning module LevelSequence (456)
[2019.10.10-14.17.39:806][781]LogModuleManager: Shutting down and abandoning module MovieSceneTracks (454)
[2019.10.10-14.17.39:806][781]LogModuleManager: Shutting down and abandoning module MovieScene (452)
[2019.10.10-14.17.39:806][781]LogModuleManager: Shutting down and abandoning module StreamingPauseRendering (450)
[2019.10.10-14.17.39:807][781]LogModuleManager: Shutting down and abandoning module LauncherPlatform (448)
[2019.10.10-14.17.39:807][781]LogModuleManager: Shutting down and abandoning module AnalyticsET (446)
[2019.10.10-14.17.39:807][781]LogModuleManager: Shutting down and abandoning module PortalServices (444)
[2019.10.10-14.17.39:807][781]LogModuleManager: Shutting down and abandoning module PortalRpc (442)
[2019.10.10-14.17.39:807][781]LogModuleManager: Shutting down and abandoning module MessagingRpc (440)
[2019.10.10-14.17.39:807][781]LogModuleManager: Shutting down and abandoning module AIModule (438)
[2019.10.10-14.17.39:809][781]LogModuleManager: Shutting down and abandoning module GameplayDebugger (437)
[2019.10.10-14.17.39:811][781]LogModuleManager: Shutting down and abandoning module AITestSuite (435)
[2019.10.10-14.17.39:811][781]LogModuleManager: Shutting down and abandoning module NavigationSystem (433)
[2019.10.10-14.17.39:811][781]LogModuleManager: Shutting down and abandoning module ImageWriteQueue (430)
[2019.10.10-14.17.39:822][781]LogModuleManager: Shutting down and abandoning module ProfilerService (428)
[2019.10.10-14.17.39:871][781]LogModuleManager: Shutting down and abandoning module TaskGraph (426)
[2019.10.10-14.17.39:873][781]LogModuleManager: Shutting down and abandoning module ScreenshotTools (424)
[2019.10.10-14.17.39:873][781]LogModuleManager: Shutting down and abandoning module SteamVRController (422)
[2019.10.10-14.17.39:873][781]LogModuleManager: Shutting down and abandoning module ProceduralMeshComponentEditor (420)
[2019.10.10-14.17.39:873][781]LogModuleManager: Shutting down and abandoning module ProceduralMeshComponent (418)
[2019.10.10-14.17.39:874][781]LogModuleManager: Shutting down and abandoning module OculusEditor (416)
[2019.10.10-14.17.39:875][781]LogModuleManager: Shutting down and abandoning module OculusInput (414)
[2019.10.10-14.17.39:875][781]LogModuleManager: Shutting down and abandoning module MobilePatchingUtils (412)
[2019.10.10-14.17.39:875][781]LogModuleManager: Shutting down and abandoning module EditableMesh (410)
[2019.10.10-14.17.39:876][781]LogModuleManager: Shutting down and abandoning module CustomMeshComponent (408)
[2019.10.10-14.17.39:876][781]LogModuleManager: Shutting down and abandoning module CableComponent (406)
[2019.10.10-14.17.39:876][781]LogModuleManager: Shutting down and abandoning module AudioCapture (404)
[2019.10.10-14.17.39:876][781]LogModuleManager: Shutting down and abandoning module ArchVisCharacter (402)
[2019.10.10-14.17.39:876][781]LogModuleManager: Shutting down and abandoning module AppleImageUtilsBlueprintSupport (400)
[2019.10.10-14.17.39:876][781]LogModuleManager: Shutting down and abandoning module AppleImageUtils (398)
[2019.10.10-14.17.39:876][781]LogModuleManager: Shutting down and abandoning module AndroidPermission (396)
[2019.10.10-14.17.39:876][781]LogModuleManager: Shutting down and abandoning module NUTUnrealEngine4 (394)
[2019.10.10-14.17.39:877][781]LogModuleManager: Shutting down and abandoning module NetcodeUnitTest (392)
[2019.10.10-14.17.39:880][781]LogModuleManager: Shutting down and abandoning module MediaCompositing (390)
[2019.10.10-14.17.39:880][781]LogModuleManager: Shutting down and abandoning module ImgMedia (388)
[2019.10.10-14.17.39:881][781]LogModuleManager: Shutting down and abandoning module MagicLeapHelperVulkan (386)
[2019.10.10-14.17.39:881][781]LogModuleManager: Shutting down and abandoning module MagicLeapHelperOpenGL (384)
[2019.10.10-14.17.39:881][781]LogModuleManager: Shutting down and abandoning module MagicLeapAudio (382)
[2019.10.10-14.17.39:881][781]LogModuleManager: Shutting down and abandoning module HTML5Networking (380)
[2019.10.10-14.17.39:881][781]LogModuleManager: Shutting down and abandoning module GeometryCacheTracks (378)
[2019.10.10-14.17.39:881][781]LogModuleManager: Shutting down and abandoning module GeometryCacheSequencer (376)
[2019.10.10-14.17.39:881][781]LogModuleManager: Shutting down and abandoning module BackChannel (374)
[2019.10.10-14.17.39:883][781]LogModuleManager: Shutting down and abandoning module AutomationUtilsEditor (372)
[2019.10.10-14.17.39:883][781]LogModuleManager: Shutting down and abandoning module AutomationUtils (370)
[2019.10.10-14.17.39:883][781]LogModuleManager: Shutting down and abandoning module AlembicImporter (368)
[2019.10.10-14.17.39:884][781]LogModuleManager: Shutting down and abandoning module AlembicLibrary (367)
[2019.10.10-14.17.39:884][781]LogModuleManager: Shutting down and abandoning module GeometryCache (366)
[2019.10.10-14.17.39:884][781]LogModuleManager: Shutting down and abandoning module GeometryCacheEd (365)
[2019.10.10-14.17.39:884][781]LogModuleManager: Shutting down and abandoning module VariantManagerContent (360)
[2019.10.10-14.17.39:884][781]LogModuleManager: Shutting down and abandoning module DatasmithContentEditor (358)
[2019.10.10-14.17.39:884][781]LogModuleManager: Shutting down and abandoning module SpeedTreeImporter (356)
[2019.10.10-14.17.39:884][781]LogModuleManager: Shutting down and abandoning module PluginBrowser (354)
[2019.10.10-14.17.39:888][781]LogModuleManager: Shutting down and abandoning module MobileLauncherProfileWizard (352)
[2019.10.10-14.17.39:888][781]LogModuleManager: Shutting down and abandoning module MaterialAnalyzer (350)
[2019.10.10-14.17.39:889][781]LogModuleManager: Shutting down and abandoning module CurveEditorTools (348)
[2019.10.10-14.17.39:890][781]LogModuleManager: Shutting down and abandoning module CurveEditor (347)
[2019.10.10-14.17.39:892][781]LogModuleManager: Shutting down and abandoning module CryptoKeysOpenSSL (344)
[2019.10.10-14.17.39:892][781]LogModuleManager: Shutting down and abandoning module CryptoKeys (342)
[2019.10.10-14.17.39:892][781]LogModuleManager: Shutting down and abandoning module VisualStudioSourceCodeAccess (340)
[2019.10.10-14.17.39:893][781]LogModuleManager: Shutting down and abandoning module VisualStudioCodeSourceCodeAccess (338)
[2019.10.10-14.17.39:893][781]LogModuleManager: Shutting down and abandoning module UObjectPlugin (336)
[2019.10.10-14.17.39:893][781]LogModuleManager: Shutting down and abandoning module SubversionSourceControl (334)
[2019.10.10-14.17.39:894][781]LogModuleManager: Shutting down and abandoning module PerforceSourceControl (332)
[2019.10.10-14.17.39:896][781]LogModuleManager: Shutting down and abandoning module GitSourceControl (330)
[2019.10.10-14.17.39:897][781]LogModuleManager: Shutting down and abandoning module SourceControl (329)
[2019.10.10-14.17.39:897][781]LogModuleManager: Shutting down and abandoning module CLionSourceCodeAccess (326)
[2019.10.10-14.17.39:898][781]LogModuleManager: Shutting down and abandoning module AnimationSharingEd (324)
[2019.10.10-14.17.39:898][781]LogModuleManager: Shutting down and abandoning module ActorLayerUtilitiesEditor (322)
[2019.10.10-14.17.39:898][781]LogModuleManager: Shutting down and abandoning module ActorLayerUtilities (320)
[2019.10.10-14.17.39:898][781]LogModuleManager: Shutting down and abandoning module LightPropagationVolumeEditor (318)
[2019.10.10-14.17.39:898][781]LogModuleManager: Shutting down and abandoning module PaperTiledImporter (316)
[2019.10.10-14.17.39:898][781]LogModuleManager: Shutting down and abandoning module PaperSpriteSheetImporter (314)
[2019.10.10-14.17.39:898][781]LogModuleManager: Shutting down and abandoning module Paper2DEditor (312)
[2019.10.10-14.17.39:902][781]LogModuleManager: Shutting down and abandoning module thirdpersron (310)
[2019.10.10-14.17.39:902][781]LogModuleManager: Shutting down and abandoning module SignificanceManager (308)
[2019.10.10-14.17.39:902][781]LogModuleManager: Shutting down and abandoning module RuntimePhysXCooking (306)
[2019.10.10-14.17.39:902][781]LogModuleManager: Shutting down and abandoning module PhysXVehiclesEditor (304)
[2019.10.10-14.17.39:904][781]LogModuleManager: Shutting down and abandoning module LocationServicesBPLibrary (300)
[2019.10.10-14.17.39:904][781]LogModuleManager: Shutting down and abandoning module ActorSequence (298)
[2019.10.10-14.17.39:904][781]LogModuleManager: Shutting down and abandoning module UdpMessaging (296)
[2019.10.10-14.17.40:005][781]LogModuleManager: Shutting down and abandoning module TcpMessaging (294)
[2019.10.10-14.17.40:107][781]LogModuleManager: Shutting down and abandoning module MagicLeapIdentity (292)
[2019.10.10-14.17.40:107][781]LogModuleManager: Shutting down and abandoning module MagicLeapSecureStorage (290)
[2019.10.10-14.17.40:107][781]LogModuleManager: Shutting down and abandoning module MagicLeapHandTracking (288)
[2019.10.10-14.17.40:108][781]LogModuleManager: Shutting down and abandoning module MagicLeapEyeTracker (286)
[2019.10.10-14.17.40:108][781]LogModuleManager: Shutting down and abandoning module MagicLeapController (284)
[2019.10.10-14.17.40:109][781]LogSlate: Slate User Destroyed.  User Index 0, Is Virtual User: 0
[2019.10.10-14.17.40:109][781]LogModuleManager: Shutting down and abandoning module MagicLeapAR (282)
[2019.10.10-14.17.40:109][781]LogModuleManager: Shutting down and abandoning module AugmentedReality (281)
[2019.10.10-14.17.40:109][781]LogModuleManager: Shutting down and abandoning module GameplayTagsEditor (278)
[2019.10.10-14.17.40:109][781]LogModuleManager: Shutting down and abandoning module FacialAnimationEditor (276)
[2019.10.10-14.17.40:109][781]LogModuleManager: Shutting down and abandoning module FacialAnimation (274)
[2019.10.10-14.17.40:109][781]LogModuleManager: Shutting down and abandoning module DataValidation (272)
[2019.10.10-14.17.40:110][781]LogModuleManager: Shutting down and abandoning module AssetManagerEditor (270)
[2019.10.10-14.17.40:117][781]LogModuleManager: Shutting down and abandoning module LevelEditor (269)
[2019.10.10-14.17.40:119][781]LogModuleManager: Shutting down and abandoning module PixelInspectorModule (268)
[2019.10.10-14.17.40:120][781]LogModuleManager: Shutting down and abandoning module CommonMenuExtensions (266)
[2019.10.10-14.17.40:121][781]LogModuleManager: Shutting down and abandoning module MainFrame (264)
[2019.10.10-14.17.40:121][781]LogModuleManager: Shutting down and abandoning module HotReload (263)
[2019.10.10-14.17.40:123][781]LogModuleManager: Shutting down and abandoning module ContentBrowser (259)
[2019.10.10-14.17.40:131][781]LogModuleManager: Shutting down and abandoning module TreeMap (257)
[2019.10.10-14.17.40:132][781]LogModuleManager: Shutting down and abandoning module AnimationSharing (254)
[2019.10.10-14.17.40:132][781]LogModuleManager: Shutting down and abandoning module LightPropagationVolumeRuntime (252)
[2019.10.10-14.17.40:132][781]LogModuleManager: Shutting down and abandoning module Paper2D (250)
[2019.10.10-14.17.40:133][781]LogModuleManager: Shutting down and abandoning module WindowsMoviePlayer (248)
[2019.10.10-14.17.40:139][781]LogModuleManager: Shutting down and abandoning module WebMMoviePlayer (246)
[2019.10.10-14.17.40:139][781]LogModuleManager: Shutting down and abandoning module NetworkReplayStreaming (244)
[2019.10.10-14.17.40:140][781]LogModuleManager: Shutting down and abandoning module PacketHandler (242)
[2019.10.10-14.17.40:140][781]LogModuleManager: Shutting down and abandoning module ClothingSystemEditor (240)
[2019.10.10-14.17.40:140][781]LogModuleManager: Shutting down and abandoning module ClothingSystemRuntime (238)
[2019.10.10-14.17.40:141][781]LogModuleManager: Shutting down and abandoning module MediaAssets (236)
[2019.10.10-14.17.40:141][781]LogModuleManager: Shutting down and abandoning module Overlay (234)
[2019.10.10-14.17.40:141][781]LogModuleManager: Shutting down and abandoning module OverlayEditor (233)
[2019.10.10-14.17.40:141][781]LogModuleManager: Shutting down and abandoning module VREditor (230)
[2019.10.10-14.17.40:142][781]LogModuleManager: Shutting down and abandoning module StringTableEditor (228)
[2019.10.10-14.17.40:143][781]LogModuleManager: Shutting down and abandoning module GameplayTasksEditor (226)
[2019.10.10-14.17.40:144][781]LogModuleManager: Shutting down and abandoning module BehaviorTreeEditor (224)
[2019.10.10-14.17.40:146][781]LogModuleManager: Shutting down and abandoning module FunctionalTesting (222)
[2019.10.10-14.17.40:147][781]LogModuleManager: Shutting down and abandoning module CollisionAnalyzer (220)
[2019.10.10-14.17.40:148][781]LogModuleManager: Shutting down and abandoning module WorkspaceMenuStructure (219)
[2019.10.10-14.17.40:148][781]LogModuleManager: Shutting down and abandoning module UMG (216)
[2019.10.10-14.17.40:149][781]LogModuleManager: Shutting down and abandoning module UMGEditor (215)
[2019.10.10-14.17.40:149][781]LogModuleManager: Shutting down and abandoning module Sequencer (214)
[2019.10.10-14.17.40:164][781]LogModuleManager: Shutting down and abandoning module MessageLog (211)
[2019.10.10-14.17.40:164][781]LogModuleManager: Shutting down and abandoning module SlateReflector (206)
[2019.10.10-14.17.40:167][781]LogModuleManager: Shutting down and abandoning module Slate (204)
[2019.10.10-14.17.40:168][781]LogModuleManager: Shutting down and abandoning module LandscapeEditorUtilities (202)
[2019.10.10-14.17.40:168][781]LogModuleManager: Shutting down and abandoning module EditorStyle (200)
[2019.10.10-14.17.40:170][781]LogModuleManager: Shutting down and abandoning module UnrealEd (198)
[2019.10.10-14.17.40:170][781]LogModuleManager: Shutting down and abandoning module MRMesh (196)
[2019.10.10-14.17.40:170][781]LogModuleManager: Shutting down and abandoning module SourceCodeAccess (194)
[2019.10.10-14.17.40:170][781]LogModuleManager: Shutting down and abandoning module HeadMountedDisplay (192)
[2019.10.10-14.17.40:170][781]LogModuleManager: Shutting down and abandoning module XAudio2 (190)
[2019.10.10-14.17.40:170][781]LogModuleManager: Shutting down and abandoning module Networking (188)
[2019.10.10-14.17.40:170][781]LogModuleManager: Shutting down and abandoning module Core (186)
[2019.10.10-14.17.40:170][781]LogModuleManager: Shutting down and abandoning module KismetCompiler (184)
[2019.10.10-14.17.40:170][781]LogModuleManager: Shutting down and abandoning module MeshUtilities (182)
[2019.10.10-14.17.40:170][781]LogModuleManager: Shutting down and abandoning module MeshMergeUtilities (181)
[2019.10.10-14.17.40:171][781]LogModuleManager: Shutting down and abandoning module MeshReductionInterface (180)
[2019.10.10-14.17.40:171][781]LogModuleManager: Shutting down and abandoning module SkeletalMeshReduction (179)
[2019.10.10-14.17.40:173][781]LogModuleManager: Shutting down and abandoning module ProxyLODMeshReduction (177)
[2019.10.10-14.17.40:174][781]LogModuleManager: Shutting down and abandoning module QuadricMeshReduction (175)
[2019.10.10-14.17.40:174][781]LogModuleManager: Shutting down and abandoning module MaterialBaking (171)
[2019.10.10-14.17.40:175][781]LogModuleManager: Shutting down and abandoning module NullInstallBundleManager (166)
[2019.10.10-14.17.40:175][781]LogModuleManager: Shutting down and abandoning module DerivedDataCache (164)
[2019.10.10-14.17.40:353][781]LogDerivedDataCache: Shutdown
[2019.10.10-14.17.40:358][781]LogModuleManager: Shutting down and abandoning module XGEController (162)
[2019.10.10-14.17.40:358][781]LogXGEController: Cleaning working directory: C:/Users/jamie/AppData/Local/Temp/UnrealXGEWorkingDir/
[2019.10.10-14.17.40:359][781]LogModuleManager: Shutting down and abandoning module TargetPlatform (160)
[2019.10.10-14.17.40:359][781]LogModuleManager: Shutting down and abandoning module VulkanShaderFormat (159)
[2019.10.10-14.17.40:360][781]LogModuleManager: Shutting down and abandoning module ShaderFormatVectorVM (157)
[2019.10.10-14.17.40:360][781]LogModuleManager: Shutting down and abandoning module ShaderFormatOpenGL (155)
[2019.10.10-14.17.40:362][781]LogModuleManager: Shutting down and abandoning module ShaderFormatD3D (153)
[2019.10.10-14.17.40:363][781]LogModuleManager: Shutting down and abandoning module MetalShaderFormat (151)
[2019.10.10-14.17.40:369][781]LogModuleManager: Shutting down and abandoning module TextureFormatUncompressed (149)
[2019.10.10-14.17.40:369][781]LogModuleManager: Shutting down and abandoning module TextureFormatPVR (147)
[2019.10.10-14.17.40:369][781]LogModuleManager: Shutting down and abandoning module TextureFormatDXT (145)
[2019.10.10-14.17.40:370][781]LogModuleManager: Shutting down and abandoning module TextureFormatIntelISPCTexComp (143)
[2019.10.10-14.17.40:373][781]LogModuleManager: Shutting down and abandoning module TextureFormatASTC (141)
[2019.10.10-14.17.40:373][781]LogModuleManager: Shutting down and abandoning module ImageWrapper (140)
[2019.10.10-14.17.40:373][781]LogModuleManager: Shutting down and abandoning module TextureFormatAndroid (137)
[2019.10.10-14.17.40:373][781]LogModuleManager: Shutting down and abandoning module AudioFormatOpus (135)
[2019.10.10-14.17.40:375][781]LogModuleManager: Shutting down and abandoning module AudioFormatOgg (133)
[2019.10.10-14.17.40:375][781]LogModuleManager: Shutting down and abandoning module AudioFormatADPCM (131)
[2019.10.10-14.17.40:375][781]LogModuleManager: Shutting down and abandoning module LuminTargetPlatform (129)
[2019.10.10-14.17.40:377][781]LogModuleManager: Shutting down and abandoning module LinuxTargetPlatform (127)
[2019.10.10-14.17.40:377][781]LogModuleManager: Shutting down and abandoning module LinuxServerTargetPlatform (125)
[2019.10.10-14.17.40:379][781]LogModuleManager: Shutting down and abandoning module LinuxNoEditorTargetPlatform (123)
[2019.10.10-14.17.40:379][781]LogModuleManager: Shutting down and abandoning module LinuxClientTargetPlatform (121)
[2019.10.10-14.17.40:380][781]LogModuleManager: Shutting down and abandoning module TVOSTargetPlatform (119)
[2019.10.10-14.17.40:382][781]LogModuleManager: Shutting down and abandoning module Messaging (117)
[2019.10.10-14.17.40:382][781]LogModuleManager: Shutting down and abandoning module IOSTargetPlatform (115)
[2019.10.10-14.17.40:383][781]LogModuleManager: Shutting down and abandoning module HTML5TargetPlatform (113)
[2019.10.10-14.17.40:383][781]LogModuleManager: Shutting down and abandoning module AndroidTargetPlatform (111)
[2019.10.10-14.17.40:396][781]LogModuleManager: Shutting down and abandoning module WindowsTargetPlatform (109)
[2019.10.10-14.17.40:396][781]LogModuleManager: Shutting down and abandoning module WindowsServerTargetPlatform (107)
[2019.10.10-14.17.40:396][781]LogModuleManager: Shutting down and abandoning module WindowsNoEditorTargetPlatform (105)
[2019.10.10-14.17.40:396][781]LogModuleManager: Shutting down and abandoning module WindowsClientTargetPlatform (103)
[2019.10.10-14.17.40:396][781]LogModuleManager: Shutting down and abandoning module MacTargetPlatform (101)
[2019.10.10-14.17.40:396][781]LogModuleManager: Shutting down and abandoning module MacServerTargetPlatform (99)
[2019.10.10-14.17.40:396][781]LogModuleManager: Shutting down and abandoning module MacNoEditorTargetPlatform (97)
[2019.10.10-14.17.40:396][781]LogModuleManager: Shutting down and abandoning module MacClientTargetPlatform (95)
[2019.10.10-14.17.40:396][781]LogModuleManager: Shutting down and abandoning module AllDesktopTargetPlatform (93)
[2019.10.10-14.17.40:396][781]LogModuleManager: Shutting down and abandoning module InputCore (90)
[2019.10.10-14.17.40:396][781]LogModuleManager: Shutting down and abandoning module Settings (88)
[2019.10.10-14.17.40:396][781]LogModuleManager: Shutting down and abandoning module DirectoryWatcher (86)
[2019.10.10-14.17.40:396][781]LogModuleManager: Shutting down and abandoning module PhysXCooking (84)
[2019.10.10-14.17.40:396][781]LogModuleManager: Shutting down and abandoning module WindowsPlatformFeatures (82)
[2019.10.10-14.17.40:396][781]LogModuleManager: Shutting down and abandoning module GameplayMediaEncoder (81)
[2019.10.10-14.17.40:397][781]LogModuleManager: Shutting down and abandoning module SteamVR (78)
[2019.10.10-14.17.40:397][781]LogHMD: Freeing OpenVRDLLHandle.
[2019.10.10-14.17.40:397][781]LogModuleManager: Shutting down and abandoning module OculusHMD (76)
[2019.10.10-14.17.40:398][781]LogModuleManager: Shutting down and abandoning module ExampleDeviceProfileSelector (74)
[2019.10.10-14.17.40:398][781]LogModuleManager: Shutting down and abandoning module LauncherChunkInstaller (72)
[2019.10.10-14.17.40:398][781]LogModuleManager: Shutting down and abandoning module OnlineBlueprintSupport (70)
[2019.10.10-14.17.40:398][781]LogModuleManager: Shutting down and abandoning module OnlineSubsystem (66)
[2019.10.10-14.17.40:404][781]LogModuleManager: Shutting down and abandoning module XMPP (61)
[2019.10.10-14.17.40:405][781]LogModuleManager: Shutting down and abandoning module WebSockets (60)
[2019.10.10-14.17.40:416][781]LogModuleManager: Shutting down and abandoning module HTTP (57)
[2019.10.10-14.17.40:416][781]LogHttp: Display: Http module shutting down, but needs to wait on 1 outstanding Http requests:
[2019.10.10-14.17.40:416][781]LogHttp: Display: 	verb=[POST] url=[https://datarouter.ol.epicgames.com/datarouter/api/v1/public/data?SessionID=%7B9BD249C6-486B-3C7E-E6BF-1B88533A769C%7D&AppID=UEEditor.Rocket.Release&AppVersion=4.23.0-8386587%2B%2B%2BUE4%2BRelease-4.23&UserID=36caf47b480e3f616cb21d9877f97963%7Ca85322c062ab4204a0d5627d245a9e44%7C478f9311-b8c9-4c80-a953-d9d4014165d1&AppEnvironment=datacollector-binary&UploadType=eteventstream] status=Processing
[2019.10.10-14.17.40:558][781]LogModuleManager: Shutting down and abandoning module SSL (56)
[2019.10.10-14.17.40:592][781]LogModuleManager: Shutting down and abandoning module WmfMedia (52)
[2019.10.10-14.17.40:599][781]LogModuleManager: Shutting down and abandoning module Media (51)
[2019.10.10-14.17.40:601][781]LogModuleManager: Shutting down and abandoning module MagicLeap (48)
[2019.10.10-14.17.40:602][781]LogModuleManager: Shutting down and abandoning module DatasmithContent (46)
[2019.10.10-14.17.40:610][781]LogModuleManager: Shutting down and abandoning module AISupportModule (44)
[2019.10.10-14.17.40:611][781]LogModuleManager: Shutting down and abandoning module PlatformCryptoOpenSSL (42)
[2019.10.10-14.17.40:612][781]LogModuleManager: Shutting down and abandoning module PlatformCrypto (40)
[2019.10.10-14.17.40:612][781]LogModuleManager: Shutting down and abandoning module AnimationModifiers (38)
[2019.10.10-14.17.40:614][781]LogModuleManager: Shutting down and abandoning module PropertyEditor (37)
[2019.10.10-14.17.40:624][781]LogModuleManager: Shutting down and abandoning module AudioEditor (34)
[2019.10.10-14.17.40:625][781]LogModuleManager: Shutting down and abandoning module TextureCompressor (32)
[2019.10.10-14.17.40:626][781]LogModuleManager: Shutting down and abandoning module RenderCore (30)
[2019.10.10-14.17.40:626][781]LogModuleManager: Shutting down and abandoning module Landscape (28)
[2019.10.10-14.17.40:626][781]LogModuleManager: Shutting down and abandoning module SlateRHIRenderer (26)
[2019.10.10-14.17.40:632][781]LogModuleManager: Shutting down and abandoning module OpenGLDrv (24)
[2019.10.10-14.17.40:633][781]LogModuleManager: Shutting down and abandoning module D3D11RHI (22)
[2019.10.10-14.17.40:633][781]LogModuleManager: Shutting down and abandoning module AnimGraphRuntime (20)
[2019.10.10-14.17.40:634][781]LogModuleManager: Shutting down and abandoning module Renderer (18)
[2019.10.10-14.17.40:634][781]LogModuleManager: Shutting down and abandoning module Engine (16)
[2019.10.10-14.17.40:634][781]LogModuleManager: Shutting down and abandoning module CoreUObject (14)
[2019.10.10-14.17.40:635][781]LogModuleManager: Shutting down and abandoning module NetworkFile (12)
[2019.10.10-14.17.40:635][781]LogModuleManager: Shutting down and abandoning module CookedIterativeFile (10)
[2019.10.10-14.17.40:635][781]LogModuleManager: Shutting down and abandoning module StreamingFile (8)
[2019.10.10-14.17.40:636][781]LogModuleManager: Shutting down and abandoning module SandboxFile (6)
[2019.10.10-14.17.40:636][781]LogModuleManager: Shutting down and abandoning module PakFile (4)
[2019.10.10-14.17.40:637][781]LogModuleManager: Shutting down and abandoning module RSA (3)
[2019.10.10-14.17.40:643][781]LogD3D11RHI: Shutdown
[2019.10.10-14.17.40:643][781]LogD3D11RHI: CleanupD3DDevice
[2019.10.10-14.17.40:647][781]LogRendererCore: FGlobalDynamicReadBuffer::Cleanup()
[2019.10.10-14.17.40:648][781]LogRendererCore: FGlobalDynamicReadBuffer::Cleanup()
[2019.10.10-14.17.40:648][781]LogRendererCore: FGlobalDynamicReadBuffer::Cleanup()
[2019.10.10-14.17.40:676][781]LogD3D11RHI: ~FD3D11DynamicRHI
[2019.10.10-14.17.42:204][781]LogExit: Exiting.
[2019.10.10-14.17.42:210][781]Log file closed, 10/10/19 15:17:42
